[0.244s] DEBUG:colcon:Command line arguments: ['/usr/bin/colcon', 'build', '--symlink-install']
[0.244s] DEBUG:colcon:Parsed command line arguments: Namespace(log_base=None, log_level=None, verb_name='build', build_base='build', install_base='install', merge_install=False, symlink_install=True, test_result_base=None, continue_on_error=False, executor='parallel', parallel_workers=4, event_handlers=None, ignore_user_meta=False, metas=['./colcon.meta'], base_paths=['.'], packages_ignore=None, packages_ignore_regex=None, paths=None, packages_up_to=None, packages_up_to_regex=None, packages_above=None, packages_above_and_dependencies=None, packages_above_depth=None, packages_select_by_dep=None, packages_skip_by_dep=None, packages_skip_up_to=None, packages_select_build_failed=False, packages_skip_build_finished=False, packages_select_test_failures=False, packages_skip_test_passed=False, packages_select=None, packages_skip=None, packages_select_regex=None, packages_skip_regex=None, packages_start=None, packages_end=None, allow_overriding=[], cmake_args=None, cmake_target=None, cmake_target_skip_unavailable=False, cmake_clean_cache=False, cmake_clean_first=False, cmake_force_configure=False, ament_cmake_args=None, catkin_cmake_args=None, catkin_skip_building_tests=False, verb_parser=<colcon_defaults.argument_parser.defaults.DefaultArgumentsDecorator object at 0xffff9fe195e0>, verb_extension=<colcon_core.verb.build.BuildVerb object at 0xffffa0b517f0>, main=<bound method BuildVerb.main of <colcon_core.verb.build.BuildVerb object at 0xffffa0b517f0>>)
[0.308s] Level 1:colcon.colcon_core.package_discovery:discover_packages(colcon_meta) check parameters
[0.308s] Level 1:colcon.colcon_core.package_discovery:discover_packages(recursive) check parameters
[0.308s] Level 1:colcon.colcon_core.package_discovery:discover_packages(ignore) check parameters
[0.308s] Level 1:colcon.colcon_core.package_discovery:discover_packages(path) check parameters
[0.308s] Level 1:colcon.colcon_core.package_discovery:discover_packages(colcon_meta) discover
[0.308s] Level 1:colcon.colcon_core.package_discovery:discover_packages(recursive) discover
[0.308s] INFO:colcon.colcon_core.package_discovery:Crawling recursively for packages in '/home/webotpi/ros2_ws'
[0.308s] Level 1:colcon.colcon_core.package_identification:_identify(.) by extensions ['ignore', 'ignore_ament_install']
[0.308s] Level 1:colcon.colcon_core.package_identification:_identify(.) by extension 'ignore'
[0.308s] Level 1:colcon.colcon_core.package_identification:_identify(.) by extension 'ignore_ament_install'
[0.309s] Level 1:colcon.colcon_core.package_identification:_identify(.) by extensions ['colcon_pkg']
[0.309s] Level 1:colcon.colcon_core.package_identification:_identify(.) by extension 'colcon_pkg'
[0.309s] Level 1:colcon.colcon_core.package_identification:_identify(.) by extensions ['colcon_meta']
[0.309s] Level 1:colcon.colcon_core.package_identification:_identify(.) by extension 'colcon_meta'
[0.309s] Level 1:colcon.colcon_core.package_identification:_identify(.) by extensions ['ros']
[0.309s] Level 1:colcon.colcon_core.package_identification:_identify(.) by extension 'ros'
[0.346s] Level 1:colcon.colcon_core.package_identification:_identify(.) by extensions ['cmake', 'python']
[0.346s] Level 1:colcon.colcon_core.package_identification:_identify(.) by extension 'cmake'
[0.346s] Level 1:colcon.colcon_core.package_identification:_identify(.) by extension 'python'
[0.346s] Level 1:colcon.colcon_core.package_identification:_identify(.) by extensions ['python_setup_py']
[0.347s] Level 1:colcon.colcon_core.package_identification:_identify(.) by extension 'python_setup_py'
[0.347s] Level 1:colcon.colcon_core.package_identification:_identify(build) by extensions ['ignore', 'ignore_ament_install']
[0.347s] Level 1:colcon.colcon_core.package_identification:_identify(build) by extension 'ignore'
[0.347s] Level 1:colcon.colcon_core.package_identification:_identify(build) ignored
[0.347s] Level 1:colcon.colcon_core.package_identification:_identify(install) by extensions ['ignore', 'ignore_ament_install']
[0.347s] Level 1:colcon.colcon_core.package_identification:_identify(install) by extension 'ignore'
[0.347s] Level 1:colcon.colcon_core.package_identification:_identify(install) ignored
[0.347s] Level 1:colcon.colcon_core.package_identification:_identify(log) by extensions ['ignore', 'ignore_ament_install']
[0.347s] Level 1:colcon.colcon_core.package_identification:_identify(log) by extension 'ignore'
[0.347s] Level 1:colcon.colcon_core.package_identification:_identify(log) ignored
[0.347s] Level 1:colcon.colcon_core.package_identification:_identify(src) by extensions ['ignore', 'ignore_ament_install']
[0.348s] Level 1:colcon.colcon_core.package_identification:_identify(src) by extension 'ignore'
[0.348s] Level 1:colcon.colcon_core.package_identification:_identify(src) by extension 'ignore_ament_install'
[0.348s] Level 1:colcon.colcon_core.package_identification:_identify(src) by extensions ['colcon_pkg']
[0.348s] Level 1:colcon.colcon_core.package_identification:_identify(src) by extension 'colcon_pkg'
[0.348s] Level 1:colcon.colcon_core.package_identification:_identify(src) by extensions ['colcon_meta']
[0.348s] Level 1:colcon.colcon_core.package_identification:_identify(src) by extension 'colcon_meta'
[0.348s] Level 1:colcon.colcon_core.package_identification:_identify(src) by extensions ['ros']
[0.348s] Level 1:colcon.colcon_core.package_identification:_identify(src) by extension 'ros'
[0.348s] Level 1:colcon.colcon_core.package_identification:_identify(src) by extensions ['cmake', 'python']
[0.348s] Level 1:colcon.colcon_core.package_identification:_identify(src) by extension 'cmake'
[0.348s] Level 1:colcon.colcon_core.package_identification:_identify(src) by extension 'python'
[0.348s] Level 1:colcon.colcon_core.package_identification:_identify(src) by extensions ['python_setup_py']
[0.348s] Level 1:colcon.colcon_core.package_identification:_identify(src) by extension 'python_setup_py'
[0.348s] Level 1:colcon.colcon_core.package_identification:_identify(src/deptrum-ros-driver) by extensions ['ignore', 'ignore_ament_install']
[0.348s] Level 1:colcon.colcon_core.package_identification:_identify(src/deptrum-ros-driver) by extension 'ignore'
[0.348s] Level 1:colcon.colcon_core.package_identification:_identify(src/deptrum-ros-driver) by extension 'ignore_ament_install'
[0.349s] Level 1:colcon.colcon_core.package_identification:_identify(src/deptrum-ros-driver) by extensions ['colcon_pkg']
[0.349s] Level 1:colcon.colcon_core.package_identification:_identify(src/deptrum-ros-driver) by extension 'colcon_pkg'
[0.349s] Level 1:colcon.colcon_core.package_identification:_identify(src/deptrum-ros-driver) by extensions ['colcon_meta']
[0.349s] Level 1:colcon.colcon_core.package_identification:_identify(src/deptrum-ros-driver) by extension 'colcon_meta'
[0.349s] Level 1:colcon.colcon_core.package_identification:_identify(src/deptrum-ros-driver) by extensions ['ros']
[0.349s] Level 1:colcon.colcon_core.package_identification:_identify(src/deptrum-ros-driver) by extension 'ros'
[0.359s] DEBUG:colcon.colcon_core.package_identification:Package 'src/deptrum-ros-driver' with type 'ros.ament_cmake' and name 'deptrum-ros-driver-aurora930'
[0.359s] Level 1:colcon.colcon_core.package_identification:_identify(src/my_launch_pkg) by extensions ['ignore', 'ignore_ament_install']
[0.359s] Level 1:colcon.colcon_core.package_identification:_identify(src/my_launch_pkg) by extension 'ignore'
[0.359s] Level 1:colcon.colcon_core.package_identification:_identify(src/my_launch_pkg) by extension 'ignore_ament_install'
[0.359s] Level 1:colcon.colcon_core.package_identification:_identify(src/my_launch_pkg) by extensions ['colcon_pkg']
[0.359s] Level 1:colcon.colcon_core.package_identification:_identify(src/my_launch_pkg) by extension 'colcon_pkg'
[0.359s] Level 1:colcon.colcon_core.package_identification:_identify(src/my_launch_pkg) by extensions ['colcon_meta']
[0.359s] Level 1:colcon.colcon_core.package_identification:_identify(src/my_launch_pkg) by extension 'colcon_meta'
[0.359s] Level 1:colcon.colcon_core.package_identification:_identify(src/my_launch_pkg) by extensions ['ros']
[0.359s] Level 1:colcon.colcon_core.package_identification:_identify(src/my_launch_pkg) by extension 'ros'
[0.360s] DEBUG:colcon.colcon_core.package_identification:Package 'src/my_launch_pkg' with type 'ros.ament_python' and name 'my_launch_pkg'
[0.360s] Level 1:colcon.colcon_core.package_identification:_identify(src/my_srv) by extensions ['ignore', 'ignore_ament_install']
[0.360s] Level 1:colcon.colcon_core.package_identification:_identify(src/my_srv) by extension 'ignore'
[0.360s] Level 1:colcon.colcon_core.package_identification:_identify(src/my_srv) by extension 'ignore_ament_install'
[0.361s] Level 1:colcon.colcon_core.package_identification:_identify(src/my_srv) by extensions ['colcon_pkg']
[0.361s] Level 1:colcon.colcon_core.package_identification:_identify(src/my_srv) by extension 'colcon_pkg'
[0.361s] Level 1:colcon.colcon_core.package_identification:_identify(src/my_srv) by extensions ['colcon_meta']
[0.361s] Level 1:colcon.colcon_core.package_identification:_identify(src/my_srv) by extension 'colcon_meta'
[0.361s] Level 1:colcon.colcon_core.package_identification:_identify(src/my_srv) by extensions ['ros']
[0.361s] Level 1:colcon.colcon_core.package_identification:_identify(src/my_srv) by extension 'ros'
[0.362s] DEBUG:colcon.colcon_core.package_identification:Package 'src/my_srv' with type 'ros.ament_cmake' and name 'my_srv'
[0.362s] Level 1:colcon.colcon_core.package_identification:_identify(src/py_pkg) by extensions ['ignore', 'ignore_ament_install']
[0.362s] Level 1:colcon.colcon_core.package_identification:_identify(src/py_pkg) by extension 'ignore'
[0.362s] Level 1:colcon.colcon_core.package_identification:_identify(src/py_pkg) by extension 'ignore_ament_install'
[0.362s] Level 1:colcon.colcon_core.package_identification:_identify(src/py_pkg) by extensions ['colcon_pkg']
[0.362s] Level 1:colcon.colcon_core.package_identification:_identify(src/py_pkg) by extension 'colcon_pkg'
[0.362s] Level 1:colcon.colcon_core.package_identification:_identify(src/py_pkg) by extensions ['colcon_meta']
[0.362s] Level 1:colcon.colcon_core.package_identification:_identify(src/py_pkg) by extension 'colcon_meta'
[0.362s] Level 1:colcon.colcon_core.package_identification:_identify(src/py_pkg) by extensions ['ros']
[0.362s] Level 1:colcon.colcon_core.package_identification:_identify(src/py_pkg) by extension 'ros'
[0.363s] DEBUG:colcon.colcon_core.package_identification:Package 'src/py_pkg' with type 'ros.ament_python' and name 'py_pkg'
[0.364s] Level 1:colcon.colcon_core.package_identification:_identify(src/rplidar_ros) by extensions ['ignore', 'ignore_ament_install']
[0.364s] Level 1:colcon.colcon_core.package_identification:_identify(src/rplidar_ros) by extension 'ignore'
[0.364s] Level 1:colcon.colcon_core.package_identification:_identify(src/rplidar_ros) by extension 'ignore_ament_install'
[0.364s] Level 1:colcon.colcon_core.package_identification:_identify(src/rplidar_ros) by extensions ['colcon_pkg']
[0.364s] Level 1:colcon.colcon_core.package_identification:_identify(src/rplidar_ros) by extension 'colcon_pkg'
[0.364s] Level 1:colcon.colcon_core.package_identification:_identify(src/rplidar_ros) by extensions ['colcon_meta']
[0.364s] Level 1:colcon.colcon_core.package_identification:_identify(src/rplidar_ros) by extension 'colcon_meta'
[0.364s] Level 1:colcon.colcon_core.package_identification:_identify(src/rplidar_ros) by extensions ['ros']
[0.364s] Level 1:colcon.colcon_core.package_identification:_identify(src/rplidar_ros) by extension 'ros'
[0.365s] DEBUG:colcon.colcon_core.package_identification:Package 'src/rplidar_ros' with type 'ros.ament_cmake' and name 'rplidar_ros'
[0.365s] Level 1:colcon.colcon_core.package_discovery:discover_packages(recursive) using defaults
[0.365s] Level 1:colcon.colcon_core.package_discovery:discover_packages(ignore) discover
[0.365s] Level 1:colcon.colcon_core.package_discovery:discover_packages(ignore) using defaults
[0.365s] Level 1:colcon.colcon_core.package_discovery:discover_packages(path) discover
[0.365s] Level 1:colcon.colcon_core.package_discovery:discover_packages(path) using defaults
[0.407s] Level 1:colcon.colcon_core.package_discovery:discover_packages(prefix_path) check parameters
[0.407s] Level 1:colcon.colcon_core.package_discovery:discover_packages(prefix_path) discover
[0.413s] DEBUG:colcon.colcon_installed_package_information.package_discovery:Found 294 installed packages in /opt/ros/jazzy
[0.414s] Level 1:colcon.colcon_core.package_discovery:discover_packages(prefix_path) using defaults
[0.482s] Level 5:colcon.colcon_core.verb:set package 'deptrum-ros-driver-aurora930' build argument 'cmake_args' from command line to 'None'
[0.483s] Level 5:colcon.colcon_core.verb:set package 'deptrum-ros-driver-aurora930' build argument 'cmake_target' from command line to 'None'
[0.483s] Level 5:colcon.colcon_core.verb:set package 'deptrum-ros-driver-aurora930' build argument 'cmake_target_skip_unavailable' from command line to 'False'
[0.483s] Level 5:colcon.colcon_core.verb:set package 'deptrum-ros-driver-aurora930' build argument 'cmake_clean_cache' from command line to 'False'
[0.483s] Level 5:colcon.colcon_core.verb:set package 'deptrum-ros-driver-aurora930' build argument 'cmake_clean_first' from command line to 'False'
[0.483s] Level 5:colcon.colcon_core.verb:set package 'deptrum-ros-driver-aurora930' build argument 'cmake_force_configure' from command line to 'False'
[0.483s] Level 5:colcon.colcon_core.verb:set package 'deptrum-ros-driver-aurora930' build argument 'ament_cmake_args' from command line to 'None'
[0.483s] Level 5:colcon.colcon_core.verb:set package 'deptrum-ros-driver-aurora930' build argument 'catkin_cmake_args' from command line to 'None'
[0.483s] Level 5:colcon.colcon_core.verb:set package 'deptrum-ros-driver-aurora930' build argument 'catkin_skip_building_tests' from command line to 'False'
[0.483s] DEBUG:colcon.colcon_core.verb:Building package 'deptrum-ros-driver-aurora930' with the following arguments: {'ament_cmake_args': None, 'build_base': '/home/webotpi/ros2_ws/build/deptrum-ros-driver-aurora930', 'catkin_cmake_args': None, 'catkin_skip_building_tests': False, 'cmake_args': None, 'cmake_clean_cache': False, 'cmake_clean_first': False, 'cmake_force_configure': False, 'cmake_target': None, 'cmake_target_skip_unavailable': False, 'install_base': '/home/webotpi/ros2_ws/install/deptrum-ros-driver-aurora930', 'merge_install': False, 'path': '/home/webotpi/ros2_ws/src/deptrum-ros-driver', 'symlink_install': True, 'test_result_base': None}
[0.483s] Level 5:colcon.colcon_core.verb:set package 'my_launch_pkg' build argument 'cmake_args' from command line to 'None'
[0.483s] Level 5:colcon.colcon_core.verb:set package 'my_launch_pkg' build argument 'cmake_target' from command line to 'None'
[0.483s] Level 5:colcon.colcon_core.verb:set package 'my_launch_pkg' build argument 'cmake_target_skip_unavailable' from command line to 'False'
[0.483s] Level 5:colcon.colcon_core.verb:set package 'my_launch_pkg' build argument 'cmake_clean_cache' from command line to 'False'
[0.483s] Level 5:colcon.colcon_core.verb:set package 'my_launch_pkg' build argument 'cmake_clean_first' from command line to 'False'
[0.483s] Level 5:colcon.colcon_core.verb:set package 'my_launch_pkg' build argument 'cmake_force_configure' from command line to 'False'
[0.483s] Level 5:colcon.colcon_core.verb:set package 'my_launch_pkg' build argument 'ament_cmake_args' from command line to 'None'
[0.483s] Level 5:colcon.colcon_core.verb:set package 'my_launch_pkg' build argument 'catkin_cmake_args' from command line to 'None'
[0.483s] Level 5:colcon.colcon_core.verb:set package 'my_launch_pkg' build argument 'catkin_skip_building_tests' from command line to 'False'
[0.483s] DEBUG:colcon.colcon_core.verb:Building package 'my_launch_pkg' with the following arguments: {'ament_cmake_args': None, 'build_base': '/home/webotpi/ros2_ws/build/my_launch_pkg', 'catkin_cmake_args': None, 'catkin_skip_building_tests': False, 'cmake_args': None, 'cmake_clean_cache': False, 'cmake_clean_first': False, 'cmake_force_configure': False, 'cmake_target': None, 'cmake_target_skip_unavailable': False, 'install_base': '/home/webotpi/ros2_ws/install/my_launch_pkg', 'merge_install': False, 'path': '/home/webotpi/ros2_ws/src/my_launch_pkg', 'symlink_install': True, 'test_result_base': None}
[0.484s] Level 5:colcon.colcon_core.verb:set package 'my_srv' build argument 'cmake_args' from command line to 'None'
[0.484s] Level 5:colcon.colcon_core.verb:set package 'my_srv' build argument 'cmake_target' from command line to 'None'
[0.484s] Level 5:colcon.colcon_core.verb:set package 'my_srv' build argument 'cmake_target_skip_unavailable' from command line to 'False'
[0.484s] Level 5:colcon.colcon_core.verb:set package 'my_srv' build argument 'cmake_clean_cache' from command line to 'False'
[0.484s] Level 5:colcon.colcon_core.verb:set package 'my_srv' build argument 'cmake_clean_first' from command line to 'False'
[0.484s] Level 5:colcon.colcon_core.verb:set package 'my_srv' build argument 'cmake_force_configure' from command line to 'False'
[0.484s] Level 5:colcon.colcon_core.verb:set package 'my_srv' build argument 'ament_cmake_args' from command line to 'None'
[0.484s] Level 5:colcon.colcon_core.verb:set package 'my_srv' build argument 'catkin_cmake_args' from command line to 'None'
[0.484s] Level 5:colcon.colcon_core.verb:set package 'my_srv' build argument 'catkin_skip_building_tests' from command line to 'False'
[0.484s] DEBUG:colcon.colcon_core.verb:Building package 'my_srv' with the following arguments: {'ament_cmake_args': None, 'build_base': '/home/webotpi/ros2_ws/build/my_srv', 'catkin_cmake_args': None, 'catkin_skip_building_tests': False, 'cmake_args': None, 'cmake_clean_cache': False, 'cmake_clean_first': False, 'cmake_force_configure': False, 'cmake_target': None, 'cmake_target_skip_unavailable': False, 'install_base': '/home/webotpi/ros2_ws/install/my_srv', 'merge_install': False, 'path': '/home/webotpi/ros2_ws/src/my_srv', 'symlink_install': True, 'test_result_base': None}
[0.484s] Level 5:colcon.colcon_core.verb:set package 'py_pkg' build argument 'cmake_args' from command line to 'None'
[0.484s] Level 5:colcon.colcon_core.verb:set package 'py_pkg' build argument 'cmake_target' from command line to 'None'
[0.484s] Level 5:colcon.colcon_core.verb:set package 'py_pkg' build argument 'cmake_target_skip_unavailable' from command line to 'False'
[0.484s] Level 5:colcon.colcon_core.verb:set package 'py_pkg' build argument 'cmake_clean_cache' from command line to 'False'
[0.484s] Level 5:colcon.colcon_core.verb:set package 'py_pkg' build argument 'cmake_clean_first' from command line to 'False'
[0.484s] Level 5:colcon.colcon_core.verb:set package 'py_pkg' build argument 'cmake_force_configure' from command line to 'False'
[0.485s] Level 5:colcon.colcon_core.verb:set package 'py_pkg' build argument 'ament_cmake_args' from command line to 'None'
[0.485s] Level 5:colcon.colcon_core.verb:set package 'py_pkg' build argument 'catkin_cmake_args' from command line to 'None'
[0.485s] Level 5:colcon.colcon_core.verb:set package 'py_pkg' build argument 'catkin_skip_building_tests' from command line to 'False'
[0.485s] DEBUG:colcon.colcon_core.verb:Building package 'py_pkg' with the following arguments: {'ament_cmake_args': None, 'build_base': '/home/webotpi/ros2_ws/build/py_pkg', 'catkin_cmake_args': None, 'catkin_skip_building_tests': False, 'cmake_args': None, 'cmake_clean_cache': False, 'cmake_clean_first': False, 'cmake_force_configure': False, 'cmake_target': None, 'cmake_target_skip_unavailable': False, 'install_base': '/home/webotpi/ros2_ws/install/py_pkg', 'merge_install': False, 'path': '/home/webotpi/ros2_ws/src/py_pkg', 'symlink_install': True, 'test_result_base': None}
[0.485s] Level 5:colcon.colcon_core.verb:set package 'rplidar_ros' build argument 'cmake_args' from command line to 'None'
[0.485s] Level 5:colcon.colcon_core.verb:set package 'rplidar_ros' build argument 'cmake_target' from command line to 'None'
[0.485s] Level 5:colcon.colcon_core.verb:set package 'rplidar_ros' build argument 'cmake_target_skip_unavailable' from command line to 'False'
[0.485s] Level 5:colcon.colcon_core.verb:set package 'rplidar_ros' build argument 'cmake_clean_cache' from command line to 'False'
[0.485s] Level 5:colcon.colcon_core.verb:set package 'rplidar_ros' build argument 'cmake_clean_first' from command line to 'False'
[0.485s] Level 5:colcon.colcon_core.verb:set package 'rplidar_ros' build argument 'cmake_force_configure' from command line to 'False'
[0.485s] Level 5:colcon.colcon_core.verb:set package 'rplidar_ros' build argument 'ament_cmake_args' from command line to 'None'
[0.485s] Level 5:colcon.colcon_core.verb:set package 'rplidar_ros' build argument 'catkin_cmake_args' from command line to 'None'
[0.485s] Level 5:colcon.colcon_core.verb:set package 'rplidar_ros' build argument 'catkin_skip_building_tests' from command line to 'False'
[0.485s] DEBUG:colcon.colcon_core.verb:Building package 'rplidar_ros' with the following arguments: {'ament_cmake_args': None, 'build_base': '/home/webotpi/ros2_ws/build/rplidar_ros', 'catkin_cmake_args': None, 'catkin_skip_building_tests': False, 'cmake_args': None, 'cmake_clean_cache': False, 'cmake_clean_first': False, 'cmake_force_configure': False, 'cmake_target': None, 'cmake_target_skip_unavailable': False, 'install_base': '/home/webotpi/ros2_ws/install/rplidar_ros', 'merge_install': False, 'path': '/home/webotpi/ros2_ws/src/rplidar_ros', 'symlink_install': True, 'test_result_base': None}
[0.485s] INFO:colcon.colcon_core.executor:Executing jobs using 'parallel' executor
[0.487s] DEBUG:colcon.colcon_parallel_executor.executor.parallel:run_until_complete
[0.487s] INFO:colcon.colcon_ros.task.ament_cmake.build:Building ROS package in '/home/webotpi/ros2_ws/src/deptrum-ros-driver' with build type 'ament_cmake'
[0.487s] INFO:colcon.colcon_cmake.task.cmake.build:Building CMake package in '/home/webotpi/ros2_ws/src/deptrum-ros-driver'
[0.495s] INFO:colcon.colcon_core.plugin_system:Skipping extension 'colcon_core.shell.bat': Not used on non-Windows systems
[0.495s] INFO:colcon.colcon_core.shell:Skip shell extension 'powershell' for command environment: Not usable outside of PowerShell
[0.495s] DEBUG:colcon.colcon_core.shell:Skip shell extension 'dsv' for command environment
[0.499s] INFO:colcon.colcon_ros.task.ament_python.build:Building ROS package in '/home/webotpi/ros2_ws/src/my_launch_pkg' with build type 'ament_python'
[0.499s] Level 1:colcon.colcon_core.shell:create_environment_hook('my_launch_pkg', 'ament_prefix_path')
[0.500s] INFO:colcon.colcon_core.shell:Creating environment hook '/home/webotpi/ros2_ws/install/my_launch_pkg/share/my_launch_pkg/hook/ament_prefix_path.ps1'
[0.502s] INFO:colcon.colcon_core.shell:Creating environment descriptor '/home/webotpi/ros2_ws/install/my_launch_pkg/share/my_launch_pkg/hook/ament_prefix_path.dsv'
[0.503s] INFO:colcon.colcon_core.shell:Creating environment hook '/home/webotpi/ros2_ws/install/my_launch_pkg/share/my_launch_pkg/hook/ament_prefix_path.sh'
[0.504s] INFO:colcon.colcon_core.shell:Skip shell extension 'powershell' for command environment: Not usable outside of PowerShell
[0.504s] DEBUG:colcon.colcon_core.shell:Skip shell extension 'dsv' for command environment
[0.508s] INFO:colcon.colcon_ros.task.ament_cmake.build:Building ROS package in '/home/webotpi/ros2_ws/src/my_srv' with build type 'ament_cmake'
[0.509s] INFO:colcon.colcon_cmake.task.cmake.build:Building CMake package in '/home/webotpi/ros2_ws/src/my_srv'
[0.509s] INFO:colcon.colcon_core.shell:Skip shell extension 'powershell' for command environment: Not usable outside of PowerShell
[0.509s] DEBUG:colcon.colcon_core.shell:Skip shell extension 'dsv' for command environment
[0.513s] INFO:colcon.colcon_ros.task.ament_python.build:Building ROS package in '/home/webotpi/ros2_ws/src/py_pkg' with build type 'ament_python'
[0.513s] Level 1:colcon.colcon_core.shell:create_environment_hook('py_pkg', 'ament_prefix_path')
[0.514s] INFO:colcon.colcon_core.shell:Creating environment hook '/home/webotpi/ros2_ws/install/py_pkg/share/py_pkg/hook/ament_prefix_path.ps1'
[0.515s] INFO:colcon.colcon_core.shell:Creating environment descriptor '/home/webotpi/ros2_ws/install/py_pkg/share/py_pkg/hook/ament_prefix_path.dsv'
[0.515s] INFO:colcon.colcon_core.shell:Creating environment hook '/home/webotpi/ros2_ws/install/py_pkg/share/py_pkg/hook/ament_prefix_path.sh'
[0.516s] INFO:colcon.colcon_core.shell:Skip shell extension 'powershell' for command environment: Not usable outside of PowerShell
[0.516s] DEBUG:colcon.colcon_core.shell:Skip shell extension 'dsv' for command environment
[0.524s] DEBUG:colcon.colcon_core.event_handler.log_command:Invoking command in '/home/webotpi/ros2_ws/build/deptrum-ros-driver-aurora930': CMAKE_PREFIX_PATH=${CMAKE_PREFIX_PATH}:/opt/ros/jazzy /usr/bin/cmake /home/webotpi/ros2_ws/src/deptrum-ros-driver -DAMENT_CMAKE_SYMLINK_INSTALL=1 -DCMAKE_INSTALL_PREFIX=/home/webotpi/ros2_ws/install/deptrum-ros-driver-aurora930
[0.865s] INFO:colcon.colcon_core.task.python.build:Building Python package in '/home/webotpi/ros2_ws/src/my_launch_pkg'
[0.865s] INFO:colcon.colcon_core.shell:Skip shell extension 'powershell' for command environment: Not usable outside of PowerShell
[0.865s] DEBUG:colcon.colcon_core.shell:Skip shell extension 'dsv' for command environment
[0.876s] DEBUG:colcon.colcon_core.event_handler.log_command:Invoking command in '/home/webotpi/ros2_ws/build/my_srv': CMAKE_PREFIX_PATH=${CMAKE_PREFIX_PATH}:/opt/ros/jazzy /usr/bin/cmake /home/webotpi/ros2_ws/src/my_srv -DAMENT_CMAKE_SYMLINK_INSTALL=1 -DCMAKE_INSTALL_PREFIX=/home/webotpi/ros2_ws/install/my_srv
[1.298s] INFO:colcon.colcon_core.task.python.build:Building Python package in '/home/webotpi/ros2_ws/src/py_pkg'
[1.298s] INFO:colcon.colcon_core.shell:Skip shell extension 'powershell' for command environment: Not usable outside of PowerShell
[1.298s] DEBUG:colcon.colcon_core.shell:Skip shell extension 'dsv' for command environment
[2.907s] DEBUG:colcon.colcon_core.event_handler.log_command:Invoking command in '/home/webotpi/ros2_ws/build/py_pkg': PYTHONPATH=/home/webotpi/ros2_ws/build/py_pkg/prefix_override:/usr/lib/python3/dist-packages/colcon_core/task/python/colcon_distutils_commands:/home/webotpi/ros2_ws/install/py_pkg/lib/python3.12/site-packages:${PYTHONPATH} /usr/bin/python3 -W ignore:setup.py install is deprecated -W ignore:easy_install command is deprecated setup.py develop --editable --build-directory /home/webotpi/ros2_ws/build/py_pkg/build --no-deps symlink_data
[2.909s] DEBUG:colcon.colcon_core.event_handler.log_command:Invoking command in '/home/webotpi/ros2_ws/build/my_launch_pkg': PYTHONPATH=/home/webotpi/ros2_ws/build/my_launch_pkg/prefix_override:/usr/lib/python3/dist-packages/colcon_core/task/python/colcon_distutils_commands:/home/webotpi/ros2_ws/install/my_launch_pkg/lib/python3.12/site-packages:${PYTHONPATH} /usr/bin/python3 -W ignore:setup.py install is deprecated -W ignore:easy_install command is deprecated setup.py develop --editable --build-directory /home/webotpi/ros2_ws/build/my_launch_pkg/build --no-deps symlink_data
[4.028s] Level 1:colcon.colcon_core.shell:create_environment_hook('py_pkg', 'pythonpath_develop')
[4.029s] INFO:colcon.colcon_core.shell:Creating environment hook '/home/webotpi/ros2_ws/build/py_pkg/share/py_pkg/hook/pythonpath_develop.ps1'
[4.029s] DEBUG:colcon.colcon_core.event_handler.log_command:Invoked command in '/home/webotpi/ros2_ws/build/py_pkg' returned '0': PYTHONPATH=/home/webotpi/ros2_ws/build/py_pkg/prefix_override:/usr/lib/python3/dist-packages/colcon_core/task/python/colcon_distutils_commands:/home/webotpi/ros2_ws/install/py_pkg/lib/python3.12/site-packages:${PYTHONPATH} /usr/bin/python3 -W ignore:setup.py install is deprecated -W ignore:easy_install command is deprecated setup.py develop --editable --build-directory /home/webotpi/ros2_ws/build/py_pkg/build --no-deps symlink_data
[4.030s] INFO:colcon.colcon_core.shell:Creating environment descriptor '/home/webotpi/ros2_ws/build/py_pkg/share/py_pkg/hook/pythonpath_develop.dsv'
[4.031s] INFO:colcon.colcon_core.shell:Creating environment hook '/home/webotpi/ros2_ws/build/py_pkg/share/py_pkg/hook/pythonpath_develop.sh'
[4.045s] Level 1:colcon.colcon_core.environment:checking '/home/webotpi/ros2_ws/install/py_pkg' for CMake module files
[4.045s] Level 1:colcon.colcon_core.environment:checking '/home/webotpi/ros2_ws/install/py_pkg' for CMake config files
[4.046s] Level 1:colcon.colcon_core.environment:checking '/home/webotpi/ros2_ws/install/py_pkg/lib'
[4.047s] Level 1:colcon.colcon_core.environment:checking '/home/webotpi/ros2_ws/install/py_pkg/bin'
[4.047s] Level 1:colcon.colcon_core.environment:checking '/home/webotpi/ros2_ws/install/py_pkg/lib/pkgconfig/py_pkg.pc'
[4.047s] Level 1:colcon.colcon_core.environment:checking '/home/webotpi/ros2_ws/install/py_pkg/lib/python3.12/site-packages'
[4.047s] Level 1:colcon.colcon_core.shell:create_environment_hook('py_pkg', 'pythonpath')
[4.047s] INFO:colcon.colcon_core.shell:Creating environment hook '/home/webotpi/ros2_ws/install/py_pkg/share/py_pkg/hook/pythonpath.ps1'
[4.048s] INFO:colcon.colcon_core.shell:Creating environment descriptor '/home/webotpi/ros2_ws/install/py_pkg/share/py_pkg/hook/pythonpath.dsv'
[4.048s] INFO:colcon.colcon_core.shell:Creating environment hook '/home/webotpi/ros2_ws/install/py_pkg/share/py_pkg/hook/pythonpath.sh'
[4.049s] Level 1:colcon.colcon_core.environment:checking '/home/webotpi/ros2_ws/install/py_pkg/bin'
[4.049s] Level 1:colcon.colcon_core.environment:create_environment_scripts_only(py_pkg)
[4.050s] INFO:colcon.colcon_core.shell:Creating package script '/home/webotpi/ros2_ws/install/py_pkg/share/py_pkg/package.ps1'
[4.052s] INFO:colcon.colcon_core.shell:Creating package descriptor '/home/webotpi/ros2_ws/install/py_pkg/share/py_pkg/package.dsv'
[4.053s] INFO:colcon.colcon_core.shell:Creating package script '/home/webotpi/ros2_ws/install/py_pkg/share/py_pkg/package.sh'
[4.054s] INFO:colcon.colcon_core.shell:Creating package script '/home/webotpi/ros2_ws/install/py_pkg/share/py_pkg/package.bash'
[4.055s] INFO:colcon.colcon_core.shell:Creating package script '/home/webotpi/ros2_ws/install/py_pkg/share/py_pkg/package.zsh'
[4.056s] Level 1:colcon.colcon_core.environment:create_file_with_runtime_dependencies(/home/webotpi/ros2_ws/install/py_pkg/share/colcon-core/packages/py_pkg)
[4.058s] INFO:colcon.colcon_ros.task.ament_cmake.build:Building ROS package in '/home/webotpi/ros2_ws/src/rplidar_ros' with build type 'ament_cmake'
[4.058s] INFO:colcon.colcon_cmake.task.cmake.build:Building CMake package in '/home/webotpi/ros2_ws/src/rplidar_ros'
[4.058s] INFO:colcon.colcon_core.shell:Skip shell extension 'powershell' for command environment: Not usable outside of PowerShell
[4.059s] DEBUG:colcon.colcon_core.shell:Skip shell extension 'dsv' for command environment
[4.063s] Level 1:colcon.colcon_core.shell:create_environment_hook('my_launch_pkg', 'pythonpath_develop')
[4.064s] INFO:colcon.colcon_core.shell:Creating environment hook '/home/webotpi/ros2_ws/build/my_launch_pkg/share/my_launch_pkg/hook/pythonpath_develop.ps1'
[4.064s] DEBUG:colcon.colcon_core.event_handler.log_command:Invoked command in '/home/webotpi/ros2_ws/build/my_launch_pkg' returned '0': PYTHONPATH=/home/webotpi/ros2_ws/build/my_launch_pkg/prefix_override:/usr/lib/python3/dist-packages/colcon_core/task/python/colcon_distutils_commands:/home/webotpi/ros2_ws/install/my_launch_pkg/lib/python3.12/site-packages:${PYTHONPATH} /usr/bin/python3 -W ignore:setup.py install is deprecated -W ignore:easy_install command is deprecated setup.py develop --editable --build-directory /home/webotpi/ros2_ws/build/my_launch_pkg/build --no-deps symlink_data
[4.065s] INFO:colcon.colcon_core.shell:Creating environment descriptor '/home/webotpi/ros2_ws/build/my_launch_pkg/share/my_launch_pkg/hook/pythonpath_develop.dsv'
[4.065s] INFO:colcon.colcon_core.shell:Creating environment hook '/home/webotpi/ros2_ws/build/my_launch_pkg/share/my_launch_pkg/hook/pythonpath_develop.sh'
[4.066s] Level 1:colcon.colcon_core.environment:checking '/home/webotpi/ros2_ws/install/my_launch_pkg' for CMake module files
[4.067s] Level 1:colcon.colcon_core.environment:checking '/home/webotpi/ros2_ws/install/my_launch_pkg' for CMake config files
[4.067s] Level 1:colcon.colcon_core.environment:checking '/home/webotpi/ros2_ws/install/my_launch_pkg/lib'
[4.068s] Level 1:colcon.colcon_core.environment:checking '/home/webotpi/ros2_ws/install/my_launch_pkg/bin'
[4.068s] Level 1:colcon.colcon_core.environment:checking '/home/webotpi/ros2_ws/install/my_launch_pkg/lib/pkgconfig/my_launch_pkg.pc'
[4.068s] Level 1:colcon.colcon_core.environment:checking '/home/webotpi/ros2_ws/install/my_launch_pkg/lib/python3.12/site-packages'
[4.068s] Level 1:colcon.colcon_core.shell:create_environment_hook('my_launch_pkg', 'pythonpath')
[4.068s] INFO:colcon.colcon_core.shell:Creating environment hook '/home/webotpi/ros2_ws/install/my_launch_pkg/share/my_launch_pkg/hook/pythonpath.ps1'
[4.069s] INFO:colcon.colcon_core.shell:Creating environment descriptor '/home/webotpi/ros2_ws/install/my_launch_pkg/share/my_launch_pkg/hook/pythonpath.dsv'
[4.069s] INFO:colcon.colcon_core.shell:Creating environment hook '/home/webotpi/ros2_ws/install/my_launch_pkg/share/my_launch_pkg/hook/pythonpath.sh'
[4.070s] Level 1:colcon.colcon_core.environment:checking '/home/webotpi/ros2_ws/install/my_launch_pkg/bin'
[4.070s] Level 1:colcon.colcon_core.environment:create_environment_scripts_only(my_launch_pkg)
[4.071s] INFO:colcon.colcon_core.shell:Creating package script '/home/webotpi/ros2_ws/install/my_launch_pkg/share/my_launch_pkg/package.ps1'
[4.072s] INFO:colcon.colcon_core.shell:Creating package descriptor '/home/webotpi/ros2_ws/install/my_launch_pkg/share/my_launch_pkg/package.dsv'
[4.072s] INFO:colcon.colcon_core.shell:Creating package script '/home/webotpi/ros2_ws/install/my_launch_pkg/share/my_launch_pkg/package.sh'
[4.073s] INFO:colcon.colcon_core.shell:Creating package script '/home/webotpi/ros2_ws/install/my_launch_pkg/share/my_launch_pkg/package.bash'
[4.073s] INFO:colcon.colcon_core.shell:Creating package script '/home/webotpi/ros2_ws/install/my_launch_pkg/share/my_launch_pkg/package.zsh'
[4.073s] Level 1:colcon.colcon_core.environment:create_file_with_runtime_dependencies(/home/webotpi/ros2_ws/install/my_launch_pkg/share/colcon-core/packages/my_launch_pkg)
[4.077s] DEBUG:colcon.colcon_core.event_handler.log_command:Invoking command in '/home/webotpi/ros2_ws/build/rplidar_ros': CMAKE_PREFIX_PATH=${CMAKE_PREFIX_PATH}:/opt/ros/jazzy /usr/bin/cmake /home/webotpi/ros2_ws/src/rplidar_ros -DAMENT_CMAKE_SYMLINK_INSTALL=1 -DCMAKE_INSTALL_PREFIX=/home/webotpi/ros2_ws/install/rplidar_ros
[6.064s] DEBUG:colcon.colcon_core.event_handler.log_command:Invoked command in '/home/webotpi/ros2_ws/build/rplidar_ros' returned '0': CMAKE_PREFIX_PATH=${CMAKE_PREFIX_PATH}:/opt/ros/jazzy /usr/bin/cmake /home/webotpi/ros2_ws/src/rplidar_ros -DAMENT_CMAKE_SYMLINK_INSTALL=1 -DCMAKE_INSTALL_PREFIX=/home/webotpi/ros2_ws/install/rplidar_ros
[6.066s] DEBUG:colcon.colcon_core.event_handler.log_command:Invoking command in '/home/webotpi/ros2_ws/build/rplidar_ros': CMAKE_PREFIX_PATH=${CMAKE_PREFIX_PATH}:/opt/ros/jazzy /usr/bin/cmake --build /home/webotpi/ros2_ws/build/rplidar_ros -- -j4 -l4
[7.398s] DEBUG:colcon.colcon_core.event_handler.log_command:Invoked command in '/home/webotpi/ros2_ws/build/my_srv' returned '0': CMAKE_PREFIX_PATH=${CMAKE_PREFIX_PATH}:/opt/ros/jazzy /usr/bin/cmake /home/webotpi/ros2_ws/src/my_srv -DAMENT_CMAKE_SYMLINK_INSTALL=1 -DCMAKE_INSTALL_PREFIX=/home/webotpi/ros2_ws/install/my_srv
[7.400s] DEBUG:colcon.colcon_core.event_handler.log_command:Invoking command in '/home/webotpi/ros2_ws/build/my_srv': CMAKE_PREFIX_PATH=${CMAKE_PREFIX_PATH}:/opt/ros/jazzy /usr/bin/cmake --build /home/webotpi/ros2_ws/build/my_srv -- -j4 -l4
[18.552s] DEBUG:colcon.colcon_core.event_handler.log_command:Invoked command in '/home/webotpi/ros2_ws/build/my_srv' returned '0': CMAKE_PREFIX_PATH=${CMAKE_PREFIX_PATH}:/opt/ros/jazzy /usr/bin/cmake --build /home/webotpi/ros2_ws/build/my_srv -- -j4 -l4
[18.594s] DEBUG:colcon.colcon_core.event_handler.log_command:Invoking command in '/home/webotpi/ros2_ws/build/my_srv': CMAKE_PREFIX_PATH=${CMAKE_PREFIX_PATH}:/opt/ros/jazzy /usr/bin/cmake --install /home/webotpi/ros2_ws/build/my_srv
[21.246s] Level 1:colcon.colcon_core.environment:create_environment_scripts_only(my_srv)
[21.246s] Level 1:colcon.colcon_core.environment:checking '/home/webotpi/ros2_ws/install/my_srv' for CMake module files
[21.248s] Level 1:colcon.colcon_core.environment:checking '/home/webotpi/ros2_ws/install/my_srv' for CMake config files
[21.251s] DEBUG:colcon.colcon_core.event_handler.log_command:Invoked command in '/home/webotpi/ros2_ws/build/my_srv' returned '0': CMAKE_PREFIX_PATH=${CMAKE_PREFIX_PATH}:/opt/ros/jazzy /usr/bin/cmake --install /home/webotpi/ros2_ws/build/my_srv
[21.254s] Level 1:colcon.colcon_core.shell:create_environment_hook('my_srv', 'cmake_prefix_path')
[21.256s] INFO:colcon.colcon_core.shell:Creating environment hook '/home/webotpi/ros2_ws/install/my_srv/share/my_srv/hook/cmake_prefix_path.ps1'
[21.257s] INFO:colcon.colcon_core.shell:Creating environment descriptor '/home/webotpi/ros2_ws/install/my_srv/share/my_srv/hook/cmake_prefix_path.dsv'
[21.258s] INFO:colcon.colcon_core.shell:Creating environment hook '/home/webotpi/ros2_ws/install/my_srv/share/my_srv/hook/cmake_prefix_path.sh'
[21.264s] Level 1:colcon.colcon_core.environment:checking '/home/webotpi/ros2_ws/install/my_srv/lib'
[21.265s] Level 1:colcon.colcon_core.shell:create_environment_hook('my_srv', 'ld_library_path_lib')
[21.265s] INFO:colcon.colcon_core.shell:Creating environment hook '/home/webotpi/ros2_ws/install/my_srv/share/my_srv/hook/ld_library_path_lib.ps1'
[21.269s] INFO:colcon.colcon_core.shell:Creating environment descriptor '/home/webotpi/ros2_ws/install/my_srv/share/my_srv/hook/ld_library_path_lib.dsv'
[21.270s] INFO:colcon.colcon_core.shell:Creating environment hook '/home/webotpi/ros2_ws/install/my_srv/share/my_srv/hook/ld_library_path_lib.sh'
[21.271s] Level 1:colcon.colcon_core.environment:checking '/home/webotpi/ros2_ws/install/my_srv/bin'
[21.271s] Level 1:colcon.colcon_core.environment:checking '/home/webotpi/ros2_ws/install/my_srv/lib/pkgconfig/my_srv.pc'
[21.276s] Level 1:colcon.colcon_core.environment:checking '/home/webotpi/ros2_ws/install/my_srv/lib/python3.12/site-packages'
[21.276s] Level 1:colcon.colcon_core.shell:create_environment_hook('my_srv', 'pythonpath')
[21.277s] INFO:colcon.colcon_core.shell:Creating environment hook '/home/webotpi/ros2_ws/install/my_srv/share/my_srv/hook/pythonpath.ps1'
[21.278s] INFO:colcon.colcon_core.shell:Creating environment descriptor '/home/webotpi/ros2_ws/install/my_srv/share/my_srv/hook/pythonpath.dsv'
[21.282s] INFO:colcon.colcon_core.shell:Creating environment hook '/home/webotpi/ros2_ws/install/my_srv/share/my_srv/hook/pythonpath.sh'
[21.284s] Level 1:colcon.colcon_core.environment:checking '/home/webotpi/ros2_ws/install/my_srv/bin'
[21.288s] INFO:colcon.colcon_core.shell:Creating package script '/home/webotpi/ros2_ws/install/my_srv/share/my_srv/package.ps1'
[21.290s] INFO:colcon.colcon_core.shell:Creating package descriptor '/home/webotpi/ros2_ws/install/my_srv/share/my_srv/package.dsv'
[21.294s] INFO:colcon.colcon_core.shell:Creating package script '/home/webotpi/ros2_ws/install/my_srv/share/my_srv/package.sh'
[21.295s] INFO:colcon.colcon_core.shell:Creating package script '/home/webotpi/ros2_ws/install/my_srv/share/my_srv/package.bash'
[21.296s] INFO:colcon.colcon_core.shell:Creating package script '/home/webotpi/ros2_ws/install/my_srv/share/my_srv/package.zsh'
[21.298s] Level 1:colcon.colcon_core.environment:create_file_with_runtime_dependencies(/home/webotpi/ros2_ws/install/my_srv/share/colcon-core/packages/my_srv)
[21.299s] Level 1:colcon.colcon_core.environment:create_environment_scripts_only(my_srv)
[21.300s] Level 1:colcon.colcon_core.environment:checking '/home/webotpi/ros2_ws/install/my_srv' for CMake module files
[21.305s] Level 1:colcon.colcon_core.environment:checking '/home/webotpi/ros2_ws/install/my_srv' for CMake config files
[21.312s] Level 1:colcon.colcon_core.shell:create_environment_hook('my_srv', 'cmake_prefix_path')
[21.312s] INFO:colcon.colcon_core.shell:Creating environment hook '/home/webotpi/ros2_ws/install/my_srv/share/my_srv/hook/cmake_prefix_path.ps1'
[21.314s] INFO:colcon.colcon_core.shell:Creating environment descriptor '/home/webotpi/ros2_ws/install/my_srv/share/my_srv/hook/cmake_prefix_path.dsv'
[21.318s] INFO:colcon.colcon_core.shell:Creating environment hook '/home/webotpi/ros2_ws/install/my_srv/share/my_srv/hook/cmake_prefix_path.sh'
[21.321s] Level 1:colcon.colcon_core.environment:checking '/home/webotpi/ros2_ws/install/my_srv/lib'
[21.321s] Level 1:colcon.colcon_core.shell:create_environment_hook('my_srv', 'ld_library_path_lib')
[21.322s] INFO:colcon.colcon_core.shell:Creating environment hook '/home/webotpi/ros2_ws/install/my_srv/share/my_srv/hook/ld_library_path_lib.ps1'
[21.324s] INFO:colcon.colcon_core.shell:Creating environment descriptor '/home/webotpi/ros2_ws/install/my_srv/share/my_srv/hook/ld_library_path_lib.dsv'
[21.331s] INFO:colcon.colcon_core.shell:Creating environment hook '/home/webotpi/ros2_ws/install/my_srv/share/my_srv/hook/ld_library_path_lib.sh'
[21.333s] Level 1:colcon.colcon_core.environment:checking '/home/webotpi/ros2_ws/install/my_srv/bin'
[21.333s] Level 1:colcon.colcon_core.environment:checking '/home/webotpi/ros2_ws/install/my_srv/lib/pkgconfig/my_srv.pc'
[21.334s] Level 1:colcon.colcon_core.environment:checking '/home/webotpi/ros2_ws/install/my_srv/lib/python3.12/site-packages'
[21.334s] Level 1:colcon.colcon_core.shell:create_environment_hook('my_srv', 'pythonpath')
[21.335s] INFO:colcon.colcon_core.shell:Creating environment hook '/home/webotpi/ros2_ws/install/my_srv/share/my_srv/hook/pythonpath.ps1'
[21.337s] INFO:colcon.colcon_core.shell:Creating environment descriptor '/home/webotpi/ros2_ws/install/my_srv/share/my_srv/hook/pythonpath.dsv'
[21.341s] INFO:colcon.colcon_core.shell:Creating environment hook '/home/webotpi/ros2_ws/install/my_srv/share/my_srv/hook/pythonpath.sh'
[21.345s] Level 1:colcon.colcon_core.environment:checking '/home/webotpi/ros2_ws/install/my_srv/bin'
[21.346s] INFO:colcon.colcon_core.shell:Creating package script '/home/webotpi/ros2_ws/install/my_srv/share/my_srv/package.ps1'
[21.351s] INFO:colcon.colcon_core.shell:Creating package descriptor '/home/webotpi/ros2_ws/install/my_srv/share/my_srv/package.dsv'
[21.356s] INFO:colcon.colcon_core.shell:Creating package script '/home/webotpi/ros2_ws/install/my_srv/share/my_srv/package.sh'
[21.362s] INFO:colcon.colcon_core.shell:Creating package script '/home/webotpi/ros2_ws/install/my_srv/share/my_srv/package.bash'
[21.364s] INFO:colcon.colcon_core.shell:Creating package script '/home/webotpi/ros2_ws/install/my_srv/share/my_srv/package.zsh'
[21.366s] Level 1:colcon.colcon_core.environment:create_file_with_runtime_dependencies(/home/webotpi/ros2_ws/install/my_srv/share/colcon-core/packages/my_srv)
[33.126s] DEBUG:colcon.colcon_core.event_handler.log_command:Invoked command in '/home/webotpi/ros2_ws/build/rplidar_ros' returned '0': CMAKE_PREFIX_PATH=${CMAKE_PREFIX_PATH}:/opt/ros/jazzy /usr/bin/cmake --build /home/webotpi/ros2_ws/build/rplidar_ros -- -j4 -l4
[33.127s] DEBUG:colcon.colcon_core.event_handler.log_command:Invoking command in '/home/webotpi/ros2_ws/build/rplidar_ros': CMAKE_PREFIX_PATH=${CMAKE_PREFIX_PATH}:/opt/ros/jazzy /usr/bin/cmake --install /home/webotpi/ros2_ws/build/rplidar_ros
[33.899s] Level 1:colcon.colcon_core.environment:create_environment_scripts_only(rplidar_ros)
[33.899s] Level 1:colcon.colcon_core.environment:checking '/home/webotpi/ros2_ws/install/rplidar_ros' for CMake module files
[33.899s] DEBUG:colcon.colcon_core.event_handler.log_command:Invoked command in '/home/webotpi/ros2_ws/build/rplidar_ros' returned '0': CMAKE_PREFIX_PATH=${CMAKE_PREFIX_PATH}:/opt/ros/jazzy /usr/bin/cmake --install /home/webotpi/ros2_ws/build/rplidar_ros
[33.900s] Level 1:colcon.colcon_core.environment:checking '/home/webotpi/ros2_ws/install/rplidar_ros' for CMake config files
[33.901s] Level 1:colcon.colcon_core.shell:create_environment_hook('rplidar_ros', 'cmake_prefix_path')
[33.901s] INFO:colcon.colcon_core.shell:Creating environment hook '/home/webotpi/ros2_ws/install/rplidar_ros/share/rplidar_ros/hook/cmake_prefix_path.ps1'
[33.902s] INFO:colcon.colcon_core.shell:Creating environment descriptor '/home/webotpi/ros2_ws/install/rplidar_ros/share/rplidar_ros/hook/cmake_prefix_path.dsv'
[33.902s] INFO:colcon.colcon_core.shell:Creating environment hook '/home/webotpi/ros2_ws/install/rplidar_ros/share/rplidar_ros/hook/cmake_prefix_path.sh'
[33.903s] Level 1:colcon.colcon_core.environment:checking '/home/webotpi/ros2_ws/install/rplidar_ros/lib'
[33.903s] Level 1:colcon.colcon_core.environment:checking '/home/webotpi/ros2_ws/install/rplidar_ros/bin'
[33.903s] Level 1:colcon.colcon_core.environment:checking '/home/webotpi/ros2_ws/install/rplidar_ros/lib/pkgconfig/rplidar_ros.pc'
[33.903s] Level 1:colcon.colcon_core.environment:checking '/home/webotpi/ros2_ws/install/rplidar_ros/lib/python3.12/site-packages'
[33.903s] Level 1:colcon.colcon_core.environment:checking '/home/webotpi/ros2_ws/install/rplidar_ros/bin'
[33.904s] INFO:colcon.colcon_core.shell:Creating package script '/home/webotpi/ros2_ws/install/rplidar_ros/share/rplidar_ros/package.ps1'
[33.904s] INFO:colcon.colcon_core.shell:Creating package descriptor '/home/webotpi/ros2_ws/install/rplidar_ros/share/rplidar_ros/package.dsv'
[33.905s] INFO:colcon.colcon_core.shell:Creating package script '/home/webotpi/ros2_ws/install/rplidar_ros/share/rplidar_ros/package.sh'
[33.905s] INFO:colcon.colcon_core.shell:Creating package script '/home/webotpi/ros2_ws/install/rplidar_ros/share/rplidar_ros/package.bash'
[33.906s] INFO:colcon.colcon_core.shell:Creating package script '/home/webotpi/ros2_ws/install/rplidar_ros/share/rplidar_ros/package.zsh'
[33.906s] Level 1:colcon.colcon_core.environment:create_file_with_runtime_dependencies(/home/webotpi/ros2_ws/install/rplidar_ros/share/colcon-core/packages/rplidar_ros)
[33.907s] Level 1:colcon.colcon_core.environment:create_environment_scripts_only(rplidar_ros)
[33.907s] Level 1:colcon.colcon_core.environment:checking '/home/webotpi/ros2_ws/install/rplidar_ros' for CMake module files
[33.908s] Level 1:colcon.colcon_core.environment:checking '/home/webotpi/ros2_ws/install/rplidar_ros' for CMake config files
[33.908s] Level 1:colcon.colcon_core.shell:create_environment_hook('rplidar_ros', 'cmake_prefix_path')
[33.908s] INFO:colcon.colcon_core.shell:Creating environment hook '/home/webotpi/ros2_ws/install/rplidar_ros/share/rplidar_ros/hook/cmake_prefix_path.ps1'
[33.909s] INFO:colcon.colcon_core.shell:Creating environment descriptor '/home/webotpi/ros2_ws/install/rplidar_ros/share/rplidar_ros/hook/cmake_prefix_path.dsv'
[33.913s] INFO:colcon.colcon_core.shell:Creating environment hook '/home/webotpi/ros2_ws/install/rplidar_ros/share/rplidar_ros/hook/cmake_prefix_path.sh'
[33.916s] Level 1:colcon.colcon_core.environment:checking '/home/webotpi/ros2_ws/install/rplidar_ros/lib'
[33.916s] Level 1:colcon.colcon_core.environment:checking '/home/webotpi/ros2_ws/install/rplidar_ros/bin'
[33.916s] Level 1:colcon.colcon_core.environment:checking '/home/webotpi/ros2_ws/install/rplidar_ros/lib/pkgconfig/rplidar_ros.pc'
[33.916s] Level 1:colcon.colcon_core.environment:checking '/home/webotpi/ros2_ws/install/rplidar_ros/lib/python3.12/site-packages'
[33.917s] Level 1:colcon.colcon_core.environment:checking '/home/webotpi/ros2_ws/install/rplidar_ros/bin'
[33.917s] INFO:colcon.colcon_core.shell:Creating package script '/home/webotpi/ros2_ws/install/rplidar_ros/share/rplidar_ros/package.ps1'
[33.918s] INFO:colcon.colcon_core.shell:Creating package descriptor '/home/webotpi/ros2_ws/install/rplidar_ros/share/rplidar_ros/package.dsv'
[33.920s] INFO:colcon.colcon_core.shell:Creating package script '/home/webotpi/ros2_ws/install/rplidar_ros/share/rplidar_ros/package.sh'
[33.922s] INFO:colcon.colcon_core.shell:Creating package script '/home/webotpi/ros2_ws/install/rplidar_ros/share/rplidar_ros/package.bash'
[33.925s] INFO:colcon.colcon_core.shell:Creating package script '/home/webotpi/ros2_ws/install/rplidar_ros/share/rplidar_ros/package.zsh'
[33.927s] Level 1:colcon.colcon_core.environment:create_file_with_runtime_dependencies(/home/webotpi/ros2_ws/install/rplidar_ros/share/colcon-core/packages/rplidar_ros)
[136.808s] DEBUG:colcon.colcon_core.event_handler.log_command:Invoked command in '/home/webotpi/ros2_ws/build/deptrum-ros-driver-aurora930' returned '1': CMAKE_PREFIX_PATH=${CMAKE_PREFIX_PATH}:/opt/ros/jazzy /usr/bin/cmake /home/webotpi/ros2_ws/src/deptrum-ros-driver -DAMENT_CMAKE_SYMLINK_INSTALL=1 -DCMAKE_INSTALL_PREFIX=/home/webotpi/ros2_ws/install/deptrum-ros-driver-aurora930
[136.833s] Level 1:colcon.colcon_core.environment:create_environment_scripts_only(deptrum-ros-driver-aurora930)
[136.834s] Level 1:colcon.colcon_core.environment:checking '/home/webotpi/ros2_ws/install/deptrum-ros-driver-aurora930' for CMake module files
[136.834s] Level 1:colcon.colcon_core.environment:checking '/home/webotpi/ros2_ws/install/deptrum-ros-driver-aurora930' for CMake config files
[136.835s] Level 1:colcon.colcon_core.environment:checking '/home/webotpi/ros2_ws/install/deptrum-ros-driver-aurora930/bin'
[136.835s] Level 1:colcon.colcon_core.environment:checking '/home/webotpi/ros2_ws/install/deptrum-ros-driver-aurora930/lib/pkgconfig/deptrum-ros-driver-aurora930.pc'
[136.835s] Level 1:colcon.colcon_core.environment:checking '/home/webotpi/ros2_ws/install/deptrum-ros-driver-aurora930/lib/python3.12/site-packages'
[136.836s] Level 1:colcon.colcon_core.environment:checking '/home/webotpi/ros2_ws/install/deptrum-ros-driver-aurora930/bin'
[136.836s] INFO:colcon.colcon_core.shell:Creating package script '/home/webotpi/ros2_ws/install/deptrum-ros-driver-aurora930/share/deptrum-ros-driver-aurora930/package.ps1'
[136.837s] INFO:colcon.colcon_core.shell:Creating package descriptor '/home/webotpi/ros2_ws/install/deptrum-ros-driver-aurora930/share/deptrum-ros-driver-aurora930/package.dsv'
[136.837s] INFO:colcon.colcon_core.shell:Creating package script '/home/webotpi/ros2_ws/install/deptrum-ros-driver-aurora930/share/deptrum-ros-driver-aurora930/package.sh'
[136.838s] INFO:colcon.colcon_core.shell:Creating package script '/home/webotpi/ros2_ws/install/deptrum-ros-driver-aurora930/share/deptrum-ros-driver-aurora930/package.bash'
[136.838s] INFO:colcon.colcon_core.shell:Creating package script '/home/webotpi/ros2_ws/install/deptrum-ros-driver-aurora930/share/deptrum-ros-driver-aurora930/package.zsh'
[136.839s] Level 1:colcon.colcon_core.environment:create_file_with_runtime_dependencies(/home/webotpi/ros2_ws/install/deptrum-ros-driver-aurora930/share/colcon-core/packages/deptrum-ros-driver-aurora930)
[136.839s] DEBUG:colcon.colcon_parallel_executor.executor.parallel:closing loop
[136.840s] DEBUG:colcon.colcon_parallel_executor.executor.parallel:loop closed
[136.840s] DEBUG:colcon.colcon_parallel_executor.executor.parallel:run_until_complete finished with '1'
[136.840s] DEBUG:colcon.colcon_core.event_reactor:joining thread
[136.840s] DEBUG:colcon.colcon_core.event_reactor:joined thread
[136.841s] INFO:colcon.colcon_core.shell:Creating prefix script '/home/webotpi/ros2_ws/install/local_setup.ps1'
[136.844s] INFO:colcon.colcon_core.shell:Creating prefix util module '/home/webotpi/ros2_ws/install/_local_setup_util_ps1.py'
[136.846s] INFO:colcon.colcon_core.shell:Creating prefix chain script '/home/webotpi/ros2_ws/install/setup.ps1'
[136.848s] INFO:colcon.colcon_core.shell:Creating prefix script '/home/webotpi/ros2_ws/install/local_setup.sh'
[136.849s] INFO:colcon.colcon_core.shell:Creating prefix util module '/home/webotpi/ros2_ws/install/_local_setup_util_sh.py'
[136.850s] INFO:colcon.colcon_core.shell:Creating prefix chain script '/home/webotpi/ros2_ws/install/setup.sh'
[136.851s] INFO:colcon.colcon_core.shell:Creating prefix script '/home/webotpi/ros2_ws/install/local_setup.bash'
[136.852s] INFO:colcon.colcon_core.shell:Creating prefix chain script '/home/webotpi/ros2_ws/install/setup.bash'
[136.853s] INFO:colcon.colcon_core.shell:Creating prefix script '/home/webotpi/ros2_ws/install/local_setup.zsh'
[136.855s] INFO:colcon.colcon_core.shell:Creating prefix chain script '/home/webotpi/ros2_ws/install/setup.zsh'
