[0.000000] (-) TimerEvent: {}
[0.000223] (-) JobUnselected: {'identifier': 'deptrum-ros-driver-aurora930'}
[0.000346] (-) JobUnselected: {'identifier': 'my_launch_pkg'}
[0.000604] (-) JobUnselected: {'identifier': 'py_pkg'}
[0.000783] (-) JobUnselected: {'identifier': 'rplidar_ros'}
[0.001011] (my_srv) JobQueued: {'identifier': 'my_srv', 'dependencies': OrderedDict()}
[0.001146] (my_srv) JobStarted: {'identifier': 'my_srv'}
[0.011717] (my_srv) JobProgress: {'identifier': 'my_srv', 'progress': 'cmake'}
[0.012674] (my_srv) Command: {'cmd': ['/usr/bin/cmake', '/home/webotpi/ros2_ws/src/my_srv', '-DFORCE_RECONFIGURE=ON', '-DAMENT_CMAKE_SYMLINK_INSTALL=1', '-DCMAKE_INSTALL_PREFIX=/home/webotpi/ros2_ws/install/my_srv'], 'cwd': '/home/webotpi/ros2_ws/build/my_srv', 'env': OrderedDict({'LANGUAGE': 'zh_CN:en', 'USER': 'webotpi', 'SSH_CLIENT': '192.168.0.111 55630 22', 'LC_TIME': 'zh_CN.UTF-8', 'XDG_SESSION_TYPE': 'tty', 'SHLVL': '1', 'LD_LIBRARY_PATH': '/opt/ros/jazzy/opt/rviz_ogre_vendor/lib:/opt/ros/jazzy/lib/aarch64-linux-gnu:/opt/ros/jazzy/opt/gz_math_vendor/lib:/opt/ros/jazzy/opt/gz_utils_vendor/lib:/opt/ros/jazzy/opt/gz_cmake_vendor/lib:/opt/ros/jazzy/lib', 'HOME': '/home/webotpi', 'OLDPWD': '/home/webotpi', 'ROS_PYTHON_VERSION': '3', 'LC_MONETARY': 'zh_CN.UTF-8', 'DBUS_SESSION_BUS_ADDRESS': 'unix:path=/run/user/1000/bus', 'ROS_DISTRO': 'jazzy', 'LOGNAME': 'webotpi', '_': '/usr/bin/colcon', 'ROS_VERSION': '2', 'XDG_SESSION_CLASS': 'user', 'XDG_SESSION_ID': '51', 'PATH': '/opt/ros/jazzy/bin:/usr/local/sbin:/usr/local/bin:/usr/sbin:/usr/bin:/sbin:/bin:/usr/games:/usr/local/games:/snap/bin', 'PAPERSIZE': 'a4', 'LC_ADDRESS': 'zh_CN.UTF-8', 'XDG_RUNTIME_DIR': '/run/user/1000', 'LANG': 'zh_CN.UTF-8', 'LC_TELEPHONE': 'zh_CN.UTF-8', 'AMENT_PREFIX_PATH': '/opt/ros/jazzy', 'SHELL': '/bin/bash', 'LC_NAME': 'zh_CN.UTF-8', 'LC_MEASUREMENT': 'zh_CN.UTF-8', 'LC_IDENTIFICATION': 'zh_CN.UTF-8', 'ROS_AUTOMATIC_DISCOVERY_RANGE': 'SUBNET', 'PWD': '/home/webotpi/ros2_ws/build/my_srv', 'SSH_CONNECTION': '192.168.0.111 55630 192.168.0.119 22', 'PYTHONPATH': '/opt/ros/jazzy/lib/python3.12/site-packages', 'LC_NUMERIC': 'zh_CN.UTF-8', 'LC_PAPER': 'zh_CN.UTF-8', 'COLCON': '1', 'CMAKE_PREFIX_PATH': '/opt/ros/jazzy/opt/gz_math_vendor:/opt/ros/jazzy/opt/gz_utils_vendor:/opt/ros/jazzy/opt/gz_cmake_vendor:/opt/ros/jazzy'}), 'shell': False}
[0.099766] (-) TimerEvent: {}
[0.116578] (my_srv) StdoutLine: {'line': b'-- The C compiler identification is GNU 13.3.0\n'}
[0.199859] (-) TimerEvent: {}
[0.219446] (my_srv) StdoutLine: {'line': b'-- The CXX compiler identification is GNU 13.3.0\n'}
[0.249298] (my_srv) StdoutLine: {'line': b'-- Detecting C compiler ABI info\n'}
[0.300011] (-) TimerEvent: {}
[0.400276] (-) TimerEvent: {}
[0.414673] (my_srv) StdoutLine: {'line': b'-- Detecting C compiler ABI info - done\n'}
[0.431796] (my_srv) StdoutLine: {'line': b'-- Check for working C compiler: /usr/bin/cc - skipped\n'}
[0.432456] (my_srv) StdoutLine: {'line': b'-- Detecting C compile features\n'}
[0.433893] (my_srv) StdoutLine: {'line': b'-- Detecting C compile features - done\n'}
[0.448911] (my_srv) StdoutLine: {'line': b'-- Detecting CXX compiler ABI info\n'}
[0.500410] (-) TimerEvent: {}
[0.600649] (-) TimerEvent: {}
[0.628212] (my_srv) StdoutLine: {'line': b'-- Detecting CXX compiler ABI info - done\n'}
[0.645702] (my_srv) StdoutLine: {'line': b'-- Check for working CXX compiler: /usr/bin/c++ - skipped\n'}
[0.646110] (my_srv) StdoutLine: {'line': b'-- Detecting CXX compile features\n'}
[0.646967] (my_srv) StdoutLine: {'line': b'-- Detecting CXX compile features - done\n'}
[0.650215] (my_srv) StdoutLine: {'line': b'-- Found ament_cmake: 2.5.6 (/opt/ros/jazzy/share/ament_cmake/cmake)\n'}
[0.700801] (-) TimerEvent: {}
[0.801062] (-) TimerEvent: {}
[0.873531] (my_srv) StdoutLine: {'line': b'-- Found Python3: /usr/bin/python3 (found version "3.12.3") found components: Interpreter \n'}
[0.901162] (-) TimerEvent: {}
[0.997105] (my_srv) StdoutLine: {'line': b'-- Override CMake install command with custom implementation using symlinks instead of copying resources\n'}
[1.001262] (-) TimerEvent: {}
[1.039654] (my_srv) StdoutLine: {'line': b'-- Found cv_bridge: 4.1.0 (/opt/ros/jazzy/share/cv_bridge/cmake)\n'}
[1.101397] (-) TimerEvent: {}
[1.106747] (my_srv) StdoutLine: {'line': b'-- Found rosidl_generator_c: 4.6.7 (/opt/ros/jazzy/share/rosidl_generator_c/cmake)\n'}
[1.126616] (my_srv) StdoutLine: {'line': b'-- Found rosidl_generator_cpp: 4.6.7 (/opt/ros/jazzy/share/rosidl_generator_cpp/cmake)\n'}
[1.148767] (my_srv) StdoutLine: {'line': b'-- Using all available rosidl_typesupport_c: rosidl_typesupport_fastrtps_c;rosidl_typesupport_introspection_c\n'}
[1.174464] (my_srv) StdoutLine: {'line': b'-- Using all available rosidl_typesupport_cpp: rosidl_typesupport_fastrtps_cpp;rosidl_typesupport_introspection_cpp\n'}
[1.201508] (-) TimerEvent: {}
[1.301718] (-) TimerEvent: {}
[1.364526] (my_srv) StdoutLine: {'line': b'-- Found rmw_implementation_cmake: 7.3.3 (/opt/ros/jazzy/share/rmw_implementation_cmake/cmake)\n'}
[1.368452] (my_srv) StdoutLine: {'line': b'-- Found rmw_fastrtps_cpp: 8.4.3 (/opt/ros/jazzy/share/rmw_fastrtps_cpp/cmake)\n'}
[1.401810] (-) TimerEvent: {}
[1.502016] (-) TimerEvent: {}
[1.504240] (my_srv) StdoutLine: {'line': b'-- Found OpenSSL: /usr/lib/aarch64-linux-gnu/libcrypto.so (found version "3.0.13")  \n'}
[1.537886] (my_srv) StdoutLine: {'line': b'-- Found FastRTPS: /opt/ros/jazzy/include (Required is at least version "2.13") \n'}
[1.574273] (my_srv) StdoutLine: {'line': b"-- Using RMW implementation 'rmw_fastrtps_cpp' as default\n"}
[1.602122] (-) TimerEvent: {}
[1.679712] (my_srv) StdoutLine: {'line': b'-- Found rosbridge_suite: 2.6.0 (/opt/ros/jazzy/share/rosbridge_suite/cmake)\n'}
[1.682148] (my_srv) StdoutLine: {'line': b'-- Found rosidl_default_generators: 1.6.0 (/opt/ros/jazzy/share/rosidl_default_generators/cmake)\n'}
[1.702219] (-) TimerEvent: {}
[1.707647] (my_srv) StdoutLine: {'line': b'-- Found rosidl_adapter: 4.6.7 (/opt/ros/jazzy/share/rosidl_adapter/cmake)\n'}
[1.802328] (-) TimerEvent: {}
[1.902547] (-) TimerEvent: {}
[2.002738] (-) TimerEvent: {}
[2.102930] (-) TimerEvent: {}
[2.203157] (-) TimerEvent: {}
[2.303426] (-) TimerEvent: {}
[2.403677] (-) TimerEvent: {}
[2.503912] (-) TimerEvent: {}
[2.604173] (-) TimerEvent: {}
[2.644848] (my_srv) StdoutLine: {'line': b'-- Found ament_cmake_ros: 0.12.0 (/opt/ros/jazzy/share/ament_cmake_ros/cmake)\n'}
[2.704289] (-) TimerEvent: {}
[2.804506] (-) TimerEvent: {}
[2.904736] (-) TimerEvent: {}
[3.004960] (-) TimerEvent: {}
[3.105191] (-) TimerEvent: {}
[3.205414] (-) TimerEvent: {}
[3.305618] (-) TimerEvent: {}
[3.405868] (-) TimerEvent: {}
[3.506106] (-) TimerEvent: {}
[3.606382] (-) TimerEvent: {}
[3.706606] (-) TimerEvent: {}
[3.777956] (my_srv) StdoutLine: {'line': b'-- Using all available rosidl_typesupport_c: rosidl_typesupport_fastrtps_c;rosidl_typesupport_introspection_c\n'}
[3.806711] (-) TimerEvent: {}
[3.906956] (-) TimerEvent: {}
[4.007181] (-) TimerEvent: {}
[4.107390] (-) TimerEvent: {}
[4.207585] (-) TimerEvent: {}
[4.223731] (my_srv) StdoutLine: {'line': b'-- Using all available rosidl_typesupport_cpp: rosidl_typesupport_fastrtps_cpp;rosidl_typesupport_introspection_cpp\n'}
[4.227534] (my_srv) StdoutLine: {'line': b'-- Found python_cmake_module: 0.11.1 (/opt/ros/jazzy/share/python_cmake_module/cmake)\n'}
[4.307709] (-) TimerEvent: {}
[4.407948] (-) TimerEvent: {}
[4.446057] (my_srv) StdoutLine: {'line': b'-- Found PythonExtra: /usr/bin/python3  \n'}
[4.508054] (-) TimerEvent: {}
[4.608257] (-) TimerEvent: {}
[4.727243] (-) TimerEvent: {}
[4.827471] (-) TimerEvent: {}
[4.927782] (-) TimerEvent: {}
[5.028158] (-) TimerEvent: {}
[5.128367] (-) TimerEvent: {}
[5.179168] (my_srv) StdoutLine: {'line': b'-- Found Python3: /usr/bin/python3 (found version "3.12.3") found components: Interpreter Development NumPy Development.Module Development.Embed \n'}
[5.228481] (-) TimerEvent: {}
[5.285235] (my_srv) StdoutLine: {'line': b'-- Found Python3: /usr/bin/python3 (found version "3.12.3") found components: Interpreter \n'}
[5.291673] (my_srv) StdoutLine: {'line': b'-- Found ament_lint_auto: 0.17.5 (/opt/ros/jazzy/share/ament_lint_auto/cmake)\n'}
[5.324415] (my_srv) StdoutLine: {'line': b"-- Added test 'flake8' to check Python code syntax and style conventions\n"}
[5.324672] (my_srv) StdoutLine: {'line': b"-- Configured 'flake8' exclude dirs and/or files: \n"}
[5.325888] (my_srv) StdoutLine: {'line': b"-- Added test 'lint_cmake' to check CMake code style\n"}
[5.327021] (my_srv) StdoutLine: {'line': b"-- Added test 'pep257' to check Python code against some of the docstring style conventions in PEP 257\n"}
[5.328545] (-) TimerEvent: {}
[5.330940] (my_srv) StdoutLine: {'line': b"-- Added test 'xmllint' to check XML markup files\n"}
[5.337224] (my_srv) StdoutLine: {'line': b'-- Configuring done (5.3s)\n'}
[5.398924] (my_srv) StdoutLine: {'line': b'-- Generating done (0.0s)\n'}
[5.404222] (my_srv) StderrLine: {'line': b'CMake Warning:\n'}
[5.404499] (my_srv) StderrLine: {'line': b'  Manually-specified variables were not used by the project:\n'}
[5.404636] (my_srv) StderrLine: {'line': b'\n'}
[5.404767] (my_srv) StderrLine: {'line': b'    FORCE_RECONFIGURE\n'}
[5.404880] (my_srv) StderrLine: {'line': b'\n'}
[5.404998] (my_srv) StderrLine: {'line': b'\n'}
[5.418038] (my_srv) StdoutLine: {'line': b'-- Build files have been written to: /home/webotpi/ros2_ws/build/my_srv\n'}
[5.428690] (-) TimerEvent: {}
[5.452389] (my_srv) CommandEnded: {'returncode': 0}
[5.453214] (my_srv) JobProgress: {'identifier': 'my_srv', 'progress': 'build'}
[5.454057] (my_srv) Command: {'cmd': ['/usr/bin/cmake', '--build', '/home/webotpi/ros2_ws/build/my_srv', '--', '-j4', '-l4'], 'cwd': '/home/webotpi/ros2_ws/build/my_srv', 'env': OrderedDict({'LANGUAGE': 'zh_CN:en', 'USER': 'webotpi', 'SSH_CLIENT': '192.168.0.111 55630 22', 'LC_TIME': 'zh_CN.UTF-8', 'XDG_SESSION_TYPE': 'tty', 'SHLVL': '1', 'LD_LIBRARY_PATH': '/opt/ros/jazzy/opt/rviz_ogre_vendor/lib:/opt/ros/jazzy/lib/aarch64-linux-gnu:/opt/ros/jazzy/opt/gz_math_vendor/lib:/opt/ros/jazzy/opt/gz_utils_vendor/lib:/opt/ros/jazzy/opt/gz_cmake_vendor/lib:/opt/ros/jazzy/lib', 'HOME': '/home/webotpi', 'OLDPWD': '/home/webotpi', 'ROS_PYTHON_VERSION': '3', 'LC_MONETARY': 'zh_CN.UTF-8', 'DBUS_SESSION_BUS_ADDRESS': 'unix:path=/run/user/1000/bus', 'ROS_DISTRO': 'jazzy', 'LOGNAME': 'webotpi', '_': '/usr/bin/colcon', 'ROS_VERSION': '2', 'XDG_SESSION_CLASS': 'user', 'XDG_SESSION_ID': '51', 'PATH': '/opt/ros/jazzy/bin:/usr/local/sbin:/usr/local/bin:/usr/sbin:/usr/bin:/sbin:/bin:/usr/games:/usr/local/games:/snap/bin', 'PAPERSIZE': 'a4', 'LC_ADDRESS': 'zh_CN.UTF-8', 'XDG_RUNTIME_DIR': '/run/user/1000', 'LANG': 'zh_CN.UTF-8', 'LC_TELEPHONE': 'zh_CN.UTF-8', 'AMENT_PREFIX_PATH': '/opt/ros/jazzy', 'SHELL': '/bin/bash', 'LC_NAME': 'zh_CN.UTF-8', 'LC_MEASUREMENT': 'zh_CN.UTF-8', 'LC_IDENTIFICATION': 'zh_CN.UTF-8', 'ROS_AUTOMATIC_DISCOVERY_RANGE': 'SUBNET', 'PWD': '/home/webotpi/ros2_ws/build/my_srv', 'SSH_CONNECTION': '192.168.0.111 55630 192.168.0.119 22', 'PYTHONPATH': '/opt/ros/jazzy/lib/python3.12/site-packages', 'LC_NUMERIC': 'zh_CN.UTF-8', 'LC_PAPER': 'zh_CN.UTF-8', 'COLCON': '1', 'CMAKE_PREFIX_PATH': '/opt/ros/jazzy/opt/gz_math_vendor:/opt/ros/jazzy/opt/gz_utils_vendor:/opt/ros/jazzy/opt/gz_cmake_vendor:/opt/ros/jazzy'}), 'shell': False}
[5.528806] (-) TimerEvent: {}
[5.551637] (my_srv) StdoutLine: {'line': b'[  5%] Generating type hashes for ROS interfaces\n'}
[5.552054] (my_srv) StdoutLine: {'line': b'[  5%] Generating Rust code for ROS interfaces\n'}
[5.571476] (my_srv) StdoutLine: {'line': b'[  5%] Built target ament_cmake_python_symlink_my_srv\n'}
[5.628943] (-) TimerEvent: {}
[5.729208] (-) TimerEvent: {}
[5.829589] (-) TimerEvent: {}
[5.930658] (-) TimerEvent: {}
[5.942357] (my_srv) StdoutLine: {'line': b'[  5%] Built target my_srv__rosidl_generator_type_description\n'}
[5.967758] (my_srv) StdoutLine: {'line': b'[  8%] Generating C code for ROS interfaces\n'}
[6.007410] (my_srv) StdoutLine: {'line': b'[ 11%] Generating C++ code for ROS interfaces\n'}
[6.030777] (-) TimerEvent: {}
[6.058946] (my_srv) StdoutLine: {'line': b'[ 11%] Built target my_srv__rs\n'}
[6.072860] (my_srv) StdoutLine: {'line': b'running egg_info\n'}
[6.074663] (my_srv) StdoutLine: {'line': b'creating my_srv.egg-info\n'}
[6.111418] (my_srv) StdoutLine: {'line': b'writing my_srv.egg-info/PKG-INFO\n'}
[6.111954] (my_srv) StdoutLine: {'line': b'writing dependency_links to my_srv.egg-info/dependency_links.txt\n'}
[6.112131] (my_srv) StdoutLine: {'line': b'writing top-level names to my_srv.egg-info/top_level.txt\n'}
[6.112259] (my_srv) StdoutLine: {'line': b"writing manifest file 'my_srv.egg-info/SOURCES.txt'\n"}
[6.130884] (-) TimerEvent: {}
[6.205414] (my_srv) StdoutLine: {'line': b"reading manifest file 'my_srv.egg-info/SOURCES.txt'\n"}
[6.205739] (my_srv) StdoutLine: {'line': b"writing manifest file 'my_srv.egg-info/SOURCES.txt'\n"}
[6.231042] (-) TimerEvent: {}
[6.291410] (my_srv) StdoutLine: {'line': b'[ 11%] Built target ament_cmake_python_build_my_srv_egg\n'}
[6.331140] (-) TimerEvent: {}
[6.431436] (-) TimerEvent: {}
[6.531855] (-) TimerEvent: {}
[6.569831] (my_srv) StdoutLine: {'line': b'[ 14%] Building C object CMakeFiles/my_srv__rosidl_generator_c.dir/rosidl_generator_c/my_srv/srv/detail/add__type_support.c.o\n'}
[6.570202] (my_srv) StdoutLine: {'line': b'[ 17%] Building C object CMakeFiles/my_srv__rosidl_generator_c.dir/rosidl_generator_c/my_srv/srv/detail/add__functions.c.o\n'}
[6.570557] (my_srv) StdoutLine: {'line': b'[ 20%] Building C object CMakeFiles/my_srv__rosidl_generator_c.dir/rosidl_generator_c/my_srv/srv/detail/add__description.c.o\n'}
[6.597495] (my_srv) StdoutLine: {'line': b'[ 20%] Built target my_srv__cpp\n'}
[6.631975] (-) TimerEvent: {}
[6.723402] (my_srv) StdoutLine: {'line': b'[ 22%] Linking C shared library libmy_srv__rosidl_generator_c.so\n'}
[6.732105] (-) TimerEvent: {}
[6.801486] (my_srv) StdoutLine: {'line': b'[ 22%] Built target my_srv__rosidl_generator_c\n'}
[6.824266] (my_srv) StdoutLine: {'line': b'[ 31%] Generating C++ type support for eProsima Fast-RTPS\n'}
[6.824677] (my_srv) StdoutLine: {'line': b'[ 31%] Generating C type support for eProsima Fast-RTPS\n'}
[6.824830] (my_srv) StdoutLine: {'line': b'[ 31%] Generating C type support dispatch for ROS interfaces\n'}
[6.828156] (my_srv) StdoutLine: {'line': b'[ 34%] Generating C introspection for ROS interfaces\n'}
[6.832571] (-) TimerEvent: {}
[6.933121] (-) TimerEvent: {}
[7.034404] (-) TimerEvent: {}
[7.134624] (-) TimerEvent: {}
[7.234972] (-) TimerEvent: {}
[7.335264] (-) TimerEvent: {}
[7.337232] (my_srv) StdoutLine: {'line': b'[ 37%] Building CXX object CMakeFiles/my_srv__rosidl_typesupport_c.dir/rosidl_typesupport_c/my_srv/srv/add__type_support.cpp.o\n'}
[7.432742] (my_srv) StdoutLine: {'line': b'[ 40%] Building C object CMakeFiles/my_srv__rosidl_typesupport_introspection_c.dir/rosidl_typesupport_introspection_c/my_srv/srv/detail/add__type_support.c.o\n'}
[7.437273] (-) TimerEvent: {}
[7.471920] (my_srv) StdoutLine: {'line': b'[ 42%] Linking CXX shared library libmy_srv__rosidl_typesupport_c.so\n'}
[7.528469] (my_srv) StdoutLine: {'line': b'[ 45%] Building CXX object CMakeFiles/my_srv__rosidl_typesupport_fastrtps_c.dir/rosidl_typesupport_fastrtps_c/my_srv/srv/detail/add__type_support_c.cpp.o\n'}
[7.537433] (-) TimerEvent: {}
[7.568410] (my_srv) StdoutLine: {'line': b'[ 48%] Linking C shared library libmy_srv__rosidl_typesupport_introspection_c.so\n'}
[7.570692] (my_srv) StdoutLine: {'line': b'[ 48%] Built target my_srv__rosidl_typesupport_c\n'}
[7.585760] (my_srv) StdoutLine: {'line': b'[ 51%] Building CXX object CMakeFiles/my_srv__rosidl_typesupport_fastrtps_cpp.dir/rosidl_typesupport_fastrtps_cpp/my_srv/srv/detail/dds_fastrtps/add__type_support.cpp.o\n'}
[7.607851] (my_srv) StdoutLine: {'line': b'[ 54%] Generating C++ introspection for ROS interfaces\n'}
[7.637675] (-) TimerEvent: {}
[7.652117] (my_srv) StdoutLine: {'line': b'[ 54%] Built target my_srv__rosidl_typesupport_introspection_c\n'}
[7.674253] (my_srv) StdoutLine: {'line': b'[ 57%] Generating C++ type support dispatch for ROS interfaces\n'}
[7.738320] (-) TimerEvent: {}
[7.839669] (-) TimerEvent: {}
[7.939935] (-) TimerEvent: {}
[8.040271] (-) TimerEvent: {}
[8.140564] (-) TimerEvent: {}
[8.240872] (-) TimerEvent: {}
[8.248009] (my_srv) StdoutLine: {'line': b'[ 60%] Building CXX object CMakeFiles/my_srv__rosidl_typesupport_cpp.dir/rosidl_typesupport_cpp/my_srv/srv/add__type_support.cpp.o\n'}
[8.341004] (-) TimerEvent: {}
[8.420119] (my_srv) StdoutLine: {'line': b'[ 62%] Building CXX object CMakeFiles/my_srv__rosidl_typesupport_introspection_cpp.dir/rosidl_typesupport_introspection_cpp/my_srv/srv/detail/add__type_support.cpp.o\n'}
[8.441261] (-) TimerEvent: {}
[8.541725] (-) TimerEvent: {}
[8.642043] (-) TimerEvent: {}
[8.742428] (-) TimerEvent: {}
[8.843421] (-) TimerEvent: {}
[8.936469] (my_srv) StdoutLine: {'line': b'[ 65%] Linking CXX shared library libmy_srv__rosidl_typesupport_fastrtps_c.so\n'}
[8.943555] (-) TimerEvent: {}
[9.044588] (-) TimerEvent: {}
[9.146382] (-) TimerEvent: {}
[9.228656] (my_srv) StdoutLine: {'line': b'[ 65%] Built target my_srv__rosidl_typesupport_fastrtps_c\n'}
[9.246512] (-) TimerEvent: {}
[9.308655] (my_srv) StdoutLine: {'line': b'[ 68%] Linking CXX shared library libmy_srv__rosidl_typesupport_cpp.so\n'}
[9.349453] (-) TimerEvent: {}
[9.395001] (my_srv) StdoutLine: {'line': b'[ 71%] Linking CXX shared library libmy_srv__rosidl_typesupport_fastrtps_cpp.so\n'}
[9.449674] (-) TimerEvent: {}
[9.550071] (-) TimerEvent: {}
[9.550618] (my_srv) StdoutLine: {'line': b'[ 71%] Built target my_srv__rosidl_typesupport_cpp\n'}
[9.650200] (-) TimerEvent: {}
[9.665051] (my_srv) StdoutLine: {'line': b'[ 71%] Built target my_srv__rosidl_typesupport_fastrtps_cpp\n'}
[9.750319] (-) TimerEvent: {}
[9.778350] (my_srv) StdoutLine: {'line': b'[ 74%] Linking CXX shared library libmy_srv__rosidl_typesupport_introspection_cpp.so\n'}
[9.850559] (-) TimerEvent: {}
[9.934039] (my_srv) StdoutLine: {'line': b'[ 74%] Built target my_srv__rosidl_typesupport_introspection_cpp\n'}
[9.950645] (-) TimerEvent: {}
[9.971199] (my_srv) StdoutLine: {'line': b'[ 74%] Built target my_srv\n'}
[10.007307] (my_srv) StdoutLine: {'line': b'[ 77%] Generating Python code for ROS interfaces\n'}
[10.050745] (-) TimerEvent: {}
[10.151057] (-) TimerEvent: {}
[10.251515] (-) TimerEvent: {}
[10.351725] (-) TimerEvent: {}
[10.451944] (-) TimerEvent: {}
[10.552193] (-) TimerEvent: {}
[10.574201] (my_srv) StdoutLine: {'line': b'[ 77%] Built target my_srv__py\n'}
[10.611835] (my_srv) StdoutLine: {'line': b'[ 80%] Building C object CMakeFiles/my_srv__rosidl_generator_py.dir/rosidl_generator_py/my_srv/srv/_add_s.c.o\n'}
[10.652293] (-) TimerEvent: {}
[10.752654] (-) TimerEvent: {}
[10.853238] (-) TimerEvent: {}
[10.860975] (my_srv) StdoutLine: {'line': b'[ 82%] Linking C shared library libmy_srv__rosidl_generator_py.so\n'}
[10.941415] (my_srv) StdoutLine: {'line': b'[ 82%] Built target my_srv__rosidl_generator_py\n'}
[10.953427] (-) TimerEvent: {}
[10.980977] (my_srv) StdoutLine: {'line': b'[ 85%] Building C object CMakeFiles/my_srv_s__rosidl_typesupport_fastrtps_c.dir/rosidl_generator_py/my_srv/_my_srv_s.ep.rosidl_typesupport_fastrtps_c.c.o\n'}
[10.982044] (my_srv) StdoutLine: {'line': b'[ 88%] Building C object CMakeFiles/my_srv_s__rosidl_typesupport_introspection_c.dir/rosidl_generator_py/my_srv/_my_srv_s.ep.rosidl_typesupport_introspection_c.c.o\n'}
[10.988608] (my_srv) StdoutLine: {'line': b'[ 91%] Building C object CMakeFiles/my_srv_s__rosidl_typesupport_c.dir/rosidl_generator_py/my_srv/_my_srv_s.ep.rosidl_typesupport_c.c.o\n'}
[11.053543] (-) TimerEvent: {}
[11.153820] (-) TimerEvent: {}
[11.190217] (my_srv) StdoutLine: {'line': b'[ 94%] Linking C shared module rosidl_generator_py/my_srv/my_srv_s__rosidl_typesupport_introspection_c.so\n'}
[11.192620] (my_srv) StdoutLine: {'line': b'[ 97%] Linking C shared module rosidl_generator_py/my_srv/my_srv_s__rosidl_typesupport_fastrtps_c.so\n'}
[11.205729] (my_srv) StdoutLine: {'line': b'[100%] Linking C shared module rosidl_generator_py/my_srv/my_srv_s__rosidl_typesupport_c.so\n'}
[11.253972] (-) TimerEvent: {}
[11.261421] (my_srv) StdoutLine: {'line': b'[100%] Built target my_srv_s__rosidl_typesupport_introspection_c\n'}
[11.264524] (my_srv) StdoutLine: {'line': b'[100%] Built target my_srv_s__rosidl_typesupport_fastrtps_c\n'}
[11.269757] (my_srv) StdoutLine: {'line': b'[100%] Built target my_srv_s__rosidl_typesupport_c\n'}
[11.291459] (my_srv) CommandEnded: {'returncode': 0}
[11.292392] (my_srv) JobProgress: {'identifier': 'my_srv', 'progress': 'install'}
[11.308546] (my_srv) Command: {'cmd': ['/usr/bin/cmake', '--install', '/home/webotpi/ros2_ws/build/my_srv'], 'cwd': '/home/webotpi/ros2_ws/build/my_srv', 'env': OrderedDict({'LANGUAGE': 'zh_CN:en', 'USER': 'webotpi', 'SSH_CLIENT': '192.168.0.111 55630 22', 'LC_TIME': 'zh_CN.UTF-8', 'XDG_SESSION_TYPE': 'tty', 'SHLVL': '1', 'LD_LIBRARY_PATH': '/opt/ros/jazzy/opt/rviz_ogre_vendor/lib:/opt/ros/jazzy/lib/aarch64-linux-gnu:/opt/ros/jazzy/opt/gz_math_vendor/lib:/opt/ros/jazzy/opt/gz_utils_vendor/lib:/opt/ros/jazzy/opt/gz_cmake_vendor/lib:/opt/ros/jazzy/lib', 'HOME': '/home/webotpi', 'OLDPWD': '/home/webotpi', 'ROS_PYTHON_VERSION': '3', 'LC_MONETARY': 'zh_CN.UTF-8', 'DBUS_SESSION_BUS_ADDRESS': 'unix:path=/run/user/1000/bus', 'ROS_DISTRO': 'jazzy', 'LOGNAME': 'webotpi', '_': '/usr/bin/colcon', 'ROS_VERSION': '2', 'XDG_SESSION_CLASS': 'user', 'XDG_SESSION_ID': '51', 'PATH': '/opt/ros/jazzy/bin:/usr/local/sbin:/usr/local/bin:/usr/sbin:/usr/bin:/sbin:/bin:/usr/games:/usr/local/games:/snap/bin', 'PAPERSIZE': 'a4', 'LC_ADDRESS': 'zh_CN.UTF-8', 'XDG_RUNTIME_DIR': '/run/user/1000', 'LANG': 'zh_CN.UTF-8', 'LC_TELEPHONE': 'zh_CN.UTF-8', 'AMENT_PREFIX_PATH': '/opt/ros/jazzy', 'SHELL': '/bin/bash', 'LC_NAME': 'zh_CN.UTF-8', 'LC_MEASUREMENT': 'zh_CN.UTF-8', 'LC_IDENTIFICATION': 'zh_CN.UTF-8', 'ROS_AUTOMATIC_DISCOVERY_RANGE': 'SUBNET', 'PWD': '/home/webotpi/ros2_ws/build/my_srv', 'SSH_CONNECTION': '192.168.0.111 55630 192.168.0.119 22', 'PYTHONPATH': '/opt/ros/jazzy/lib/python3.12/site-packages', 'LC_NUMERIC': 'zh_CN.UTF-8', 'LC_PAPER': 'zh_CN.UTF-8', 'COLCON': '1', 'CMAKE_PREFIX_PATH': '/opt/ros/jazzy/opt/gz_math_vendor:/opt/ros/jazzy/opt/gz_utils_vendor:/opt/ros/jazzy/opt/gz_cmake_vendor:/opt/ros/jazzy'}), 'shell': False}
[11.323125] (my_srv) StdoutLine: {'line': b'-- Install configuration: ""\n'}
[11.324429] (my_srv) StdoutLine: {'line': b'-- Execute custom install script\n'}
[11.324916] (my_srv) StdoutLine: {'line': b'-- Symlinking: /home/webotpi/ros2_ws/install/my_srv/share/ament_index/resource_index/rosidl_interfaces/my_srv\n'}
[11.344076] (my_srv) StdoutLine: {'line': b'-- Symlinking: /home/webotpi/ros2_ws/install/my_srv/share/my_srv/srv/Add.json\n'}
[11.354089] (-) TimerEvent: {}
[11.364284] (my_srv) StdoutLine: {'line': b'-- Symlinking: /home/webotpi/ros2_ws/install/my_srv/include/my_srv/my_srv/msg/rosidl_generator_c__visibility_control.h\n'}
[11.380123] (my_srv) StdoutLine: {'line': b'-- Symlinking: /home/webotpi/ros2_ws/install/my_srv/include/my_srv/my_srv/srv/add.h\n'}
[11.396578] (my_srv) StdoutLine: {'line': b'-- Symlinking: /home/webotpi/ros2_ws/install/my_srv/include/my_srv/my_srv/srv/detail/add__functions.h\n'}
[11.412799] (my_srv) StdoutLine: {'line': b'-- Symlinking: /home/webotpi/ros2_ws/install/my_srv/include/my_srv/my_srv/srv/detail/add__struct.h\n'}
[11.431102] (my_srv) StdoutLine: {'line': b'-- Symlinking: /home/webotpi/ros2_ws/install/my_srv/include/my_srv/my_srv/srv/detail/add__type_support.h\n'}
[11.449823] (my_srv) StdoutLine: {'line': b'-- Symlinking: /home/webotpi/ros2_ws/install/my_srv/share/my_srv/environment/library_path.sh\n'}
[11.454161] (-) TimerEvent: {}
[11.466346] (my_srv) StdoutLine: {'line': b'-- Symlinking: /home/webotpi/ros2_ws/install/my_srv/share/my_srv/environment/library_path.dsv\n'}
[11.483363] (my_srv) StdoutLine: {'line': b'-- Symlinking: /home/webotpi/ros2_ws/install/my_srv/include/my_srv/my_srv/msg/rosidl_typesupport_fastrtps_c__visibility_control.h\n'}
[11.499263] (my_srv) StdoutLine: {'line': b'-- Symlinking: /home/webotpi/ros2_ws/install/my_srv/include/my_srv/my_srv/srv/detail/add__rosidl_typesupport_fastrtps_c.h\n'}
[11.522111] (my_srv) StdoutLine: {'line': b'-- Symlinking: /home/webotpi/ros2_ws/install/my_srv/include/my_srv/my_srv/msg/rosidl_generator_cpp__visibility_control.hpp\n'}
[11.537938] (my_srv) StdoutLine: {'line': b'-- Symlinking: /home/webotpi/ros2_ws/install/my_srv/include/my_srv/my_srv/srv/add.hpp\n'}
[11.553698] (my_srv) StdoutLine: {'line': b'-- Symlinking: /home/webotpi/ros2_ws/install/my_srv/include/my_srv/my_srv/srv/detail/add__builder.hpp\n'}
[11.554236] (-) TimerEvent: {}
[11.569847] (my_srv) StdoutLine: {'line': b'-- Symlinking: /home/webotpi/ros2_ws/install/my_srv/include/my_srv/my_srv/srv/detail/add__struct.hpp\n'}
[11.585681] (my_srv) StdoutLine: {'line': b'-- Symlinking: /home/webotpi/ros2_ws/install/my_srv/include/my_srv/my_srv/srv/detail/add__traits.hpp\n'}
[11.607215] (my_srv) StdoutLine: {'line': b'-- Symlinking: /home/webotpi/ros2_ws/install/my_srv/include/my_srv/my_srv/srv/detail/add__type_support.hpp\n'}
[11.623325] (my_srv) StdoutLine: {'line': b'-- Symlinking: /home/webotpi/ros2_ws/install/my_srv/include/my_srv/my_srv/msg/rosidl_typesupport_fastrtps_cpp__visibility_control.h\n'}
[11.639565] (my_srv) StdoutLine: {'line': b'-- Symlinking: /home/webotpi/ros2_ws/install/my_srv/include/my_srv/my_srv/srv/detail/add__rosidl_typesupport_fastrtps_cpp.hpp\n'}
[11.654371] (-) TimerEvent: {}
[11.655224] (my_srv) StdoutLine: {'line': b'-- Symlinking: /home/webotpi/ros2_ws/install/my_srv/include/my_srv/my_srv/msg/rosidl_typesupport_introspection_c__visibility_control.h\n'}
[11.671970] (my_srv) StdoutLine: {'line': b'-- Symlinking: /home/webotpi/ros2_ws/install/my_srv/include/my_srv/my_srv/srv/detail/add__rosidl_typesupport_introspection_c.h\n'}
[11.691880] (my_srv) StdoutLine: {'line': b'-- Symlinking: /home/webotpi/ros2_ws/install/my_srv/include/my_srv/my_srv/srv/detail/add__rosidl_typesupport_introspection_cpp.hpp\n'}
[11.707531] (my_srv) StdoutLine: {'line': b'-- Symlinking: /home/webotpi/ros2_ws/install/my_srv/share/my_srv/environment/pythonpath.sh\n'}
[11.723934] (my_srv) StdoutLine: {'line': b'-- Symlinking: /home/webotpi/ros2_ws/install/my_srv/share/my_srv/environment/pythonpath.dsv\n'}
[11.740347] (my_srv) StdoutLine: {'line': b'-- Symlinking: /home/webotpi/ros2_ws/install/my_srv/lib/python3.12/site-packages/my_srv-0.0.0-py3.12.egg-info/PKG-INFO\n'}
[11.754494] (-) TimerEvent: {}
[11.757267] (my_srv) StdoutLine: {'line': b'-- Symlinking: /home/webotpi/ros2_ws/install/my_srv/lib/python3.12/site-packages/my_srv-0.0.0-py3.12.egg-info/SOURCES.txt\n'}
[11.776015] (my_srv) StdoutLine: {'line': b'-- Symlinking: /home/webotpi/ros2_ws/install/my_srv/lib/python3.12/site-packages/my_srv-0.0.0-py3.12.egg-info/dependency_links.txt\n'}
[11.791990] (my_srv) StdoutLine: {'line': b'-- Symlinking: /home/webotpi/ros2_ws/install/my_srv/lib/python3.12/site-packages/my_srv-0.0.0-py3.12.egg-info/top_level.txt\n'}
[11.808653] (my_srv) StdoutLine: {'line': b'-- Symlinking: /home/webotpi/ros2_ws/install/my_srv/lib/python3.12/site-packages/my_srv/__init__.py\n'}
[11.825222] (my_srv) StdoutLine: {'line': b'-- Symlinking: /home/webotpi/ros2_ws/install/my_srv/lib/python3.12/site-packages/my_srv/_my_srv_s.ep.rosidl_typesupport_c.c\n'}
[11.843957] (my_srv) StdoutLine: {'line': b'-- Symlinking: /home/webotpi/ros2_ws/install/my_srv/lib/python3.12/site-packages/my_srv/_my_srv_s.ep.rosidl_typesupport_fastrtps_c.c\n'}
[11.854609] (-) TimerEvent: {}
[11.860595] (my_srv) StdoutLine: {'line': b'-- Symlinking: /home/webotpi/ros2_ws/install/my_srv/lib/python3.12/site-packages/my_srv/_my_srv_s.ep.rosidl_typesupport_introspection_c.c\n'}
[11.877639] (my_srv) StdoutLine: {'line': b'-- Symlinking: /home/webotpi/ros2_ws/install/my_srv/lib/python3.12/site-packages/my_srv/my_srv_s__rosidl_typesupport_c.so\n'}
[11.894512] (my_srv) StdoutLine: {'line': b'-- Symlinking: /home/webotpi/ros2_ws/install/my_srv/lib/python3.12/site-packages/my_srv/my_srv_s__rosidl_typesupport_fastrtps_c.so\n'}
[11.912063] (my_srv) StdoutLine: {'line': b'-- Symlinking: /home/webotpi/ros2_ws/install/my_srv/lib/python3.12/site-packages/my_srv/my_srv_s__rosidl_typesupport_introspection_c.so\n'}
[11.931468] (my_srv) StdoutLine: {'line': b'-- Symlinking: /home/webotpi/ros2_ws/install/my_srv/lib/python3.12/site-packages/my_srv/srv/__init__.py\n'}
[11.948269] (my_srv) StdoutLine: {'line': b'-- Symlinking: /home/webotpi/ros2_ws/install/my_srv/lib/python3.12/site-packages/my_srv/srv/_add.py\n'}
[11.954710] (-) TimerEvent: {}
[11.965490] (my_srv) StdoutLine: {'line': b'-- Symlinking: /home/webotpi/ros2_ws/install/my_srv/lib/python3.12/site-packages/my_srv/srv/_add_s.c\n'}
[11.982545] (my_srv) StdoutLine: {'line': b'-- Up-to-date symlink: /home/webotpi/ros2_ws/install/my_srv/lib/python3.12/site-packages/my_srv/my_srv_s__rosidl_typesupport_fastrtps_c.so\n'}
[11.982980] (my_srv) StdoutLine: {'line': b'-- Up-to-date symlink: /home/webotpi/ros2_ws/install/my_srv/lib/python3.12/site-packages/my_srv/my_srv_s__rosidl_typesupport_introspection_c.so\n'}
[11.983290] (my_srv) StdoutLine: {'line': b'-- Up-to-date symlink: /home/webotpi/ros2_ws/install/my_srv/lib/python3.12/site-packages/my_srv/my_srv_s__rosidl_typesupport_c.so\n'}
[11.983654] (my_srv) StdoutLine: {'line': b'-- Symlinking: /home/webotpi/ros2_ws/install/my_srv/share/ament_index/resource_index/rust_packages/my_srv\n'}
[12.001767] (my_srv) StdoutLine: {'line': b'-- Symlinking: /home/webotpi/ros2_ws/install/my_srv/share/my_srv/rust/Cargo.toml\n'}
[12.020369] (my_srv) StdoutLine: {'line': b'-- Symlinking: /home/webotpi/ros2_ws/install/my_srv/share/my_srv/rust/build.rs\n'}
[12.036472] (my_srv) StdoutLine: {'line': b'-- Symlinking: /home/webotpi/ros2_ws/install/my_srv/share/my_srv/rust/src/lib.rs\n'}
[12.052574] (my_srv) StdoutLine: {'line': b'-- Symlinking: /home/webotpi/ros2_ws/install/my_srv/share/my_srv/rust/src/srv.rs\n'}
[12.054785] (-) TimerEvent: {}
[12.068836] (my_srv) StdoutLine: {'line': b'-- Symlinking: /home/webotpi/ros2_ws/install/my_srv/share/my_srv/rust/src/srv/rmw.rs\n'}
[12.086178] (my_srv) StdoutLine: {'line': b'-- Symlinking: /home/webotpi/ros2_ws/install/my_srv/share/my_srv/srv/Add.idl\n'}
[12.104845] (my_srv) StdoutLine: {'line': b'-- Symlinking: /home/webotpi/ros2_ws/install/my_srv/share/my_srv/srv/Add.srv\n'}
[12.120740] (my_srv) StdoutLine: {'line': b'-- Symlinking: /home/webotpi/ros2_ws/install/my_srv/lib/my_srv/arm_fk.py\n'}
[12.136869] (my_srv) StdoutLine: {'line': b'-- Symlinking: /home/webotpi/ros2_ws/install/my_srv/lib/my_srv/arm_rviz_bridge.py\n'}
[12.153918] (my_srv) StdoutLine: {'line': b'-- Symlinking: /home/webotpi/ros2_ws/install/my_srv/lib/my_srv/arm_teach.py\n'}
[12.154878] (-) TimerEvent: {}
[12.170115] (my_srv) StdoutLine: {'line': b'-- Symlinking: /home/webotpi/ros2_ws/install/my_srv/lib/my_srv/asr_node.py\n'}
[12.188162] (my_srv) StdoutLine: {'line': b'-- Symlinking: /home/webotpi/ros2_ws/install/my_srv/lib/my_srv/color_set_node.py\n'}
[12.204877] (my_srv) StdoutLine: {'line': b'-- Symlinking: /home/webotpi/ros2_ws/install/my_srv/lib/my_srv/color_sorting_node.py\n'}
[12.220395] (my_srv) StdoutLine: {'line': b'-- Symlinking: /home/webotpi/ros2_ws/install/my_srv/lib/my_srv/color_stack_node.py\n'}
[12.238233] (my_srv) StdoutLine: {'line': b'-- Symlinking: /home/webotpi/ros2_ws/install/my_srv/lib/my_srv/color_track_node.py\n'}
[12.254027] (my_srv) StdoutLine: {'line': b'-- Symlinking: /home/webotpi/ros2_ws/install/my_srv/lib/my_srv/depth_arm.launch.py\n'}
[12.254960] (-) TimerEvent: {}
[12.272327] (my_srv) StdoutLine: {'line': b'-- Symlinking: /home/webotpi/ros2_ws/install/my_srv/lib/my_srv/depth_color_sorting_node.py\n'}
[12.288822] (my_srv) StdoutLine: {'line': b'-- Symlinking: /home/webotpi/ros2_ws/install/my_srv/lib/my_srv/depth_distance_node.py\n'}
[12.304664] (my_srv) StdoutLine: {'line': b'-- Symlinking: /home/webotpi/ros2_ws/install/my_srv/lib/my_srv/depth_utils.py\n'}
[12.322271] (my_srv) StdoutLine: {'line': b'-- Symlinking: /home/webotpi/ros2_ws/install/my_srv/lib/my_srv/eye_in_hand_calib_node.py\n'}
[12.338924] (my_srv) StdoutLine: {'line': b'-- Symlinking: /home/webotpi/ros2_ws/install/my_srv/lib/my_srv/face_track_node.py\n'}
[12.355091] (-) TimerEvent: {}
[12.358594] (my_srv) StdoutLine: {'line': b'-- Symlinking: /home/webotpi/ros2_ws/install/my_srv/lib/my_srv/glove_node.py\n'}
[12.374539] (my_srv) StdoutLine: {'line': b'-- Symlinking: /home/webotpi/ros2_ws/install/my_srv/lib/my_srv/hand_gesture_arm_node.py\n'}
[12.392133] (my_srv) StdoutLine: {'line': b'-- Symlinking: /home/webotpi/ros2_ws/install/my_srv/lib/my_srv/joy_arm_node.py\n'}
[12.409473] (my_srv) StdoutLine: {'line': b'-- Symlinking: /home/webotpi/ros2_ws/install/my_srv/lib/my_srv/label_sorting_node.py\n'}
[12.425419] (my_srv) StdoutLine: {'line': b'-- Symlinking: /home/webotpi/ros2_ws/install/my_srv/lib/my_srv/label_stack_node.py\n'}
[12.444266] (my_srv) StdoutLine: {'line': b'-- Symlinking: /home/webotpi/ros2_ws/install/my_srv/lib/my_srv/label_track_node.py\n'}
[12.455193] (-) TimerEvent: {}
[12.461159] (my_srv) StdoutLine: {'line': b'-- Symlinking: /home/webotpi/ros2_ws/install/my_srv/lib/my_srv/num_sorting_node.py\n'}
[12.478738] (my_srv) StdoutLine: {'line': b'-- Symlinking: /home/webotpi/ros2_ws/install/my_srv/lib/my_srv/num_stack_node.py\n'}
[12.495470] (my_srv) StdoutLine: {'line': b'-- Symlinking: /home/webotpi/ros2_ws/install/my_srv/lib/my_srv/num_track_node.py\n'}
[12.514132] (my_srv) StdoutLine: {'line': b'-- Symlinking: /home/webotpi/ros2_ws/install/my_srv/lib/my_srv/servo_node.py\n'}
[12.531374] (my_srv) StdoutLine: {'line': b'-- Symlinking: /home/webotpi/ros2_ws/install/my_srv/lib/my_srv/test.py\n'}
[12.547893] (my_srv) StdoutLine: {'line': b'-- Symlinking: /home/webotpi/ros2_ws/install/my_srv/lib/my_srv/z_move.py\n'}
[12.555317] (-) TimerEvent: {}
[12.565267] (my_srv) StdoutLine: {'line': b'-- Symlinking: /home/webotpi/ros2_ws/install/my_srv/lib/my_srv/z_uart.py\n'}
[12.581285] (my_srv) StdoutLine: {'line': b'-- Symlinking: /home/webotpi/ros2_ws/install/my_srv/share/my_srv/launch/function.launch.py\n'}
[12.600946] (my_srv) StdoutLine: {'line': b'-- Symlinking: /home/webotpi/ros2_ws/install/my_srv/share/my_srv/launch/slave.launch.py\n'}
[12.616553] (my_srv) StdoutLine: {'line': b'-- Symlinking: /home/webotpi/ros2_ws/install/my_srv/share/my_srv/web/index.html\n'}
[12.635168] (my_srv) StdoutLine: {'line': b'-- Symlinking: /home/webotpi/ros2_ws/install/my_srv/share/ament_index/resource_index/package_run_dependencies/my_srv\n'}
[12.650739] (my_srv) StdoutLine: {'line': b'-- Symlinking: /home/webotpi/ros2_ws/install/my_srv/share/ament_index/resource_index/parent_prefix_path/my_srv\n'}
[12.655404] (-) TimerEvent: {}
[12.666880] (my_srv) StdoutLine: {'line': b'-- Symlinking: /home/webotpi/ros2_ws/install/my_srv/share/my_srv/environment/ament_prefix_path.sh\n'}
[12.685791] (my_srv) StdoutLine: {'line': b'-- Symlinking: /home/webotpi/ros2_ws/install/my_srv/share/my_srv/environment/ament_prefix_path.dsv\n'}
[12.701633] (my_srv) StdoutLine: {'line': b'-- Symlinking: /home/webotpi/ros2_ws/install/my_srv/share/my_srv/environment/path.sh\n'}
[12.720079] (my_srv) StdoutLine: {'line': b'-- Symlinking: /home/webotpi/ros2_ws/install/my_srv/share/my_srv/environment/path.dsv\n'}
[12.736489] (my_srv) StdoutLine: {'line': b'-- Symlinking: /home/webotpi/ros2_ws/install/my_srv/share/my_srv/local_setup.bash\n'}
[12.753244] (my_srv) StdoutLine: {'line': b'-- Symlinking: /home/webotpi/ros2_ws/install/my_srv/share/my_srv/local_setup.sh\n'}
[12.755479] (-) TimerEvent: {}
[12.773883] (my_srv) StdoutLine: {'line': b'-- Symlinking: /home/webotpi/ros2_ws/install/my_srv/share/my_srv/local_setup.zsh\n'}
[12.792309] (my_srv) StdoutLine: {'line': b'-- Symlinking: /home/webotpi/ros2_ws/install/my_srv/share/my_srv/local_setup.dsv\n'}
[12.808506] (my_srv) StdoutLine: {'line': b'-- Symlinking: /home/webotpi/ros2_ws/install/my_srv/share/my_srv/package.dsv\n'}
[12.824613] (my_srv) StdoutLine: {'line': b'-- Symlinking: /home/webotpi/ros2_ws/install/my_srv/share/ament_index/resource_index/packages/my_srv\n'}
[12.841699] (my_srv) StdoutLine: {'line': b'-- Symlinking: /home/webotpi/ros2_ws/install/my_srv/share/my_srv/cmake/rosidl_cmake-extras.cmake\n'}
[12.855663] (-) TimerEvent: {}
[12.860522] (my_srv) StdoutLine: {'line': b'-- Symlinking: /home/webotpi/ros2_ws/install/my_srv/share/my_srv/cmake/ament_cmake_export_dependencies-extras.cmake\n'}
[12.878993] (my_srv) StdoutLine: {'line': b'-- Symlinking: /home/webotpi/ros2_ws/install/my_srv/share/my_srv/cmake/ament_cmake_export_include_directories-extras.cmake\n'}
[12.894829] (my_srv) StdoutLine: {'line': b'-- Symlinking: /home/webotpi/ros2_ws/install/my_srv/share/my_srv/cmake/ament_cmake_export_libraries-extras.cmake\n'}
[12.910553] (my_srv) StdoutLine: {'line': b'-- Symlinking: /home/webotpi/ros2_ws/install/my_srv/share/my_srv/cmake/ament_cmake_export_targets-extras.cmake\n'}
[12.928399] (my_srv) StdoutLine: {'line': b'-- Symlinking: /home/webotpi/ros2_ws/install/my_srv/share/my_srv/cmake/rosidl_cmake_export_typesupport_targets-extras.cmake\n'}
[12.945463] (my_srv) StdoutLine: {'line': b'-- Symlinking: /home/webotpi/ros2_ws/install/my_srv/share/my_srv/cmake/rosidl_cmake_export_typesupport_libraries-extras.cmake\n'}
[12.955774] (-) TimerEvent: {}
[12.963143] (my_srv) StdoutLine: {'line': b'-- Symlinking: /home/webotpi/ros2_ws/install/my_srv/share/my_srv/cmake/my_srvConfig.cmake\n'}
[12.978932] (my_srv) StdoutLine: {'line': b'-- Symlinking: /home/webotpi/ros2_ws/install/my_srv/share/my_srv/cmake/my_srvConfig-version.cmake\n'}
[12.995361] (my_srv) StdoutLine: {'line': b'-- Symlinking: /home/webotpi/ros2_ws/install/my_srv/share/my_srv/package.xml\n'}
[13.013903] (my_srv) StdoutLine: {'line': b'-- Installing: /home/webotpi/ros2_ws/install/my_srv/lib/libmy_srv__rosidl_generator_c.so\n'}
[13.015403] (my_srv) StdoutLine: {'line': b'-- Set non-toolchain portion of runtime path of "/home/webotpi/ros2_ws/install/my_srv/lib/libmy_srv__rosidl_generator_c.so" to ""\n'}
[13.015973] (my_srv) StdoutLine: {'line': b'-- Installing: /home/webotpi/ros2_ws/install/my_srv/lib/libmy_srv__rosidl_typesupport_fastrtps_c.so\n'}
[13.017196] (my_srv) StdoutLine: {'line': b'-- Set non-toolchain portion of runtime path of "/home/webotpi/ros2_ws/install/my_srv/lib/libmy_srv__rosidl_typesupport_fastrtps_c.so" to ""\n'}
[13.017478] (my_srv) StdoutLine: {'line': b'-- Installing: /home/webotpi/ros2_ws/install/my_srv/lib/libmy_srv__rosidl_typesupport_fastrtps_cpp.so\n'}
[13.018431] (my_srv) StdoutLine: {'line': b'-- Set non-toolchain portion of runtime path of "/home/webotpi/ros2_ws/install/my_srv/lib/libmy_srv__rosidl_typesupport_fastrtps_cpp.so" to ""\n'}
[13.018704] (my_srv) StdoutLine: {'line': b'-- Installing: /home/webotpi/ros2_ws/install/my_srv/lib/libmy_srv__rosidl_typesupport_introspection_c.so\n'}
[13.019383] (my_srv) StdoutLine: {'line': b'-- Set non-toolchain portion of runtime path of "/home/webotpi/ros2_ws/install/my_srv/lib/libmy_srv__rosidl_typesupport_introspection_c.so" to ""\n'}
[13.019680] (my_srv) StdoutLine: {'line': b'-- Installing: /home/webotpi/ros2_ws/install/my_srv/lib/libmy_srv__rosidl_typesupport_c.so\n'}
[13.020281] (my_srv) StdoutLine: {'line': b'-- Set non-toolchain portion of runtime path of "/home/webotpi/ros2_ws/install/my_srv/lib/libmy_srv__rosidl_typesupport_c.so" to ""\n'}
[13.020521] (my_srv) StdoutLine: {'line': b'-- Installing: /home/webotpi/ros2_ws/install/my_srv/lib/libmy_srv__rosidl_typesupport_introspection_cpp.so\n'}
[13.021237] (my_srv) StdoutLine: {'line': b'-- Set non-toolchain portion of runtime path of "/home/webotpi/ros2_ws/install/my_srv/lib/libmy_srv__rosidl_typesupport_introspection_cpp.so" to ""\n'}
[13.021471] (my_srv) StdoutLine: {'line': b'-- Installing: /home/webotpi/ros2_ws/install/my_srv/lib/libmy_srv__rosidl_typesupport_cpp.so\n'}
[13.022318] (my_srv) StdoutLine: {'line': b'-- Set non-toolchain portion of runtime path of "/home/webotpi/ros2_ws/install/my_srv/lib/libmy_srv__rosidl_typesupport_cpp.so" to ""\n'}
[13.055874] (-) TimerEvent: {}
[13.081896] (my_srv) StdoutLine: {'line': b"Listing '/home/webotpi/ros2_ws/install/my_srv/lib/python3.12/site-packages/my_srv'...\n"}
[13.082250] (my_srv) StdoutLine: {'line': b"Compiling '/home/webotpi/ros2_ws/install/my_srv/lib/python3.12/site-packages/my_srv/__init__.py'...\n"}
[13.082624] (my_srv) StdoutLine: {'line': b"Listing '/home/webotpi/ros2_ws/install/my_srv/lib/python3.12/site-packages/my_srv/srv'...\n"}
[13.082842] (my_srv) StdoutLine: {'line': b"Compiling '/home/webotpi/ros2_ws/install/my_srv/lib/python3.12/site-packages/my_srv/srv/__init__.py'...\n"}
[13.082993] (my_srv) StdoutLine: {'line': b"Compiling '/home/webotpi/ros2_ws/install/my_srv/lib/python3.12/site-packages/my_srv/srv/_add.py'...\n"}
[13.096709] (my_srv) StdoutLine: {'line': b'-- Installing: /home/webotpi/ros2_ws/install/my_srv/lib/libmy_srv__rosidl_generator_py.so\n'}
[13.097775] (my_srv) StdoutLine: {'line': b'-- Set non-toolchain portion of runtime path of "/home/webotpi/ros2_ws/install/my_srv/lib/libmy_srv__rosidl_generator_py.so" to ""\n'}
[13.098198] (my_srv) StdoutLine: {'line': b'-- Installing: /home/webotpi/ros2_ws/install/my_srv/share/my_srv/cmake/export_my_srv__rosidl_generator_cExport.cmake\n'}
[13.098747] (my_srv) StdoutLine: {'line': b'-- Installing: /home/webotpi/ros2_ws/install/my_srv/share/my_srv/cmake/export_my_srv__rosidl_generator_cExport-noconfig.cmake\n'}
[13.099155] (my_srv) StdoutLine: {'line': b'-- Installing: /home/webotpi/ros2_ws/install/my_srv/share/my_srv/cmake/export_my_srv__rosidl_typesupport_fastrtps_cExport.cmake\n'}
[13.100386] (my_srv) StdoutLine: {'line': b'-- Installing: /home/webotpi/ros2_ws/install/my_srv/share/my_srv/cmake/export_my_srv__rosidl_typesupport_fastrtps_cExport-noconfig.cmake\n'}
[13.100826] (my_srv) StdoutLine: {'line': b'-- Installing: /home/webotpi/ros2_ws/install/my_srv/share/my_srv/cmake/export_my_srv__rosidl_generator_cppExport.cmake\n'}
[13.101080] (my_srv) StdoutLine: {'line': b'-- Installing: /home/webotpi/ros2_ws/install/my_srv/share/my_srv/cmake/export_my_srv__rosidl_typesupport_fastrtps_cppExport.cmake\n'}
[13.101328] (my_srv) StdoutLine: {'line': b'-- Installing: /home/webotpi/ros2_ws/install/my_srv/share/my_srv/cmake/export_my_srv__rosidl_typesupport_fastrtps_cppExport-noconfig.cmake\n'}
[13.101498] (my_srv) StdoutLine: {'line': b'-- Installing: /home/webotpi/ros2_ws/install/my_srv/share/my_srv/cmake/my_srv__rosidl_typesupport_introspection_cExport.cmake\n'}
[13.101785] (my_srv) StdoutLine: {'line': b'-- Installing: /home/webotpi/ros2_ws/install/my_srv/share/my_srv/cmake/my_srv__rosidl_typesupport_introspection_cExport-noconfig.cmake\n'}
[13.102000] (my_srv) StdoutLine: {'line': b'-- Installing: /home/webotpi/ros2_ws/install/my_srv/share/my_srv/cmake/my_srv__rosidl_typesupport_cExport.cmake\n'}
[13.102241] (my_srv) StdoutLine: {'line': b'-- Installing: /home/webotpi/ros2_ws/install/my_srv/share/my_srv/cmake/my_srv__rosidl_typesupport_cExport-noconfig.cmake\n'}
[13.102466] (my_srv) StdoutLine: {'line': b'-- Installing: /home/webotpi/ros2_ws/install/my_srv/share/my_srv/cmake/my_srv__rosidl_typesupport_introspection_cppExport.cmake\n'}
[13.102732] (my_srv) StdoutLine: {'line': b'-- Installing: /home/webotpi/ros2_ws/install/my_srv/share/my_srv/cmake/my_srv__rosidl_typesupport_introspection_cppExport-noconfig.cmake\n'}
[13.102976] (my_srv) StdoutLine: {'line': b'-- Installing: /home/webotpi/ros2_ws/install/my_srv/share/my_srv/cmake/my_srv__rosidl_typesupport_cppExport.cmake\n'}
[13.103250] (my_srv) StdoutLine: {'line': b'-- Installing: /home/webotpi/ros2_ws/install/my_srv/share/my_srv/cmake/my_srv__rosidl_typesupport_cppExport-noconfig.cmake\n'}
[13.103590] (my_srv) StdoutLine: {'line': b'-- Installing: /home/webotpi/ros2_ws/install/my_srv/share/my_srv/cmake/export_my_srv__rosidl_generator_pyExport.cmake\n'}
[13.103839] (my_srv) StdoutLine: {'line': b'-- Installing: /home/webotpi/ros2_ws/install/my_srv/share/my_srv/cmake/export_my_srv__rosidl_generator_pyExport-noconfig.cmake\n'}
[13.107350] (my_srv) CommandEnded: {'returncode': 0}
[13.155960] (-) TimerEvent: {}
[13.167595] (my_srv) JobEnded: {'identifier': 'my_srv', 'rc': 0}
[13.168482] (-) EventReactorShutdown: {}
