running egg_info
creating ../../build/voice_interaction/voice_interaction.egg-info
writing ../../build/voice_interaction/voice_interaction.egg-info/PKG-INFO
writing dependency_links to ../../build/voice_interaction/voice_interaction.egg-info/dependency_links.txt
writing entry points to ../../build/voice_interaction/voice_interaction.egg-info/entry_points.txt
writing requirements to ../../build/voice_interaction/voice_interaction.egg-info/requires.txt
writing top-level names to ../../build/voice_interaction/voice_interaction.egg-info/top_level.txt
writing manifest file '../../build/voice_interaction/voice_interaction.egg-info/SOURCES.txt'
reading manifest file '../../build/voice_interaction/voice_interaction.egg-info/SOURCES.txt'
writing manifest file '../../build/voice_interaction/voice_interaction.egg-info/SOURCES.txt'
running build
running build_py
creating /home/webotpi/ros2_ws/build/voice_interaction/build
creating /home/webotpi/ros2_ws/build/voice_interaction/build/lib
creating /home/webotpi/ros2_ws/build/voice_interaction/build/lib/voice_interaction
copying voice_interaction/voice_recognition_node.py -> /home/webotpi/ros2_ws/build/voice_interaction/build/lib/voice_interaction
copying voice_interaction/voice_synthesis_node.py -> /home/webotpi/ros2_ws/build/voice_interaction/build/lib/voice_interaction
copying voice_interaction/__init__.py -> /home/webotpi/ros2_ws/build/voice_interaction/build/lib/voice_interaction
copying voice_interaction/intent_parser_node.py -> /home/webotpi/ros2_ws/build/voice_interaction/build/lib/voice_interaction
running install
running install_lib
creating /home/webotpi/ros2_ws/install/voice_interaction/lib/python3.12/site-packages/voice_interaction
copying /home/webotpi/ros2_ws/build/voice_interaction/build/lib/voice_interaction/voice_recognition_node.py -> /home/webotpi/ros2_ws/install/voice_interaction/lib/python3.12/site-packages/voice_interaction
copying /home/webotpi/ros2_ws/build/voice_interaction/build/lib/voice_interaction/voice_synthesis_node.py -> /home/webotpi/ros2_ws/install/voice_interaction/lib/python3.12/site-packages/voice_interaction
copying /home/webotpi/ros2_ws/build/voice_interaction/build/lib/voice_interaction/__init__.py -> /home/webotpi/ros2_ws/install/voice_interaction/lib/python3.12/site-packages/voice_interaction
copying /home/webotpi/ros2_ws/build/voice_interaction/build/lib/voice_interaction/intent_parser_node.py -> /home/webotpi/ros2_ws/install/voice_interaction/lib/python3.12/site-packages/voice_interaction
byte-compiling /home/webotpi/ros2_ws/install/voice_interaction/lib/python3.12/site-packages/voice_interaction/voice_recognition_node.py to voice_recognition_node.cpython-312.pyc
byte-compiling /home/webotpi/ros2_ws/install/voice_interaction/lib/python3.12/site-packages/voice_interaction/voice_synthesis_node.py to voice_synthesis_node.cpython-312.pyc
byte-compiling /home/webotpi/ros2_ws/install/voice_interaction/lib/python3.12/site-packages/voice_interaction/__init__.py to __init__.cpython-312.pyc
byte-compiling /home/webotpi/ros2_ws/install/voice_interaction/lib/python3.12/site-packages/voice_interaction/intent_parser_node.py to intent_parser_node.cpython-312.pyc
running install_data
creating /home/webotpi/ros2_ws/install/voice_interaction/share/ament_index
creating /home/webotpi/ros2_ws/install/voice_interaction/share/ament_index/resource_index
creating /home/webotpi/ros2_ws/install/voice_interaction/share/ament_index/resource_index/packages
copying resource/voice_interaction -> /home/webotpi/ros2_ws/install/voice_interaction/share/ament_index/resource_index/packages
copying package.xml -> /home/webotpi/ros2_ws/install/voice_interaction/share/voice_interaction
creating /home/webotpi/ros2_ws/install/voice_interaction/share/voice_interaction/launch
copying launch/voice_interaction_launch.py -> /home/webotpi/ros2_ws/install/voice_interaction/share/voice_interaction/launch
creating /home/webotpi/ros2_ws/install/voice_interaction/share/voice_interaction/config
copying config/voice_params.yaml -> /home/webotpi/ros2_ws/install/voice_interaction/share/voice_interaction/config
running install_egg_info
Copying ../../build/voice_interaction/voice_interaction.egg-info to /home/webotpi/ros2_ws/install/voice_interaction/lib/python3.12/site-packages/voice_interaction-0.1.0-py3.12.egg-info
running install_scripts
Installing intent_parser_node script to /home/webotpi/ros2_ws/install/voice_interaction/lib/voice_interaction
Installing voice_recognition_node script to /home/webotpi/ros2_ws/install/voice_interaction/lib/voice_interaction
Installing voice_synthesis_node script to /home/webotpi/ros2_ws/install/voice_interaction/lib/voice_interaction
writing list of installed files to '/home/webotpi/ros2_ws/build/voice_interaction/install.log'
