[1.762s] Invoking command in '/home/webotpi/ros2_ws/src/voice_interaction': PYTHONPATH=/home/webotpi/ros2_ws/build/voice_interaction/prefix_override:/usr/lib/python3/dist-packages/colcon_core/task/python/colcon_distutils_commands:/home/webotpi/ros2_ws/install/voice_interaction/lib/python3.12/site-packages:${PYTHONPATH} /usr/bin/python3 -W ignore:setup.py install is deprecated -W ignore:easy_install command is deprecated setup.py egg_info --egg-base ../../build/voice_interaction build --build-base /home/webotpi/ros2_ws/build/voice_interaction/build install --record /home/webotpi/ros2_ws/build/voice_interaction/install.log --single-version-externally-managed install_data
[2.127s] running egg_info
[2.128s] creating ../../build/voice_interaction/voice_interaction.egg-info
[2.154s] writing ../../build/voice_interaction/voice_interaction.egg-info/PKG-INFO
[2.154s] writing dependency_links to ../../build/voice_interaction/voice_interaction.egg-info/dependency_links.txt
[2.155s] writing entry points to ../../build/voice_interaction/voice_interaction.egg-info/entry_points.txt
[2.155s] writing requirements to ../../build/voice_interaction/voice_interaction.egg-info/requires.txt
[2.155s] writing top-level names to ../../build/voice_interaction/voice_interaction.egg-info/top_level.txt
[2.155s] writing manifest file '../../build/voice_interaction/voice_interaction.egg-info/SOURCES.txt'
[2.209s] reading manifest file '../../build/voice_interaction/voice_interaction.egg-info/SOURCES.txt'
[2.210s] writing manifest file '../../build/voice_interaction/voice_interaction.egg-info/SOURCES.txt'
[2.210s] running build
[2.211s] running build_py
[2.211s] creating /home/webotpi/ros2_ws/build/voice_interaction/build
[2.211s] creating /home/webotpi/ros2_ws/build/voice_interaction/build/lib
[2.212s] creating /home/webotpi/ros2_ws/build/voice_interaction/build/lib/voice_interaction
[2.213s] copying voice_interaction/voice_recognition_node.py -> /home/webotpi/ros2_ws/build/voice_interaction/build/lib/voice_interaction
[2.213s] copying voice_interaction/voice_synthesis_node.py -> /home/webotpi/ros2_ws/build/voice_interaction/build/lib/voice_interaction
[2.213s] copying voice_interaction/__init__.py -> /home/webotpi/ros2_ws/build/voice_interaction/build/lib/voice_interaction
[2.213s] copying voice_interaction/intent_parser_node.py -> /home/webotpi/ros2_ws/build/voice_interaction/build/lib/voice_interaction
[2.213s] running install
[2.221s] running install_lib
[2.248s] creating /home/webotpi/ros2_ws/install/voice_interaction/lib/python3.12/site-packages/voice_interaction
[2.248s] copying /home/webotpi/ros2_ws/build/voice_interaction/build/lib/voice_interaction/voice_recognition_node.py -> /home/webotpi/ros2_ws/install/voice_interaction/lib/python3.12/site-packages/voice_interaction
[2.248s] copying /home/webotpi/ros2_ws/build/voice_interaction/build/lib/voice_interaction/voice_synthesis_node.py -> /home/webotpi/ros2_ws/install/voice_interaction/lib/python3.12/site-packages/voice_interaction
[2.248s] copying /home/webotpi/ros2_ws/build/voice_interaction/build/lib/voice_interaction/__init__.py -> /home/webotpi/ros2_ws/install/voice_interaction/lib/python3.12/site-packages/voice_interaction
[2.249s] copying /home/webotpi/ros2_ws/build/voice_interaction/build/lib/voice_interaction/intent_parser_node.py -> /home/webotpi/ros2_ws/install/voice_interaction/lib/python3.12/site-packages/voice_interaction
[2.249s] byte-compiling /home/webotpi/ros2_ws/install/voice_interaction/lib/python3.12/site-packages/voice_interaction/voice_recognition_node.py to voice_recognition_node.cpython-312.pyc
[2.252s] byte-compiling /home/webotpi/ros2_ws/install/voice_interaction/lib/python3.12/site-packages/voice_interaction/voice_synthesis_node.py to voice_synthesis_node.cpython-312.pyc
[2.253s] byte-compiling /home/webotpi/ros2_ws/install/voice_interaction/lib/python3.12/site-packages/voice_interaction/__init__.py to __init__.cpython-312.pyc
[2.253s] byte-compiling /home/webotpi/ros2_ws/install/voice_interaction/lib/python3.12/site-packages/voice_interaction/intent_parser_node.py to intent_parser_node.cpython-312.pyc
[2.255s] running install_data
[2.255s] creating /home/webotpi/ros2_ws/install/voice_interaction/share/ament_index
[2.256s] creating /home/webotpi/ros2_ws/install/voice_interaction/share/ament_index/resource_index
[2.256s] creating /home/webotpi/ros2_ws/install/voice_interaction/share/ament_index/resource_index/packages
[2.256s] copying resource/voice_interaction -> /home/webotpi/ros2_ws/install/voice_interaction/share/ament_index/resource_index/packages
[2.256s] copying package.xml -> /home/webotpi/ros2_ws/install/voice_interaction/share/voice_interaction
[2.256s] creating /home/webotpi/ros2_ws/install/voice_interaction/share/voice_interaction/launch
[2.256s] copying launch/voice_interaction_launch.py -> /home/webotpi/ros2_ws/install/voice_interaction/share/voice_interaction/launch
[2.256s] creating /home/webotpi/ros2_ws/install/voice_interaction/share/voice_interaction/config
[2.256s] copying config/voice_params.yaml -> /home/webotpi/ros2_ws/install/voice_interaction/share/voice_interaction/config
[2.257s] running install_egg_info
[2.286s] Copying ../../build/voice_interaction/voice_interaction.egg-info to /home/webotpi/ros2_ws/install/voice_interaction/lib/python3.12/site-packages/voice_interaction-0.1.0-py3.12.egg-info
[2.287s] running install_scripts
[2.473s] Installing intent_parser_node script to /home/webotpi/ros2_ws/install/voice_interaction/lib/voice_interaction
[2.474s] Installing voice_recognition_node script to /home/webotpi/ros2_ws/install/voice_interaction/lib/voice_interaction
[2.474s] Installing voice_synthesis_node script to /home/webotpi/ros2_ws/install/voice_interaction/lib/voice_interaction
[2.474s] writing list of installed files to '/home/webotpi/ros2_ws/build/voice_interaction/install.log'
[2.551s] Invoked command in '/home/webotpi/ros2_ws/src/voice_interaction' returned '0': PYTHONPATH=/home/webotpi/ros2_ws/build/voice_interaction/prefix_override:/usr/lib/python3/dist-packages/colcon_core/task/python/colcon_distutils_commands:/home/webotpi/ros2_ws/install/voice_interaction/lib/python3.12/site-packages:${PYTHONPATH} /usr/bin/python3 -W ignore:setup.py install is deprecated -W ignore:easy_install command is deprecated setup.py egg_info --egg-base ../../build/voice_interaction build --build-base /home/webotpi/ros2_ws/build/voice_interaction/build install --record /home/webotpi/ros2_ws/build/voice_interaction/install.log --single-version-externally-managed install_data
