[0.011s] Invoking command in '/home/webotpi/ros2_ws/build/my_srv': CMAKE_PREFIX_PATH=${CMAKE_PREFIX_PATH}:/opt/ros/jazzy /usr/bin/cmake --build /home/webotpi/ros2_ws/build/my_srv -- -j4 -l4
[0.101s] [  5%] Built target my_srv__rosidl_generator_type_description
[0.101s] [  5%] Built target my_srv__rs
[0.120s] [  5%] Built target ament_cmake_python_symlink_my_srv
[0.138s] [  8%] Built target my_srv__cpp
[0.140s] [ 22%] Built target my_srv__rosidl_generator_c
[0.183s] [ 31%] Built target my_srv__rosidl_typesupport_introspection_c
[0.194s] [ 48%] Built target my_srv__rosidl_typesupport_fastrtps_c
[0.194s] [ 48%] Built target my_srv__rosidl_typesupport_fastrtps_cpp
[0.231s] [ 57%] Built target my_srv__rosidl_typesupport_c
[0.237s] [ 74%] Built target my_srv__rosidl_typesupport_cpp
[0.237s] [ 74%] Built target my_srv__rosidl_typesupport_introspection_cpp
[0.271s] [ 74%] Built target my_srv
[0.306s] [ 77%] Built target my_srv__py
[0.343s] [ 82%] Built target my_srv__rosidl_generator_py
[0.385s] [100%] Built target my_srv_s__rosidl_typesupport_introspection_c
[0.385s] [100%] Built target my_srv_s__rosidl_typesupport_c
[0.385s] [100%] Built target my_srv_s__rosidl_typesupport_fastrtps_c
[0.474s] running egg_info
[0.501s] writing my_srv.egg-info/PKG-INFO
[0.501s] writing dependency_links to my_srv.egg-info/dependency_links.txt
[0.504s] writing top-level names to my_srv.egg-info/top_level.txt
[0.584s] reading manifest file 'my_srv.egg-info/SOURCES.txt'
[0.585s] writing manifest file 'my_srv.egg-info/SOURCES.txt'
[0.650s] [100%] Built target ament_cmake_python_build_my_srv_egg
[0.671s] Invoked command in '/home/webotpi/ros2_ws/build/my_srv' returned '0': CMAKE_PREFIX_PATH=${CMAKE_PREFIX_PATH}:/opt/ros/jazzy /usr/bin/cmake --build /home/webotpi/ros2_ws/build/my_srv -- -j4 -l4
[0.688s] Invoking command in '/home/webotpi/ros2_ws/build/my_srv': CMAKE_PREFIX_PATH=${CMAKE_PREFIX_PATH}:/opt/ros/jazzy /usr/bin/cmake --install /home/webotpi/ros2_ws/build/my_srv
[0.701s] -- Install configuration: ""
[0.702s] -- Execute custom install script
[0.702s] -- Up-to-date symlink: /home/webotpi/ros2_ws/install/my_srv/share/ament_index/resource_index/rosidl_interfaces/my_srv
[0.703s] -- Up-to-date symlink: /home/webotpi/ros2_ws/install/my_srv/share/my_srv/srv/Add.json
[0.703s] -- Up-to-date symlink: /home/webotpi/ros2_ws/install/my_srv/include/my_srv/my_srv/msg/rosidl_generator_c__visibility_control.h
[0.703s] -- Up-to-date symlink: /home/webotpi/ros2_ws/install/my_srv/include/my_srv/my_srv/srv/add.h
[0.704s] -- Up-to-date symlink: /home/webotpi/ros2_ws/install/my_srv/include/my_srv/my_srv/srv/detail/add__functions.h
[0.704s] -- Up-to-date symlink: /home/webotpi/ros2_ws/install/my_srv/include/my_srv/my_srv/srv/detail/add__struct.h
[0.704s] -- Up-to-date symlink: /home/webotpi/ros2_ws/install/my_srv/include/my_srv/my_srv/srv/detail/add__type_support.h
[0.704s] -- Up-to-date symlink: /home/webotpi/ros2_ws/install/my_srv/share/my_srv/environment/library_path.sh
[0.704s] -- Up-to-date symlink: /home/webotpi/ros2_ws/install/my_srv/share/my_srv/environment/library_path.dsv
[0.705s] -- Up-to-date symlink: /home/webotpi/ros2_ws/install/my_srv/include/my_srv/my_srv/msg/rosidl_typesupport_fastrtps_c__visibility_control.h
[0.705s] -- Up-to-date symlink: /home/webotpi/ros2_ws/install/my_srv/include/my_srv/my_srv/srv/detail/add__rosidl_typesupport_fastrtps_c.h
[0.706s] -- Up-to-date symlink: /home/webotpi/ros2_ws/install/my_srv/include/my_srv/my_srv/msg/rosidl_generator_cpp__visibility_control.hpp
[0.706s] -- Up-to-date symlink: /home/webotpi/ros2_ws/install/my_srv/include/my_srv/my_srv/srv/add.hpp
[0.706s] -- Up-to-date symlink: /home/webotpi/ros2_ws/install/my_srv/include/my_srv/my_srv/srv/detail/add__builder.hpp
[0.706s] -- Up-to-date symlink: /home/webotpi/ros2_ws/install/my_srv/include/my_srv/my_srv/srv/detail/add__struct.hpp
[0.706s] -- Up-to-date symlink: /home/webotpi/ros2_ws/install/my_srv/include/my_srv/my_srv/srv/detail/add__traits.hpp
[0.707s] -- Up-to-date symlink: /home/webotpi/ros2_ws/install/my_srv/include/my_srv/my_srv/srv/detail/add__type_support.hpp
[0.707s] -- Up-to-date symlink: /home/webotpi/ros2_ws/install/my_srv/include/my_srv/my_srv/msg/rosidl_typesupport_fastrtps_cpp__visibility_control.h
[0.707s] -- Up-to-date symlink: /home/webotpi/ros2_ws/install/my_srv/include/my_srv/my_srv/srv/detail/add__rosidl_typesupport_fastrtps_cpp.hpp
[0.708s] -- Up-to-date symlink: /home/webotpi/ros2_ws/install/my_srv/include/my_srv/my_srv/msg/rosidl_typesupport_introspection_c__visibility_control.h
[0.708s] -- Up-to-date symlink: /home/webotpi/ros2_ws/install/my_srv/include/my_srv/my_srv/srv/detail/add__rosidl_typesupport_introspection_c.h
[0.708s] -- Up-to-date symlink: /home/webotpi/ros2_ws/install/my_srv/include/my_srv/my_srv/srv/detail/add__rosidl_typesupport_introspection_cpp.hpp
[0.708s] -- Up-to-date symlink: /home/webotpi/ros2_ws/install/my_srv/share/my_srv/environment/pythonpath.sh
[0.709s] -- Up-to-date symlink: /home/webotpi/ros2_ws/install/my_srv/share/my_srv/environment/pythonpath.dsv
[0.709s] -- Up-to-date symlink: /home/webotpi/ros2_ws/install/my_srv/lib/python3.12/site-packages/my_srv-0.0.0-py3.12.egg-info/PKG-INFO
[0.709s] -- Up-to-date symlink: /home/webotpi/ros2_ws/install/my_srv/lib/python3.12/site-packages/my_srv-0.0.0-py3.12.egg-info/SOURCES.txt
[0.709s] -- Up-to-date symlink: /home/webotpi/ros2_ws/install/my_srv/lib/python3.12/site-packages/my_srv-0.0.0-py3.12.egg-info/dependency_links.txt
[0.709s] -- Up-to-date symlink: /home/webotpi/ros2_ws/install/my_srv/lib/python3.12/site-packages/my_srv-0.0.0-py3.12.egg-info/top_level.txt
[0.710s] -- Up-to-date symlink: /home/webotpi/ros2_ws/install/my_srv/lib/python3.12/site-packages/my_srv/__init__.py
[0.710s] -- Up-to-date symlink: /home/webotpi/ros2_ws/install/my_srv/lib/python3.12/site-packages/my_srv/_my_srv_s.ep.rosidl_typesupport_c.c
[0.710s] -- Up-to-date symlink: /home/webotpi/ros2_ws/install/my_srv/lib/python3.12/site-packages/my_srv/_my_srv_s.ep.rosidl_typesupport_fastrtps_c.c
[0.710s] -- Up-to-date symlink: /home/webotpi/ros2_ws/install/my_srv/lib/python3.12/site-packages/my_srv/_my_srv_s.ep.rosidl_typesupport_introspection_c.c
[0.711s] -- Up-to-date symlink: /home/webotpi/ros2_ws/install/my_srv/lib/python3.12/site-packages/my_srv/my_srv_s__rosidl_typesupport_c.so
[0.711s] -- Up-to-date symlink: /home/webotpi/ros2_ws/install/my_srv/lib/python3.12/site-packages/my_srv/my_srv_s__rosidl_typesupport_fastrtps_c.so
[0.711s] -- Up-to-date symlink: /home/webotpi/ros2_ws/install/my_srv/lib/python3.12/site-packages/my_srv/my_srv_s__rosidl_typesupport_introspection_c.so
[0.711s] -- Up-to-date symlink: /home/webotpi/ros2_ws/install/my_srv/lib/python3.12/site-packages/my_srv/srv/__init__.py
[0.711s] -- Up-to-date symlink: /home/webotpi/ros2_ws/install/my_srv/lib/python3.12/site-packages/my_srv/srv/_add.py
[0.711s] -- Up-to-date symlink: /home/webotpi/ros2_ws/install/my_srv/lib/python3.12/site-packages/my_srv/srv/_add_s.c
[0.712s] -- Up-to-date symlink: /home/webotpi/ros2_ws/install/my_srv/lib/python3.12/site-packages/my_srv/my_srv_s__rosidl_typesupport_fastrtps_c.so
[0.712s] -- Up-to-date symlink: /home/webotpi/ros2_ws/install/my_srv/lib/python3.12/site-packages/my_srv/my_srv_s__rosidl_typesupport_introspection_c.so
[0.712s] -- Up-to-date symlink: /home/webotpi/ros2_ws/install/my_srv/lib/python3.12/site-packages/my_srv/my_srv_s__rosidl_typesupport_c.so
[0.712s] -- Up-to-date symlink: /home/webotpi/ros2_ws/install/my_srv/share/ament_index/resource_index/rust_packages/my_srv
[0.713s] -- Up-to-date symlink: /home/webotpi/ros2_ws/install/my_srv/share/my_srv/rust/Cargo.toml
[0.713s] -- Up-to-date symlink: /home/webotpi/ros2_ws/install/my_srv/share/my_srv/rust/build.rs
[0.713s] -- Up-to-date symlink: /home/webotpi/ros2_ws/install/my_srv/share/my_srv/rust/src/lib.rs
[0.713s] -- Up-to-date symlink: /home/webotpi/ros2_ws/install/my_srv/share/my_srv/rust/src/srv.rs
[0.713s] -- Up-to-date symlink: /home/webotpi/ros2_ws/install/my_srv/share/my_srv/rust/src/srv/rmw.rs
[0.713s] -- Up-to-date symlink: /home/webotpi/ros2_ws/install/my_srv/share/my_srv/srv/Add.idl
[0.714s] -- Up-to-date symlink: /home/webotpi/ros2_ws/install/my_srv/share/my_srv/srv/Add.srv
[0.714s] -- Up-to-date symlink: /home/webotpi/ros2_ws/install/my_srv/lib/my_srv/arm_fk.py
[0.714s] -- Up-to-date symlink: /home/webotpi/ros2_ws/install/my_srv/lib/my_srv/arm_rviz_bridge.py
[0.714s] -- Up-to-date symlink: /home/webotpi/ros2_ws/install/my_srv/lib/my_srv/arm_teach.py
[0.714s] -- Up-to-date symlink: /home/webotpi/ros2_ws/install/my_srv/lib/my_srv/asr_node.py
[0.714s] -- Up-to-date symlink: /home/webotpi/ros2_ws/install/my_srv/lib/my_srv/color_set_node.py
[0.715s] -- Up-to-date symlink: /home/webotpi/ros2_ws/install/my_srv/lib/my_srv/color_sorting_node.py
[0.715s] -- Up-to-date symlink: /home/webotpi/ros2_ws/install/my_srv/lib/my_srv/color_stack_node.py
[0.715s] -- Up-to-date symlink: /home/webotpi/ros2_ws/install/my_srv/lib/my_srv/color_track_node.py
[0.715s] -- Up-to-date symlink: /home/webotpi/ros2_ws/install/my_srv/lib/my_srv/depth_arm.launch.py
[0.715s] -- Up-to-date symlink: /home/webotpi/ros2_ws/install/my_srv/lib/my_srv/depth_color_sorting_node.py
[0.715s] -- Up-to-date symlink: /home/webotpi/ros2_ws/install/my_srv/lib/my_srv/depth_color_stack_node.py
[0.715s] -- Up-to-date symlink: /home/webotpi/ros2_ws/install/my_srv/lib/my_srv/depth_color_track_node.py
[0.715s] -- Up-to-date symlink: /home/webotpi/ros2_ws/install/my_srv/lib/my_srv/depth_distance_node.py
[0.716s] -- Up-to-date symlink: /home/webotpi/ros2_ws/install/my_srv/lib/my_srv/depth_label_sorting_node.py
[0.716s] -- Up-to-date symlink: /home/webotpi/ros2_ws/install/my_srv/lib/my_srv/depth_label_stack_node.py
[0.716s] -- Up-to-date symlink: /home/webotpi/ros2_ws/install/my_srv/lib/my_srv/depth_label_track_node.py
[0.716s] -- Up-to-date symlink: /home/webotpi/ros2_ws/install/my_srv/lib/my_srv/depth_num_sorting_node.py
[0.716s] -- Up-to-date symlink: /home/webotpi/ros2_ws/install/my_srv/lib/my_srv/depth_num_stack_node.py
[0.716s] -- Up-to-date symlink: /home/webotpi/ros2_ws/install/my_srv/lib/my_srv/depth_num_track_node.py
[0.716s] -- Up-to-date symlink: /home/webotpi/ros2_ws/install/my_srv/lib/my_srv/depth_utils.py
[0.716s] -- Up-to-date symlink: /home/webotpi/ros2_ws/install/my_srv/lib/my_srv/diagnose_hand_eye.py
[0.716s] -- Up-to-date symlink: /home/webotpi/ros2_ws/install/my_srv/lib/my_srv/eye_in_hand_calib_node.py
[0.717s] -- Up-to-date symlink: /home/webotpi/ros2_ws/install/my_srv/lib/my_srv/face_track_node.py
[0.717s] -- Up-to-date symlink: /home/webotpi/ros2_ws/install/my_srv/lib/my_srv/glove_node.py
[0.717s] -- Up-to-date symlink: /home/webotpi/ros2_ws/install/my_srv/lib/my_srv/hand_gesture_arm_node.py
[0.717s] -- Up-to-date symlink: /home/webotpi/ros2_ws/install/my_srv/lib/my_srv/joy_arm_node.py
[0.717s] -- Up-to-date symlink: /home/webotpi/ros2_ws/install/my_srv/lib/my_srv/lab_tuner.py
[0.717s] -- Up-to-date symlink: /home/webotpi/ros2_ws/install/my_srv/lib/my_srv/label_sorting_node.py
[0.717s] -- Up-to-date symlink: /home/webotpi/ros2_ws/install/my_srv/lib/my_srv/label_stack_node.py
[0.717s] -- Up-to-date symlink: /home/webotpi/ros2_ws/install/my_srv/lib/my_srv/label_track_node.py
[0.718s] -- Up-to-date symlink: /home/webotpi/ros2_ws/install/my_srv/lib/my_srv/num_sorting_node.py
[0.718s] -- Up-to-date symlink: /home/webotpi/ros2_ws/install/my_srv/lib/my_srv/num_stack_node.py
[0.718s] -- Up-to-date symlink: /home/webotpi/ros2_ws/install/my_srv/lib/my_srv/num_track_node.py
[0.718s] -- Up-to-date symlink: /home/webotpi/ros2_ws/install/my_srv/lib/my_srv/servo_node.py
[0.718s] -- Up-to-date symlink: /home/webotpi/ros2_ws/install/my_srv/lib/my_srv/test.py
[0.718s] -- Up-to-date symlink: /home/webotpi/ros2_ws/install/my_srv/lib/my_srv/z_move.py
[0.718s] -- Up-to-date symlink: /home/webotpi/ros2_ws/install/my_srv/lib/my_srv/z_uart.py
[0.719s] -- Up-to-date symlink: /home/webotpi/ros2_ws/install/my_srv/share/my_srv/launch/depth_arm.launch.py
[0.719s] -- Up-to-date symlink: /home/webotpi/ros2_ws/install/my_srv/share/my_srv/launch/function.launch.py
[0.719s] -- Up-to-date symlink: /home/webotpi/ros2_ws/install/my_srv/share/my_srv/launch/slave.launch.py
[0.719s] -- Up-to-date symlink: /home/webotpi/ros2_ws/install/my_srv/share/my_srv/web/index.html
[0.719s] -- Up-to-date symlink: /home/webotpi/ros2_ws/install/my_srv/share/ament_index/resource_index/package_run_dependencies/my_srv
[0.720s] -- Up-to-date symlink: /home/webotpi/ros2_ws/install/my_srv/share/ament_index/resource_index/parent_prefix_path/my_srv
[0.720s] -- Up-to-date symlink: /home/webotpi/ros2_ws/install/my_srv/share/my_srv/environment/ament_prefix_path.sh
[0.720s] -- Up-to-date symlink: /home/webotpi/ros2_ws/install/my_srv/share/my_srv/environment/ament_prefix_path.dsv
[0.720s] -- Up-to-date symlink: /home/webotpi/ros2_ws/install/my_srv/share/my_srv/environment/path.sh
[0.720s] -- Up-to-date symlink: /home/webotpi/ros2_ws/install/my_srv/share/my_srv/environment/path.dsv
[0.720s] -- Up-to-date symlink: /home/webotpi/ros2_ws/install/my_srv/share/my_srv/local_setup.bash
[0.721s] -- Up-to-date symlink: /home/webotpi/ros2_ws/install/my_srv/share/my_srv/local_setup.sh
[0.721s] -- Up-to-date symlink: /home/webotpi/ros2_ws/install/my_srv/share/my_srv/local_setup.zsh
[0.721s] -- Up-to-date symlink: /home/webotpi/ros2_ws/install/my_srv/share/my_srv/local_setup.dsv
[0.721s] -- Symlinking: /home/webotpi/ros2_ws/install/my_srv/share/my_srv/package.dsv
[0.738s] -- Up-to-date symlink: /home/webotpi/ros2_ws/install/my_srv/share/ament_index/resource_index/packages/my_srv
[0.738s] -- Up-to-date symlink: /home/webotpi/ros2_ws/install/my_srv/share/my_srv/cmake/rosidl_cmake-extras.cmake
[0.738s] -- Up-to-date symlink: /home/webotpi/ros2_ws/install/my_srv/share/my_srv/cmake/ament_cmake_export_dependencies-extras.cmake
[0.739s] -- Up-to-date symlink: /home/webotpi/ros2_ws/install/my_srv/share/my_srv/cmake/ament_cmake_export_include_directories-extras.cmake
[0.739s] -- Up-to-date symlink: /home/webotpi/ros2_ws/install/my_srv/share/my_srv/cmake/ament_cmake_export_libraries-extras.cmake
[0.739s] -- Up-to-date symlink: /home/webotpi/ros2_ws/install/my_srv/share/my_srv/cmake/ament_cmake_export_targets-extras.cmake
[0.739s] -- Up-to-date symlink: /home/webotpi/ros2_ws/install/my_srv/share/my_srv/cmake/rosidl_cmake_export_typesupport_targets-extras.cmake
[0.739s] -- Up-to-date symlink: /home/webotpi/ros2_ws/install/my_srv/share/my_srv/cmake/rosidl_cmake_export_typesupport_libraries-extras.cmake
[0.740s] -- Up-to-date symlink: /home/webotpi/ros2_ws/install/my_srv/share/my_srv/cmake/my_srvConfig.cmake
[0.740s] -- Up-to-date symlink: /home/webotpi/ros2_ws/install/my_srv/share/my_srv/cmake/my_srvConfig-version.cmake
[0.740s] -- Up-to-date symlink: /home/webotpi/ros2_ws/install/my_srv/share/my_srv/package.xml
[0.740s] -- Up-to-date: /home/webotpi/ros2_ws/install/my_srv/lib/libmy_srv__rosidl_generator_c.so
[0.741s] -- Up-to-date: /home/webotpi/ros2_ws/install/my_srv/lib/libmy_srv__rosidl_typesupport_fastrtps_c.so
[0.741s] -- Up-to-date: /home/webotpi/ros2_ws/install/my_srv/lib/libmy_srv__rosidl_typesupport_fastrtps_cpp.so
[0.742s] -- Up-to-date: /home/webotpi/ros2_ws/install/my_srv/lib/libmy_srv__rosidl_typesupport_introspection_c.so
[0.742s] -- Up-to-date: /home/webotpi/ros2_ws/install/my_srv/lib/libmy_srv__rosidl_typesupport_c.so
[0.742s] -- Up-to-date: /home/webotpi/ros2_ws/install/my_srv/lib/libmy_srv__rosidl_typesupport_introspection_cpp.so
[0.743s] -- Up-to-date: /home/webotpi/ros2_ws/install/my_srv/lib/libmy_srv__rosidl_typesupport_cpp.so
[0.793s] Listing '/home/webotpi/ros2_ws/install/my_srv/lib/python3.12/site-packages/my_srv'...
[0.793s] Listing '/home/webotpi/ros2_ws/install/my_srv/lib/python3.12/site-packages/my_srv/srv'...
[0.804s] -- Up-to-date: /home/webotpi/ros2_ws/install/my_srv/lib/libmy_srv__rosidl_generator_py.so
[0.805s] -- Up-to-date: /home/webotpi/ros2_ws/install/my_srv/share/my_srv/cmake/export_my_srv__rosidl_generator_cExport.cmake
[0.805s] -- Up-to-date: /home/webotpi/ros2_ws/install/my_srv/share/my_srv/cmake/export_my_srv__rosidl_generator_cExport-noconfig.cmake
[0.805s] -- Up-to-date: /home/webotpi/ros2_ws/install/my_srv/share/my_srv/cmake/export_my_srv__rosidl_typesupport_fastrtps_cExport.cmake
[0.805s] -- Up-to-date: /home/webotpi/ros2_ws/install/my_srv/share/my_srv/cmake/export_my_srv__rosidl_typesupport_fastrtps_cExport-noconfig.cmake
[0.805s] -- Up-to-date: /home/webotpi/ros2_ws/install/my_srv/share/my_srv/cmake/export_my_srv__rosidl_generator_cppExport.cmake
[0.805s] -- Up-to-date: /home/webotpi/ros2_ws/install/my_srv/share/my_srv/cmake/export_my_srv__rosidl_typesupport_fastrtps_cppExport.cmake
[0.805s] -- Up-to-date: /home/webotpi/ros2_ws/install/my_srv/share/my_srv/cmake/export_my_srv__rosidl_typesupport_fastrtps_cppExport-noconfig.cmake
[0.805s] -- Up-to-date: /home/webotpi/ros2_ws/install/my_srv/share/my_srv/cmake/my_srv__rosidl_typesupport_introspection_cExport.cmake
[0.805s] -- Up-to-date: /home/webotpi/ros2_ws/install/my_srv/share/my_srv/cmake/my_srv__rosidl_typesupport_introspection_cExport-noconfig.cmake
[0.806s] -- Up-to-date: /home/webotpi/ros2_ws/install/my_srv/share/my_srv/cmake/my_srv__rosidl_typesupport_cExport.cmake
[0.806s] -- Up-to-date: /home/webotpi/ros2_ws/install/my_srv/share/my_srv/cmake/my_srv__rosidl_typesupport_cExport-noconfig.cmake
[0.806s] -- Up-to-date: /home/webotpi/ros2_ws/install/my_srv/share/my_srv/cmake/my_srv__rosidl_typesupport_introspection_cppExport.cmake
[0.806s] -- Up-to-date: /home/webotpi/ros2_ws/install/my_srv/share/my_srv/cmake/my_srv__rosidl_typesupport_introspection_cppExport-noconfig.cmake
[0.806s] -- Up-to-date: /home/webotpi/ros2_ws/install/my_srv/share/my_srv/cmake/my_srv__rosidl_typesupport_cppExport.cmake
[0.806s] -- Up-to-date: /home/webotpi/ros2_ws/install/my_srv/share/my_srv/cmake/my_srv__rosidl_typesupport_cppExport-noconfig.cmake
[0.806s] -- Up-to-date: /home/webotpi/ros2_ws/install/my_srv/share/my_srv/cmake/export_my_srv__rosidl_generator_pyExport.cmake
[0.806s] -- Up-to-date: /home/webotpi/ros2_ws/install/my_srv/share/my_srv/cmake/export_my_srv__rosidl_generator_pyExport-noconfig.cmake
[0.809s] Invoked command in '/home/webotpi/ros2_ws/build/my_srv' returned '0': CMAKE_PREFIX_PATH=${CMAKE_PREFIX_PATH}:/opt/ros/jazzy /usr/bin/cmake --install /home/webotpi/ros2_ws/build/my_srv
