[1.769s] Invoking command in '/home/webotpi/ros2_ws/src/voice_interaction': PYTHONPATH=/home/webotpi/ros2_ws/build/voice_interaction/prefix_override:/usr/lib/python3/dist-packages/colcon_core/task/python/colcon_distutils_commands:/home/webotpi/ros2_ws/install/voice_interaction/lib/python3.12/site-packages:${PYTHONPATH} /usr/bin/python3 -W ignore:setup.py install is deprecated -W ignore:easy_install command is deprecated setup.py egg_info --egg-base ../../build/voice_interaction build --build-base /home/webotpi/ros2_ws/build/voice_interaction/build install --record /home/webotpi/ros2_ws/build/voice_interaction/install.log --single-version-externally-managed install_data
[2.129s] running egg_info
[2.156s] writing ../../build/voice_interaction/voice_interaction.egg-info/PKG-INFO
[2.156s] writing dependency_links to ../../build/voice_interaction/voice_interaction.egg-info/dependency_links.txt
[2.160s] writing entry points to ../../build/voice_interaction/voice_interaction.egg-info/entry_points.txt
[2.161s] writing requirements to ../../build/voice_interaction/voice_interaction.egg-info/requires.txt
[2.161s] writing top-level names to ../../build/voice_interaction/voice_interaction.egg-info/top_level.txt
[2.218s] reading manifest file '../../build/voice_interaction/voice_interaction.egg-info/SOURCES.txt'
[2.222s] writing manifest file '../../build/voice_interaction/voice_interaction.egg-info/SOURCES.txt'
[2.222s] running build
[2.223s] running build_py
[2.223s] copying voice_interaction/intent_parser_node.py -> /home/webotpi/ros2_ws/build/voice_interaction/build/lib/voice_interaction
[2.223s] running install
[2.233s] running install_lib
[2.260s] copying /home/webotpi/ros2_ws/build/voice_interaction/build/lib/voice_interaction/intent_parser_node.py -> /home/webotpi/ros2_ws/install/voice_interaction/lib/python3.12/site-packages/voice_interaction
[2.261s] byte-compiling /home/webotpi/ros2_ws/install/voice_interaction/lib/python3.12/site-packages/voice_interaction/intent_parser_node.py to intent_parser_node.cpython-312.pyc
[2.264s] running install_data
[2.264s] copying config/voice_params.yaml -> /home/webotpi/ros2_ws/install/voice_interaction/share/voice_interaction/config
[2.264s] running install_egg_info
[2.293s] removing '/home/webotpi/ros2_ws/install/voice_interaction/lib/python3.12/site-packages/voice_interaction-0.1.0-py3.12.egg-info' (and everything under it)
[2.293s] Copying ../../build/voice_interaction/voice_interaction.egg-info to /home/webotpi/ros2_ws/install/voice_interaction/lib/python3.12/site-packages/voice_interaction-0.1.0-py3.12.egg-info
[2.297s] running install_scripts
[2.478s] Installing intent_parser_node script to /home/webotpi/ros2_ws/install/voice_interaction/lib/voice_interaction
[2.479s] Installing voice_recognition_node script to /home/webotpi/ros2_ws/install/voice_interaction/lib/voice_interaction
[2.481s] Installing voice_synthesis_node script to /home/webotpi/ros2_ws/install/voice_interaction/lib/voice_interaction
[2.483s] writing list of installed files to '/home/webotpi/ros2_ws/build/voice_interaction/install.log'
[2.562s] Invoked command in '/home/webotpi/ros2_ws/src/voice_interaction' returned '0': PYTHONPATH=/home/webotpi/ros2_ws/build/voice_interaction/prefix_override:/usr/lib/python3/dist-packages/colcon_core/task/python/colcon_distutils_commands:/home/webotpi/ros2_ws/install/voice_interaction/lib/python3.12/site-packages:${PYTHONPATH} /usr/bin/python3 -W ignore:setup.py install is deprecated -W ignore:easy_install command is deprecated setup.py egg_info --egg-base ../../build/voice_interaction build --build-base /home/webotpi/ros2_ws/build/voice_interaction/build install --record /home/webotpi/ros2_ws/build/voice_interaction/install.log --single-version-externally-managed install_data
