[0.000000] (-) TimerEvent: {}
[0.000137] (-) JobUnselected: {'identifier': 'my_launch_pkg'}
[0.000294] (-) JobUnselected: {'identifier': 'my_srv'}
[0.000317] (-) JobUnselected: {'identifier': 'py_pkg'}
[0.000386] (-) JobUnselected: {'identifier': 'rplidar_ros'}
[0.000585] (-) JobUnselected: {'identifier': 'voice_interaction'}
[0.000610] (deptrum-ros-driver-aurora930) JobQueued: {'identifier': 'deptrum-ros-driver-aurora930', 'dependencies': OrderedDict()}
[0.000755] (deptrum-ros-driver-aurora930) JobStarted: {'identifier': 'deptrum-ros-driver-aurora930'}
[0.009945] (deptrum-ros-driver-aurora930) JobProgress: {'identifier': 'deptrum-ros-driver-aurora930', 'progress': 'cmake'}
[0.011054] (deptrum-ros-driver-aurora930) Command: {'cmd': ['/usr/bin/cmake', '/home/webotpi/ros2_ws/src/deptrum-ros-driver', '-DAMENT_CMAKE_SYMLINK_INSTALL=1', '-DCMAKE_INSTALL_PREFIX=/home/webotpi/ros2_ws/install/deptrum-ros-driver-aurora930'], 'cwd': '/home/webotpi/ros2_ws/build/deptrum-ros-driver-aurora930', 'env': OrderedDict({'LANGUAGE': 'zh_CN:en', 'USER': 'webotpi', 'SSH_CLIENT': '192.168.0.111 42524 22', 'LC_TIME': 'zh_CN.UTF-8', 'XDG_SESSION_TYPE': 'tty', 'SHLVL': '1', 'LD_LIBRARY_PATH': '/opt/ros/jazzy/opt/rviz_ogre_vendor/lib:/opt/ros/jazzy/lib/aarch64-linux-gnu:/opt/ros/jazzy/opt/gz_math_vendor/lib:/opt/ros/jazzy/opt/gz_utils_vendor/lib:/opt/ros/jazzy/opt/gz_cmake_vendor/lib:/opt/ros/jazzy/lib', 'HOME': '/home/webotpi', 'OLDPWD': '/home/webotpi', 'ROS_PYTHON_VERSION': '3', 'LC_MONETARY': 'zh_CN.UTF-8', 'DBUS_SESSION_BUS_ADDRESS': 'unix:path=/run/user/1000/bus', 'ROS_DISTRO': 'jazzy', 'LOGNAME': 'webotpi', '_': '/usr/bin/colcon', 'ROS_VERSION': '2', 'XDG_SESSION_CLASS': 'user', 'XDG_SESSION_ID': '176', 'PATH': '/opt/ros/jazzy/bin:/usr/local/sbin:/usr/local/bin:/usr/sbin:/usr/bin:/sbin:/bin:/usr/games:/usr/local/games:/snap/bin', 'PAPERSIZE': 'a4', 'LC_ADDRESS': 'zh_CN.UTF-8', 'XDG_RUNTIME_DIR': '/run/user/1000', 'LANG': 'zh_CN.UTF-8', 'LC_TELEPHONE': 'zh_CN.UTF-8', 'AMENT_PREFIX_PATH': '/opt/ros/jazzy', 'SHELL': '/bin/bash', 'LC_NAME': 'zh_CN.UTF-8', 'LC_MEASUREMENT': 'zh_CN.UTF-8', 'LC_IDENTIFICATION': 'zh_CN.UTF-8', 'ROS_AUTOMATIC_DISCOVERY_RANGE': 'SUBNET', 'PWD': '/home/webotpi/ros2_ws/build/deptrum-ros-driver-aurora930', 'SSH_CONNECTION': '192.168.0.111 42524 192.168.0.119 22', 'PYTHONPATH': '/opt/ros/jazzy/lib/python3.12/site-packages', 'LC_NUMERIC': 'zh_CN.UTF-8', 'LC_PAPER': 'zh_CN.UTF-8', 'COLCON': '1', 'CMAKE_PREFIX_PATH': '/opt/ros/jazzy/opt/gz_math_vendor:/opt/ros/jazzy/opt/gz_utils_vendor:/opt/ros/jazzy/opt/gz_cmake_vendor:/opt/ros/jazzy'}), 'shell': False}
[0.034814] (deptrum-ros-driver-aurora930) StdoutLine: {'line': b'-- Found ament_cmake: 2.5.6 (/opt/ros/jazzy/share/ament_cmake/cmake)\n'}
[0.099669] (-) TimerEvent: {}
[0.199882] (-) TimerEvent: {}
[0.300074] (-) TimerEvent: {}
[0.380880] (deptrum-ros-driver-aurora930) StdoutLine: {'line': b'-- Override CMake install command with custom implementation using symlinks instead of copying resources\n'}
[0.391052] (deptrum-ros-driver-aurora930) StdoutLine: {'line': b'-- Found rclcpp: 28.1.18 (/opt/ros/jazzy/share/rclcpp/cmake)\n'}
[0.400193] (-) TimerEvent: {}
[0.427080] (deptrum-ros-driver-aurora930) StdoutLine: {'line': b'-- Found rosidl_generator_c: 4.6.7 (/opt/ros/jazzy/share/rosidl_generator_c/cmake)\n'}
[0.441251] (deptrum-ros-driver-aurora930) StdoutLine: {'line': b'-- Found rosidl_generator_cpp: 4.6.7 (/opt/ros/jazzy/share/rosidl_generator_cpp/cmake)\n'}
[0.458213] (deptrum-ros-driver-aurora930) StdoutLine: {'line': b'-- Using all available rosidl_typesupport_c: rosidl_typesupport_fastrtps_c;rosidl_typesupport_introspection_c\n'}
[0.477240] (deptrum-ros-driver-aurora930) StdoutLine: {'line': b'-- Using all available rosidl_typesupport_cpp: rosidl_typesupport_fastrtps_cpp;rosidl_typesupport_introspection_cpp\n'}
[0.500296] (-) TimerEvent: {}
[0.562360] (deptrum-ros-driver-aurora930) StdoutLine: {'line': b'-- Found rmw_implementation_cmake: 7.3.3 (/opt/ros/jazzy/share/rmw_implementation_cmake/cmake)\n'}
[0.565244] (deptrum-ros-driver-aurora930) StdoutLine: {'line': b'-- Found rmw_fastrtps_cpp: 8.4.3 (/opt/ros/jazzy/share/rmw_fastrtps_cpp/cmake)\n'}
[0.600406] (-) TimerEvent: {}
[0.663454] (deptrum-ros-driver-aurora930) StdoutLine: {'line': b"-- Using RMW implementation 'rmw_fastrtps_cpp' as default\n"}
[0.700502] (-) TimerEvent: {}
[0.745931] (deptrum-ros-driver-aurora930) StdoutLine: {'line': b'-- STREAM_SDK_TYPE: STELLAR400\n'}
[0.746184] (deptrum-ros-driver-aurora930) StdoutLine: {'line': b'-- SYSTEM_PLATFORM: -\n'}
[0.746570] (deptrum-ros-driver-aurora930) StdoutLine: {'line': b'-- Download deptrum-stream-stellar400---v1.1.2-18.04.tar.gz from http://192.168.104.3/data/ci_release/deptrum-stream/stellar400/release/-/deptrum-stream-stellar400---v1.1.2-18.04.tar.gz\n'}
[0.800615] (-) TimerEvent: {}
[0.900850] (-) TimerEvent: {}
[1.001076] (-) TimerEvent: {}
[1.101288] (-) TimerEvent: {}
[1.201511] (-) TimerEvent: {}
[1.301714] (-) TimerEvent: {}
[1.401932] (-) TimerEvent: {}
[1.502189] (-) TimerEvent: {}
[1.602412] (-) TimerEvent: {}
[1.702642] (-) TimerEvent: {}
[1.802885] (-) TimerEvent: {}
[1.903138] (-) TimerEvent: {}
[2.003400] (-) TimerEvent: {}
[2.103619] (-) TimerEvent: {}
[2.203857] (-) TimerEvent: {}
[2.304083] (-) TimerEvent: {}
[2.404318] (-) TimerEvent: {}
[2.504572] (-) TimerEvent: {}
[2.604803] (-) TimerEvent: {}
[2.705050] (-) TimerEvent: {}
[2.805280] (-) TimerEvent: {}
[2.905658] (-) TimerEvent: {}
[3.006092] (-) TimerEvent: {}
[3.106309] (-) TimerEvent: {}
[3.206534] (-) TimerEvent: {}
[3.306740] (-) TimerEvent: {}
[3.406991] (-) TimerEvent: {}
[3.507236] (-) TimerEvent: {}
[3.607455] (-) TimerEvent: {}
[3.707691] (-) TimerEvent: {}
[3.807917] (-) TimerEvent: {}
[3.908154] (-) TimerEvent: {}
[4.008429] (-) TimerEvent: {}
[4.108657] (-) TimerEvent: {}
[4.208900] (-) TimerEvent: {}
[4.309132] (-) TimerEvent: {}
[4.409365] (-) TimerEvent: {}
[4.509621] (-) TimerEvent: {}
[4.609862] (-) TimerEvent: {}
[4.710088] (-) TimerEvent: {}
[4.810336] (-) TimerEvent: {}
[4.910565] (-) TimerEvent: {}
[5.010801] (-) TimerEvent: {}
[5.111051] (-) TimerEvent: {}
[5.211304] (-) TimerEvent: {}
[5.311563] (-) TimerEvent: {}
[5.411790] (-) TimerEvent: {}
[5.512035] (-) TimerEvent: {}
[5.612284] (-) TimerEvent: {}
[5.712527] (-) TimerEvent: {}
[5.812772] (-) TimerEvent: {}
[5.913024] (-) TimerEvent: {}
[6.013260] (-) TimerEvent: {}
[6.113490] (-) TimerEvent: {}
[6.213717] (-) TimerEvent: {}
[6.314057] (-) TimerEvent: {}
[6.414390] (-) TimerEvent: {}
[6.514632] (-) TimerEvent: {}
[6.614873] (-) TimerEvent: {}
[6.715101] (-) TimerEvent: {}
[6.815324] (-) TimerEvent: {}
[6.915560] (-) TimerEvent: {}
[7.015804] (-) TimerEvent: {}
[7.116047] (-) TimerEvent: {}
[7.216283] (-) TimerEvent: {}
[7.316529] (-) TimerEvent: {}
[7.416757] (-) TimerEvent: {}
[7.516996] (-) TimerEvent: {}
[7.617228] (-) TimerEvent: {}
[7.717455] (-) TimerEvent: {}
[7.817687] (-) TimerEvent: {}
[7.917925] (-) TimerEvent: {}
[8.018165] (-) TimerEvent: {}
[8.118387] (-) TimerEvent: {}
[8.218595] (-) TimerEvent: {}
[8.318854] (-) TimerEvent: {}
[8.419094] (-) TimerEvent: {}
[8.519312] (-) TimerEvent: {}
[8.619531] (-) TimerEvent: {}
[8.719755] (-) TimerEvent: {}
[8.820002] (-) TimerEvent: {}
[8.920268] (-) TimerEvent: {}
[9.020511] (-) TimerEvent: {}
[9.120735] (-) TimerEvent: {}
[9.220977] (-) TimerEvent: {}
[9.321221] (-) TimerEvent: {}
[9.421479] (-) TimerEvent: {}
[9.521705] (-) TimerEvent: {}
[9.621925] (-) TimerEvent: {}
[9.722146] (-) TimerEvent: {}
[9.822396] (-) TimerEvent: {}
[9.922688] (-) TimerEvent: {}
[10.022939] (-) TimerEvent: {}
[10.123166] (-) TimerEvent: {}
[10.223399] (-) TimerEvent: {}
[10.323656] (-) TimerEvent: {}
[10.423904] (-) TimerEvent: {}
[10.524142] (-) TimerEvent: {}
[10.624368] (-) TimerEvent: {}
[10.724593] (-) TimerEvent: {}
[10.824814] (-) TimerEvent: {}
[10.925053] (-) TimerEvent: {}
[11.025282] (-) TimerEvent: {}
[11.125526] (-) TimerEvent: {}
[11.225759] (-) TimerEvent: {}
[11.326011] (-) TimerEvent: {}
[11.426239] (-) TimerEvent: {}
[11.526476] (-) TimerEvent: {}
[11.626690] (-) TimerEvent: {}
[11.726907] (-) TimerEvent: {}
[11.827125] (-) TimerEvent: {}
[11.927370] (-) TimerEvent: {}
[12.027599] (-) TimerEvent: {}
[12.127860] (-) TimerEvent: {}
[12.228089] (-) TimerEvent: {}
[12.328312] (-) TimerEvent: {}
[12.428543] (-) TimerEvent: {}
[12.528762] (-) TimerEvent: {}
[12.628990] (-) TimerEvent: {}
[12.729220] (-) TimerEvent: {}
[12.829443] (-) TimerEvent: {}
[12.929667] (-) TimerEvent: {}
[13.029899] (-) TimerEvent: {}
[13.130135] (-) TimerEvent: {}
[13.231047] (-) TimerEvent: {}
[13.331397] (-) TimerEvent: {}
[13.431625] (-) TimerEvent: {}
[13.531898] (-) TimerEvent: {}
[13.632226] (-) TimerEvent: {}
[13.732449] (-) TimerEvent: {}
[13.832677] (-) TimerEvent: {}
[13.932909] (-) TimerEvent: {}
[14.033142] (-) TimerEvent: {}
[14.133359] (-) TimerEvent: {}
[14.233583] (-) TimerEvent: {}
[14.333818] (-) TimerEvent: {}
[14.434066] (-) TimerEvent: {}
[14.534295] (-) TimerEvent: {}
[14.634522] (-) TimerEvent: {}
[14.734731] (-) TimerEvent: {}
[14.834985] (-) TimerEvent: {}
[14.935208] (-) TimerEvent: {}
[15.035449] (-) TimerEvent: {}
[15.135676] (-) TimerEvent: {}
[15.235922] (-) TimerEvent: {}
[15.336175] (-) TimerEvent: {}
[15.436408] (-) TimerEvent: {}
[15.536633] (-) TimerEvent: {}
[15.636881] (-) TimerEvent: {}
[15.737148] (-) TimerEvent: {}
[15.837399] (-) TimerEvent: {}
[15.937632] (-) TimerEvent: {}
[16.037882] (-) TimerEvent: {}
[16.138118] (-) TimerEvent: {}
[16.238369] (-) TimerEvent: {}
[16.338638] (-) TimerEvent: {}
[16.438870] (-) TimerEvent: {}
[16.539081] (-) TimerEvent: {}
[16.639316] (-) TimerEvent: {}
[16.739547] (-) TimerEvent: {}
[16.839798] (-) TimerEvent: {}
[16.940032] (-) TimerEvent: {}
[17.040266] (-) TimerEvent: {}
[17.140483] (-) TimerEvent: {}
[17.240719] (-) TimerEvent: {}
[17.341096] (-) TimerEvent: {}
[17.441477] (-) TimerEvent: {}
[17.541701] (-) TimerEvent: {}
[17.641922] (-) TimerEvent: {}
[17.742138] (-) TimerEvent: {}
[17.842368] (-) TimerEvent: {}
[17.942591] (-) TimerEvent: {}
[18.042809] (-) TimerEvent: {}
[18.143046] (-) TimerEvent: {}
[18.243263] (-) TimerEvent: {}
[18.343484] (-) TimerEvent: {}
[18.443719] (-) TimerEvent: {}
[18.543973] (-) TimerEvent: {}
[18.644204] (-) TimerEvent: {}
[18.744427] (-) TimerEvent: {}
[18.844643] (-) TimerEvent: {}
[18.944884] (-) TimerEvent: {}
[19.045125] (-) TimerEvent: {}
[19.145433] (-) TimerEvent: {}
[19.245694] (-) TimerEvent: {}
[19.345941] (-) TimerEvent: {}
[19.446174] (-) TimerEvent: {}
[19.546395] (-) TimerEvent: {}
[19.646632] (-) TimerEvent: {}
[19.747249] (-) TimerEvent: {}
[19.847512] (-) TimerEvent: {}
[19.947752] (-) TimerEvent: {}
[20.048000] (-) TimerEvent: {}
[20.148310] (-) TimerEvent: {}
[20.248569] (-) TimerEvent: {}
[20.348795] (-) TimerEvent: {}
[20.449029] (-) TimerEvent: {}
[20.549242] (-) TimerEvent: {}
[20.649476] (-) TimerEvent: {}
[20.749703] (-) TimerEvent: {}
[20.849908] (-) TimerEvent: {}
[20.950116] (-) TimerEvent: {}
[21.050339] (-) TimerEvent: {}
[21.150575] (-) TimerEvent: {}
[21.250845] (-) TimerEvent: {}
[21.351100] (-) TimerEvent: {}
[21.451338] (-) TimerEvent: {}
[21.551584] (-) TimerEvent: {}
[21.651839] (-) TimerEvent: {}
[21.752111] (-) TimerEvent: {}
[21.852341] (-) TimerEvent: {}
[21.952582] (-) TimerEvent: {}
[22.052816] (-) TimerEvent: {}
[22.153091] (-) TimerEvent: {}
[22.253331] (-) TimerEvent: {}
[22.353553] (-) TimerEvent: {}
[22.453785] (-) TimerEvent: {}
[22.554028] (-) TimerEvent: {}
[22.654278] (-) TimerEvent: {}
[22.754537] (-) TimerEvent: {}
[22.854780] (-) TimerEvent: {}
[22.955020] (-) TimerEvent: {}
[23.055279] (-) TimerEvent: {}
[23.155537] (-) TimerEvent: {}
[23.255782] (-) TimerEvent: {}
[23.355998] (-) TimerEvent: {}
[23.456241] (-) TimerEvent: {}
[23.556480] (-) TimerEvent: {}
[23.656717] (-) TimerEvent: {}
[23.756991] (-) TimerEvent: {}
[23.857228] (-) TimerEvent: {}
[23.957473] (-) TimerEvent: {}
[24.057698] (-) TimerEvent: {}
[24.157963] (-) TimerEvent: {}
[24.258369] (-) TimerEvent: {}
[24.358604] (-) TimerEvent: {}
[24.458834] (-) TimerEvent: {}
[24.559049] (-) TimerEvent: {}
[24.659289] (-) TimerEvent: {}
[24.759531] (-) TimerEvent: {}
[24.859766] (-) TimerEvent: {}
[24.960013] (-) TimerEvent: {}
[25.060234] (-) TimerEvent: {}
[25.160450] (-) TimerEvent: {}
[25.260674] (-) TimerEvent: {}
[25.360942] (-) TimerEvent: {}
[25.461164] (-) TimerEvent: {}
[25.561411] (-) TimerEvent: {}
[25.661635] (-) TimerEvent: {}
[25.761882] (-) TimerEvent: {}
[25.862098] (-) TimerEvent: {}
[25.962323] (-) TimerEvent: {}
[26.062539] (-) TimerEvent: {}
[26.162761] (-) TimerEvent: {}
[26.263031] (-) TimerEvent: {}
[26.363246] (-) TimerEvent: {}
[26.463466] (-) TimerEvent: {}
[26.563860] (-) TimerEvent: {}
[26.664195] (-) TimerEvent: {}
[26.764471] (-) TimerEvent: {}
[26.864706] (-) TimerEvent: {}
[26.964945] (-) TimerEvent: {}
[27.065165] (-) TimerEvent: {}
[27.165402] (-) TimerEvent: {}
[27.265623] (-) TimerEvent: {}
[27.365872] (-) TimerEvent: {}
[27.466098] (-) TimerEvent: {}
[27.566326] (-) TimerEvent: {}
[27.666583] (-) TimerEvent: {}
[27.766838] (-) TimerEvent: {}
[27.867058] (-) TimerEvent: {}
[27.967292] (-) TimerEvent: {}
[28.067517] (-) TimerEvent: {}
[28.167781] (-) TimerEvent: {}
[28.268109] (-) TimerEvent: {}
[28.368327] (-) TimerEvent: {}
[28.468542] (-) TimerEvent: {}
[28.568770] (-) TimerEvent: {}
[28.669034] (-) TimerEvent: {}
[28.769253] (-) TimerEvent: {}
[28.869503] (-) TimerEvent: {}
[28.969727] (-) TimerEvent: {}
[29.070024] (-) TimerEvent: {}
[29.170285] (-) TimerEvent: {}
[29.270517] (-) TimerEvent: {}
[29.370774] (-) TimerEvent: {}
[29.471150] (-) TimerEvent: {}
[29.571413] (-) TimerEvent: {}
[29.671681] (-) TimerEvent: {}
[29.771912] (-) TimerEvent: {}
[29.872167] (-) TimerEvent: {}
[29.972420] (-) TimerEvent: {}
[30.072652] (-) TimerEvent: {}
[30.172890] (-) TimerEvent: {}
[30.273129] (-) TimerEvent: {}
[30.373379] (-) TimerEvent: {}
[30.473618] (-) TimerEvent: {}
[30.573920] (-) TimerEvent: {}
[30.674231] (-) TimerEvent: {}
[30.774475] (-) TimerEvent: {}
[30.874722] (-) TimerEvent: {}
[30.974995] (-) TimerEvent: {}
[31.075220] (-) TimerEvent: {}
[31.175438] (-) TimerEvent: {}
[31.275648] (-) TimerEvent: {}
[31.375891] (-) TimerEvent: {}
[31.476130] (-) TimerEvent: {}
[31.576361] (-) TimerEvent: {}
[31.676598] (-) TimerEvent: {}
[31.776892] (-) TimerEvent: {}
[31.877130] (-) TimerEvent: {}
[31.977368] (-) TimerEvent: {}
[32.077606] (-) TimerEvent: {}
[32.177873] (-) TimerEvent: {}
[32.278117] (-) TimerEvent: {}
[32.378371] (-) TimerEvent: {}
[32.478632] (-) TimerEvent: {}
[32.578878] (-) TimerEvent: {}
[32.679110] (-) TimerEvent: {}
[32.779370] (-) TimerEvent: {}
[32.879617] (-) TimerEvent: {}
[32.979891] (-) TimerEvent: {}
[33.080164] (-) TimerEvent: {}
[33.180398] (-) TimerEvent: {}
[33.280651] (-) TimerEvent: {}
[33.380913] (-) TimerEvent: {}
[33.481205] (-) TimerEvent: {}
[33.581576] (-) TimerEvent: {}
[33.681805] (-) TimerEvent: {}
[33.782080] (-) TimerEvent: {}
[33.882316] (-) TimerEvent: {}
[33.982557] (-) TimerEvent: {}
[34.082817] (-) TimerEvent: {}
[34.183080] (-) TimerEvent: {}
[34.283322] (-) TimerEvent: {}
[34.383580] (-) TimerEvent: {}
[34.483846] (-) TimerEvent: {}
[34.584082] (-) TimerEvent: {}
[34.684318] (-) TimerEvent: {}
[34.784570] (-) TimerEvent: {}
[34.884835] (-) TimerEvent: {}
[34.985087] (-) TimerEvent: {}
[35.085335] (-) TimerEvent: {}
[35.185572] (-) TimerEvent: {}
[35.285813] (-) TimerEvent: {}
[35.386062] (-) TimerEvent: {}
[35.486297] (-) TimerEvent: {}
[35.586551] (-) TimerEvent: {}
[35.686807] (-) TimerEvent: {}
[35.787083] (-) TimerEvent: {}
[35.887333] (-) TimerEvent: {}
[35.987597] (-) TimerEvent: {}
[36.087930] (-) TimerEvent: {}
[36.188201] (-) TimerEvent: {}
[36.288463] (-) TimerEvent: {}
[36.388718] (-) TimerEvent: {}
[36.488984] (-) TimerEvent: {}
[36.589249] (-) TimerEvent: {}
[36.689496] (-) TimerEvent: {}
[36.789764] (-) TimerEvent: {}
[36.890036] (-) TimerEvent: {}
[36.990303] (-) TimerEvent: {}
[37.090645] (-) TimerEvent: {}
[37.190907] (-) TimerEvent: {}
[37.291135] (-) TimerEvent: {}
[37.391359] (-) TimerEvent: {}
[37.491588] (-) TimerEvent: {}
[37.591853] (-) TimerEvent: {}
[37.692116] (-) TimerEvent: {}
[37.792382] (-) TimerEvent: {}
[37.892631] (-) TimerEvent: {}
[37.992883] (-) TimerEvent: {}
[38.093115] (-) TimerEvent: {}
[38.193360] (-) TimerEvent: {}
[38.293607] (-) TimerEvent: {}
[38.393865] (-) TimerEvent: {}
[38.494097] (-) TimerEvent: {}
[38.594369] (-) TimerEvent: {}
[38.694619] (-) TimerEvent: {}
[38.794883] (-) TimerEvent: {}
[38.895118] (-) TimerEvent: {}
[38.995351] (-) TimerEvent: {}
[39.095578] (-) TimerEvent: {}
[39.195851] (-) TimerEvent: {}
[39.296089] (-) TimerEvent: {}
[39.396325] (-) TimerEvent: {}
[39.496549] (-) TimerEvent: {}
[39.596781] (-) TimerEvent: {}
[39.697029] (-) TimerEvent: {}
[39.797267] (-) TimerEvent: {}
[39.897577] (-) TimerEvent: {}
[39.997989] (-) TimerEvent: {}
[40.098219] (-) TimerEvent: {}
[40.198459] (-) TimerEvent: {}
[40.298704] (-) TimerEvent: {}
[40.398956] (-) TimerEvent: {}
[40.499180] (-) TimerEvent: {}
[40.599412] (-) TimerEvent: {}
[40.699662] (-) TimerEvent: {}
[40.799931] (-) TimerEvent: {}
[40.900165] (-) TimerEvent: {}
[41.000398] (-) TimerEvent: {}
[41.100617] (-) TimerEvent: {}
[41.200878] (-) TimerEvent: {}
[41.301114] (-) TimerEvent: {}
[41.401350] (-) TimerEvent: {}
[41.501586] (-) TimerEvent: {}
[41.601809] (-) TimerEvent: {}
[41.702072] (-) TimerEvent: {}
[41.802308] (-) TimerEvent: {}
[41.902603] (-) TimerEvent: {}
[42.002880] (-) TimerEvent: {}
[42.103115] (-) TimerEvent: {}
[42.203353] (-) TimerEvent: {}
[42.303599] (-) TimerEvent: {}
[42.403855] (-) TimerEvent: {}
[42.504098] (-) TimerEvent: {}
[42.604339] (-) TimerEvent: {}
[42.704584] (-) TimerEvent: {}
[42.804856] (-) TimerEvent: {}
[42.905102] (-) TimerEvent: {}
[43.005343] (-) TimerEvent: {}
[43.105595] (-) TimerEvent: {}
[43.205854] (-) TimerEvent: {}
[43.306102] (-) TimerEvent: {}
[43.406364] (-) TimerEvent: {}
[43.506618] (-) TimerEvent: {}
[43.606935] (-) TimerEvent: {}
[43.707185] (-) TimerEvent: {}
[43.807424] (-) TimerEvent: {}
[43.907695] (-) TimerEvent: {}
[44.007989] (-) TimerEvent: {}
[44.108240] (-) TimerEvent: {}
[44.208498] (-) TimerEvent: {}
[44.308749] (-) TimerEvent: {}
[44.409153] (-) TimerEvent: {}
[44.509467] (-) TimerEvent: {}
[44.609722] (-) TimerEvent: {}
[44.709991] (-) TimerEvent: {}
[44.810243] (-) TimerEvent: {}
[44.910479] (-) TimerEvent: {}
[45.010705] (-) TimerEvent: {}
[45.110943] (-) TimerEvent: {}
[45.211199] (-) TimerEvent: {}
[45.311441] (-) TimerEvent: {}
[45.411660] (-) TimerEvent: {}
[45.511896] (-) TimerEvent: {}
[45.612143] (-) TimerEvent: {}
[45.712399] (-) TimerEvent: {}
[45.812648] (-) TimerEvent: {}
[45.912890] (-) TimerEvent: {}
[46.013122] (-) TimerEvent: {}
[46.113369] (-) TimerEvent: {}
[46.213617] (-) TimerEvent: {}
[46.314002] (-) TimerEvent: {}
[46.414370] (-) TimerEvent: {}
[46.514608] (-) TimerEvent: {}
[46.614873] (-) TimerEvent: {}
[46.715119] (-) TimerEvent: {}
[46.815358] (-) TimerEvent: {}
[46.915612] (-) TimerEvent: {}
[47.015867] (-) TimerEvent: {}
[47.116109] (-) TimerEvent: {}
[47.216351] (-) TimerEvent: {}
[47.316588] (-) TimerEvent: {}
[47.416841] (-) TimerEvent: {}
[47.517069] (-) TimerEvent: {}
[47.617324] (-) TimerEvent: {}
[47.717562] (-) TimerEvent: {}
[47.817809] (-) TimerEvent: {}
[47.918085] (-) TimerEvent: {}
[48.018398] (-) TimerEvent: {}
[48.118722] (-) TimerEvent: {}
[48.218986] (-) TimerEvent: {}
[48.319242] (-) TimerEvent: {}
[48.419494] (-) TimerEvent: {}
[48.519731] (-) TimerEvent: {}
[48.620002] (-) TimerEvent: {}
[48.720249] (-) TimerEvent: {}
[48.820507] (-) TimerEvent: {}
[48.920766] (-) TimerEvent: {}
[49.021042] (-) TimerEvent: {}
[49.121279] (-) TimerEvent: {}
[49.221527] (-) TimerEvent: {}
[49.321771] (-) TimerEvent: {}
[49.422043] (-) TimerEvent: {}
[49.522272] (-) TimerEvent: {}
[49.622503] (-) TimerEvent: {}
[49.722744] (-) TimerEvent: {}
[49.823004] (-) TimerEvent: {}
[49.923279] (-) TimerEvent: {}
[50.023535] (-) TimerEvent: {}
[50.123760] (-) TimerEvent: {}
[50.224006] (-) TimerEvent: {}
[50.324272] (-) TimerEvent: {}
[50.424538] (-) TimerEvent: {}
[50.524774] (-) TimerEvent: {}
[50.625040] (-) TimerEvent: {}
[50.725295] (-) TimerEvent: {}
[50.825668] (-) TimerEvent: {}
[50.925902] (-) TimerEvent: {}
[51.026158] (-) TimerEvent: {}
[51.126399] (-) TimerEvent: {}
[51.226653] (-) TimerEvent: {}
[51.326923] (-) TimerEvent: {}
[51.427173] (-) TimerEvent: {}
[51.527425] (-) TimerEvent: {}
[51.627668] (-) TimerEvent: {}
[51.727909] (-) TimerEvent: {}
[51.828188] (-) TimerEvent: {}
[51.928430] (-) TimerEvent: {}
[52.028686] (-) TimerEvent: {}
[52.128926] (-) TimerEvent: {}
[52.229182] (-) TimerEvent: {}
[52.329435] (-) TimerEvent: {}
[52.429694] (-) TimerEvent: {}
[52.529972] (-) TimerEvent: {}
[52.630220] (-) TimerEvent: {}
[52.730599] (-) TimerEvent: {}
[52.831021] (-) TimerEvent: {}
[52.931241] (-) TimerEvent: {}
[53.031470] (-) TimerEvent: {}
[53.131723] (-) TimerEvent: {}
[53.231999] (-) TimerEvent: {}
[53.332249] (-) TimerEvent: {}
[53.432488] (-) TimerEvent: {}
[53.532806] (-) TimerEvent: {}
[53.633113] (-) TimerEvent: {}
[53.733356] (-) TimerEvent: {}
[53.833596] (-) TimerEvent: {}
[53.933854] (-) TimerEvent: {}
[54.034163] (-) TimerEvent: {}
[54.134410] (-) TimerEvent: {}
[54.234661] (-) TimerEvent: {}
[54.334901] (-) TimerEvent: {}
[54.435157] (-) TimerEvent: {}
[54.535405] (-) TimerEvent: {}
[54.635686] (-) TimerEvent: {}
[54.735977] (-) TimerEvent: {}
[54.836227] (-) TimerEvent: {}
[54.936462] (-) TimerEvent: {}
[55.036745] (-) TimerEvent: {}
[55.136989] (-) TimerEvent: {}
[55.237240] (-) TimerEvent: {}
[55.337523] (-) TimerEvent: {}
[55.437775] (-) TimerEvent: {}
[55.538032] (-) TimerEvent: {}
[55.638264] (-) TimerEvent: {}
[55.738510] (-) TimerEvent: {}
[55.838770] (-) TimerEvent: {}
[55.939011] (-) TimerEvent: {}
[56.039244] (-) TimerEvent: {}
[56.139507] (-) TimerEvent: {}
[56.239761] (-) TimerEvent: {}
[56.340024] (-) TimerEvent: {}
[56.440265] (-) TimerEvent: {}
[56.540522] (-) TimerEvent: {}
[56.640778] (-) TimerEvent: {}
[56.741035] (-) TimerEvent: {}
[56.841258] (-) TimerEvent: {}
[56.941494] (-) TimerEvent: {}
[57.041757] (-) TimerEvent: {}
[57.142018] (-) TimerEvent: {}
[57.242363] (-) TimerEvent: {}
[57.342799] (-) TimerEvent: {}
[57.443075] (-) TimerEvent: {}
[57.543315] (-) TimerEvent: {}
[57.643569] (-) TimerEvent: {}
[57.743803] (-) TimerEvent: {}
[57.844082] (-) TimerEvent: {}
[57.944321] (-) TimerEvent: {}
[58.044552] (-) TimerEvent: {}
[58.144799] (-) TimerEvent: {}
[58.245055] (-) TimerEvent: {}
[58.345292] (-) TimerEvent: {}
[58.445557] (-) TimerEvent: {}
[58.545847] (-) TimerEvent: {}
[58.646097] (-) TimerEvent: {}
[58.746344] (-) TimerEvent: {}
[58.846586] (-) TimerEvent: {}
[58.946865] (-) TimerEvent: {}
[59.047126] (-) TimerEvent: {}
[59.147473] (-) TimerEvent: {}
[59.247837] (-) TimerEvent: {}
[59.348062] (-) TimerEvent: {}
[59.448333] (-) TimerEvent: {}
[59.548596] (-) TimerEvent: {}
[59.648862] (-) TimerEvent: {}
[59.749089] (-) TimerEvent: {}
[59.849323] (-) TimerEvent: {}
[59.949578] (-) TimerEvent: {}
[60.049858] (-) TimerEvent: {}
[60.150109] (-) TimerEvent: {}
[60.250348] (-) TimerEvent: {}
[60.350586] (-) TimerEvent: {}
[60.450854] (-) TimerEvent: {}
[60.551116] (-) TimerEvent: {}
[60.651391] (-) TimerEvent: {}
[60.751639] (-) TimerEvent: {}
[60.851892] (-) TimerEvent: {}
[60.952159] (-) TimerEvent: {}
[61.052425] (-) TimerEvent: {}
[61.152683] (-) TimerEvent: {}
[61.252941] (-) TimerEvent: {}
[61.353192] (-) TimerEvent: {}
[61.453462] (-) TimerEvent: {}
[61.553736] (-) TimerEvent: {}
[61.654013] (-) TimerEvent: {}
[61.754278] (-) TimerEvent: {}
[61.854537] (-) TimerEvent: {}
[61.954810] (-) TimerEvent: {}
[62.055070] (-) TimerEvent: {}
[62.158890] (-) TimerEvent: {}
[62.259110] (-) TimerEvent: {}
[62.359350] (-) TimerEvent: {}
[62.459605] (-) TimerEvent: {}
[62.559868] (-) TimerEvent: {}
[62.660122] (-) TimerEvent: {}
[62.760368] (-) TimerEvent: {}
[62.860623] (-) TimerEvent: {}
[62.960893] (-) TimerEvent: {}
[63.061132] (-) TimerEvent: {}
[63.161347] (-) TimerEvent: {}
[63.261575] (-) TimerEvent: {}
[63.361841] (-) TimerEvent: {}
[63.462083] (-) TimerEvent: {}
[63.562322] (-) TimerEvent: {}
[63.662561] (-) TimerEvent: {}
[63.762796] (-) TimerEvent: {}
[63.863037] (-) TimerEvent: {}
[63.963271] (-) TimerEvent: {}
[64.063750] (-) TimerEvent: {}
[64.164167] (-) TimerEvent: {}
[64.264387] (-) TimerEvent: {}
[64.364626] (-) TimerEvent: {}
[64.464890] (-) TimerEvent: {}
[64.565250] (-) TimerEvent: {}
[64.665656] (-) TimerEvent: {}
[64.765901] (-) TimerEvent: {}
[64.866152] (-) TimerEvent: {}
[64.966407] (-) TimerEvent: {}
[65.066685] (-) TimerEvent: {}
[65.166931] (-) TimerEvent: {}
[65.267170] (-) TimerEvent: {}
[65.367426] (-) TimerEvent: {}
[65.467663] (-) TimerEvent: {}
[65.567902] (-) TimerEvent: {}
[65.668148] (-) TimerEvent: {}
[65.768387] (-) TimerEvent: {}
[65.868671] (-) TimerEvent: {}
[65.969032] (-) TimerEvent: {}
[66.069283] (-) TimerEvent: {}
[66.169551] (-) TimerEvent: {}
[66.269799] (-) TimerEvent: {}
[66.370072] (-) TimerEvent: {}
[66.470320] (-) TimerEvent: {}
[66.570577] (-) TimerEvent: {}
[66.670840] (-) TimerEvent: {}
[66.771081] (-) TimerEvent: {}
[66.871358] (-) TimerEvent: {}
[66.971652] (-) TimerEvent: {}
[67.071912] (-) TimerEvent: {}
[67.172163] (-) TimerEvent: {}
[67.272415] (-) TimerEvent: {}
[67.372672] (-) TimerEvent: {}
[67.473009] (-) TimerEvent: {}
[67.573261] (-) TimerEvent: {}
[67.673506] (-) TimerEvent: {}
[67.773754] (-) TimerEvent: {}
[67.874027] (-) TimerEvent: {}
[67.974285] (-) TimerEvent: {}
[68.074539] (-) TimerEvent: {}
[68.174883] (-) TimerEvent: {}
[68.275123] (-) TimerEvent: {}
[68.375379] (-) TimerEvent: {}
[68.475631] (-) TimerEvent: {}
[68.575899] (-) TimerEvent: {}
[68.676140] (-) TimerEvent: {}
[68.776398] (-) TimerEvent: {}
[68.876652] (-) TimerEvent: {}
[68.976908] (-) TimerEvent: {}
[69.077153] (-) TimerEvent: {}
[69.177392] (-) TimerEvent: {}
[69.277627] (-) TimerEvent: {}
[69.377940] (-) TimerEvent: {}
[69.478215] (-) TimerEvent: {}
[69.578448] (-) TimerEvent: {}
[69.678673] (-) TimerEvent: {}
[69.778911] (-) TimerEvent: {}
[69.879144] (-) TimerEvent: {}
[69.979386] (-) TimerEvent: {}
[70.079610] (-) TimerEvent: {}
[70.179875] (-) TimerEvent: {}
[70.280162] (-) TimerEvent: {}
[70.380413] (-) TimerEvent: {}
[70.480774] (-) TimerEvent: {}
[70.581142] (-) TimerEvent: {}
[70.681378] (-) TimerEvent: {}
[70.781620] (-) TimerEvent: {}
[70.881875] (-) TimerEvent: {}
[70.982158] (-) TimerEvent: {}
[71.082387] (-) TimerEvent: {}
[71.182693] (-) TimerEvent: {}
[71.283073] (-) TimerEvent: {}
[71.383336] (-) TimerEvent: {}
[71.483580] (-) TimerEvent: {}
[71.583833] (-) TimerEvent: {}
[71.684067] (-) TimerEvent: {}
[71.784310] (-) TimerEvent: {}
[71.884560] (-) TimerEvent: {}
[71.984819] (-) TimerEvent: {}
[72.085088] (-) TimerEvent: {}
[72.185356] (-) TimerEvent: {}
[72.285607] (-) TimerEvent: {}
[72.385883] (-) TimerEvent: {}
[72.486150] (-) TimerEvent: {}
[72.586406] (-) TimerEvent: {}
[72.686646] (-) TimerEvent: {}
[72.786911] (-) TimerEvent: {}
[72.887163] (-) TimerEvent: {}
[72.987415] (-) TimerEvent: {}
[73.087677] (-) TimerEvent: {}
[73.187932] (-) TimerEvent: {}
[73.288191] (-) TimerEvent: {}
[73.388441] (-) TimerEvent: {}
[73.488700] (-) TimerEvent: {}
[73.588974] (-) TimerEvent: {}
[73.689239] (-) TimerEvent: {}
[73.789492] (-) TimerEvent: {}
[73.889741] (-) TimerEvent: {}
[73.990031] (-) TimerEvent: {}
[74.090281] (-) TimerEvent: {}
[74.190532] (-) TimerEvent: {}
[74.290792] (-) TimerEvent: {}
[74.391066] (-) TimerEvent: {}
[74.491472] (-) TimerEvent: {}
[74.591938] (-) TimerEvent: {}
[74.692191] (-) TimerEvent: {}
[74.792445] (-) TimerEvent: {}
[74.892662] (-) TimerEvent: {}
[74.992917] (-) TimerEvent: {}
[75.093150] (-) TimerEvent: {}
[75.193401] (-) TimerEvent: {}
[75.293654] (-) TimerEvent: {}
[75.393908] (-) TimerEvent: {}
[75.494156] (-) TimerEvent: {}
[75.594425] (-) TimerEvent: {}
[75.694680] (-) TimerEvent: {}
[75.794986] (-) TimerEvent: {}
[75.895228] (-) TimerEvent: {}
[75.995479] (-) TimerEvent: {}
[76.095717] (-) TimerEvent: {}
[76.195958] (-) TimerEvent: {}
[76.296200] (-) TimerEvent: {}
[76.396494] (-) TimerEvent: {}
[76.496749] (-) TimerEvent: {}
[76.596990] (-) TimerEvent: {}
[76.697269] (-) TimerEvent: {}
[76.797550] (-) TimerEvent: {}
[76.897881] (-) TimerEvent: {}
[76.998223] (-) TimerEvent: {}
[77.098455] (-) TimerEvent: {}
[77.198708] (-) TimerEvent: {}
[77.298972] (-) TimerEvent: {}
[77.399221] (-) TimerEvent: {}
[77.499463] (-) TimerEvent: {}
[77.599707] (-) TimerEvent: {}
[77.699958] (-) TimerEvent: {}
[77.800192] (-) TimerEvent: {}
[77.900442] (-) TimerEvent: {}
[78.000685] (-) TimerEvent: {}
[78.100912] (-) TimerEvent: {}
[78.201153] (-) TimerEvent: {}
[78.301428] (-) TimerEvent: {}
[78.401690] (-) TimerEvent: {}
[78.501932] (-) TimerEvent: {}
[78.602177] (-) TimerEvent: {}
[78.702433] (-) TimerEvent: {}
[78.802683] (-) TimerEvent: {}
[78.902935] (-) TimerEvent: {}
[79.003184] (-) TimerEvent: {}
[79.103428] (-) TimerEvent: {}
[79.203674] (-) TimerEvent: {}
[79.303914] (-) TimerEvent: {}
[79.404167] (-) TimerEvent: {}
[79.504427] (-) TimerEvent: {}
[79.604679] (-) TimerEvent: {}
[79.704939] (-) TimerEvent: {}
[79.805184] (-) TimerEvent: {}
[79.905451] (-) TimerEvent: {}
[80.005721] (-) TimerEvent: {}
[80.105986] (-) TimerEvent: {}
[80.206243] (-) TimerEvent: {}
[80.306497] (-) TimerEvent: {}
[80.406775] (-) TimerEvent: {}
[80.507087] (-) TimerEvent: {}
[80.607344] (-) TimerEvent: {}
[80.707593] (-) TimerEvent: {}
[80.807876] (-) TimerEvent: {}
[80.908240] (-) TimerEvent: {}
[81.008649] (-) TimerEvent: {}
[81.108899] (-) TimerEvent: {}
[81.209150] (-) TimerEvent: {}
[81.309426] (-) TimerEvent: {}
[81.409676] (-) TimerEvent: {}
[81.509900] (-) TimerEvent: {}
[81.610167] (-) TimerEvent: {}
[81.710417] (-) TimerEvent: {}
[81.810657] (-) TimerEvent: {}
[81.910916] (-) TimerEvent: {}
[82.011171] (-) TimerEvent: {}
[82.111431] (-) TimerEvent: {}
[82.211705] (-) TimerEvent: {}
[82.311978] (-) TimerEvent: {}
[82.412224] (-) TimerEvent: {}
[82.512482] (-) TimerEvent: {}
[82.612739] (-) TimerEvent: {}
[82.713017] (-) TimerEvent: {}
[82.813297] (-) TimerEvent: {}
[82.913905] (-) TimerEvent: {}
[83.014159] (-) TimerEvent: {}
[83.114429] (-) TimerEvent: {}
[83.214710] (-) TimerEvent: {}
[83.315006] (-) TimerEvent: {}
[83.415246] (-) TimerEvent: {}
[83.515487] (-) TimerEvent: {}
[83.615751] (-) TimerEvent: {}
[83.716074] (-) TimerEvent: {}
[83.816332] (-) TimerEvent: {}
[83.916609] (-) TimerEvent: {}
[84.016852] (-) TimerEvent: {}
[84.117085] (-) TimerEvent: {}
[84.217352] (-) TimerEvent: {}
[84.317603] (-) TimerEvent: {}
[84.417897] (-) TimerEvent: {}
[84.518143] (-) TimerEvent: {}
[84.618396] (-) TimerEvent: {}
[84.718658] (-) TimerEvent: {}
[84.818919] (-) TimerEvent: {}
[84.919173] (-) TimerEvent: {}
[85.019416] (-) TimerEvent: {}
[85.119635] (-) TimerEvent: {}
[85.219867] (-) TimerEvent: {}
[85.320103] (-) TimerEvent: {}
[85.420351] (-) TimerEvent: {}
[85.520601] (-) TimerEvent: {}
[85.620874] (-) TimerEvent: {}
[85.721120] (-) TimerEvent: {}
[85.821381] (-) TimerEvent: {}
[85.921652] (-) TimerEvent: {}
[86.021900] (-) TimerEvent: {}
[86.122145] (-) TimerEvent: {}
[86.222392] (-) TimerEvent: {}
[86.322787] (-) TimerEvent: {}
[86.423115] (-) TimerEvent: {}
[86.523357] (-) TimerEvent: {}
[86.623611] (-) TimerEvent: {}
[86.723872] (-) TimerEvent: {}
[86.824103] (-) TimerEvent: {}
[86.924334] (-) TimerEvent: {}
[87.024592] (-) TimerEvent: {}
[87.124860] (-) TimerEvent: {}
[87.225093] (-) TimerEvent: {}
[87.325325] (-) TimerEvent: {}
[87.425569] (-) TimerEvent: {}
[87.525815] (-) TimerEvent: {}
[87.626076] (-) TimerEvent: {}
[87.726318] (-) TimerEvent: {}
[87.826550] (-) TimerEvent: {}
[87.926772] (-) TimerEvent: {}
[88.027036] (-) TimerEvent: {}
[88.127278] (-) TimerEvent: {}
[88.227527] (-) TimerEvent: {}
[88.327755] (-) TimerEvent: {}
[88.428004] (-) TimerEvent: {}
[88.528284] (-) TimerEvent: {}
[88.628547] (-) TimerEvent: {}
[88.728802] (-) TimerEvent: {}
[88.829047] (-) TimerEvent: {}
[88.929278] (-) TimerEvent: {}
[89.029563] (-) TimerEvent: {}
[89.129805] (-) TimerEvent: {}
[89.230359] (-) TimerEvent: {}
[89.330728] (-) TimerEvent: {}
[89.430995] (-) TimerEvent: {}
[89.531322] (-) TimerEvent: {}
[89.631562] (-) TimerEvent: {}
[89.731796] (-) TimerEvent: {}
[89.832041] (-) TimerEvent: {}
[89.932281] (-) TimerEvent: {}
[90.032550] (-) TimerEvent: {}
[90.132786] (-) TimerEvent: {}
[90.233051] (-) TimerEvent: {}
[90.333316] (-) TimerEvent: {}
[90.433549] (-) TimerEvent: {}
[90.533803] (-) TimerEvent: {}
[90.634065] (-) TimerEvent: {}
[90.734307] (-) TimerEvent: {}
[90.834544] (-) TimerEvent: {}
[90.934772] (-) TimerEvent: {}
[91.035050] (-) TimerEvent: {}
[91.135315] (-) TimerEvent: {}
[91.235569] (-) TimerEvent: {}
[91.335846] (-) TimerEvent: {}
[91.436095] (-) TimerEvent: {}
[91.536378] (-) TimerEvent: {}
[91.636621] (-) TimerEvent: {}
[91.736885] (-) TimerEvent: {}
[91.837132] (-) TimerEvent: {}
[91.937352] (-) TimerEvent: {}
[92.037578] (-) TimerEvent: {}
[92.137819] (-) TimerEvent: {}
[92.238103] (-) TimerEvent: {}
[92.338369] (-) TimerEvent: {}
[92.438613] (-) TimerEvent: {}
[92.538883] (-) TimerEvent: {}
[92.639135] (-) TimerEvent: {}
[92.739401] (-) TimerEvent: {}
[92.839669] (-) TimerEvent: {}
[92.939905] (-) TimerEvent: {}
[93.040182] (-) TimerEvent: {}
[93.140412] (-) TimerEvent: {}
[93.240664] (-) TimerEvent: {}
[93.340965] (-) TimerEvent: {}
[93.441237] (-) TimerEvent: {}
[93.541481] (-) TimerEvent: {}
[93.641720] (-) TimerEvent: {}
[93.742142] (-) TimerEvent: {}
[93.842458] (-) TimerEvent: {}
[93.942732] (-) TimerEvent: {}
[94.043005] (-) TimerEvent: {}
[94.143248] (-) TimerEvent: {}
[94.243522] (-) TimerEvent: {}
[94.343902] (-) TimerEvent: {}
[94.444133] (-) TimerEvent: {}
[94.544382] (-) TimerEvent: {}
[94.644643] (-) TimerEvent: {}
[94.744890] (-) TimerEvent: {}
[94.845126] (-) TimerEvent: {}
[94.945381] (-) TimerEvent: {}
[95.045679] (-) TimerEvent: {}
[95.145924] (-) TimerEvent: {}
[95.246152] (-) TimerEvent: {}
[95.346385] (-) TimerEvent: {}
[95.446656] (-) TimerEvent: {}
[95.546913] (-) TimerEvent: {}
[95.647285] (-) TimerEvent: {}
[95.747691] (-) TimerEvent: {}
[95.847954] (-) TimerEvent: {}
[95.948200] (-) TimerEvent: {}
[96.048443] (-) TimerEvent: {}
[96.148696] (-) TimerEvent: {}
[96.248936] (-) TimerEvent: {}
[96.349171] (-) TimerEvent: {}
[96.449420] (-) TimerEvent: {}
[96.549687] (-) TimerEvent: {}
[96.649940] (-) TimerEvent: {}
[96.750189] (-) TimerEvent: {}
[96.850420] (-) TimerEvent: {}
[96.950691] (-) TimerEvent: {}
[97.050940] (-) TimerEvent: {}
[97.151186] (-) TimerEvent: {}
[97.251433] (-) TimerEvent: {}
[97.351679] (-) TimerEvent: {}
[97.451927] (-) TimerEvent: {}
[97.552178] (-) TimerEvent: {}
[97.652427] (-) TimerEvent: {}
[97.752687] (-) TimerEvent: {}
[97.852942] (-) TimerEvent: {}
[97.953209] (-) TimerEvent: {}
[98.053449] (-) TimerEvent: {}
[98.153696] (-) TimerEvent: {}
[98.253966] (-) TimerEvent: {}
[98.354244] (-) TimerEvent: {}
[98.454478] (-) TimerEvent: {}
[98.554714] (-) TimerEvent: {}
[98.655007] (-) TimerEvent: {}
[98.755286] (-) TimerEvent: {}
[98.855530] (-) TimerEvent: {}
[98.955795] (-) TimerEvent: {}
[99.056064] (-) TimerEvent: {}
[99.156319] (-) TimerEvent: {}
[99.256576] (-) TimerEvent: {}
[99.356839] (-) TimerEvent: {}
[99.457093] (-) TimerEvent: {}
[99.557334] (-) TimerEvent: {}
[99.657591] (-) TimerEvent: {}
[99.757870] (-) TimerEvent: {}
[99.858131] (-) TimerEvent: {}
[99.958372] (-) TimerEvent: {}
[100.058608] (-) TimerEvent: {}
[100.158857] (-) TimerEvent: {}
[100.259086] (-) TimerEvent: {}
[100.359318] (-) TimerEvent: {}
[100.459569] (-) TimerEvent: {}
[100.559834] (-) TimerEvent: {}
[100.660088] (-) TimerEvent: {}
[100.760346] (-) TimerEvent: {}
[100.860602] (-) TimerEvent: {}
[100.960864] (-) TimerEvent: {}
[101.061093] (-) TimerEvent: {}
[101.161325] (-) TimerEvent: {}
[101.261569] (-) TimerEvent: {}
[101.361811] (-) TimerEvent: {}
[101.462086] (-) TimerEvent: {}
[101.562322] (-) TimerEvent: {}
[101.662555] (-) TimerEvent: {}
[101.762783] (-) TimerEvent: {}
[101.863050] (-) TimerEvent: {}
[101.963287] (-) TimerEvent: {}
[102.063600] (-) TimerEvent: {}
[102.163978] (-) TimerEvent: {}
[102.264226] (-) TimerEvent: {}
[102.364480] (-) TimerEvent: {}
[102.464753] (-) TimerEvent: {}
[102.565015] (-) TimerEvent: {}
[102.665246] (-) TimerEvent: {}
[102.765475] (-) TimerEvent: {}
[102.865731] (-) TimerEvent: {}
[102.966060] (-) TimerEvent: {}
[103.066325] (-) TimerEvent: {}
[103.166551] (-) TimerEvent: {}
[103.266773] (-) TimerEvent: {}
[103.367049] (-) TimerEvent: {}
[103.467309] (-) TimerEvent: {}
[103.567582] (-) TimerEvent: {}
[103.667846] (-) TimerEvent: {}
[103.768078] (-) TimerEvent: {}
[103.868319] (-) TimerEvent: {}
[103.968546] (-) TimerEvent: {}
[104.068791] (-) TimerEvent: {}
[104.169047] (-) TimerEvent: {}
[104.269277] (-) TimerEvent: {}
[104.369506] (-) TimerEvent: {}
[104.469762] (-) TimerEvent: {}
[104.570021] (-) TimerEvent: {}
[104.670303] (-) TimerEvent: {}
[104.770549] (-) TimerEvent: {}
[104.870805] (-) TimerEvent: {}
[104.971099] (-) TimerEvent: {}
[105.071357] (-) TimerEvent: {}
[105.171594] (-) TimerEvent: {}
[105.271860] (-) TimerEvent: {}
[105.372107] (-) TimerEvent: {}
[105.472379] (-) TimerEvent: {}
[105.572607] (-) TimerEvent: {}
[105.672873] (-) TimerEvent: {}
[105.773121] (-) TimerEvent: {}
[105.873383] (-) TimerEvent: {}
[105.973624] (-) TimerEvent: {}
[106.073882] (-) TimerEvent: {}
[106.174116] (-) TimerEvent: {}
[106.274352] (-) TimerEvent: {}
[106.374593] (-) TimerEvent: {}
[106.474858] (-) TimerEvent: {}
[106.575215] (-) TimerEvent: {}
[106.675601] (-) TimerEvent: {}
[106.775852] (-) TimerEvent: {}
[106.876114] (-) TimerEvent: {}
[106.976354] (-) TimerEvent: {}
[107.076594] (-) TimerEvent: {}
[107.176915] (-) TimerEvent: {}
[107.277179] (-) TimerEvent: {}
[107.377414] (-) TimerEvent: {}
[107.477641] (-) TimerEvent: {}
[107.577891] (-) TimerEvent: {}
[107.678132] (-) TimerEvent: {}
[107.778380] (-) TimerEvent: {}
[107.878620] (-) TimerEvent: {}
[107.978879] (-) TimerEvent: {}
[108.079123] (-) TimerEvent: {}
[108.179344] (-) TimerEvent: {}
[108.279579] (-) TimerEvent: {}
[108.379863] (-) TimerEvent: {}
[108.480436] (-) TimerEvent: {}
[108.580795] (-) TimerEvent: {}
[108.681032] (-) TimerEvent: {}
[108.781263] (-) TimerEvent: {}
[108.881512] (-) TimerEvent: {}
[108.981743] (-) TimerEvent: {}
[109.081991] (-) TimerEvent: {}
[109.182216] (-) TimerEvent: {}
[109.282471] (-) TimerEvent: {}
[109.382703] (-) TimerEvent: {}
[109.482934] (-) TimerEvent: {}
[109.583167] (-) TimerEvent: {}
[109.683401] (-) TimerEvent: {}
[109.783659] (-) TimerEvent: {}
[109.883901] (-) TimerEvent: {}
[109.984136] (-) TimerEvent: {}
[110.084400] (-) TimerEvent: {}
[110.184636] (-) TimerEvent: {}
[110.284895] (-) TimerEvent: {}
[110.385124] (-) TimerEvent: {}
[110.485374] (-) TimerEvent: {}
[110.585641] (-) TimerEvent: {}
[110.685929] (-) TimerEvent: {}
[110.786184] (-) TimerEvent: {}
[110.886451] (-) TimerEvent: {}
[110.986718] (-) TimerEvent: {}
[111.086983] (-) TimerEvent: {}
[111.187240] (-) TimerEvent: {}
[111.287498] (-) TimerEvent: {}
[111.387744] (-) TimerEvent: {}
[111.487989] (-) TimerEvent: {}
[111.588259] (-) TimerEvent: {}
[111.688489] (-) TimerEvent: {}
[111.788720] (-) TimerEvent: {}
[111.888996] (-) TimerEvent: {}
[111.989243] (-) TimerEvent: {}
[112.089532] (-) TimerEvent: {}
[112.189787] (-) TimerEvent: {}
[112.290053] (-) TimerEvent: {}
[112.390306] (-) TimerEvent: {}
[112.490586] (-) TimerEvent: {}
[112.590869] (-) TimerEvent: {}
[112.691129] (-) TimerEvent: {}
[112.791371] (-) TimerEvent: {}
[112.891620] (-) TimerEvent: {}
[112.991880] (-) TimerEvent: {}
[113.092119] (-) TimerEvent: {}
[113.192408] (-) TimerEvent: {}
[113.292675] (-) TimerEvent: {}
[113.392942] (-) TimerEvent: {}
[113.493177] (-) TimerEvent: {}
[113.593399] (-) TimerEvent: {}
[113.693664] (-) TimerEvent: {}
[113.793915] (-) TimerEvent: {}
[113.894170] (-) TimerEvent: {}
[113.994405] (-) TimerEvent: {}
[114.094647] (-) TimerEvent: {}
[114.194910] (-) TimerEvent: {}
[114.295165] (-) TimerEvent: {}
[114.395412] (-) TimerEvent: {}
[114.495648] (-) TimerEvent: {}
[114.595911] (-) TimerEvent: {}
[114.696167] (-) TimerEvent: {}
[114.796409] (-) TimerEvent: {}
[114.896750] (-) TimerEvent: {}
[114.997843] (-) TimerEvent: {}
[115.098108] (-) TimerEvent: {}
[115.198362] (-) TimerEvent: {}
[115.298622] (-) TimerEvent: {}
[115.398869] (-) TimerEvent: {}
[115.499109] (-) TimerEvent: {}
[115.599349] (-) TimerEvent: {}
[115.699599] (-) TimerEvent: {}
[115.799848] (-) TimerEvent: {}
[115.900112] (-) TimerEvent: {}
[116.000345] (-) TimerEvent: {}
[116.100607] (-) TimerEvent: {}
[116.200864] (-) TimerEvent: {}
[116.301118] (-) TimerEvent: {}
[116.401363] (-) TimerEvent: {}
[116.501602] (-) TimerEvent: {}
[116.601847] (-) TimerEvent: {}
[116.702089] (-) TimerEvent: {}
[116.802336] (-) TimerEvent: {}
[116.902584] (-) TimerEvent: {}
[117.002853] (-) TimerEvent: {}
[117.103108] (-) TimerEvent: {}
[117.203356] (-) TimerEvent: {}
[117.303607] (-) TimerEvent: {}
[117.403883] (-) TimerEvent: {}
[117.504175] (-) TimerEvent: {}
[117.604415] (-) TimerEvent: {}
[117.704677] (-) TimerEvent: {}
[117.804934] (-) TimerEvent: {}
[117.905189] (-) TimerEvent: {}
[118.005456] (-) TimerEvent: {}
[118.105700] (-) TimerEvent: {}
[118.205977] (-) TimerEvent: {}
[118.306224] (-) TimerEvent: {}
[118.406575] (-) TimerEvent: {}
[118.506866] (-) TimerEvent: {}
[118.607104] (-) TimerEvent: {}
[118.707348] (-) TimerEvent: {}
[118.807594] (-) TimerEvent: {}
[118.908019] (-) TimerEvent: {}
[119.008417] (-) TimerEvent: {}
[119.108668] (-) TimerEvent: {}
[119.208918] (-) TimerEvent: {}
[119.309162] (-) TimerEvent: {}
[119.409408] (-) TimerEvent: {}
[119.509646] (-) TimerEvent: {}
[119.609912] (-) TimerEvent: {}
[119.710152] (-) TimerEvent: {}
[119.810358] (-) TimerEvent: {}
[119.910622] (-) TimerEvent: {}
[120.010904] (-) TimerEvent: {}
[120.111111] (-) TimerEvent: {}
[120.211358] (-) TimerEvent: {}
[120.311612] (-) TimerEvent: {}
[120.411857] (-) TimerEvent: {}
[120.512085] (-) TimerEvent: {}
[120.612326] (-) TimerEvent: {}
[120.712590] (-) TimerEvent: {}
[120.812854] (-) TimerEvent: {}
[120.913129] (-) TimerEvent: {}
[121.013371] (-) TimerEvent: {}
[121.113618] (-) TimerEvent: {}
[121.213892] (-) TimerEvent: {}
[121.314235] (-) TimerEvent: {}
[121.414612] (-) TimerEvent: {}
[121.514859] (-) TimerEvent: {}
[121.615147] (-) TimerEvent: {}
[121.715418] (-) TimerEvent: {}
[121.815688] (-) TimerEvent: {}
[121.915928] (-) TimerEvent: {}
[122.016150] (-) TimerEvent: {}
[122.116379] (-) TimerEvent: {}
[122.216627] (-) TimerEvent: {}
[122.316905] (-) TimerEvent: {}
[122.417143] (-) TimerEvent: {}
[122.517379] (-) TimerEvent: {}
[122.617633] (-) TimerEvent: {}
[122.717893] (-) TimerEvent: {}
[122.818138] (-) TimerEvent: {}
[122.918428] (-) TimerEvent: {}
[123.018676] (-) TimerEvent: {}
[123.118920] (-) TimerEvent: {}
[123.219166] (-) TimerEvent: {}
[123.319431] (-) TimerEvent: {}
[123.419683] (-) TimerEvent: {}
[123.519944] (-) TimerEvent: {}
[123.620182] (-) TimerEvent: {}
[123.720417] (-) TimerEvent: {}
[123.820667] (-) TimerEvent: {}
[123.920928] (-) TimerEvent: {}
[124.021157] (-) TimerEvent: {}
[124.121384] (-) TimerEvent: {}
[124.221628] (-) TimerEvent: {}
[124.321895] (-) TimerEvent: {}
[124.422161] (-) TimerEvent: {}
[124.522400] (-) TimerEvent: {}
[124.622643] (-) TimerEvent: {}
[124.722914] (-) TimerEvent: {}
[124.823166] (-) TimerEvent: {}
[124.923428] (-) TimerEvent: {}
[125.023679] (-) TimerEvent: {}
[125.123913] (-) TimerEvent: {}
[125.224146] (-) TimerEvent: {}
[125.324493] (-) TimerEvent: {}
[125.424868] (-) TimerEvent: {}
[125.525110] (-) TimerEvent: {}
[125.625351] (-) TimerEvent: {}
[125.725577] (-) TimerEvent: {}
[125.825959] (-) TimerEvent: {}
[125.926271] (-) TimerEvent: {}
[126.026520] (-) TimerEvent: {}
[126.126752] (-) TimerEvent: {}
[126.227000] (-) TimerEvent: {}
[126.327251] (-) TimerEvent: {}
[126.427490] (-) TimerEvent: {}
[126.527734] (-) TimerEvent: {}
[126.628001] (-) TimerEvent: {}
[126.728244] (-) TimerEvent: {}
[126.828469] (-) TimerEvent: {}
[126.928691] (-) TimerEvent: {}
[127.028947] (-) TimerEvent: {}
[127.129182] (-) TimerEvent: {}
[127.229427] (-) TimerEvent: {}
[127.329662] (-) TimerEvent: {}
[127.429916] (-) TimerEvent: {}
[127.530168] (-) TimerEvent: {}
[127.630408] (-) TimerEvent: {}
[127.730724] (-) TimerEvent: {}
[127.831097] (-) TimerEvent: {}
[127.931351] (-) TimerEvent: {}
[128.031617] (-) TimerEvent: {}
[128.131859] (-) TimerEvent: {}
[128.232092] (-) TimerEvent: {}
[128.332327] (-) TimerEvent: {}
[128.432570] (-) TimerEvent: {}
[128.532844] (-) TimerEvent: {}
[128.633089] (-) TimerEvent: {}
[128.733342] (-) TimerEvent: {}
[128.833601] (-) TimerEvent: {}
[128.933847] (-) TimerEvent: {}
[129.034096] (-) TimerEvent: {}
[129.134348] (-) TimerEvent: {}
[129.234611] (-) TimerEvent: {}
[129.334859] (-) TimerEvent: {}
[129.435086] (-) TimerEvent: {}
[129.535333] (-) TimerEvent: {}
[129.635606] (-) TimerEvent: {}
[129.735906] (-) TimerEvent: {}
[129.836151] (-) TimerEvent: {}
[129.936420] (-) TimerEvent: {}
[130.036749] (-) TimerEvent: {}
[130.137126] (-) TimerEvent: {}
[130.237378] (-) TimerEvent: {}
[130.337667] (-) TimerEvent: {}
[130.437903] (-) TimerEvent: {}
[130.538151] (-) TimerEvent: {}
[130.638440] (-) TimerEvent: {}
[130.738719] (-) TimerEvent: {}
[130.839033] (-) TimerEvent: {}
[130.939305] (-) TimerEvent: {}
[131.039549] (-) TimerEvent: {}
[131.139797] (-) TimerEvent: {}
[131.240057] (-) TimerEvent: {}
[131.340318] (-) TimerEvent: {}
[131.440559] (-) TimerEvent: {}
[131.540800] (-) TimerEvent: {}
[131.641045] (-) TimerEvent: {}
[131.741302] (-) TimerEvent: {}
[131.841563] (-) TimerEvent: {}
[131.941807] (-) TimerEvent: {}
[132.042063] (-) TimerEvent: {}
[132.142297] (-) TimerEvent: {}
[132.242702] (-) TimerEvent: {}
[132.343072] (-) TimerEvent: {}
[132.443342] (-) TimerEvent: {}
[132.543589] (-) TimerEvent: {}
[132.643839] (-) TimerEvent: {}
[132.744063] (-) TimerEvent: {}
[132.844283] (-) TimerEvent: {}
[132.944530] (-) TimerEvent: {}
[133.044786] (-) TimerEvent: {}
[133.145029] (-) TimerEvent: {}
[133.245249] (-) TimerEvent: {}
[133.345493] (-) TimerEvent: {}
[133.445760] (-) TimerEvent: {}
[133.546045] (-) TimerEvent: {}
[133.646290] (-) TimerEvent: {}
[133.746558] (-) TimerEvent: {}
[133.846793] (-) TimerEvent: {}
[133.947086] (-) TimerEvent: {}
[134.047322] (-) TimerEvent: {}
[134.147734] (-) TimerEvent: {}
[134.248104] (-) TimerEvent: {}
[134.348399] (-) TimerEvent: {}
[134.448650] (-) TimerEvent: {}
[134.548994] (-) TimerEvent: {}
[134.649241] (-) TimerEvent: {}
[134.749481] (-) TimerEvent: {}
[134.849712] (-) TimerEvent: {}
[134.949972] (-) TimerEvent: {}
[135.050211] (-) TimerEvent: {}
[135.150448] (-) TimerEvent: {}
[135.250676] (-) TimerEvent: {}
[135.350912] (-) TimerEvent: {}
[135.451167] (-) TimerEvent: {}
[135.551427] (-) TimerEvent: {}
[135.651678] (-) TimerEvent: {}
[135.751913] (-) TimerEvent: {}
[135.779645] (deptrum-ros-driver-aurora930) StderrLine: {'line': b'CMake Error at cmake/Download.cmake:29 (message):\n'}
[135.780227] (deptrum-ros-driver-aurora930) StderrLine: {'line': b'  \n'}
[135.780413] (deptrum-ros-driver-aurora930) StderrLine: {'line': b'  http://192.168.104.3/data/ci_release/deptrum-stream/stellar400/release/-/deptrum-stream-stellar400---v1.1.2-18.04.tar.gz\n'}
[135.780570] (deptrum-ros-driver-aurora930) StderrLine: {'line': b"  doesn't exist.\n"}
[135.780713] (deptrum-ros-driver-aurora930) StderrLine: {'line': b'Call Stack (most recent call first):\n'}
[135.780869] (deptrum-ros-driver-aurora930) StderrLine: {'line': b'  cmake/Download.cmake:71 (download)\n'}
[135.781016] (deptrum-ros-driver-aurora930) StderrLine: {'line': b'  CMakeLists.txt:119 (download_sdk)\n'}
[135.781149] (deptrum-ros-driver-aurora930) StderrLine: {'line': b'\n'}
[135.781282] (deptrum-ros-driver-aurora930) StderrLine: {'line': b'\n'}
[135.781410] (deptrum-ros-driver-aurora930) StdoutLine: {'line': b'-- Configuring incomplete, errors occurred!\n'}
[135.794687] (deptrum-ros-driver-aurora930) CommandEnded: {'returncode': 1}
[135.832949] (deptrum-ros-driver-aurora930) JobEnded: {'identifier': 'deptrum-ros-driver-aurora930', 'rc': 1}
[135.843405] (-) EventReactorShutdown: {}
