[0.014s] Invoking command in '/home/webotpi/ros2_ws/build/my_srv': CMAKE_PREFIX_PATH=${CMAKE_PREFIX_PATH}:/home/webotpi/ros2_ws/install/voice_interaction:/home/webotpi/ros2_ws/install/py_pkg:/home/webotpi/ros2_ws/install/my_launch_pkg:/opt/ros/jazzy DEBUGINFOD_URLS=https://debuginfod.ubuntu.com /usr/bin/cmake /home/webotpi/ros2_ws/src/my_srv -DAMENT_CMAKE_SYMLINK_INSTALL=1 -DCMAKE_INSTALL_PREFIX=/home/webotpi/ros2_ws/install/my_srv
[0.358s] -- The C compiler identification is GNU 13.3.0
[0.739s] -- The CXX compiler identification is GNU 13.3.0
[0.783s] -- Detecting C compiler ABI info
[0.970s] -- Detecting C compiler ABI info - done
[0.985s] -- Check for working C compiler: /usr/bin/cc - skipped
[0.988s] -- Detecting C compile features
[0.989s] -- Detecting C compile features - done
[1.010s] -- Detecting CXX compiler ABI info
[1.196s] -- Detecting CXX compiler ABI info - done
[1.214s] -- Check for working CXX compiler: /usr/bin/c++ - skipped
[1.214s] -- Detecting CXX compile features
[1.215s] -- Detecting CXX compile features - done
[1.222s] -- Found ament_cmake: 2.5.6 (/opt/ros/jazzy/share/ament_cmake/cmake)
[1.463s] -- Found Python3: /usr/bin/python3 (found version "3.12.3") found components: Interpreter 
[1.611s] -- Override CMake install command with custom implementation using symlinks instead of copying resources
[1.732s] -- Found cv_bridge: 4.1.0 (/opt/ros/jazzy/share/cv_bridge/cmake)
[1.844s] -- Found rosidl_generator_c: 4.6.7 (/opt/ros/jazzy/share/rosidl_generator_c/cmake)
[1.874s] -- Found rosidl_generator_cpp: 4.6.7 (/opt/ros/jazzy/share/rosidl_generator_cpp/cmake)
[1.914s] -- Using all available rosidl_typesupport_c: rosidl_typesupport_fastrtps_c;rosidl_typesupport_introspection_c
[1.956s] -- Using all available rosidl_typesupport_cpp: rosidl_typesupport_fastrtps_cpp;rosidl_typesupport_introspection_cpp
[2.249s] -- Found rmw_implementation_cmake: 7.3.3 (/opt/ros/jazzy/share/rmw_implementation_cmake/cmake)
[2.257s] -- Found rmw_fastrtps_cpp: 8.4.3 (/opt/ros/jazzy/share/rmw_fastrtps_cpp/cmake)
[2.427s] -- Found OpenSSL: /usr/lib/aarch64-linux-gnu/libcrypto.so (found version "3.0.13")  
[2.459s] -- Found FastRTPS: /opt/ros/jazzy/include (Required is at least version "2.13") 
[2.498s] -- Using RMW implementation 'rmw_fastrtps_cpp' as default
[2.661s] -- Found rosbridge_suite: 2.6.0 (/opt/ros/jazzy/share/rosbridge_suite/cmake)
[2.665s] -- Found rosidl_default_generators: 1.6.0 (/opt/ros/jazzy/share/rosidl_default_generators/cmake)
[2.706s] -- Found rosidl_adapter: 4.6.7 (/opt/ros/jazzy/share/rosidl_adapter/cmake)
[3.680s] -- Found ament_cmake_ros: 0.12.0 (/opt/ros/jazzy/share/ament_cmake_ros/cmake)
[4.839s] -- Using all available rosidl_typesupport_c: rosidl_typesupport_fastrtps_c;rosidl_typesupport_introspection_c
[5.290s] -- Using all available rosidl_typesupport_cpp: rosidl_typesupport_fastrtps_cpp;rosidl_typesupport_introspection_cpp
[5.298s] -- Found python_cmake_module: 0.11.1 (/opt/ros/jazzy/share/python_cmake_module/cmake)
[5.511s] -- Found PythonExtra: /usr/bin/python3  
[6.221s] -- Found Python3: /usr/bin/python3 (found version "3.12.3") found components: Interpreter Development NumPy Development.Module Development.Embed 
[6.331s] -- Found Python3: /usr/bin/python3 (found version "3.12.3") found components: Interpreter 
[6.341s] -- Found ament_lint_auto: 0.17.5 (/opt/ros/jazzy/share/ament_lint_auto/cmake)
[6.401s] -- Added test 'flake8' to check Python code syntax and style conventions
[6.401s] -- Configured 'flake8' exclude dirs and/or files: 
[6.403s] -- Added test 'lint_cmake' to check CMake code style
[6.405s] -- Added test 'pep257' to check Python code against some of the docstring style conventions in PEP 257
[6.411s] -- Added test 'xmllint' to check XML markup files
[6.418s] -- Configuring done (6.4s)
[6.478s] -- Generating done (0.0s)
[6.496s] -- Build files have been written to: /home/webotpi/ros2_ws/build/my_srv
[6.525s] Invoked command in '/home/webotpi/ros2_ws/build/my_srv' returned '0': CMAKE_PREFIX_PATH=${CMAKE_PREFIX_PATH}:/home/webotpi/ros2_ws/install/voice_interaction:/home/webotpi/ros2_ws/install/py_pkg:/home/webotpi/ros2_ws/install/my_launch_pkg:/opt/ros/jazzy DEBUGINFOD_URLS=https://debuginfod.ubuntu.com /usr/bin/cmake /home/webotpi/ros2_ws/src/my_srv -DAMENT_CMAKE_SYMLINK_INSTALL=1 -DCMAKE_INSTALL_PREFIX=/home/webotpi/ros2_ws/install/my_srv
[6.527s] Invoking command in '/home/webotpi/ros2_ws/build/my_srv': CMAKE_PREFIX_PATH=${CMAKE_PREFIX_PATH}:/home/webotpi/ros2_ws/install/voice_interaction:/home/webotpi/ros2_ws/install/py_pkg:/home/webotpi/ros2_ws/install/my_launch_pkg:/opt/ros/jazzy DEBUGINFOD_URLS=https://debuginfod.ubuntu.com /usr/bin/cmake --build /home/webotpi/ros2_ws/build/my_srv -- -j4 -l4
[6.622s] [  5%] [34m[1mGenerating Rust code for ROS interfaces[0m
[6.623s] [  5%] [34m[1mGenerating type hashes for ROS interfaces[0m
[6.638s] [  5%] Built target ament_cmake_python_symlink_my_srv
[7.021s] [  5%] Built target my_srv__rosidl_generator_type_description
[7.047s] [  8%] [34m[1mGenerating C code for ROS interfaces[0m
[7.052s] running egg_info
[7.054s] creating my_srv.egg-info
[7.068s] [ 11%] [34m[1mGenerating C++ code for ROS interfaces[0m
[7.097s] writing my_srv.egg-info/PKG-INFO
[7.097s] writing dependency_links to my_srv.egg-info/dependency_links.txt
[7.098s] writing top-level names to my_srv.egg-info/top_level.txt
[7.098s] writing manifest file 'my_srv.egg-info/SOURCES.txt'
[7.137s] [ 11%] Built target my_srv__rs
[7.205s] reading manifest file 'my_srv.egg-info/SOURCES.txt'
[7.206s] writing manifest file 'my_srv.egg-info/SOURCES.txt'
[7.297s] [ 11%] Built target ament_cmake_python_build_my_srv_egg
[7.620s] [ 11%] Built target my_srv__cpp
[7.637s] [ 20%] [32mBuilding C object CMakeFiles/my_srv__rosidl_generator_c.dir/rosidl_generator_c/my_srv/srv/detail/add__type_support.c.o[0m
[7.637s] [ 20%] [32mBuilding C object CMakeFiles/my_srv__rosidl_generator_c.dir/rosidl_generator_c/my_srv/srv/detail/add__functions.c.o[0m
[7.638s] [ 20%] [32mBuilding C object CMakeFiles/my_srv__rosidl_generator_c.dir/rosidl_generator_c/my_srv/srv/detail/add__description.c.o[0m
[7.846s] [ 22%] [32m[1mLinking C shared library libmy_srv__rosidl_generator_c.so[0m
[7.921s] [ 22%] Built target my_srv__rosidl_generator_c
[7.941s] [ 34%] [34m[1mGenerating C++ type support for eProsima Fast-RTPS[0m
[7.944s] [ 34%] [34m[1mGenerating C type support dispatch for ROS interfaces[0m
[7.945s] [ 34%] [34m[1mGenerating C type support for eProsima Fast-RTPS[0m
[7.945s] [ 34%] [34m[1mGenerating C introspection for ROS interfaces[0m
[8.458s] [ 37%] [32mBuilding CXX object CMakeFiles/my_srv__rosidl_typesupport_c.dir/rosidl_typesupport_c/my_srv/srv/add__type_support.cpp.o[0m
[8.525s] [ 40%] [32mBuilding C object CMakeFiles/my_srv__rosidl_typesupport_introspection_c.dir/rosidl_typesupport_introspection_c/my_srv/srv/detail/add__type_support.c.o[0m
[8.601s] [ 42%] [32mBuilding CXX object CMakeFiles/my_srv__rosidl_typesupport_fastrtps_cpp.dir/rosidl_typesupport_fastrtps_cpp/my_srv/srv/detail/dds_fastrtps/add__type_support.cpp.o[0m
[8.615s] [ 45%] [32mBuilding CXX object CMakeFiles/my_srv__rosidl_typesupport_fastrtps_c.dir/rosidl_typesupport_fastrtps_c/my_srv/srv/detail/add__type_support_c.cpp.o[0m
[8.628s] [ 48%] [32m[1mLinking CXX shared library libmy_srv__rosidl_typesupport_c.so[0m
[8.656s] [ 51%] [32m[1mLinking C shared library libmy_srv__rosidl_typesupport_introspection_c.so[0m
[8.713s] [ 51%] Built target my_srv__rosidl_typesupport_c
[8.725s] [ 51%] Built target my_srv__rosidl_typesupport_introspection_c
[8.737s] [ 54%] [34m[1mGenerating C++ introspection for ROS interfaces[0m
[8.745s] [ 57%] [34m[1mGenerating C++ type support dispatch for ROS interfaces[0m
[9.280s] [ 60%] [32mBuilding CXX object CMakeFiles/my_srv__rosidl_typesupport_cpp.dir/rosidl_typesupport_cpp/my_srv/srv/add__type_support.cpp.o[0m
[9.335s] [ 62%] [32mBuilding CXX object CMakeFiles/my_srv__rosidl_typesupport_introspection_cpp.dir/rosidl_typesupport_introspection_cpp/my_srv/srv/detail/add__type_support.cpp.o[0m
[9.903s] [ 65%] [32m[1mLinking CXX shared library libmy_srv__rosidl_typesupport_fastrtps_c.so[0m
[10.139s] [ 65%] Built target my_srv__rosidl_typesupport_fastrtps_c
[10.228s] [ 68%] [32m[1mLinking CXX shared library libmy_srv__rosidl_typesupport_fastrtps_cpp.so[0m
[10.233s] [ 71%] [32m[1mLinking CXX shared library libmy_srv__rosidl_typesupport_cpp.so[0m
[10.345s] [ 74%] [32m[1mLinking CXX shared library libmy_srv__rosidl_typesupport_introspection_cpp.so[0m
[10.474s] [ 74%] Built target my_srv__rosidl_typesupport_cpp
[10.478s] [ 74%] Built target my_srv__rosidl_typesupport_fastrtps_cpp
[10.535s] [ 74%] Built target my_srv__rosidl_typesupport_introspection_cpp
[10.572s] [ 74%] Built target my_srv
[10.607s] [ 77%] [34m[1mGenerating Python code for ROS interfaces[0m
[11.230s] [ 77%] Built target my_srv__py
[11.264s] [ 80%] [32mBuilding C object CMakeFiles/my_srv__rosidl_generator_py.dir/rosidl_generator_py/my_srv/srv/_add_s.c.o[0m
[11.614s] [ 82%] [32m[1mLinking C shared library libmy_srv__rosidl_generator_py.so[0m
[11.693s] [ 82%] Built target my_srv__rosidl_generator_py
[11.732s] [ 91%] [32mBuilding C object CMakeFiles/my_srv_s__rosidl_typesupport_c.dir/rosidl_generator_py/my_srv/_my_srv_s.ep.rosidl_typesupport_c.c.o[0m
[11.732s] [ 91%] [32mBuilding C object CMakeFiles/my_srv_s__rosidl_typesupport_fastrtps_c.dir/rosidl_generator_py/my_srv/_my_srv_s.ep.rosidl_typesupport_fastrtps_c.c.o[0m
[11.732s] [ 91%] [32mBuilding C object CMakeFiles/my_srv_s__rosidl_typesupport_introspection_c.dir/rosidl_generator_py/my_srv/_my_srv_s.ep.rosidl_typesupport_introspection_c.c.o[0m
[11.925s] [ 94%] [32m[1mLinking C shared module rosidl_generator_py/my_srv/my_srv_s__rosidl_typesupport_c.so[0m
[11.926s] [ 97%] [32m[1mLinking C shared module rosidl_generator_py/my_srv/my_srv_s__rosidl_typesupport_introspection_c.so[0m
[11.932s] [100%] [32m[1mLinking C shared module rosidl_generator_py/my_srv/my_srv_s__rosidl_typesupport_fastrtps_c.so[0m
[11.987s] [100%] Built target my_srv_s__rosidl_typesupport_introspection_c
[11.987s] [100%] Built target my_srv_s__rosidl_typesupport_c
[11.996s] [100%] Built target my_srv_s__rosidl_typesupport_fastrtps_c
[12.018s] Invoked command in '/home/webotpi/ros2_ws/build/my_srv' returned '0': CMAKE_PREFIX_PATH=${CMAKE_PREFIX_PATH}:/home/webotpi/ros2_ws/install/voice_interaction:/home/webotpi/ros2_ws/install/py_pkg:/home/webotpi/ros2_ws/install/my_launch_pkg:/opt/ros/jazzy DEBUGINFOD_URLS=https://debuginfod.ubuntu.com /usr/bin/cmake --build /home/webotpi/ros2_ws/build/my_srv -- -j4 -l4
[12.036s] Invoking command in '/home/webotpi/ros2_ws/build/my_srv': CMAKE_PREFIX_PATH=${CMAKE_PREFIX_PATH}:/home/webotpi/ros2_ws/install/voice_interaction:/home/webotpi/ros2_ws/install/py_pkg:/home/webotpi/ros2_ws/install/my_launch_pkg:/opt/ros/jazzy DEBUGINFOD_URLS=https://debuginfod.ubuntu.com /usr/bin/cmake --install /home/webotpi/ros2_ws/build/my_srv
[12.050s] -- Install configuration: ""
[12.051s] -- Execute custom install script
[12.051s] -- Symlinking: /home/webotpi/ros2_ws/install/my_srv/share/ament_index/resource_index/rosidl_interfaces/my_srv
[12.068s] -- Symlinking: /home/webotpi/ros2_ws/install/my_srv/share/my_srv/srv/Add.json
[12.085s] -- Symlinking: /home/webotpi/ros2_ws/install/my_srv/include/my_srv/my_srv/msg/rosidl_generator_c__visibility_control.h
[12.102s] -- Symlinking: /home/webotpi/ros2_ws/install/my_srv/include/my_srv/my_srv/srv/add.h
[12.119s] -- Symlinking: /home/webotpi/ros2_ws/install/my_srv/include/my_srv/my_srv/srv/detail/add__functions.h
[12.135s] -- Symlinking: /home/webotpi/ros2_ws/install/my_srv/include/my_srv/my_srv/srv/detail/add__struct.h
[12.152s] -- Symlinking: /home/webotpi/ros2_ws/install/my_srv/include/my_srv/my_srv/srv/detail/add__type_support.h
[12.168s] -- Symlinking: /home/webotpi/ros2_ws/install/my_srv/share/my_srv/environment/library_path.sh
[12.185s] -- Symlinking: /home/webotpi/ros2_ws/install/my_srv/share/my_srv/environment/library_path.dsv
[12.202s] -- Symlinking: /home/webotpi/ros2_ws/install/my_srv/include/my_srv/my_srv/msg/rosidl_typesupport_fastrtps_c__visibility_control.h
[12.218s] -- Symlinking: /home/webotpi/ros2_ws/install/my_srv/include/my_srv/my_srv/srv/detail/add__rosidl_typesupport_fastrtps_c.h
[12.235s] -- Symlinking: /home/webotpi/ros2_ws/install/my_srv/include/my_srv/my_srv/msg/rosidl_generator_cpp__visibility_control.hpp
[12.251s] -- Symlinking: /home/webotpi/ros2_ws/install/my_srv/include/my_srv/my_srv/srv/add.hpp
[12.267s] -- Symlinking: /home/webotpi/ros2_ws/install/my_srv/include/my_srv/my_srv/srv/detail/add__builder.hpp
[12.284s] -- Symlinking: /home/webotpi/ros2_ws/install/my_srv/include/my_srv/my_srv/srv/detail/add__struct.hpp
[12.300s] -- Symlinking: /home/webotpi/ros2_ws/install/my_srv/include/my_srv/my_srv/srv/detail/add__traits.hpp
[12.316s] -- Symlinking: /home/webotpi/ros2_ws/install/my_srv/include/my_srv/my_srv/srv/detail/add__type_support.hpp
[12.333s] -- Symlinking: /home/webotpi/ros2_ws/install/my_srv/include/my_srv/my_srv/msg/rosidl_typesupport_fastrtps_cpp__visibility_control.h
[12.350s] -- Symlinking: /home/webotpi/ros2_ws/install/my_srv/include/my_srv/my_srv/srv/detail/add__rosidl_typesupport_fastrtps_cpp.hpp
[12.367s] -- Symlinking: /home/webotpi/ros2_ws/install/my_srv/include/my_srv/my_srv/msg/rosidl_typesupport_introspection_c__visibility_control.h
[12.384s] -- Symlinking: /home/webotpi/ros2_ws/install/my_srv/include/my_srv/my_srv/srv/detail/add__rosidl_typesupport_introspection_c.h
[12.401s] -- Symlinking: /home/webotpi/ros2_ws/install/my_srv/include/my_srv/my_srv/srv/detail/add__rosidl_typesupport_introspection_cpp.hpp
[12.417s] -- Symlinking: /home/webotpi/ros2_ws/install/my_srv/share/my_srv/environment/pythonpath.sh
[12.433s] -- Symlinking: /home/webotpi/ros2_ws/install/my_srv/share/my_srv/environment/pythonpath.dsv
[12.451s] -- Symlinking: /home/webotpi/ros2_ws/install/my_srv/lib/python3.12/site-packages/my_srv-0.0.0-py3.12.egg-info/PKG-INFO
[12.467s] -- Symlinking: /home/webotpi/ros2_ws/install/my_srv/lib/python3.12/site-packages/my_srv-0.0.0-py3.12.egg-info/SOURCES.txt
[12.484s] -- Symlinking: /home/webotpi/ros2_ws/install/my_srv/lib/python3.12/site-packages/my_srv-0.0.0-py3.12.egg-info/dependency_links.txt
[12.500s] -- Symlinking: /home/webotpi/ros2_ws/install/my_srv/lib/python3.12/site-packages/my_srv-0.0.0-py3.12.egg-info/top_level.txt
[12.517s] -- Symlinking: /home/webotpi/ros2_ws/install/my_srv/lib/python3.12/site-packages/my_srv/__init__.py
[12.534s] -- Symlinking: /home/webotpi/ros2_ws/install/my_srv/lib/python3.12/site-packages/my_srv/_my_srv_s.ep.rosidl_typesupport_c.c
[12.550s] -- Symlinking: /home/webotpi/ros2_ws/install/my_srv/lib/python3.12/site-packages/my_srv/_my_srv_s.ep.rosidl_typesupport_fastrtps_c.c
[12.567s] -- Symlinking: /home/webotpi/ros2_ws/install/my_srv/lib/python3.12/site-packages/my_srv/_my_srv_s.ep.rosidl_typesupport_introspection_c.c
[12.583s] -- Symlinking: /home/webotpi/ros2_ws/install/my_srv/lib/python3.12/site-packages/my_srv/my_srv_s__rosidl_typesupport_c.so
[12.599s] -- Symlinking: /home/webotpi/ros2_ws/install/my_srv/lib/python3.12/site-packages/my_srv/my_srv_s__rosidl_typesupport_fastrtps_c.so
[12.616s] -- Symlinking: /home/webotpi/ros2_ws/install/my_srv/lib/python3.12/site-packages/my_srv/my_srv_s__rosidl_typesupport_introspection_c.so
[12.633s] -- Symlinking: /home/webotpi/ros2_ws/install/my_srv/lib/python3.12/site-packages/my_srv/srv/__init__.py
[12.650s] -- Symlinking: /home/webotpi/ros2_ws/install/my_srv/lib/python3.12/site-packages/my_srv/srv/_add.py
[12.667s] -- Symlinking: /home/webotpi/ros2_ws/install/my_srv/lib/python3.12/site-packages/my_srv/srv/_add_s.c
[12.684s] -- Up-to-date symlink: /home/webotpi/ros2_ws/install/my_srv/lib/python3.12/site-packages/my_srv/my_srv_s__rosidl_typesupport_fastrtps_c.so
[12.684s] -- Up-to-date symlink: /home/webotpi/ros2_ws/install/my_srv/lib/python3.12/site-packages/my_srv/my_srv_s__rosidl_typesupport_introspection_c.so
[12.685s] -- Up-to-date symlink: /home/webotpi/ros2_ws/install/my_srv/lib/python3.12/site-packages/my_srv/my_srv_s__rosidl_typesupport_c.so
[12.685s] -- Symlinking: /home/webotpi/ros2_ws/install/my_srv/share/ament_index/resource_index/rust_packages/my_srv
[12.703s] -- Symlinking: /home/webotpi/ros2_ws/install/my_srv/share/my_srv/rust/Cargo.toml
[12.720s] -- Symlinking: /home/webotpi/ros2_ws/install/my_srv/share/my_srv/rust/build.rs
[12.736s] -- Symlinking: /home/webotpi/ros2_ws/install/my_srv/share/my_srv/rust/src/lib.rs
[12.753s] -- Symlinking: /home/webotpi/ros2_ws/install/my_srv/share/my_srv/rust/src/srv.rs
[12.769s] -- Symlinking: /home/webotpi/ros2_ws/install/my_srv/share/my_srv/rust/src/srv/rmw.rs
[12.786s] -- Symlinking: /home/webotpi/ros2_ws/install/my_srv/share/my_srv/srv/Add.idl
[12.803s] -- Symlinking: /home/webotpi/ros2_ws/install/my_srv/share/my_srv/srv/Add.srv
[12.820s] -- Symlinking: /home/webotpi/ros2_ws/install/my_srv/lib/my_srv/arm_fk.py
[12.837s] -- Symlinking: /home/webotpi/ros2_ws/install/my_srv/lib/my_srv/arm_rviz_bridge.py
[12.852s] -- Symlinking: /home/webotpi/ros2_ws/install/my_srv/lib/my_srv/arm_teach.py
[12.869s] -- Symlinking: /home/webotpi/ros2_ws/install/my_srv/lib/my_srv/asr_node.py
[12.887s] -- Symlinking: /home/webotpi/ros2_ws/install/my_srv/lib/my_srv/color_set_node.py
[12.903s] -- Symlinking: /home/webotpi/ros2_ws/install/my_srv/lib/my_srv/color_sorting_node.py
[12.921s] -- Symlinking: /home/webotpi/ros2_ws/install/my_srv/lib/my_srv/color_stack_node.py
[12.938s] -- Symlinking: /home/webotpi/ros2_ws/install/my_srv/lib/my_srv/color_track_node.py
[12.954s] -- Symlinking: /home/webotpi/ros2_ws/install/my_srv/lib/my_srv/depth_arm.launch.py
[12.971s] -- Symlinking: /home/webotpi/ros2_ws/install/my_srv/lib/my_srv/depth_color_sorting_node.py
[12.987s] -- Symlinking: /home/webotpi/ros2_ws/install/my_srv/lib/my_srv/depth_color_stack_node.py
[13.004s] -- Symlinking: /home/webotpi/ros2_ws/install/my_srv/lib/my_srv/depth_color_track_node.py
[13.021s] -- Symlinking: /home/webotpi/ros2_ws/install/my_srv/lib/my_srv/depth_distance_node.py
[13.038s] -- Symlinking: /home/webotpi/ros2_ws/install/my_srv/lib/my_srv/depth_label_sorting_node.py
[13.055s] -- Symlinking: /home/webotpi/ros2_ws/install/my_srv/lib/my_srv/depth_label_stack_node.py
[13.073s] -- Symlinking: /home/webotpi/ros2_ws/install/my_srv/lib/my_srv/depth_label_track_node.py
[13.089s] -- Symlinking: /home/webotpi/ros2_ws/install/my_srv/lib/my_srv/depth_num_sorting_node.py
[13.106s] -- Symlinking: /home/webotpi/ros2_ws/install/my_srv/lib/my_srv/depth_num_stack_node.py
[13.123s] -- Symlinking: /home/webotpi/ros2_ws/install/my_srv/lib/my_srv/depth_num_track_node.py
[13.138s] -- Symlinking: /home/webotpi/ros2_ws/install/my_srv/lib/my_srv/depth_utils.py
[13.156s] -- Symlinking: /home/webotpi/ros2_ws/install/my_srv/lib/my_srv/diagnose_hand_eye.py
[13.172s] -- Symlinking: /home/webotpi/ros2_ws/install/my_srv/lib/my_srv/eye_in_hand_calib_node.py
[13.189s] -- Symlinking: /home/webotpi/ros2_ws/install/my_srv/lib/my_srv/face_track_node.py
[13.206s] -- Symlinking: /home/webotpi/ros2_ws/install/my_srv/lib/my_srv/glove_node.py
[13.221s] -- Symlinking: /home/webotpi/ros2_ws/install/my_srv/lib/my_srv/hand_gesture_arm_node.py
[13.238s] -- Symlinking: /home/webotpi/ros2_ws/install/my_srv/lib/my_srv/joy_arm_node.py
[13.253s] -- Symlinking: /home/webotpi/ros2_ws/install/my_srv/lib/my_srv/lab_tuner.py
[13.271s] -- Symlinking: /home/webotpi/ros2_ws/install/my_srv/lib/my_srv/label_sorting_node.py
[13.286s] -- Symlinking: /home/webotpi/ros2_ws/install/my_srv/lib/my_srv/label_stack_node.py
[13.304s] -- Symlinking: /home/webotpi/ros2_ws/install/my_srv/lib/my_srv/label_track_node.py
[13.320s] -- Symlinking: /home/webotpi/ros2_ws/install/my_srv/lib/my_srv/num_sorting_node.py
[13.336s] -- Symlinking: /home/webotpi/ros2_ws/install/my_srv/lib/my_srv/num_stack_node.py
[13.352s] -- Symlinking: /home/webotpi/ros2_ws/install/my_srv/lib/my_srv/num_track_node.py
[13.368s] -- Symlinking: /home/webotpi/ros2_ws/install/my_srv/lib/my_srv/servo_node.py
[13.385s] -- Symlinking: /home/webotpi/ros2_ws/install/my_srv/lib/my_srv/test.py
[13.401s] -- Symlinking: /home/webotpi/ros2_ws/install/my_srv/lib/my_srv/z_move.py
[13.418s] -- Symlinking: /home/webotpi/ros2_ws/install/my_srv/lib/my_srv/z_uart.py
[13.435s] -- Symlinking: /home/webotpi/ros2_ws/install/my_srv/share/my_srv/launch/depth_arm.launch.py
[13.451s] -- Symlinking: /home/webotpi/ros2_ws/install/my_srv/share/my_srv/launch/function.launch.py
[13.467s] -- Symlinking: /home/webotpi/ros2_ws/install/my_srv/share/my_srv/launch/slave.launch.py
[13.484s] -- Symlinking: /home/webotpi/ros2_ws/install/my_srv/share/my_srv/web/index.html
[13.501s] -- Symlinking: /home/webotpi/ros2_ws/install/my_srv/share/ament_index/resource_index/package_run_dependencies/my_srv
[13.517s] -- Symlinking: /home/webotpi/ros2_ws/install/my_srv/share/ament_index/resource_index/parent_prefix_path/my_srv
[13.533s] -- Symlinking: /home/webotpi/ros2_ws/install/my_srv/share/my_srv/environment/ament_prefix_path.sh
[13.550s] -- Symlinking: /home/webotpi/ros2_ws/install/my_srv/share/my_srv/environment/ament_prefix_path.dsv
[13.566s] -- Symlinking: /home/webotpi/ros2_ws/install/my_srv/share/my_srv/environment/path.sh
[13.583s] -- Symlinking: /home/webotpi/ros2_ws/install/my_srv/share/my_srv/environment/path.dsv
[13.598s] -- Symlinking: /home/webotpi/ros2_ws/install/my_srv/share/my_srv/local_setup.bash
[13.615s] -- Symlinking: /home/webotpi/ros2_ws/install/my_srv/share/my_srv/local_setup.sh
[13.631s] -- Symlinking: /home/webotpi/ros2_ws/install/my_srv/share/my_srv/local_setup.zsh
[13.647s] -- Symlinking: /home/webotpi/ros2_ws/install/my_srv/share/my_srv/local_setup.dsv
[13.664s] -- Symlinking: /home/webotpi/ros2_ws/install/my_srv/share/my_srv/package.dsv
[13.680s] -- Symlinking: /home/webotpi/ros2_ws/install/my_srv/share/ament_index/resource_index/packages/my_srv
[13.697s] -- Symlinking: /home/webotpi/ros2_ws/install/my_srv/share/my_srv/cmake/rosidl_cmake-extras.cmake
[13.713s] -- Symlinking: /home/webotpi/ros2_ws/install/my_srv/share/my_srv/cmake/ament_cmake_export_dependencies-extras.cmake
[13.729s] -- Symlinking: /home/webotpi/ros2_ws/install/my_srv/share/my_srv/cmake/ament_cmake_export_include_directories-extras.cmake
[13.747s] -- Symlinking: /home/webotpi/ros2_ws/install/my_srv/share/my_srv/cmake/ament_cmake_export_libraries-extras.cmake
[13.764s] -- Symlinking: /home/webotpi/ros2_ws/install/my_srv/share/my_srv/cmake/ament_cmake_export_targets-extras.cmake
[13.781s] -- Symlinking: /home/webotpi/ros2_ws/install/my_srv/share/my_srv/cmake/rosidl_cmake_export_typesupport_targets-extras.cmake
[13.799s] -- Symlinking: /home/webotpi/ros2_ws/install/my_srv/share/my_srv/cmake/rosidl_cmake_export_typesupport_libraries-extras.cmake
[13.815s] -- Symlinking: /home/webotpi/ros2_ws/install/my_srv/share/my_srv/cmake/my_srvConfig.cmake
[13.832s] -- Symlinking: /home/webotpi/ros2_ws/install/my_srv/share/my_srv/cmake/my_srvConfig-version.cmake
[13.849s] -- Symlinking: /home/webotpi/ros2_ws/install/my_srv/share/my_srv/package.xml
[13.865s] -- Installing: /home/webotpi/ros2_ws/install/my_srv/lib/libmy_srv__rosidl_generator_c.so
[13.866s] -- Set non-toolchain portion of runtime path of "/home/webotpi/ros2_ws/install/my_srv/lib/libmy_srv__rosidl_generator_c.so" to ""
[13.866s] -- Installing: /home/webotpi/ros2_ws/install/my_srv/lib/libmy_srv__rosidl_typesupport_fastrtps_c.so
[13.867s] -- Set non-toolchain portion of runtime path of "/home/webotpi/ros2_ws/install/my_srv/lib/libmy_srv__rosidl_typesupport_fastrtps_c.so" to ""
[13.867s] -- Installing: /home/webotpi/ros2_ws/install/my_srv/lib/libmy_srv__rosidl_typesupport_fastrtps_cpp.so
[13.868s] -- Set non-toolchain portion of runtime path of "/home/webotpi/ros2_ws/install/my_srv/lib/libmy_srv__rosidl_typesupport_fastrtps_cpp.so" to ""
[13.868s] -- Installing: /home/webotpi/ros2_ws/install/my_srv/lib/libmy_srv__rosidl_typesupport_introspection_c.so
[13.869s] -- Set non-toolchain portion of runtime path of "/home/webotpi/ros2_ws/install/my_srv/lib/libmy_srv__rosidl_typesupport_introspection_c.so" to ""
[13.869s] -- Installing: /home/webotpi/ros2_ws/install/my_srv/lib/libmy_srv__rosidl_typesupport_c.so
[13.870s] -- Set non-toolchain portion of runtime path of "/home/webotpi/ros2_ws/install/my_srv/lib/libmy_srv__rosidl_typesupport_c.so" to ""
[13.870s] -- Installing: /home/webotpi/ros2_ws/install/my_srv/lib/libmy_srv__rosidl_typesupport_introspection_cpp.so
[13.871s] -- Set non-toolchain portion of runtime path of "/home/webotpi/ros2_ws/install/my_srv/lib/libmy_srv__rosidl_typesupport_introspection_cpp.so" to ""
[13.871s] -- Installing: /home/webotpi/ros2_ws/install/my_srv/lib/libmy_srv__rosidl_typesupport_cpp.so
[13.872s] -- Set non-toolchain portion of runtime path of "/home/webotpi/ros2_ws/install/my_srv/lib/libmy_srv__rosidl_typesupport_cpp.so" to ""
[13.934s] Listing '/home/webotpi/ros2_ws/install/my_srv/lib/python3.12/site-packages/my_srv'...
[13.934s] Compiling '/home/webotpi/ros2_ws/install/my_srv/lib/python3.12/site-packages/my_srv/__init__.py'...
[13.934s] Listing '/home/webotpi/ros2_ws/install/my_srv/lib/python3.12/site-packages/my_srv/srv'...
[13.934s] Compiling '/home/webotpi/ros2_ws/install/my_srv/lib/python3.12/site-packages/my_srv/srv/__init__.py'...
[13.935s] Compiling '/home/webotpi/ros2_ws/install/my_srv/lib/python3.12/site-packages/my_srv/srv/_add.py'...
[13.947s] -- Installing: /home/webotpi/ros2_ws/install/my_srv/lib/libmy_srv__rosidl_generator_py.so
[13.948s] -- Set non-toolchain portion of runtime path of "/home/webotpi/ros2_ws/install/my_srv/lib/libmy_srv__rosidl_generator_py.so" to ""
[13.948s] -- Installing: /home/webotpi/ros2_ws/install/my_srv/share/my_srv/cmake/export_my_srv__rosidl_generator_cExport.cmake
[13.948s] -- Installing: /home/webotpi/ros2_ws/install/my_srv/share/my_srv/cmake/export_my_srv__rosidl_generator_cExport-noconfig.cmake
[13.948s] -- Installing: /home/webotpi/ros2_ws/install/my_srv/share/my_srv/cmake/export_my_srv__rosidl_typesupport_fastrtps_cExport.cmake
[13.949s] -- Installing: /home/webotpi/ros2_ws/install/my_srv/share/my_srv/cmake/export_my_srv__rosidl_typesupport_fastrtps_cExport-noconfig.cmake
[13.949s] -- Installing: /home/webotpi/ros2_ws/install/my_srv/share/my_srv/cmake/export_my_srv__rosidl_generator_cppExport.cmake
[13.949s] -- Installing: /home/webotpi/ros2_ws/install/my_srv/share/my_srv/cmake/export_my_srv__rosidl_typesupport_fastrtps_cppExport.cmake
[13.949s] -- Installing: /home/webotpi/ros2_ws/install/my_srv/share/my_srv/cmake/export_my_srv__rosidl_typesupport_fastrtps_cppExport-noconfig.cmake
[13.949s] -- Installing: /home/webotpi/ros2_ws/install/my_srv/share/my_srv/cmake/my_srv__rosidl_typesupport_introspection_cExport.cmake
[13.950s] -- Installing: /home/webotpi/ros2_ws/install/my_srv/share/my_srv/cmake/my_srv__rosidl_typesupport_introspection_cExport-noconfig.cmake
[13.950s] -- Installing: /home/webotpi/ros2_ws/install/my_srv/share/my_srv/cmake/my_srv__rosidl_typesupport_cExport.cmake
[13.950s] -- Installing: /home/webotpi/ros2_ws/install/my_srv/share/my_srv/cmake/my_srv__rosidl_typesupport_cExport-noconfig.cmake
[13.950s] -- Installing: /home/webotpi/ros2_ws/install/my_srv/share/my_srv/cmake/my_srv__rosidl_typesupport_introspection_cppExport.cmake
[13.951s] -- Installing: /home/webotpi/ros2_ws/install/my_srv/share/my_srv/cmake/my_srv__rosidl_typesupport_introspection_cppExport-noconfig.cmake
[13.951s] -- Installing: /home/webotpi/ros2_ws/install/my_srv/share/my_srv/cmake/my_srv__rosidl_typesupport_cppExport.cmake
[13.951s] -- Installing: /home/webotpi/ros2_ws/install/my_srv/share/my_srv/cmake/my_srv__rosidl_typesupport_cppExport-noconfig.cmake
[13.951s] -- Installing: /home/webotpi/ros2_ws/install/my_srv/share/my_srv/cmake/export_my_srv__rosidl_generator_pyExport.cmake
[13.951s] -- Installing: /home/webotpi/ros2_ws/install/my_srv/share/my_srv/cmake/export_my_srv__rosidl_generator_pyExport-noconfig.cmake
[13.955s] Invoked command in '/home/webotpi/ros2_ws/build/my_srv' returned '0': CMAKE_PREFIX_PATH=${CMAKE_PREFIX_PATH}:/home/webotpi/ros2_ws/install/voice_interaction:/home/webotpi/ros2_ws/install/py_pkg:/home/webotpi/ros2_ws/install/my_launch_pkg:/opt/ros/jazzy DEBUGINFOD_URLS=https://debuginfod.ubuntu.com /usr/bin/cmake --install /home/webotpi/ros2_ws/build/my_srv
