[0.000000] (-) TimerEvent: {}
[0.000148] (-) JobUnselected: {'identifier': 'deptrum-ros-driver-aurora930'}
[0.000326] (-) JobUnselected: {'identifier': 'my_launch_pkg'}
[0.000411] (-) JobUnselected: {'identifier': 'py_pkg'}
[0.000643] (-) JobUnselected: {'identifier': 'rplidar_ros'}
[0.000797] (my_srv) JobQueued: {'identifier': 'my_srv', 'dependencies': OrderedDict()}
[0.000822] (my_srv) JobStarted: {'identifier': 'my_srv'}
[0.009725] (my_srv) JobProgress: {'identifier': 'my_srv', 'progress': 'cmake'}
[0.010683] (my_srv) JobProgress: {'identifier': 'my_srv', 'progress': 'build'}
[0.011576] (my_srv) Command: {'cmd': ['/usr/bin/cmake', '--build', '/home/webotpi/ros2_ws/build/my_srv', '--', '-j4', '-l4'], 'cwd': '/home/webotpi/ros2_ws/build/my_srv', 'env': OrderedDict({'LANGUAGE': 'zh_CN:en', 'USER': 'webotpi', 'SSH_CLIENT': '192.168.0.111 58690 22', 'LC_TIME': 'zh_CN.UTF-8', 'XDG_SESSION_TYPE': 'tty', 'SHLVL': '1', 'LD_LIBRARY_PATH': '/opt/ros/jazzy/opt/rviz_ogre_vendor/lib:/opt/ros/jazzy/lib/aarch64-linux-gnu:/opt/ros/jazzy/opt/gz_math_vendor/lib:/opt/ros/jazzy/opt/gz_utils_vendor/lib:/opt/ros/jazzy/opt/gz_cmake_vendor/lib:/opt/ros/jazzy/lib', 'HOME': '/home/webotpi', 'OLDPWD': '/home/webotpi', 'ROS_PYTHON_VERSION': '3', 'LC_MONETARY': 'zh_CN.UTF-8', 'DBUS_SESSION_BUS_ADDRESS': 'unix:path=/run/user/1000/bus', 'ROS_DISTRO': 'jazzy', 'LOGNAME': 'webotpi', '_': '/usr/bin/colcon', 'ROS_VERSION': '2', 'XDG_SESSION_CLASS': 'user', 'XDG_SESSION_ID': '232', 'PATH': '/opt/ros/jazzy/bin:/usr/local/sbin:/usr/local/bin:/usr/sbin:/usr/bin:/sbin:/bin:/usr/games:/usr/local/games:/snap/bin', 'PAPERSIZE': 'a4', 'LC_ADDRESS': 'zh_CN.UTF-8', 'XDG_RUNTIME_DIR': '/run/user/1000', 'LANG': 'zh_CN.UTF-8', 'LC_TELEPHONE': 'zh_CN.UTF-8', 'AMENT_PREFIX_PATH': '/opt/ros/jazzy', 'SHELL': '/bin/bash', 'LC_NAME': 'zh_CN.UTF-8', 'LC_MEASUREMENT': 'zh_CN.UTF-8', 'LC_IDENTIFICATION': 'zh_CN.UTF-8', 'ROS_AUTOMATIC_DISCOVERY_RANGE': 'SUBNET', 'PWD': '/home/webotpi/ros2_ws/build/my_srv', 'SSH_CONNECTION': '192.168.0.111 58690 192.168.0.119 22', 'PYTHONPATH': '/opt/ros/jazzy/lib/python3.12/site-packages', 'LC_NUMERIC': 'zh_CN.UTF-8', 'LC_PAPER': 'zh_CN.UTF-8', 'COLCON': '1', 'CMAKE_PREFIX_PATH': '/opt/ros/jazzy/opt/gz_math_vendor:/opt/ros/jazzy/opt/gz_utils_vendor:/opt/ros/jazzy/opt/gz_cmake_vendor:/opt/ros/jazzy'}), 'shell': False}
[0.100697] (-) TimerEvent: {}
[0.103072] (my_srv) StdoutLine: {'line': b'[  5%] Built target my_srv__rs\n'}
[0.103453] (my_srv) StdoutLine: {'line': b'[  5%] Built target my_srv__rosidl_generator_type_description\n'}
[0.121330] (my_srv) StdoutLine: {'line': b'[  5%] Built target ament_cmake_python_copy_my_srv\n'}
[0.139753] (my_srv) StdoutLine: {'line': b'[ 14%] Built target my_srv__cpp\n'}
[0.140198] (my_srv) StdoutLine: {'line': b'[ 22%] Built target my_srv__rosidl_generator_c\n'}
[0.186876] (my_srv) StdoutLine: {'line': b'[ 31%] Built target my_srv__rosidl_typesupport_c\n'}
[0.188819] (my_srv) StdoutLine: {'line': b'[ 40%] Built target my_srv__rosidl_typesupport_introspection_c\n'}
[0.194539] (my_srv) StdoutLine: {'line': b'[ 48%] Built target my_srv__rosidl_typesupport_fastrtps_c\n'}
[0.202726] (-) TimerEvent: {}
[0.235775] (my_srv) StdoutLine: {'line': b'[ 57%] Built target my_srv__rosidl_typesupport_introspection_cpp\n'}
[0.240100] (my_srv) StdoutLine: {'line': b'[ 65%] Built target my_srv__rosidl_typesupport_cpp\n'}
[0.247024] (my_srv) StdoutLine: {'line': b'[ 74%] Built target my_srv__rosidl_typesupport_fastrtps_cpp\n'}
[0.282510] (my_srv) StdoutLine: {'line': b'[ 74%] Built target my_srv\n'}
[0.302817] (-) TimerEvent: {}
[0.318203] (my_srv) StdoutLine: {'line': b'[ 77%] Built target my_srv__py\n'}
[0.355749] (my_srv) StdoutLine: {'line': b'[ 82%] Built target my_srv__rosidl_generator_py\n'}
[0.397902] (my_srv) StdoutLine: {'line': b'[ 88%] Built target my_srv_s__rosidl_typesupport_c\n'}
[0.398166] (my_srv) StdoutLine: {'line': b'[100%] Built target my_srv_s__rosidl_typesupport_fastrtps_c\n'}
[0.398267] (my_srv) StdoutLine: {'line': b'[100%] Built target my_srv_s__rosidl_typesupport_introspection_c\n'}
[0.402881] (-) TimerEvent: {}
[0.484243] (my_srv) StdoutLine: {'line': b'running egg_info\n'}
[0.502980] (-) TimerEvent: {}
[0.510202] (my_srv) StdoutLine: {'line': b'writing my_srv.egg-info/PKG-INFO\n'}
[0.510576] (my_srv) StdoutLine: {'line': b'writing dependency_links to my_srv.egg-info/dependency_links.txt\n'}
[0.513440] (my_srv) StdoutLine: {'line': b'writing top-level names to my_srv.egg-info/top_level.txt\n'}
[0.591655] (my_srv) StdoutLine: {'line': b"reading manifest file 'my_srv.egg-info/SOURCES.txt'\n"}
[0.592356] (my_srv) StdoutLine: {'line': b"writing manifest file 'my_srv.egg-info/SOURCES.txt'\n"}
[0.603100] (-) TimerEvent: {}
[0.665750] (my_srv) StdoutLine: {'line': b'[100%] Built target ament_cmake_python_build_my_srv_egg\n'}
[0.686429] (my_srv) CommandEnded: {'returncode': 0}
[0.687306] (my_srv) JobProgress: {'identifier': 'my_srv', 'progress': 'install'}
[0.703218] (-) TimerEvent: {}
[0.703780] (my_srv) Command: {'cmd': ['/usr/bin/cmake', '--install', '/home/webotpi/ros2_ws/build/my_srv'], 'cwd': '/home/webotpi/ros2_ws/build/my_srv', 'env': OrderedDict({'LANGUAGE': 'zh_CN:en', 'USER': 'webotpi', 'SSH_CLIENT': '192.168.0.111 58690 22', 'LC_TIME': 'zh_CN.UTF-8', 'XDG_SESSION_TYPE': 'tty', 'SHLVL': '1', 'LD_LIBRARY_PATH': '/opt/ros/jazzy/opt/rviz_ogre_vendor/lib:/opt/ros/jazzy/lib/aarch64-linux-gnu:/opt/ros/jazzy/opt/gz_math_vendor/lib:/opt/ros/jazzy/opt/gz_utils_vendor/lib:/opt/ros/jazzy/opt/gz_cmake_vendor/lib:/opt/ros/jazzy/lib', 'HOME': '/home/webotpi', 'OLDPWD': '/home/webotpi', 'ROS_PYTHON_VERSION': '3', 'LC_MONETARY': 'zh_CN.UTF-8', 'DBUS_SESSION_BUS_ADDRESS': 'unix:path=/run/user/1000/bus', 'ROS_DISTRO': 'jazzy', 'LOGNAME': 'webotpi', '_': '/usr/bin/colcon', 'ROS_VERSION': '2', 'XDG_SESSION_CLASS': 'user', 'XDG_SESSION_ID': '232', 'PATH': '/opt/ros/jazzy/bin:/usr/local/sbin:/usr/local/bin:/usr/sbin:/usr/bin:/sbin:/bin:/usr/games:/usr/local/games:/snap/bin', 'PAPERSIZE': 'a4', 'LC_ADDRESS': 'zh_CN.UTF-8', 'XDG_RUNTIME_DIR': '/run/user/1000', 'LANG': 'zh_CN.UTF-8', 'LC_TELEPHONE': 'zh_CN.UTF-8', 'AMENT_PREFIX_PATH': '/opt/ros/jazzy', 'SHELL': '/bin/bash', 'LC_NAME': 'zh_CN.UTF-8', 'LC_MEASUREMENT': 'zh_CN.UTF-8', 'LC_IDENTIFICATION': 'zh_CN.UTF-8', 'ROS_AUTOMATIC_DISCOVERY_RANGE': 'SUBNET', 'PWD': '/home/webotpi/ros2_ws/build/my_srv', 'SSH_CONNECTION': '192.168.0.111 58690 192.168.0.119 22', 'PYTHONPATH': '/opt/ros/jazzy/lib/python3.12/site-packages', 'LC_NUMERIC': 'zh_CN.UTF-8', 'LC_PAPER': 'zh_CN.UTF-8', 'COLCON': '1', 'CMAKE_PREFIX_PATH': '/opt/ros/jazzy/opt/gz_math_vendor:/opt/ros/jazzy/opt/gz_utils_vendor:/opt/ros/jazzy/opt/gz_cmake_vendor:/opt/ros/jazzy'}), 'shell': False}
[0.719095] (my_srv) StdoutLine: {'line': b'-- Install configuration: ""\n'}
[0.719723] (my_srv) StdoutLine: {'line': b'-- Up-to-date: /home/webotpi/ros2_ws/install/my_srv/share/ament_index/resource_index/rosidl_interfaces/my_srv\n'}
[0.719940] (my_srv) StdoutLine: {'line': b'-- Up-to-date: /home/webotpi/ros2_ws/install/my_srv/share/my_srv/srv/Add.json\n'}
[0.720071] (my_srv) StdoutLine: {'line': b'-- Up-to-date: /home/webotpi/ros2_ws/install/my_srv/include/my_srv/my_srv\n'}
[0.720188] (my_srv) StdoutLine: {'line': b'-- Up-to-date: /home/webotpi/ros2_ws/install/my_srv/include/my_srv/my_srv/msg\n'}
[0.720299] (my_srv) StdoutLine: {'line': b'-- Up-to-date: /home/webotpi/ros2_ws/install/my_srv/include/my_srv/my_srv/msg/rosidl_generator_c__visibility_control.h\n'}
[0.720411] (my_srv) StdoutLine: {'line': b'-- Up-to-date: /home/webotpi/ros2_ws/install/my_srv/include/my_srv/my_srv/srv\n'}
[0.720672] (my_srv) StdoutLine: {'line': b'-- Up-to-date: /home/webotpi/ros2_ws/install/my_srv/include/my_srv/my_srv/srv/add.h\n'}
[0.720837] (my_srv) StdoutLine: {'line': b'-- Up-to-date: /home/webotpi/ros2_ws/install/my_srv/include/my_srv/my_srv/srv/detail\n'}
[0.720949] (my_srv) StdoutLine: {'line': b'-- Up-to-date: /home/webotpi/ros2_ws/install/my_srv/include/my_srv/my_srv/srv/detail/add__functions.c\n'}
[0.721038] (my_srv) StdoutLine: {'line': b'-- Up-to-date: /home/webotpi/ros2_ws/install/my_srv/include/my_srv/my_srv/srv/detail/add__type_support.h\n'}
[0.721207] (my_srv) StdoutLine: {'line': b'-- Up-to-date: /home/webotpi/ros2_ws/install/my_srv/include/my_srv/my_srv/srv/detail/add__type_support.c\n'}
[0.721437] (my_srv) StdoutLine: {'line': b'-- Up-to-date: /home/webotpi/ros2_ws/install/my_srv/include/my_srv/my_srv/srv/detail/add__struct.h\n'}
[0.721532] (my_srv) StdoutLine: {'line': b'-- Up-to-date: /home/webotpi/ros2_ws/install/my_srv/include/my_srv/my_srv/srv/detail/add__functions.h\n'}
[0.721930] (my_srv) StdoutLine: {'line': b'-- Up-to-date: /home/webotpi/ros2_ws/install/my_srv/include/my_srv/my_srv/srv/detail/add__description.c\n'}
[0.722056] (my_srv) StdoutLine: {'line': b'-- Up-to-date: /home/webotpi/ros2_ws/install/my_srv/share/my_srv/environment/library_path.sh\n'}
[0.722147] (my_srv) StdoutLine: {'line': b'-- Up-to-date: /home/webotpi/ros2_ws/install/my_srv/share/my_srv/environment/library_path.dsv\n'}
[0.722235] (my_srv) StdoutLine: {'line': b'-- Up-to-date: /home/webotpi/ros2_ws/install/my_srv/lib/libmy_srv__rosidl_generator_c.so\n'}
[0.722321] (my_srv) StdoutLine: {'line': b'-- Up-to-date: /home/webotpi/ros2_ws/install/my_srv/include/my_srv/my_srv\n'}
[0.722407] (my_srv) StdoutLine: {'line': b'-- Up-to-date: /home/webotpi/ros2_ws/install/my_srv/include/my_srv/my_srv/msg\n'}
[0.722493] (my_srv) StdoutLine: {'line': b'-- Up-to-date: /home/webotpi/ros2_ws/install/my_srv/include/my_srv/my_srv/msg/rosidl_typesupport_fastrtps_c__visibility_control.h\n'}
[0.722592] (my_srv) StdoutLine: {'line': b'-- Up-to-date: /home/webotpi/ros2_ws/install/my_srv/include/my_srv/my_srv/srv\n'}
[0.722775] (my_srv) StdoutLine: {'line': b'-- Up-to-date: /home/webotpi/ros2_ws/install/my_srv/include/my_srv/my_srv/srv/detail\n'}
[0.723115] (my_srv) StdoutLine: {'line': b'-- Up-to-date: /home/webotpi/ros2_ws/install/my_srv/include/my_srv/my_srv/srv/detail/add__rosidl_typesupport_fastrtps_c.h\n'}
[0.723213] (my_srv) StdoutLine: {'line': b'-- Up-to-date: /home/webotpi/ros2_ws/install/my_srv/lib/libmy_srv__rosidl_typesupport_fastrtps_c.so\n'}
[0.723308] (my_srv) StdoutLine: {'line': b'-- Up-to-date: /home/webotpi/ros2_ws/install/my_srv/include/my_srv/my_srv\n'}
[0.723394] (my_srv) StdoutLine: {'line': b'-- Up-to-date: /home/webotpi/ros2_ws/install/my_srv/include/my_srv/my_srv/msg\n'}
[0.723476] (my_srv) StdoutLine: {'line': b'-- Up-to-date: /home/webotpi/ros2_ws/install/my_srv/include/my_srv/my_srv/msg/rosidl_generator_cpp__visibility_control.hpp\n'}
[0.723572] (my_srv) StdoutLine: {'line': b'-- Up-to-date: /home/webotpi/ros2_ws/install/my_srv/include/my_srv/my_srv/srv\n'}
[0.723665] (my_srv) StdoutLine: {'line': b'-- Up-to-date: /home/webotpi/ros2_ws/install/my_srv/include/my_srv/my_srv/srv/add.hpp\n'}
[0.723750] (my_srv) StdoutLine: {'line': b'-- Up-to-date: /home/webotpi/ros2_ws/install/my_srv/include/my_srv/my_srv/srv/detail\n'}
[0.723835] (my_srv) StdoutLine: {'line': b'-- Up-to-date: /home/webotpi/ros2_ws/install/my_srv/include/my_srv/my_srv/srv/detail/add__type_support.hpp\n'}
[0.723946] (my_srv) StdoutLine: {'line': b'-- Up-to-date: /home/webotpi/ros2_ws/install/my_srv/include/my_srv/my_srv/srv/detail/add__struct.hpp\n'}
[0.724024] (my_srv) StdoutLine: {'line': b'-- Up-to-date: /home/webotpi/ros2_ws/install/my_srv/include/my_srv/my_srv/srv/detail/add__traits.hpp\n'}
[0.724103] (my_srv) StdoutLine: {'line': b'-- Up-to-date: /home/webotpi/ros2_ws/install/my_srv/include/my_srv/my_srv/srv/detail/add__builder.hpp\n'}
[0.724180] (my_srv) StdoutLine: {'line': b'-- Up-to-date: /home/webotpi/ros2_ws/install/my_srv/include/my_srv/my_srv\n'}
[0.724256] (my_srv) StdoutLine: {'line': b'-- Up-to-date: /home/webotpi/ros2_ws/install/my_srv/include/my_srv/my_srv/msg\n'}
[0.724333] (my_srv) StdoutLine: {'line': b'-- Up-to-date: /home/webotpi/ros2_ws/install/my_srv/include/my_srv/my_srv/msg/rosidl_typesupport_fastrtps_cpp__visibility_control.h\n'}
[0.724409] (my_srv) StdoutLine: {'line': b'-- Up-to-date: /home/webotpi/ros2_ws/install/my_srv/include/my_srv/my_srv/srv\n'}
[0.724485] (my_srv) StdoutLine: {'line': b'-- Up-to-date: /home/webotpi/ros2_ws/install/my_srv/include/my_srv/my_srv/srv/detail\n'}
[0.724569] (my_srv) StdoutLine: {'line': b'-- Up-to-date: /home/webotpi/ros2_ws/install/my_srv/include/my_srv/my_srv/srv/detail/add__rosidl_typesupport_fastrtps_cpp.hpp\n'}
[0.724801] (my_srv) StdoutLine: {'line': b'-- Up-to-date: /home/webotpi/ros2_ws/install/my_srv/include/my_srv/my_srv/srv/detail/dds_fastrtps\n'}
[0.724884] (my_srv) StdoutLine: {'line': b'-- Up-to-date: /home/webotpi/ros2_ws/install/my_srv/lib/libmy_srv__rosidl_typesupport_fastrtps_cpp.so\n'}
[0.724969] (my_srv) StdoutLine: {'line': b'-- Up-to-date: /home/webotpi/ros2_ws/install/my_srv/include/my_srv/my_srv\n'}
[0.725058] (my_srv) StdoutLine: {'line': b'-- Up-to-date: /home/webotpi/ros2_ws/install/my_srv/include/my_srv/my_srv/msg\n'}
[0.725138] (my_srv) StdoutLine: {'line': b'-- Up-to-date: /home/webotpi/ros2_ws/install/my_srv/include/my_srv/my_srv/msg/rosidl_typesupport_introspection_c__visibility_control.h\n'}
[0.725216] (my_srv) StdoutLine: {'line': b'-- Up-to-date: /home/webotpi/ros2_ws/install/my_srv/include/my_srv/my_srv/srv\n'}
[0.725294] (my_srv) StdoutLine: {'line': b'-- Up-to-date: /home/webotpi/ros2_ws/install/my_srv/include/my_srv/my_srv/srv/detail\n'}
[0.725370] (my_srv) StdoutLine: {'line': b'-- Up-to-date: /home/webotpi/ros2_ws/install/my_srv/include/my_srv/my_srv/srv/detail/add__type_support.c\n'}
[0.725446] (my_srv) StdoutLine: {'line': b'-- Up-to-date: /home/webotpi/ros2_ws/install/my_srv/include/my_srv/my_srv/srv/detail/add__rosidl_typesupport_introspection_c.h\n'}
[0.725521] (my_srv) StdoutLine: {'line': b'-- Up-to-date: /home/webotpi/ros2_ws/install/my_srv/lib/libmy_srv__rosidl_typesupport_introspection_c.so\n'}
[0.725615] (my_srv) StdoutLine: {'line': b'-- Up-to-date: /home/webotpi/ros2_ws/install/my_srv/lib/libmy_srv__rosidl_typesupport_c.so\n'}
[0.725698] (my_srv) StdoutLine: {'line': b'-- Up-to-date: /home/webotpi/ros2_ws/install/my_srv/include/my_srv/my_srv\n'}
[0.725774] (my_srv) StdoutLine: {'line': b'-- Up-to-date: /home/webotpi/ros2_ws/install/my_srv/include/my_srv/my_srv/srv\n'}
[0.725849] (my_srv) StdoutLine: {'line': b'-- Up-to-date: /home/webotpi/ros2_ws/install/my_srv/include/my_srv/my_srv/srv/detail\n'}
[0.725932] (my_srv) StdoutLine: {'line': b'-- Up-to-date: /home/webotpi/ros2_ws/install/my_srv/include/my_srv/my_srv/srv/detail/add__type_support.cpp\n'}
[0.726012] (my_srv) StdoutLine: {'line': b'-- Up-to-date: /home/webotpi/ros2_ws/install/my_srv/include/my_srv/my_srv/srv/detail/add__rosidl_typesupport_introspection_cpp.hpp\n'}
[0.726087] (my_srv) StdoutLine: {'line': b'-- Up-to-date: /home/webotpi/ros2_ws/install/my_srv/lib/libmy_srv__rosidl_typesupport_introspection_cpp.so\n'}
[0.726162] (my_srv) StdoutLine: {'line': b'-- Up-to-date: /home/webotpi/ros2_ws/install/my_srv/lib/libmy_srv__rosidl_typesupport_cpp.so\n'}
[0.726394] (my_srv) StdoutLine: {'line': b'-- Up-to-date: /home/webotpi/ros2_ws/install/my_srv/share/my_srv/environment/pythonpath.sh\n'}
[0.726543] (my_srv) StdoutLine: {'line': b'-- Up-to-date: /home/webotpi/ros2_ws/install/my_srv/share/my_srv/environment/pythonpath.dsv\n'}
[0.726679] (my_srv) StdoutLine: {'line': b'-- Up-to-date: /home/webotpi/ros2_ws/install/my_srv/lib/python3.12/site-packages/my_srv-0.0.0-py3.12.egg-info\n'}
[0.726773] (my_srv) StdoutLine: {'line': b'-- Installing: /home/webotpi/ros2_ws/install/my_srv/lib/python3.12/site-packages/my_srv-0.0.0-py3.12.egg-info/top_level.txt\n'}
[0.726856] (my_srv) StdoutLine: {'line': b'-- Installing: /home/webotpi/ros2_ws/install/my_srv/lib/python3.12/site-packages/my_srv-0.0.0-py3.12.egg-info/PKG-INFO\n'}
[0.726936] (my_srv) StdoutLine: {'line': b'-- Installing: /home/webotpi/ros2_ws/install/my_srv/lib/python3.12/site-packages/my_srv-0.0.0-py3.12.egg-info/SOURCES.txt\n'}
[0.727014] (my_srv) StdoutLine: {'line': b'-- Installing: /home/webotpi/ros2_ws/install/my_srv/lib/python3.12/site-packages/my_srv-0.0.0-py3.12.egg-info/dependency_links.txt\n'}
[0.727092] (my_srv) StdoutLine: {'line': b'-- Up-to-date: /home/webotpi/ros2_ws/install/my_srv/lib/python3.12/site-packages/my_srv\n'}
[0.727169] (my_srv) StdoutLine: {'line': b'-- Up-to-date: /home/webotpi/ros2_ws/install/my_srv/lib/python3.12/site-packages/my_srv/_my_srv_s.ep.rosidl_typesupport_c.c\n'}
[0.727259] (my_srv) StdoutLine: {'line': b'-- Up-to-date: /home/webotpi/ros2_ws/install/my_srv/lib/python3.12/site-packages/my_srv/_my_srv_s.ep.rosidl_typesupport_introspection_c.c\n'}
[0.727341] (my_srv) StdoutLine: {'line': b'-- Up-to-date: /home/webotpi/ros2_ws/install/my_srv/lib/python3.12/site-packages/my_srv/my_srv_s__rosidl_typesupport_c.so\n'}
[0.727418] (my_srv) StdoutLine: {'line': b'-- Up-to-date: /home/webotpi/ros2_ws/install/my_srv/lib/python3.12/site-packages/my_srv/__init__.py\n'}
[0.727495] (my_srv) StdoutLine: {'line': b'-- Up-to-date: /home/webotpi/ros2_ws/install/my_srv/lib/python3.12/site-packages/my_srv/srv\n'}
[0.727627] (my_srv) StdoutLine: {'line': b'-- Up-to-date: /home/webotpi/ros2_ws/install/my_srv/lib/python3.12/site-packages/my_srv/srv/__init__.py\n'}
[0.727746] (my_srv) StdoutLine: {'line': b'-- Up-to-date: /home/webotpi/ros2_ws/install/my_srv/lib/python3.12/site-packages/my_srv/srv/_add.py\n'}
[0.727829] (my_srv) StdoutLine: {'line': b'-- Up-to-date: /home/webotpi/ros2_ws/install/my_srv/lib/python3.12/site-packages/my_srv/srv/_add_s.c\n'}
[0.727906] (my_srv) StdoutLine: {'line': b'-- Up-to-date: /home/webotpi/ros2_ws/install/my_srv/lib/python3.12/site-packages/my_srv/_my_srv_s.ep.rosidl_typesupport_fastrtps_c.c\n'}
[0.727983] (my_srv) StdoutLine: {'line': b'-- Up-to-date: /home/webotpi/ros2_ws/install/my_srv/lib/python3.12/site-packages/my_srv/my_srv_s__rosidl_typesupport_fastrtps_c.so\n'}
[0.728063] (my_srv) StdoutLine: {'line': b'-- Up-to-date: /home/webotpi/ros2_ws/install/my_srv/lib/python3.12/site-packages/my_srv/my_srv_s__rosidl_typesupport_introspection_c.so\n'}
[0.776070] (my_srv) StdoutLine: {'line': b"Listing '/home/webotpi/ros2_ws/install/my_srv/lib/python3.12/site-packages/my_srv'...\n"}
[0.776375] (my_srv) StdoutLine: {'line': b"Listing '/home/webotpi/ros2_ws/install/my_srv/lib/python3.12/site-packages/my_srv/srv'...\n"}
[0.787921] (my_srv) StdoutLine: {'line': b'-- Up-to-date: /home/webotpi/ros2_ws/install/my_srv/lib/python3.12/site-packages/my_srv/my_srv_s__rosidl_typesupport_fastrtps_c.so\n'}
[0.788279] (my_srv) StdoutLine: {'line': b'-- Up-to-date: /home/webotpi/ros2_ws/install/my_srv/lib/python3.12/site-packages/my_srv/my_srv_s__rosidl_typesupport_introspection_c.so\n'}
[0.788697] (my_srv) StdoutLine: {'line': b'-- Up-to-date: /home/webotpi/ros2_ws/install/my_srv/lib/python3.12/site-packages/my_srv/my_srv_s__rosidl_typesupport_c.so\n'}
[0.789123] (my_srv) StdoutLine: {'line': b'-- Up-to-date: /home/webotpi/ros2_ws/install/my_srv/lib/libmy_srv__rosidl_generator_py.so\n'}
[0.789413] (my_srv) StdoutLine: {'line': b'-- Up-to-date: /home/webotpi/ros2_ws/install/my_srv/share/ament_index/resource_index/rust_packages/my_srv\n'}
[0.789651] (my_srv) StdoutLine: {'line': b'-- Up-to-date: /home/webotpi/ros2_ws/install/my_srv/share/my_srv/rust\n'}
[0.789756] (my_srv) StdoutLine: {'line': b'-- Up-to-date: /home/webotpi/ros2_ws/install/my_srv/share/my_srv/rust/build.rs\n'}
[0.789840] (my_srv) StdoutLine: {'line': b'-- Up-to-date: /home/webotpi/ros2_ws/install/my_srv/share/my_srv/rust/src\n'}
[0.790155] (my_srv) StdoutLine: {'line': b'-- Up-to-date: /home/webotpi/ros2_ws/install/my_srv/share/my_srv/rust/src/lib.rs\n'}
[0.790261] (my_srv) StdoutLine: {'line': b'-- Up-to-date: /home/webotpi/ros2_ws/install/my_srv/share/my_srv/rust/src/srv\n'}
[0.790349] (my_srv) StdoutLine: {'line': b'-- Up-to-date: /home/webotpi/ros2_ws/install/my_srv/share/my_srv/rust/src/srv/rmw.rs\n'}
[0.790430] (my_srv) StdoutLine: {'line': b'-- Up-to-date: /home/webotpi/ros2_ws/install/my_srv/share/my_srv/rust/src/srv.rs\n'}
[0.790607] (my_srv) StdoutLine: {'line': b'-- Up-to-date: /home/webotpi/ros2_ws/install/my_srv/share/my_srv/rust/Cargo.toml\n'}
[0.790699] (my_srv) StdoutLine: {'line': b'-- Up-to-date: /home/webotpi/ros2_ws/install/my_srv/share/my_srv/srv/Add.idl\n'}
[0.790780] (my_srv) StdoutLine: {'line': b'-- Up-to-date: /home/webotpi/ros2_ws/install/my_srv/share/my_srv/srv/Add.srv\n'}
[0.791016] (my_srv) StdoutLine: {'line': b'-- Up-to-date: /home/webotpi/ros2_ws/install/my_srv/lib/my_srv/arm_fk.py\n'}
[0.791278] (my_srv) StdoutLine: {'line': b'-- Up-to-date: /home/webotpi/ros2_ws/install/my_srv/lib/my_srv/arm_rviz_bridge.py\n'}
[0.791363] (my_srv) StdoutLine: {'line': b'-- Up-to-date: /home/webotpi/ros2_ws/install/my_srv/lib/my_srv/arm_teach.py\n'}
[0.791454] (my_srv) StdoutLine: {'line': b'-- Up-to-date: /home/webotpi/ros2_ws/install/my_srv/lib/my_srv/asr_node.py\n'}
[0.791534] (my_srv) StdoutLine: {'line': b'-- Up-to-date: /home/webotpi/ros2_ws/install/my_srv/lib/my_srv/color_set_node.py\n'}
[0.791630] (my_srv) StdoutLine: {'line': b'-- Up-to-date: /home/webotpi/ros2_ws/install/my_srv/lib/my_srv/color_sorting_node.py\n'}
[0.791712] (my_srv) StdoutLine: {'line': b'-- Up-to-date: /home/webotpi/ros2_ws/install/my_srv/lib/my_srv/color_stack_node.py\n'}
[0.791788] (my_srv) StdoutLine: {'line': b'-- Up-to-date: /home/webotpi/ros2_ws/install/my_srv/lib/my_srv/color_track_node.py\n'}
[0.791865] (my_srv) StdoutLine: {'line': b'-- Up-to-date: /home/webotpi/ros2_ws/install/my_srv/lib/my_srv/depth_arm.launch.py\n'}
[0.791942] (my_srv) StdoutLine: {'line': b'-- Up-to-date: /home/webotpi/ros2_ws/install/my_srv/lib/my_srv/depth_color_sorting_node.py\n'}
[0.792020] (my_srv) StdoutLine: {'line': b'-- Up-to-date: /home/webotpi/ros2_ws/install/my_srv/lib/my_srv/depth_color_stack_node.py\n'}
[0.792102] (my_srv) StdoutLine: {'line': b'-- Up-to-date: /home/webotpi/ros2_ws/install/my_srv/lib/my_srv/depth_color_track_node.py\n'}
[0.792183] (my_srv) StdoutLine: {'line': b'-- Up-to-date: /home/webotpi/ros2_ws/install/my_srv/lib/my_srv/depth_distance_node.py\n'}
[0.792458] (my_srv) StdoutLine: {'line': b'-- Installing: /home/webotpi/ros2_ws/install/my_srv/lib/my_srv/depth_label_sorting_node.py\n'}
[0.792566] (my_srv) StdoutLine: {'line': b'-- Up-to-date: /home/webotpi/ros2_ws/install/my_srv/lib/my_srv/depth_label_stack_node.py\n'}
[0.792791] (my_srv) StdoutLine: {'line': b'-- Up-to-date: /home/webotpi/ros2_ws/install/my_srv/lib/my_srv/depth_label_track_node.py\n'}
[0.792881] (my_srv) StdoutLine: {'line': b'-- Installing: /home/webotpi/ros2_ws/install/my_srv/lib/my_srv/depth_num_sorting_node.py\n'}
[0.793118] (my_srv) StdoutLine: {'line': b'-- Up-to-date: /home/webotpi/ros2_ws/install/my_srv/lib/my_srv/depth_num_stack_node.py\n'}
[0.793202] (my_srv) StdoutLine: {'line': b'-- Up-to-date: /home/webotpi/ros2_ws/install/my_srv/lib/my_srv/depth_num_track_node.py\n'}
[0.793280] (my_srv) StdoutLine: {'line': b'-- Up-to-date: /home/webotpi/ros2_ws/install/my_srv/lib/my_srv/depth_utils.py\n'}
[0.793363] (my_srv) StdoutLine: {'line': b'-- Up-to-date: /home/webotpi/ros2_ws/install/my_srv/lib/my_srv/diagnose_hand_eye.py\n'}
[0.793759] (my_srv) StdoutLine: {'line': b'-- Up-to-date: /home/webotpi/ros2_ws/install/my_srv/lib/my_srv/eye_in_hand_calib_node.py\n'}
[0.794082] (my_srv) StdoutLine: {'line': b'-- Up-to-date: /home/webotpi/ros2_ws/install/my_srv/lib/my_srv/face_track_node.py\n'}
[0.794360] (my_srv) StdoutLine: {'line': b'-- Up-to-date: /home/webotpi/ros2_ws/install/my_srv/lib/my_srv/glove_node.py\n'}
[0.794454] (my_srv) StdoutLine: {'line': b'-- Up-to-date: /home/webotpi/ros2_ws/install/my_srv/lib/my_srv/hand_gesture_arm_node.py\n'}
[0.794541] (my_srv) StdoutLine: {'line': b'-- Up-to-date: /home/webotpi/ros2_ws/install/my_srv/lib/my_srv/joy_arm_node.py\n'}
[0.794664] (my_srv) StdoutLine: {'line': b'-- Up-to-date: /home/webotpi/ros2_ws/install/my_srv/lib/my_srv/lab_tuner.py\n'}
[0.794757] (my_srv) StdoutLine: {'line': b'-- Up-to-date: /home/webotpi/ros2_ws/install/my_srv/lib/my_srv/label_sorting_node.py\n'}
[0.794849] (my_srv) StdoutLine: {'line': b'-- Up-to-date: /home/webotpi/ros2_ws/install/my_srv/lib/my_srv/label_stack_node.py\n'}
[0.794939] (my_srv) StdoutLine: {'line': b'-- Up-to-date: /home/webotpi/ros2_ws/install/my_srv/lib/my_srv/label_track_node.py\n'}
[0.795027] (my_srv) StdoutLine: {'line': b'-- Up-to-date: /home/webotpi/ros2_ws/install/my_srv/lib/my_srv/num_sorting_node.py\n'}
[0.795112] (my_srv) StdoutLine: {'line': b'-- Up-to-date: /home/webotpi/ros2_ws/install/my_srv/lib/my_srv/num_stack_node.py\n'}
[0.795226] (my_srv) StdoutLine: {'line': b'-- Up-to-date: /home/webotpi/ros2_ws/install/my_srv/lib/my_srv/num_track_node.py\n'}
[0.795312] (my_srv) StdoutLine: {'line': b'-- Up-to-date: /home/webotpi/ros2_ws/install/my_srv/lib/my_srv/servo_node.py\n'}
[0.795396] (my_srv) StdoutLine: {'line': b'-- Up-to-date: /home/webotpi/ros2_ws/install/my_srv/lib/my_srv/test.py\n'}
[0.795480] (my_srv) StdoutLine: {'line': b'-- Up-to-date: /home/webotpi/ros2_ws/install/my_srv/lib/my_srv/z_move.py\n'}
[0.795585] (my_srv) StdoutLine: {'line': b'-- Up-to-date: /home/webotpi/ros2_ws/install/my_srv/lib/my_srv/z_uart.py\n'}
[0.795681] (my_srv) StdoutLine: {'line': b'-- Up-to-date: /home/webotpi/ros2_ws/install/my_srv/share/my_srv/launch\n'}
[0.795767] (my_srv) StdoutLine: {'line': b'-- Up-to-date: /home/webotpi/ros2_ws/install/my_srv/share/my_srv/launch/slave.launch.py\n'}
[0.795851] (my_srv) StdoutLine: {'line': b'-- Up-to-date: /home/webotpi/ros2_ws/install/my_srv/share/my_srv/launch/function.launch.py\n'}
[0.795937] (my_srv) StdoutLine: {'line': b'-- Up-to-date: /home/webotpi/ros2_ws/install/my_srv/share/my_srv/launch/depth_arm.launch.py\n'}
[0.796021] (my_srv) StdoutLine: {'line': b'-- Up-to-date: /home/webotpi/ros2_ws/install/my_srv/share/my_srv/web\n'}
[0.796110] (my_srv) StdoutLine: {'line': b'-- Up-to-date: /home/webotpi/ros2_ws/install/my_srv/share/my_srv/web/index.html\n'}
[0.796196] (my_srv) StdoutLine: {'line': b'-- Up-to-date: /home/webotpi/ros2_ws/install/my_srv/share/ament_index/resource_index/package_run_dependencies/my_srv\n'}
[0.796282] (my_srv) StdoutLine: {'line': b'-- Up-to-date: /home/webotpi/ros2_ws/install/my_srv/share/ament_index/resource_index/parent_prefix_path/my_srv\n'}
[0.796367] (my_srv) StdoutLine: {'line': b'-- Up-to-date: /home/webotpi/ros2_ws/install/my_srv/share/my_srv/environment/ament_prefix_path.sh\n'}
[0.796451] (my_srv) StdoutLine: {'line': b'-- Up-to-date: /home/webotpi/ros2_ws/install/my_srv/share/my_srv/environment/ament_prefix_path.dsv\n'}
[0.796549] (my_srv) StdoutLine: {'line': b'-- Up-to-date: /home/webotpi/ros2_ws/install/my_srv/share/my_srv/environment/path.sh\n'}
[0.796688] (my_srv) StdoutLine: {'line': b'-- Up-to-date: /home/webotpi/ros2_ws/install/my_srv/share/my_srv/environment/path.dsv\n'}
[0.796811] (my_srv) StdoutLine: {'line': b'-- Up-to-date: /home/webotpi/ros2_ws/install/my_srv/share/my_srv/local_setup.bash\n'}
[0.796910] (my_srv) StdoutLine: {'line': b'-- Up-to-date: /home/webotpi/ros2_ws/install/my_srv/share/my_srv/local_setup.sh\n'}
[0.796993] (my_srv) StdoutLine: {'line': b'-- Up-to-date: /home/webotpi/ros2_ws/install/my_srv/share/my_srv/local_setup.zsh\n'}
[0.797076] (my_srv) StdoutLine: {'line': b'-- Up-to-date: /home/webotpi/ros2_ws/install/my_srv/share/my_srv/local_setup.dsv\n'}
[0.797158] (my_srv) StdoutLine: {'line': b'-- Installing: /home/webotpi/ros2_ws/install/my_srv/share/my_srv/package.dsv\n'}
[0.797240] (my_srv) StdoutLine: {'line': b'-- Up-to-date: /home/webotpi/ros2_ws/install/my_srv/share/ament_index/resource_index/packages/my_srv\n'}
[0.797476] (my_srv) StdoutLine: {'line': b'-- Up-to-date: /home/webotpi/ros2_ws/install/my_srv/share/my_srv/cmake/export_my_srv__rosidl_generator_cExport.cmake\n'}
[0.797709] (my_srv) StdoutLine: {'line': b'-- Up-to-date: /home/webotpi/ros2_ws/install/my_srv/share/my_srv/cmake/export_my_srv__rosidl_generator_cExport-noconfig.cmake\n'}
[0.798429] (my_srv) StdoutLine: {'line': b'-- Up-to-date: /home/webotpi/ros2_ws/install/my_srv/share/my_srv/cmake/export_my_srv__rosidl_typesupport_fastrtps_cExport.cmake\n'}
[0.798660] (my_srv) StdoutLine: {'line': b'-- Up-to-date: /home/webotpi/ros2_ws/install/my_srv/share/my_srv/cmake/export_my_srv__rosidl_typesupport_fastrtps_cExport-noconfig.cmake\n'}
[0.799001] (my_srv) StdoutLine: {'line': b'-- Up-to-date: /home/webotpi/ros2_ws/install/my_srv/share/my_srv/cmake/export_my_srv__rosidl_generator_cppExport.cmake\n'}
[0.799183] (my_srv) StdoutLine: {'line': b'-- Up-to-date: /home/webotpi/ros2_ws/install/my_srv/share/my_srv/cmake/export_my_srv__rosidl_typesupport_fastrtps_cppExport.cmake\n'}
[0.799573] (my_srv) StdoutLine: {'line': b'-- Up-to-date: /home/webotpi/ros2_ws/install/my_srv/share/my_srv/cmake/export_my_srv__rosidl_typesupport_fastrtps_cppExport-noconfig.cmake\n'}
[0.799790] (my_srv) StdoutLine: {'line': b'-- Up-to-date: /home/webotpi/ros2_ws/install/my_srv/share/my_srv/cmake/my_srv__rosidl_typesupport_introspection_cExport.cmake\n'}
[0.799988] (my_srv) StdoutLine: {'line': b'-- Up-to-date: /home/webotpi/ros2_ws/install/my_srv/share/my_srv/cmake/my_srv__rosidl_typesupport_introspection_cExport-noconfig.cmake\n'}
[0.800141] (my_srv) StdoutLine: {'line': b'-- Up-to-date: /home/webotpi/ros2_ws/install/my_srv/share/my_srv/cmake/my_srv__rosidl_typesupport_cExport.cmake\n'}
[0.800306] (my_srv) StdoutLine: {'line': b'-- Up-to-date: /home/webotpi/ros2_ws/install/my_srv/share/my_srv/cmake/my_srv__rosidl_typesupport_cExport-noconfig.cmake\n'}
[0.800504] (my_srv) StdoutLine: {'line': b'-- Up-to-date: /home/webotpi/ros2_ws/install/my_srv/share/my_srv/cmake/my_srv__rosidl_typesupport_introspection_cppExport.cmake\n'}
[0.800687] (my_srv) StdoutLine: {'line': b'-- Up-to-date: /home/webotpi/ros2_ws/install/my_srv/share/my_srv/cmake/my_srv__rosidl_typesupport_introspection_cppExport-noconfig.cmake\n'}
[0.801049] (my_srv) StdoutLine: {'line': b'-- Up-to-date: /home/webotpi/ros2_ws/install/my_srv/share/my_srv/cmake/my_srv__rosidl_typesupport_cppExport.cmake\n'}
[0.801248] (my_srv) StdoutLine: {'line': b'-- Up-to-date: /home/webotpi/ros2_ws/install/my_srv/share/my_srv/cmake/my_srv__rosidl_typesupport_cppExport-noconfig.cmake\n'}
[0.801423] (my_srv) StdoutLine: {'line': b'-- Up-to-date: /home/webotpi/ros2_ws/install/my_srv/share/my_srv/cmake/export_my_srv__rosidl_generator_pyExport.cmake\n'}
[0.801695] (my_srv) StdoutLine: {'line': b'-- Up-to-date: /home/webotpi/ros2_ws/install/my_srv/share/my_srv/cmake/export_my_srv__rosidl_generator_pyExport-noconfig.cmake\n'}
[0.801872] (my_srv) StdoutLine: {'line': b'-- Up-to-date: /home/webotpi/ros2_ws/install/my_srv/share/my_srv/cmake/rosidl_cmake-extras.cmake\n'}
[0.802132] (my_srv) StdoutLine: {'line': b'-- Up-to-date: /home/webotpi/ros2_ws/install/my_srv/share/my_srv/cmake/ament_cmake_export_dependencies-extras.cmake\n'}
[0.802405] (my_srv) StdoutLine: {'line': b'-- Up-to-date: /home/webotpi/ros2_ws/install/my_srv/share/my_srv/cmake/ament_cmake_export_include_directories-extras.cmake\n'}
[0.802614] (my_srv) StdoutLine: {'line': b'-- Up-to-date: /home/webotpi/ros2_ws/install/my_srv/share/my_srv/cmake/ament_cmake_export_libraries-extras.cmake\n'}
[0.802818] (my_srv) StdoutLine: {'line': b'-- Up-to-date: /home/webotpi/ros2_ws/install/my_srv/share/my_srv/cmake/ament_cmake_export_targets-extras.cmake\n'}
[0.802995] (my_srv) StdoutLine: {'line': b'-- Up-to-date: /home/webotpi/ros2_ws/install/my_srv/share/my_srv/cmake/rosidl_cmake_export_typesupport_targets-extras.cmake\n'}
[0.803165] (my_srv) StdoutLine: {'line': b'-- Up-to-date: /home/webotpi/ros2_ws/install/my_srv/share/my_srv/cmake/rosidl_cmake_export_typesupport_libraries-extras.cmake\n'}
[0.803932] (-) TimerEvent: {}
[0.804092] (my_srv) StdoutLine: {'line': b'-- Up-to-date: /home/webotpi/ros2_ws/install/my_srv/share/my_srv/cmake/my_srvConfig.cmake\n'}
[0.804236] (my_srv) StdoutLine: {'line': b'-- Up-to-date: /home/webotpi/ros2_ws/install/my_srv/share/my_srv/cmake/my_srvConfig-version.cmake\n'}
[0.804799] (my_srv) StdoutLine: {'line': b'-- Up-to-date: /home/webotpi/ros2_ws/install/my_srv/share/my_srv/package.xml\n'}
[0.805234] (my_srv) CommandEnded: {'returncode': 0}
[0.839548] (my_srv) JobEnded: {'identifier': 'my_srv', 'rc': 0}
[0.840278] (-) EventReactorShutdown: {}
