[0.000000] (-) TimerEvent: {}
[0.000149] (-) JobUnselected: {'identifier': 'deptrum-ros-driver-aurora930'}
[0.000336] (-) JobUnselected: {'identifier': 'my_launch_pkg'}
[0.000623] (-) JobUnselected: {'identifier': 'py_pkg'}
[0.000777] (-) JobUnselected: {'identifier': 'rplidar_ros'}
[0.000800] (my_srv) JobQueued: {'identifier': 'my_srv', 'dependencies': OrderedDict()}
[0.000994] (my_srv) JobStarted: {'identifier': 'my_srv'}
[0.018498] (my_srv) JobProgress: {'identifier': 'my_srv', 'progress': 'cmake'}
[0.024401] (my_srv) JobProgress: {'identifier': 'my_srv', 'progress': 'build'}
[0.025366] (my_srv) Command: {'cmd': ['/usr/bin/cmake', '--build', '/home/webotpi/ros2_ws/build/my_srv', '--', '-j4', '-l4'], 'cwd': '/home/webotpi/ros2_ws/build/my_srv', 'env': OrderedDict({'LANGUAGE': 'zh_CN:en', 'USER': 'webotpi', 'SSH_CLIENT': '192.168.0.111 59262 22', 'LC_TIME': 'zh_CN.UTF-8', 'XDG_SESSION_TYPE': 'tty', 'SHLVL': '1', 'LD_LIBRARY_PATH': '/opt/ros/jazzy/opt/rviz_ogre_vendor/lib:/opt/ros/jazzy/lib/aarch64-linux-gnu:/opt/ros/jazzy/opt/gz_math_vendor/lib:/opt/ros/jazzy/opt/gz_utils_vendor/lib:/opt/ros/jazzy/opt/gz_cmake_vendor/lib:/opt/ros/jazzy/lib', 'HOME': '/home/webotpi', 'OLDPWD': '/home/webotpi', 'ROS_PYTHON_VERSION': '3', 'LC_MONETARY': 'zh_CN.UTF-8', 'DBUS_SESSION_BUS_ADDRESS': 'unix:path=/run/user/1000/bus', 'ROS_DISTRO': 'jazzy', 'LOGNAME': 'webotpi', '_': '/usr/bin/colcon', 'ROS_VERSION': '2', 'XDG_SESSION_CLASS': 'user', 'XDG_SESSION_ID': '33', 'PATH': '/opt/ros/jazzy/bin:/usr/local/sbin:/usr/local/bin:/usr/sbin:/usr/bin:/sbin:/bin:/usr/games:/usr/local/games:/snap/bin', 'PAPERSIZE': 'a4', 'LC_ADDRESS': 'zh_CN.UTF-8', 'XDG_RUNTIME_DIR': '/run/user/1000', 'LANG': 'zh_CN.UTF-8', 'LC_TELEPHONE': 'zh_CN.UTF-8', 'AMENT_PREFIX_PATH': '/opt/ros/jazzy', 'SHELL': '/bin/bash', 'LC_NAME': 'zh_CN.UTF-8', 'LC_MEASUREMENT': 'zh_CN.UTF-8', 'LC_IDENTIFICATION': 'zh_CN.UTF-8', 'ROS_AUTOMATIC_DISCOVERY_RANGE': 'SUBNET', 'PWD': '/home/webotpi/ros2_ws/build/my_srv', 'SSH_CONNECTION': '192.168.0.111 59262 192.168.0.119 22', 'PYTHONPATH': '/opt/ros/jazzy/lib/python3.12/site-packages', 'LC_NUMERIC': 'zh_CN.UTF-8', 'LC_PAPER': 'zh_CN.UTF-8', 'COLCON': '1', 'CMAKE_PREFIX_PATH': '/opt/ros/jazzy/opt/gz_math_vendor:/opt/ros/jazzy/opt/gz_utils_vendor:/opt/ros/jazzy/opt/gz_cmake_vendor:/opt/ros/jazzy'}), 'shell': False}
[0.099833] (-) TimerEvent: {}
[0.143870] (my_srv) StdoutLine: {'line': b'[  5%] Built target my_srv__rosidl_generator_type_description\n'}
[0.144242] (my_srv) StdoutLine: {'line': b'[  5%] Built target my_srv__rs\n'}
[0.160809] (my_srv) StdoutLine: {'line': b'[  5%] Built target ament_cmake_python_symlink_my_srv\n'}
[0.194351] (my_srv) StdoutLine: {'line': b'[  8%] Built target my_srv__cpp\n'}
[0.199922] (-) TimerEvent: {}
[0.202872] (my_srv) StdoutLine: {'line': b'[ 22%] Built target my_srv__rosidl_generator_c\n'}
[0.281689] (my_srv) StdoutLine: {'line': b'[ 31%] Built target my_srv__rosidl_typesupport_introspection_c\n'}
[0.282557] (my_srv) StdoutLine: {'line': b'[ 40%] Built target my_srv__rosidl_typesupport_fastrtps_cpp\n'}
[0.288264] (my_srv) StdoutLine: {'line': b'[ 48%] Built target my_srv__rosidl_typesupport_fastrtps_c\n'}
[0.300026] (-) TimerEvent: {}
[0.348245] (my_srv) StdoutLine: {'line': b'[ 57%] Built target my_srv__rosidl_typesupport_c\n'}
[0.359337] (my_srv) StdoutLine: {'line': b'[ 65%] Built target my_srv__rosidl_typesupport_cpp\n'}
[0.361891] (my_srv) StdoutLine: {'line': b'[ 74%] Built target my_srv__rosidl_typesupport_introspection_cpp\n'}
[0.400157] (-) TimerEvent: {}
[0.403433] (my_srv) StdoutLine: {'line': b'[ 74%] Built target my_srv\n'}
[0.453466] (my_srv) StdoutLine: {'line': b'[ 77%] Built target my_srv__py\n'}
[0.500255] (-) TimerEvent: {}
[0.505407] (my_srv) StdoutLine: {'line': b'[ 82%] Built target my_srv__rosidl_generator_py\n'}
[0.568874] (my_srv) StdoutLine: {'line': b'[ 88%] Built target my_srv_s__rosidl_typesupport_fastrtps_c\n'}
[0.573734] (my_srv) StdoutLine: {'line': b'[ 94%] Built target my_srv_s__rosidl_typesupport_c\n'}
[0.577236] (my_srv) StdoutLine: {'line': b'[100%] Built target my_srv_s__rosidl_typesupport_introspection_c\n'}
[0.599206] (my_srv) StdoutLine: {'line': b'running egg_info\n'}
[0.600324] (-) TimerEvent: {}
[0.625343] (my_srv) StdoutLine: {'line': b'writing my_srv.egg-info/PKG-INFO\n'}
[0.625771] (my_srv) StdoutLine: {'line': b'writing dependency_links to my_srv.egg-info/dependency_links.txt\n'}
[0.629968] (my_srv) StdoutLine: {'line': b'writing top-level names to my_srv.egg-info/top_level.txt\n'}
[0.700427] (-) TimerEvent: {}
[0.712033] (my_srv) StdoutLine: {'line': b"reading manifest file 'my_srv.egg-info/SOURCES.txt'\n"}
[0.715273] (my_srv) StdoutLine: {'line': b"writing manifest file 'my_srv.egg-info/SOURCES.txt'\n"}
[0.798714] (my_srv) StdoutLine: {'line': b'[100%] Built target ament_cmake_python_build_my_srv_egg\n'}
[0.800516] (-) TimerEvent: {}
[0.820359] (my_srv) CommandEnded: {'returncode': 0}
[0.824288] (my_srv) JobProgress: {'identifier': 'my_srv', 'progress': 'install'}
[0.844790] (my_srv) Command: {'cmd': ['/usr/bin/cmake', '--install', '/home/webotpi/ros2_ws/build/my_srv'], 'cwd': '/home/webotpi/ros2_ws/build/my_srv', 'env': OrderedDict({'LANGUAGE': 'zh_CN:en', 'USER': 'webotpi', 'SSH_CLIENT': '192.168.0.111 59262 22', 'LC_TIME': 'zh_CN.UTF-8', 'XDG_SESSION_TYPE': 'tty', 'SHLVL': '1', 'LD_LIBRARY_PATH': '/opt/ros/jazzy/opt/rviz_ogre_vendor/lib:/opt/ros/jazzy/lib/aarch64-linux-gnu:/opt/ros/jazzy/opt/gz_math_vendor/lib:/opt/ros/jazzy/opt/gz_utils_vendor/lib:/opt/ros/jazzy/opt/gz_cmake_vendor/lib:/opt/ros/jazzy/lib', 'HOME': '/home/webotpi', 'OLDPWD': '/home/webotpi', 'ROS_PYTHON_VERSION': '3', 'LC_MONETARY': 'zh_CN.UTF-8', 'DBUS_SESSION_BUS_ADDRESS': 'unix:path=/run/user/1000/bus', 'ROS_DISTRO': 'jazzy', 'LOGNAME': 'webotpi', '_': '/usr/bin/colcon', 'ROS_VERSION': '2', 'XDG_SESSION_CLASS': 'user', 'XDG_SESSION_ID': '33', 'PATH': '/opt/ros/jazzy/bin:/usr/local/sbin:/usr/local/bin:/usr/sbin:/usr/bin:/sbin:/bin:/usr/games:/usr/local/games:/snap/bin', 'PAPERSIZE': 'a4', 'LC_ADDRESS': 'zh_CN.UTF-8', 'XDG_RUNTIME_DIR': '/run/user/1000', 'LANG': 'zh_CN.UTF-8', 'LC_TELEPHONE': 'zh_CN.UTF-8', 'AMENT_PREFIX_PATH': '/opt/ros/jazzy', 'SHELL': '/bin/bash', 'LC_NAME': 'zh_CN.UTF-8', 'LC_MEASUREMENT': 'zh_CN.UTF-8', 'LC_IDENTIFICATION': 'zh_CN.UTF-8', 'ROS_AUTOMATIC_DISCOVERY_RANGE': 'SUBNET', 'PWD': '/home/webotpi/ros2_ws/build/my_srv', 'SSH_CONNECTION': '192.168.0.111 59262 192.168.0.119 22', 'PYTHONPATH': '/opt/ros/jazzy/lib/python3.12/site-packages', 'LC_NUMERIC': 'zh_CN.UTF-8', 'LC_PAPER': 'zh_CN.UTF-8', 'COLCON': '1', 'CMAKE_PREFIX_PATH': '/opt/ros/jazzy/opt/gz_math_vendor:/opt/ros/jazzy/opt/gz_utils_vendor:/opt/ros/jazzy/opt/gz_cmake_vendor:/opt/ros/jazzy'}), 'shell': False}
[0.862862] (my_srv) StdoutLine: {'line': b'-- Install configuration: ""\n'}
[0.864457] (my_srv) StdoutLine: {'line': b'-- Execute custom install script\n'}
[0.864821] (my_srv) StdoutLine: {'line': b'-- Up-to-date symlink: /home/webotpi/ros2_ws/install/my_srv/share/ament_index/resource_index/rosidl_interfaces/my_srv\n'}
[0.865067] (my_srv) StdoutLine: {'line': b'-- Up-to-date symlink: /home/webotpi/ros2_ws/install/my_srv/share/my_srv/srv/Add.json\n'}
[0.865665] (my_srv) StdoutLine: {'line': b'-- Up-to-date symlink: /home/webotpi/ros2_ws/install/my_srv/include/my_srv/my_srv/msg/rosidl_generator_c__visibility_control.h\n'}
[0.866689] (my_srv) StdoutLine: {'line': b'-- Up-to-date symlink: /home/webotpi/ros2_ws/install/my_srv/include/my_srv/my_srv/srv/add.h\n'}
[0.866895] (my_srv) StdoutLine: {'line': b'-- Up-to-date symlink: /home/webotpi/ros2_ws/install/my_srv/include/my_srv/my_srv/srv/detail/add__functions.h\n'}
[0.866990] (my_srv) StdoutLine: {'line': b'-- Up-to-date symlink: /home/webotpi/ros2_ws/install/my_srv/include/my_srv/my_srv/srv/detail/add__struct.h\n'}
[0.867074] (my_srv) StdoutLine: {'line': b'-- Up-to-date symlink: /home/webotpi/ros2_ws/install/my_srv/include/my_srv/my_srv/srv/detail/add__type_support.h\n'}
[0.867175] (my_srv) StdoutLine: {'line': b'-- Up-to-date symlink: /home/webotpi/ros2_ws/install/my_srv/share/my_srv/environment/library_path.sh\n'}
[0.867261] (my_srv) StdoutLine: {'line': b'-- Up-to-date symlink: /home/webotpi/ros2_ws/install/my_srv/share/my_srv/environment/library_path.dsv\n'}
[0.869737] (my_srv) StdoutLine: {'line': b'-- Up-to-date symlink: /home/webotpi/ros2_ws/install/my_srv/include/my_srv/my_srv/msg/rosidl_typesupport_fastrtps_c__visibility_control.h\n'}
[0.869878] (my_srv) StdoutLine: {'line': b'-- Up-to-date symlink: /home/webotpi/ros2_ws/install/my_srv/include/my_srv/my_srv/srv/detail/add__rosidl_typesupport_fastrtps_c.h\n'}
[0.869971] (my_srv) StdoutLine: {'line': b'-- Up-to-date symlink: /home/webotpi/ros2_ws/install/my_srv/include/my_srv/my_srv/msg/rosidl_generator_cpp__visibility_control.hpp\n'}
[0.870192] (my_srv) StdoutLine: {'line': b'-- Up-to-date symlink: /home/webotpi/ros2_ws/install/my_srv/include/my_srv/my_srv/srv/add.hpp\n'}
[0.870303] (my_srv) StdoutLine: {'line': b'-- Up-to-date symlink: /home/webotpi/ros2_ws/install/my_srv/include/my_srv/my_srv/srv/detail/add__builder.hpp\n'}
[0.870390] (my_srv) StdoutLine: {'line': b'-- Up-to-date symlink: /home/webotpi/ros2_ws/install/my_srv/include/my_srv/my_srv/srv/detail/add__struct.hpp\n'}
[0.870473] (my_srv) StdoutLine: {'line': b'-- Up-to-date symlink: /home/webotpi/ros2_ws/install/my_srv/include/my_srv/my_srv/srv/detail/add__traits.hpp\n'}
[0.870553] (my_srv) StdoutLine: {'line': b'-- Up-to-date symlink: /home/webotpi/ros2_ws/install/my_srv/include/my_srv/my_srv/srv/detail/add__type_support.hpp\n'}
[0.870685] (my_srv) StdoutLine: {'line': b'-- Up-to-date symlink: /home/webotpi/ros2_ws/install/my_srv/include/my_srv/my_srv/msg/rosidl_typesupport_fastrtps_cpp__visibility_control.h\n'}
[0.870777] (my_srv) StdoutLine: {'line': b'-- Up-to-date symlink: /home/webotpi/ros2_ws/install/my_srv/include/my_srv/my_srv/srv/detail/add__rosidl_typesupport_fastrtps_cpp.hpp\n'}
[0.870865] (my_srv) StdoutLine: {'line': b'-- Up-to-date symlink: /home/webotpi/ros2_ws/install/my_srv/include/my_srv/my_srv/msg/rosidl_typesupport_introspection_c__visibility_control.h\n'}
[0.871106] (my_srv) StdoutLine: {'line': b'-- Up-to-date symlink: /home/webotpi/ros2_ws/install/my_srv/include/my_srv/my_srv/srv/detail/add__rosidl_typesupport_introspection_c.h\n'}
[0.871246] (my_srv) StdoutLine: {'line': b'-- Up-to-date symlink: /home/webotpi/ros2_ws/install/my_srv/include/my_srv/my_srv/srv/detail/add__rosidl_typesupport_introspection_cpp.hpp\n'}
[0.871345] (my_srv) StdoutLine: {'line': b'-- Up-to-date symlink: /home/webotpi/ros2_ws/install/my_srv/share/my_srv/environment/pythonpath.sh\n'}
[0.871445] (my_srv) StdoutLine: {'line': b'-- Up-to-date symlink: /home/webotpi/ros2_ws/install/my_srv/share/my_srv/environment/pythonpath.dsv\n'}
[0.871662] (my_srv) StdoutLine: {'line': b'-- Up-to-date symlink: /home/webotpi/ros2_ws/install/my_srv/lib/python3.12/site-packages/my_srv-0.0.0-py3.12.egg-info/PKG-INFO\n'}
[0.872001] (my_srv) StdoutLine: {'line': b'-- Up-to-date symlink: /home/webotpi/ros2_ws/install/my_srv/lib/python3.12/site-packages/my_srv-0.0.0-py3.12.egg-info/SOURCES.txt\n'}
[0.872114] (my_srv) StdoutLine: {'line': b'-- Up-to-date symlink: /home/webotpi/ros2_ws/install/my_srv/lib/python3.12/site-packages/my_srv-0.0.0-py3.12.egg-info/dependency_links.txt\n'}
[0.872340] (my_srv) StdoutLine: {'line': b'-- Up-to-date symlink: /home/webotpi/ros2_ws/install/my_srv/lib/python3.12/site-packages/my_srv-0.0.0-py3.12.egg-info/top_level.txt\n'}
[0.872910] (my_srv) StdoutLine: {'line': b'-- Up-to-date symlink: /home/webotpi/ros2_ws/install/my_srv/lib/python3.12/site-packages/my_srv/__init__.py\n'}
[0.873225] (my_srv) StdoutLine: {'line': b'-- Up-to-date symlink: /home/webotpi/ros2_ws/install/my_srv/lib/python3.12/site-packages/my_srv/_my_srv_s.ep.rosidl_typesupport_c.c\n'}
[0.873357] (my_srv) StdoutLine: {'line': b'-- Up-to-date symlink: /home/webotpi/ros2_ws/install/my_srv/lib/python3.12/site-packages/my_srv/_my_srv_s.ep.rosidl_typesupport_fastrtps_c.c\n'}
[0.873658] (my_srv) StdoutLine: {'line': b'-- Up-to-date symlink: /home/webotpi/ros2_ws/install/my_srv/lib/python3.12/site-packages/my_srv/_my_srv_s.ep.rosidl_typesupport_introspection_c.c\n'}
[0.873877] (my_srv) StdoutLine: {'line': b'-- Up-to-date symlink: /home/webotpi/ros2_ws/install/my_srv/lib/python3.12/site-packages/my_srv/my_srv_s__rosidl_typesupport_c.so\n'}
[0.874122] (my_srv) StdoutLine: {'line': b'-- Up-to-date symlink: /home/webotpi/ros2_ws/install/my_srv/lib/python3.12/site-packages/my_srv/my_srv_s__rosidl_typesupport_fastrtps_c.so\n'}
[0.874345] (my_srv) StdoutLine: {'line': b'-- Up-to-date symlink: /home/webotpi/ros2_ws/install/my_srv/lib/python3.12/site-packages/my_srv/my_srv_s__rosidl_typesupport_introspection_c.so\n'}
[0.874513] (my_srv) StdoutLine: {'line': b'-- Up-to-date symlink: /home/webotpi/ros2_ws/install/my_srv/lib/python3.12/site-packages/my_srv/srv/__init__.py\n'}
[0.874624] (my_srv) StdoutLine: {'line': b'-- Up-to-date symlink: /home/webotpi/ros2_ws/install/my_srv/lib/python3.12/site-packages/my_srv/srv/_add.py\n'}
[0.874726] (my_srv) StdoutLine: {'line': b'-- Up-to-date symlink: /home/webotpi/ros2_ws/install/my_srv/lib/python3.12/site-packages/my_srv/srv/_add_s.c\n'}
[0.877496] (my_srv) StdoutLine: {'line': b'-- Up-to-date symlink: /home/webotpi/ros2_ws/install/my_srv/lib/python3.12/site-packages/my_srv/my_srv_s__rosidl_typesupport_fastrtps_c.so\n'}
[0.878198] (my_srv) StdoutLine: {'line': b'-- Up-to-date symlink: /home/webotpi/ros2_ws/install/my_srv/lib/python3.12/site-packages/my_srv/my_srv_s__rosidl_typesupport_introspection_c.so\n'}
[0.878893] (my_srv) StdoutLine: {'line': b'-- Up-to-date symlink: /home/webotpi/ros2_ws/install/my_srv/lib/python3.12/site-packages/my_srv/my_srv_s__rosidl_typesupport_c.so\n'}
[0.879191] (my_srv) StdoutLine: {'line': b'-- Up-to-date symlink: /home/webotpi/ros2_ws/install/my_srv/share/ament_index/resource_index/rust_packages/my_srv\n'}
[0.879767] (my_srv) StdoutLine: {'line': b'-- Up-to-date symlink: /home/webotpi/ros2_ws/install/my_srv/share/my_srv/rust/Cargo.toml\n'}
[0.880035] (my_srv) StdoutLine: {'line': b'-- Up-to-date symlink: /home/webotpi/ros2_ws/install/my_srv/share/my_srv/rust/build.rs\n'}
[0.880244] (my_srv) StdoutLine: {'line': b'-- Up-to-date symlink: /home/webotpi/ros2_ws/install/my_srv/share/my_srv/rust/src/lib.rs\n'}
[0.880436] (my_srv) StdoutLine: {'line': b'-- Up-to-date symlink: /home/webotpi/ros2_ws/install/my_srv/share/my_srv/rust/src/srv.rs\n'}
[0.880576] (my_srv) StdoutLine: {'line': b'-- Up-to-date symlink: /home/webotpi/ros2_ws/install/my_srv/share/my_srv/rust/src/srv/rmw.rs\n'}
[0.882730] (my_srv) StdoutLine: {'line': b'-- Up-to-date symlink: /home/webotpi/ros2_ws/install/my_srv/share/my_srv/srv/Add.idl\n'}
[0.883008] (my_srv) StdoutLine: {'line': b'-- Up-to-date symlink: /home/webotpi/ros2_ws/install/my_srv/share/my_srv/srv/Add.srv\n'}
[0.883175] (my_srv) StdoutLine: {'line': b'-- Up-to-date symlink: /home/webotpi/ros2_ws/install/my_srv/lib/my_srv/arm_fk.py\n'}
[0.883274] (my_srv) StdoutLine: {'line': b'-- Up-to-date symlink: /home/webotpi/ros2_ws/install/my_srv/lib/my_srv/arm_rviz_bridge.py\n'}
[0.883366] (my_srv) StdoutLine: {'line': b'-- Up-to-date symlink: /home/webotpi/ros2_ws/install/my_srv/lib/my_srv/arm_teach.py\n'}
[0.883478] (my_srv) StdoutLine: {'line': b'-- Up-to-date symlink: /home/webotpi/ros2_ws/install/my_srv/lib/my_srv/asr_node.py\n'}
[0.883579] (my_srv) StdoutLine: {'line': b'-- Up-to-date symlink: /home/webotpi/ros2_ws/install/my_srv/lib/my_srv/color_set_node.py\n'}
[0.883690] (my_srv) StdoutLine: {'line': b'-- Up-to-date symlink: /home/webotpi/ros2_ws/install/my_srv/lib/my_srv/color_sorting_node.py\n'}
[0.883780] (my_srv) StdoutLine: {'line': b'-- Up-to-date symlink: /home/webotpi/ros2_ws/install/my_srv/lib/my_srv/color_stack_node.py\n'}
[0.883869] (my_srv) StdoutLine: {'line': b'-- Up-to-date symlink: /home/webotpi/ros2_ws/install/my_srv/lib/my_srv/color_track_node.py\n'}
[0.883974] (my_srv) StdoutLine: {'line': b'-- Up-to-date symlink: /home/webotpi/ros2_ws/install/my_srv/lib/my_srv/depth_arm.launch.py\n'}
[0.884065] (my_srv) StdoutLine: {'line': b'-- Up-to-date symlink: /home/webotpi/ros2_ws/install/my_srv/lib/my_srv/depth_color_sorting_node.py\n'}
[0.884152] (my_srv) StdoutLine: {'line': b'-- Up-to-date symlink: /home/webotpi/ros2_ws/install/my_srv/lib/my_srv/depth_distance_node.py\n'}
[0.884259] (my_srv) StdoutLine: {'line': b'-- Up-to-date symlink: /home/webotpi/ros2_ws/install/my_srv/lib/my_srv/depth_utils.py\n'}
[0.884347] (my_srv) StdoutLine: {'line': b'-- Up-to-date symlink: /home/webotpi/ros2_ws/install/my_srv/lib/my_srv/eye_in_hand_calib_node.py\n'}
[0.884624] (my_srv) StdoutLine: {'line': b'-- Up-to-date symlink: /home/webotpi/ros2_ws/install/my_srv/lib/my_srv/face_track_node.py\n'}
[0.884950] (my_srv) StdoutLine: {'line': b'-- Up-to-date symlink: /home/webotpi/ros2_ws/install/my_srv/lib/my_srv/glove_node.py\n'}
[0.885220] (my_srv) StdoutLine: {'line': b'-- Up-to-date symlink: /home/webotpi/ros2_ws/install/my_srv/lib/my_srv/hand_gesture_arm_node.py\n'}
[0.885356] (my_srv) StdoutLine: {'line': b'-- Up-to-date symlink: /home/webotpi/ros2_ws/install/my_srv/lib/my_srv/joy_arm_node.py\n'}
[0.885476] (my_srv) StdoutLine: {'line': b'-- Up-to-date symlink: /home/webotpi/ros2_ws/install/my_srv/lib/my_srv/lab_tuner.py\n'}
[0.885581] (my_srv) StdoutLine: {'line': b'-- Up-to-date symlink: /home/webotpi/ros2_ws/install/my_srv/lib/my_srv/label_sorting_node.py\n'}
[0.885796] (my_srv) StdoutLine: {'line': b'-- Up-to-date symlink: /home/webotpi/ros2_ws/install/my_srv/lib/my_srv/label_stack_node.py\n'}
[0.885949] (my_srv) StdoutLine: {'line': b'-- Up-to-date symlink: /home/webotpi/ros2_ws/install/my_srv/lib/my_srv/label_track_node.py\n'}
[0.886058] (my_srv) StdoutLine: {'line': b'-- Up-to-date symlink: /home/webotpi/ros2_ws/install/my_srv/lib/my_srv/num_sorting_node.py\n'}
[0.886154] (my_srv) StdoutLine: {'line': b'-- Up-to-date symlink: /home/webotpi/ros2_ws/install/my_srv/lib/my_srv/num_stack_node.py\n'}
[0.886244] (my_srv) StdoutLine: {'line': b'-- Up-to-date symlink: /home/webotpi/ros2_ws/install/my_srv/lib/my_srv/num_track_node.py\n'}
[0.886332] (my_srv) StdoutLine: {'line': b'-- Up-to-date symlink: /home/webotpi/ros2_ws/install/my_srv/lib/my_srv/servo_node.py\n'}
[0.886434] (my_srv) StdoutLine: {'line': b'-- Up-to-date symlink: /home/webotpi/ros2_ws/install/my_srv/lib/my_srv/test.py\n'}
[0.886527] (my_srv) StdoutLine: {'line': b'-- Up-to-date symlink: /home/webotpi/ros2_ws/install/my_srv/lib/my_srv/z_move.py\n'}
[0.886745] (my_srv) StdoutLine: {'line': b'-- Up-to-date symlink: /home/webotpi/ros2_ws/install/my_srv/lib/my_srv/z_uart.py\n'}
[0.886948] (my_srv) StdoutLine: {'line': b'-- Up-to-date symlink: /home/webotpi/ros2_ws/install/my_srv/share/my_srv/launch/function.launch.py\n'}
[0.887051] (my_srv) StdoutLine: {'line': b'-- Up-to-date symlink: /home/webotpi/ros2_ws/install/my_srv/share/my_srv/launch/slave.launch.py\n'}
[0.887154] (my_srv) StdoutLine: {'line': b'-- Up-to-date symlink: /home/webotpi/ros2_ws/install/my_srv/share/my_srv/web/index.html\n'}
[0.887243] (my_srv) StdoutLine: {'line': b'-- Up-to-date symlink: /home/webotpi/ros2_ws/install/my_srv/share/ament_index/resource_index/package_run_dependencies/my_srv\n'}
[0.887331] (my_srv) StdoutLine: {'line': b'-- Up-to-date symlink: /home/webotpi/ros2_ws/install/my_srv/share/ament_index/resource_index/parent_prefix_path/my_srv\n'}
[0.887547] (my_srv) StdoutLine: {'line': b'-- Up-to-date symlink: /home/webotpi/ros2_ws/install/my_srv/share/my_srv/environment/ament_prefix_path.sh\n'}
[0.887711] (my_srv) StdoutLine: {'line': b'-- Up-to-date symlink: /home/webotpi/ros2_ws/install/my_srv/share/my_srv/environment/ament_prefix_path.dsv\n'}
[0.887815] (my_srv) StdoutLine: {'line': b'-- Up-to-date symlink: /home/webotpi/ros2_ws/install/my_srv/share/my_srv/environment/path.sh\n'}
[0.888800] (my_srv) StdoutLine: {'line': b'-- Up-to-date symlink: /home/webotpi/ros2_ws/install/my_srv/share/my_srv/environment/path.dsv\n'}
[0.889013] (my_srv) StdoutLine: {'line': b'-- Up-to-date symlink: /home/webotpi/ros2_ws/install/my_srv/share/my_srv/local_setup.bash\n'}
[0.889140] (my_srv) StdoutLine: {'line': b'-- Up-to-date symlink: /home/webotpi/ros2_ws/install/my_srv/share/my_srv/local_setup.sh\n'}
[0.889438] (my_srv) StdoutLine: {'line': b'-- Up-to-date symlink: /home/webotpi/ros2_ws/install/my_srv/share/my_srv/local_setup.zsh\n'}
[0.889643] (my_srv) StdoutLine: {'line': b'-- Up-to-date symlink: /home/webotpi/ros2_ws/install/my_srv/share/my_srv/local_setup.dsv\n'}
[0.889784] (my_srv) StdoutLine: {'line': b'-- Symlinking: /home/webotpi/ros2_ws/install/my_srv/share/my_srv/package.dsv\n'}
[0.900643] (-) TimerEvent: {}
[0.906387] (my_srv) StdoutLine: {'line': b'-- Up-to-date symlink: /home/webotpi/ros2_ws/install/my_srv/share/ament_index/resource_index/packages/my_srv\n'}
[0.906759] (my_srv) StdoutLine: {'line': b'-- Up-to-date symlink: /home/webotpi/ros2_ws/install/my_srv/share/my_srv/cmake/rosidl_cmake-extras.cmake\n'}
[0.906959] (my_srv) StdoutLine: {'line': b'-- Up-to-date symlink: /home/webotpi/ros2_ws/install/my_srv/share/my_srv/cmake/ament_cmake_export_dependencies-extras.cmake\n'}
[0.907145] (my_srv) StdoutLine: {'line': b'-- Up-to-date symlink: /home/webotpi/ros2_ws/install/my_srv/share/my_srv/cmake/ament_cmake_export_include_directories-extras.cmake\n'}
[0.907322] (my_srv) StdoutLine: {'line': b'-- Up-to-date symlink: /home/webotpi/ros2_ws/install/my_srv/share/my_srv/cmake/ament_cmake_export_libraries-extras.cmake\n'}
[0.907541] (my_srv) StdoutLine: {'line': b'-- Up-to-date symlink: /home/webotpi/ros2_ws/install/my_srv/share/my_srv/cmake/ament_cmake_export_targets-extras.cmake\n'}
[0.907772] (my_srv) StdoutLine: {'line': b'-- Up-to-date symlink: /home/webotpi/ros2_ws/install/my_srv/share/my_srv/cmake/rosidl_cmake_export_typesupport_targets-extras.cmake\n'}
[0.907996] (my_srv) StdoutLine: {'line': b'-- Up-to-date symlink: /home/webotpi/ros2_ws/install/my_srv/share/my_srv/cmake/rosidl_cmake_export_typesupport_libraries-extras.cmake\n'}
[0.908198] (my_srv) StdoutLine: {'line': b'-- Up-to-date symlink: /home/webotpi/ros2_ws/install/my_srv/share/my_srv/cmake/my_srvConfig.cmake\n'}
[0.908363] (my_srv) StdoutLine: {'line': b'-- Up-to-date symlink: /home/webotpi/ros2_ws/install/my_srv/share/my_srv/cmake/my_srvConfig-version.cmake\n'}
[0.908543] (my_srv) StdoutLine: {'line': b'-- Up-to-date symlink: /home/webotpi/ros2_ws/install/my_srv/share/my_srv/package.xml\n'}
[0.912454] (my_srv) StdoutLine: {'line': b'-- Up-to-date: /home/webotpi/ros2_ws/install/my_srv/lib/libmy_srv__rosidl_generator_c.so\n'}
[0.914123] (my_srv) StdoutLine: {'line': b'-- Up-to-date: /home/webotpi/ros2_ws/install/my_srv/lib/libmy_srv__rosidl_typesupport_fastrtps_c.so\n'}
[0.915905] (my_srv) StdoutLine: {'line': b'-- Up-to-date: /home/webotpi/ros2_ws/install/my_srv/lib/libmy_srv__rosidl_typesupport_fastrtps_cpp.so\n'}
[0.917625] (my_srv) StdoutLine: {'line': b'-- Up-to-date: /home/webotpi/ros2_ws/install/my_srv/lib/libmy_srv__rosidl_typesupport_introspection_c.so\n'}
[0.919220] (my_srv) StdoutLine: {'line': b'-- Up-to-date: /home/webotpi/ros2_ws/install/my_srv/lib/libmy_srv__rosidl_typesupport_c.so\n'}
[0.921074] (my_srv) StdoutLine: {'line': b'-- Up-to-date: /home/webotpi/ros2_ws/install/my_srv/lib/libmy_srv__rosidl_typesupport_introspection_cpp.so\n'}
[0.922920] (my_srv) StdoutLine: {'line': b'-- Up-to-date: /home/webotpi/ros2_ws/install/my_srv/lib/libmy_srv__rosidl_typesupport_cpp.so\n'}
[0.993745] (my_srv) StdoutLine: {'line': b"Listing '/home/webotpi/ros2_ws/install/my_srv/lib/python3.12/site-packages/my_srv'...\n"}
[0.994062] (my_srv) StdoutLine: {'line': b"Listing '/home/webotpi/ros2_ws/install/my_srv/lib/python3.12/site-packages/my_srv/srv'...\n"}
[1.000734] (-) TimerEvent: {}
[1.017299] (my_srv) StdoutLine: {'line': b'-- Up-to-date: /home/webotpi/ros2_ws/install/my_srv/lib/libmy_srv__rosidl_generator_py.so\n'}
[1.018894] (my_srv) StdoutLine: {'line': b'-- Up-to-date: /home/webotpi/ros2_ws/install/my_srv/share/my_srv/cmake/export_my_srv__rosidl_generator_cExport.cmake\n'}
[1.019113] (my_srv) StdoutLine: {'line': b'-- Up-to-date: /home/webotpi/ros2_ws/install/my_srv/share/my_srv/cmake/export_my_srv__rosidl_generator_cExport-noconfig.cmake\n'}
[1.020087] (my_srv) StdoutLine: {'line': b'-- Up-to-date: /home/webotpi/ros2_ws/install/my_srv/share/my_srv/cmake/export_my_srv__rosidl_typesupport_fastrtps_cExport.cmake\n'}
[1.020251] (my_srv) StdoutLine: {'line': b'-- Up-to-date: /home/webotpi/ros2_ws/install/my_srv/share/my_srv/cmake/export_my_srv__rosidl_typesupport_fastrtps_cExport-noconfig.cmake\n'}
[1.021205] (my_srv) StdoutLine: {'line': b'-- Up-to-date: /home/webotpi/ros2_ws/install/my_srv/share/my_srv/cmake/export_my_srv__rosidl_generator_cppExport.cmake\n'}
[1.022322] (my_srv) StdoutLine: {'line': b'-- Up-to-date: /home/webotpi/ros2_ws/install/my_srv/share/my_srv/cmake/export_my_srv__rosidl_typesupport_fastrtps_cppExport.cmake\n'}
[1.022476] (my_srv) StdoutLine: {'line': b'-- Up-to-date: /home/webotpi/ros2_ws/install/my_srv/share/my_srv/cmake/export_my_srv__rosidl_typesupport_fastrtps_cppExport-noconfig.cmake\n'}
[1.023513] (my_srv) StdoutLine: {'line': b'-- Up-to-date: /home/webotpi/ros2_ws/install/my_srv/share/my_srv/cmake/my_srv__rosidl_typesupport_introspection_cExport.cmake\n'}
[1.023670] (my_srv) StdoutLine: {'line': b'-- Up-to-date: /home/webotpi/ros2_ws/install/my_srv/share/my_srv/cmake/my_srv__rosidl_typesupport_introspection_cExport-noconfig.cmake\n'}
[1.024610] (my_srv) StdoutLine: {'line': b'-- Up-to-date: /home/webotpi/ros2_ws/install/my_srv/share/my_srv/cmake/my_srv__rosidl_typesupport_cExport.cmake\n'}
[1.024786] (my_srv) StdoutLine: {'line': b'-- Up-to-date: /home/webotpi/ros2_ws/install/my_srv/share/my_srv/cmake/my_srv__rosidl_typesupport_cExport-noconfig.cmake\n'}
[1.025809] (my_srv) StdoutLine: {'line': b'-- Up-to-date: /home/webotpi/ros2_ws/install/my_srv/share/my_srv/cmake/my_srv__rosidl_typesupport_introspection_cppExport.cmake\n'}
[1.026149] (my_srv) StdoutLine: {'line': b'-- Up-to-date: /home/webotpi/ros2_ws/install/my_srv/share/my_srv/cmake/my_srv__rosidl_typesupport_introspection_cppExport-noconfig.cmake\n'}
[1.027171] (my_srv) StdoutLine: {'line': b'-- Up-to-date: /home/webotpi/ros2_ws/install/my_srv/share/my_srv/cmake/my_srv__rosidl_typesupport_cppExport.cmake\n'}
[1.027390] (my_srv) StdoutLine: {'line': b'-- Up-to-date: /home/webotpi/ros2_ws/install/my_srv/share/my_srv/cmake/my_srv__rosidl_typesupport_cppExport-noconfig.cmake\n'}
[1.028364] (my_srv) StdoutLine: {'line': b'-- Up-to-date: /home/webotpi/ros2_ws/install/my_srv/share/my_srv/cmake/export_my_srv__rosidl_generator_pyExport.cmake\n'}
[1.028519] (my_srv) StdoutLine: {'line': b'-- Up-to-date: /home/webotpi/ros2_ws/install/my_srv/share/my_srv/cmake/export_my_srv__rosidl_generator_pyExport-noconfig.cmake\n'}
[1.032582] (my_srv) CommandEnded: {'returncode': 0}
[1.101051] (-) TimerEvent: {}
[1.107587] (my_srv) JobEnded: {'identifier': 'my_srv', 'rc': 0}
[1.108358] (-) EventReactorShutdown: {}
