[0.015s] Invoking command in '/home/webotpi/ros2_ws/build/rplidar_ros': CMAKE_PREFIX_PATH=${CMAKE_PREFIX_PATH}:/opt/ros/jazzy /usr/bin/cmake --build /home/webotpi/ros2_ws/build/rplidar_ros -- -j4 -l4
[0.169s] [  5%] Built target rplidar_client
[0.245s] [ 52%] Built target rplidar_composition
[0.253s] [100%] Built target rplidar_node
[0.287s] Invoked command in '/home/webotpi/ros2_ws/build/rplidar_ros' returned '0': CMAKE_PREFIX_PATH=${CMAKE_PREFIX_PATH}:/opt/ros/jazzy /usr/bin/cmake --build /home/webotpi/ros2_ws/build/rplidar_ros -- -j4 -l4
[0.302s] Invoking command in '/home/webotpi/ros2_ws/build/rplidar_ros': CMAKE_PREFIX_PATH=${CMAKE_PREFIX_PATH}:/opt/ros/jazzy /usr/bin/cmake --install /home/webotpi/ros2_ws/build/rplidar_ros
[0.329s] -- Install configuration: ""
[0.340s] -- Execute custom install script
[0.346s] -- Up-to-date symlink: /home/webotpi/ros2_ws/install/rplidar_ros/share/rplidar_ros/launch/rplidar_a1_launch.py
[0.349s] -- Up-to-date symlink: /home/webotpi/ros2_ws/install/rplidar_ros/share/rplidar_ros/launch/rplidar_a2m12_launch.py
[0.352s] -- Up-to-date symlink: /home/webotpi/ros2_ws/install/rplidar_ros/share/rplidar_ros/launch/rplidar_a2m7_launch.py
[0.356s] -- Up-to-date symlink: /home/webotpi/ros2_ws/install/rplidar_ros/share/rplidar_ros/launch/rplidar_a2m8_launch.py
[0.358s] -- Up-to-date symlink: /home/webotpi/ros2_ws/install/rplidar_ros/share/rplidar_ros/launch/rplidar_a3_launch.py
[0.362s] -- Up-to-date symlink: /home/webotpi/ros2_ws/install/rplidar_ros/share/rplidar_ros/launch/rplidar_c1_launch.py
[0.365s] -- Up-to-date symlink: /home/webotpi/ros2_ws/install/rplidar_ros/share/rplidar_ros/launch/rplidar_s1_launch.py
[0.368s] -- Up-to-date symlink: /home/webotpi/ros2_ws/install/rplidar_ros/share/rplidar_ros/launch/rplidar_s1_tcp_launch.py
[0.370s] -- Up-to-date symlink: /home/webotpi/ros2_ws/install/rplidar_ros/share/rplidar_ros/launch/rplidar_s2_launch.py
[0.373s] -- Up-to-date symlink: /home/webotpi/ros2_ws/install/rplidar_ros/share/rplidar_ros/launch/rplidar_s2e_launch.py
[0.376s] -- Up-to-date symlink: /home/webotpi/ros2_ws/install/rplidar_ros/share/rplidar_ros/launch/rplidar_s3_launch.py
[0.379s] -- Up-to-date symlink: /home/webotpi/ros2_ws/install/rplidar_ros/share/rplidar_ros/launch/rplidar_t1_launch.py
[0.381s] -- Up-to-date symlink: /home/webotpi/ros2_ws/install/rplidar_ros/share/rplidar_ros/launch/view_rplidar_a1_launch.py
[0.384s] -- Up-to-date symlink: /home/webotpi/ros2_ws/install/rplidar_ros/share/rplidar_ros/launch/view_rplidar_a2m12_launch.py
[0.387s] -- Up-to-date symlink: /home/webotpi/ros2_ws/install/rplidar_ros/share/rplidar_ros/launch/view_rplidar_a2m7_launch.py
[0.391s] -- Up-to-date symlink: /home/webotpi/ros2_ws/install/rplidar_ros/share/rplidar_ros/launch/view_rplidar_a2m8_launch.py
[0.393s] -- Up-to-date symlink: /home/webotpi/ros2_ws/install/rplidar_ros/share/rplidar_ros/launch/view_rplidar_a3_launch.py
[0.396s] -- Up-to-date symlink: /home/webotpi/ros2_ws/install/rplidar_ros/share/rplidar_ros/launch/view_rplidar_c1_launch.py
[0.398s] -- Up-to-date symlink: /home/webotpi/ros2_ws/install/rplidar_ros/share/rplidar_ros/launch/view_rplidar_s1_launch.py
[0.402s] -- Up-to-date symlink: /home/webotpi/ros2_ws/install/rplidar_ros/share/rplidar_ros/launch/view_rplidar_s1_tcp_launch.py
[0.405s] -- Up-to-date symlink: /home/webotpi/ros2_ws/install/rplidar_ros/share/rplidar_ros/launch/view_rplidar_s2_launch.py
[0.407s] -- Up-to-date symlink: /home/webotpi/ros2_ws/install/rplidar_ros/share/rplidar_ros/launch/view_rplidar_s2e_launch.py
[0.410s] -- Up-to-date symlink: /home/webotpi/ros2_ws/install/rplidar_ros/share/rplidar_ros/launch/view_rplidar_s3_launch.py
[0.413s] -- Up-to-date symlink: /home/webotpi/ros2_ws/install/rplidar_ros/share/rplidar_ros/launch/view_rplidar_t1_launch.py
[0.415s] -- Up-to-date symlink: /home/webotpi/ros2_ws/install/rplidar_ros/share/rplidar_ros/rviz/rplidar_ros.rviz
[0.419s] -- Up-to-date symlink: /home/webotpi/ros2_ws/install/rplidar_ros/lib/rplidar_ros/rplidar_node
[0.419s] -- Up-to-date symlink: /home/webotpi/ros2_ws/install/rplidar_ros/lib/rplidar_ros/rplidar_composition
[0.419s] -- Up-to-date symlink: /home/webotpi/ros2_ws/install/rplidar_ros/lib/rplidar_ros/rplidar_client
[0.421s] -- Up-to-date symlink: /home/webotpi/ros2_ws/install/rplidar_ros/share/ament_index/resource_index/package_run_dependencies/rplidar_ros
[0.425s] -- Up-to-date symlink: /home/webotpi/ros2_ws/install/rplidar_ros/share/ament_index/resource_index/parent_prefix_path/rplidar_ros
[0.427s] -- Up-to-date symlink: /home/webotpi/ros2_ws/install/rplidar_ros/share/rplidar_ros/environment/ament_prefix_path.sh
[0.431s] -- Up-to-date symlink: /home/webotpi/ros2_ws/install/rplidar_ros/share/rplidar_ros/environment/ament_prefix_path.dsv
[0.433s] -- Up-to-date symlink: /home/webotpi/ros2_ws/install/rplidar_ros/share/rplidar_ros/environment/path.sh
[0.436s] -- Up-to-date symlink: /home/webotpi/ros2_ws/install/rplidar_ros/share/rplidar_ros/environment/path.dsv
[0.439s] -- Up-to-date symlink: /home/webotpi/ros2_ws/install/rplidar_ros/share/rplidar_ros/local_setup.bash
[0.442s] -- Up-to-date symlink: /home/webotpi/ros2_ws/install/rplidar_ros/share/rplidar_ros/local_setup.sh
[0.445s] -- Up-to-date symlink: /home/webotpi/ros2_ws/install/rplidar_ros/share/rplidar_ros/local_setup.zsh
[0.448s] -- Up-to-date symlink: /home/webotpi/ros2_ws/install/rplidar_ros/share/rplidar_ros/local_setup.dsv
[0.448s] -- Symlinking: /home/webotpi/ros2_ws/install/rplidar_ros/share/rplidar_ros/package.dsv
[0.473s] -- Up-to-date symlink: /home/webotpi/ros2_ws/install/rplidar_ros/share/ament_index/resource_index/packages/rplidar_ros
[0.476s] -- Up-to-date symlink: /home/webotpi/ros2_ws/install/rplidar_ros/share/rplidar_ros/cmake/ament_cmake_export_dependencies-extras.cmake
[0.478s] -- Up-to-date symlink: /home/webotpi/ros2_ws/install/rplidar_ros/share/rplidar_ros/cmake/ament_cmake_export_include_directories-extras.cmake
[0.482s] -- Up-to-date symlink: /home/webotpi/ros2_ws/install/rplidar_ros/share/rplidar_ros/cmake/rplidar_rosConfig.cmake
[0.485s] -- Up-to-date symlink: /home/webotpi/ros2_ws/install/rplidar_ros/share/rplidar_ros/cmake/rplidar_rosConfig-version.cmake
[0.485s] -- Up-to-date symlink: /home/webotpi/ros2_ws/install/rplidar_ros/share/rplidar_ros/package.xml
[0.489s] Invoked command in '/home/webotpi/ros2_ws/build/rplidar_ros' returned '0': CMAKE_PREFIX_PATH=${CMAKE_PREFIX_PATH}:/opt/ros/jazzy /usr/bin/cmake --install /home/webotpi/ros2_ws/build/rplidar_ros
