running develop
running egg_info
creating my_launch_pkg.egg-info
writing my_launch_pkg.egg-info/PKG-INFO
writing dependency_links to my_launch_pkg.egg-info/dependency_links.txt
writing requirements to my_launch_pkg.egg-info/requires.txt
writing top-level names to my_launch_pkg.egg-info/top_level.txt
writing manifest file 'my_launch_pkg.egg-info/SOURCES.txt'
reading manifest file 'my_launch_pkg.egg-info/SOURCES.txt'
writing manifest file 'my_launch_pkg.egg-info/SOURCES.txt'
running build_ext
Creating /home/webotpi/ros2_ws/install/my_launch_pkg/lib/python3.12/site-packages/my-launch-pkg.egg-link (link to .)

Installed /home/webotpi/ros2_ws/build/my_launch_pkg
running symlink_data
creating /home/webotpi/ros2_ws/install/my_launch_pkg/share/ament_index
creating /home/webotpi/ros2_ws/install/my_launch_pkg/share/ament_index/resource_index
creating /home/webotpi/ros2_ws/install/my_launch_pkg/share/ament_index/resource_index/packages
symbolically linking /home/webotpi/ros2_ws/build/my_launch_pkg/resource/my_launch_pkg -> /home/webotpi/ros2_ws/install/my_launch_pkg/share/ament_index/resource_index/packages
symbolically linking /home/webotpi/ros2_ws/build/my_launch_pkg/package.xml -> /home/webotpi/ros2_ws/install/my_launch_pkg/share/my_launch_pkg
creating /home/webotpi/ros2_ws/install/my_launch_pkg/share/my_launch_pkg/launch
symbolically linking /home/webotpi/ros2_ws/build/my_launch_pkg/launch/nav2.launch.py -> /home/webotpi/ros2_ws/install/my_launch_pkg/share/my_launch_pkg/launch
symbolically linking /home/webotpi/ros2_ws/build/my_launch_pkg/launch/usb.launch.py -> /home/webotpi/ros2_ws/install/my_launch_pkg/share/my_launch_pkg/launch
symbolically linking /home/webotpi/ros2_ws/build/my_launch_pkg/launch/serial.launch.py -> /home/webotpi/ros2_ws/install/my_launch_pkg/share/my_launch_pkg/launch
symbolically linking /home/webotpi/ros2_ws/build/my_launch_pkg/launch/slam.launch.py -> /home/webotpi/ros2_ws/install/my_launch_pkg/share/my_launch_pkg/launch
