[2.409s] Invoking command in '/home/webotpi/ros2_ws/build/my_launch_pkg': PYTHONPATH=/home/webotpi/ros2_ws/build/my_launch_pkg/prefix_override:/usr/lib/python3/dist-packages/colcon_core/task/python/colcon_distutils_commands:/home/webotpi/ros2_ws/install/my_launch_pkg/lib/python3.12/site-packages:${PYTHONPATH} /usr/bin/python3 -W ignore:setup.py install is deprecated -W ignore:easy_install command is deprecated setup.py develop --editable --build-directory /home/webotpi/ros2_ws/build/my_launch_pkg/build --no-deps symlink_data
[2.946s] running develop
[3.240s] running egg_info
[3.240s] creating my_launch_pkg.egg-info
[3.267s] writing my_launch_pkg.egg-info/PKG-INFO
[3.268s] writing dependency_links to my_launch_pkg.egg-info/dependency_links.txt
[3.268s] writing requirements to my_launch_pkg.egg-info/requires.txt
[3.268s] writing top-level names to my_launch_pkg.egg-info/top_level.txt
[3.268s] writing manifest file 'my_launch_pkg.egg-info/SOURCES.txt'
[3.324s] reading manifest file 'my_launch_pkg.egg-info/SOURCES.txt'
[3.325s] writing manifest file 'my_launch_pkg.egg-info/SOURCES.txt'
[3.362s] running build_ext
[3.363s] Creating /home/webotpi/ros2_ws/install/my_launch_pkg/lib/python3.12/site-packages/my-launch-pkg.egg-link (link to .)
[3.364s] 
[3.364s] Installed /home/webotpi/ros2_ws/build/my_launch_pkg
[3.364s] running symlink_data
[3.365s] creating /home/webotpi/ros2_ws/install/my_launch_pkg/share/ament_index
[3.365s] creating /home/webotpi/ros2_ws/install/my_launch_pkg/share/ament_index/resource_index
[3.365s] creating /home/webotpi/ros2_ws/install/my_launch_pkg/share/ament_index/resource_index/packages
[3.365s] symbolically linking /home/webotpi/ros2_ws/build/my_launch_pkg/resource/my_launch_pkg -> /home/webotpi/ros2_ws/install/my_launch_pkg/share/ament_index/resource_index/packages
[3.365s] symbolically linking /home/webotpi/ros2_ws/build/my_launch_pkg/package.xml -> /home/webotpi/ros2_ws/install/my_launch_pkg/share/my_launch_pkg
[3.365s] creating /home/webotpi/ros2_ws/install/my_launch_pkg/share/my_launch_pkg/launch
[3.366s] symbolically linking /home/webotpi/ros2_ws/build/my_launch_pkg/launch/nav2.launch.py -> /home/webotpi/ros2_ws/install/my_launch_pkg/share/my_launch_pkg/launch
[3.366s] symbolically linking /home/webotpi/ros2_ws/build/my_launch_pkg/launch/usb.launch.py -> /home/webotpi/ros2_ws/install/my_launch_pkg/share/my_launch_pkg/launch
[3.366s] symbolically linking /home/webotpi/ros2_ws/build/my_launch_pkg/launch/serial.launch.py -> /home/webotpi/ros2_ws/install/my_launch_pkg/share/my_launch_pkg/launch
[3.366s] symbolically linking /home/webotpi/ros2_ws/build/my_launch_pkg/launch/slam.launch.py -> /home/webotpi/ros2_ws/install/my_launch_pkg/share/my_launch_pkg/launch
[3.564s] Invoked command in '/home/webotpi/ros2_ws/build/my_launch_pkg' returned '0': PYTHONPATH=/home/webotpi/ros2_ws/build/my_launch_pkg/prefix_override:/usr/lib/python3/dist-packages/colcon_core/task/python/colcon_distutils_commands:/home/webotpi/ros2_ws/install/my_launch_pkg/lib/python3.12/site-packages:${PYTHONPATH} /usr/bin/python3 -W ignore:setup.py install is deprecated -W ignore:easy_install command is deprecated setup.py develop --editable --build-directory /home/webotpi/ros2_ws/build/my_launch_pkg/build --no-deps symlink_data
