-- The C compiler identification is GNU 13.3.0
-- The CXX compiler identification is GNU 13.3.0
-- Detecting C compiler ABI info
-- Detecting C compiler ABI info - done
-- Check for working C compiler: /usr/bin/cc - skipped
-- Detecting C compile features
-- Detecting C compile features - done
-- Detecting CXX compiler ABI info
-- Detecting CXX compiler ABI info - done
-- Check for working CXX compiler: /usr/bin/c++ - skipped
-- Detecting CXX compile features
-- Detecting CXX compile features - done
-- Found ament_cmake: 2.5.6 (/opt/ros/jazzy/share/ament_cmake/cmake)
-- Found Python3: /usr/bin/python3 (found version "3.12.3") found components: Interpreter 
-- Override CMake install command with custom implementation using symlinks instead of copying resources
-- Found rclcpp: 28.1.18 (/opt/ros/jazzy/share/rclcpp/cmake)
-- Found rosidl_generator_c: 4.6.7 (/opt/ros/jazzy/share/rosidl_generator_c/cmake)
-- Found rosidl_generator_cpp: 4.6.7 (/opt/ros/jazzy/share/rosidl_generator_cpp/cmake)
-- Using all available rosidl_typesupport_c: rosidl_typesupport_fastrtps_c;rosidl_typesupport_introspection_c
-- Using all available rosidl_typesupport_cpp: rosidl_typesupport_fastrtps_cpp;rosidl_typesupport_introspection_cpp
-- Found rmw_implementation_cmake: 7.3.3 (/opt/ros/jazzy/share/rmw_implementation_cmake/cmake)
-- Found rmw_fastrtps_cpp: 8.4.3 (/opt/ros/jazzy/share/rmw_fastrtps_cpp/cmake)
-- Found OpenSSL: /usr/lib/aarch64-linux-gnu/libcrypto.so (found version "3.0.13")  
-- Found FastRTPS: /opt/ros/jazzy/include (Required is at least version "2.13") 
-- Using RMW implementation 'rmw_fastrtps_cpp' as default
-- STREAM_SDK_TYPE: AURORA930
-- SYSTEM_PLATFORM: -
-- Found std_msgs: 5.3.7 (/opt/ros/jazzy/share/std_msgs/cmake)
-- Found sensor_msgs: 5.3.7 (/opt/ros/jazzy/share/sensor_msgs/cmake)
-- Found cv_bridge: 4.1.0 (/opt/ros/jazzy/share/cv_bridge/cmake)
-- Found OpenCV: /usr (found version "4.6.0") found components: core highgui imgproc videoio 
-- Found tf2: 0.36.20 (/opt/ros/jazzy/share/tf2/cmake)
-- Found tf2_ros: 0.36.20 (/opt/ros/jazzy/share/tf2_ros/cmake)
-- Found tf2_geometry_msgs: 0.36.20 (/opt/ros/jazzy/share/tf2_geometry_msgs/cmake)
-- Found eigen3_cmake_module: 0.3.0 (/opt/ros/jazzy/share/eigen3_cmake_module/cmake)
-- Found Eigen3: TRUE (found version "3.4.0") 
-- Ensuring Eigen3 include directory is part of orocos-kdl CMake target
-- Found angles: 1.16.1 (/opt/ros/jazzy/share/angles/cmake)
-- GLog library status:
--     include path: /home/webotpi/ros2_ws/src/deptrum-ros-driver/ext/glog-0.4.0/include
--     library path: /home/webotpi/ros2_ws/src/deptrum-ros-driver/ext/glog-0.4.0/lib-static
--     libraries: glog
-- GFlags library status:
--     include path: /home/webotpi/ros2_ws/src/deptrum-ros-driver/ext/gflags-2.2.2/include
--     library path: /home/webotpi/ros2_ws/src/deptrum-ros-driver/ext/gflags-2.2.2/lib-static
--     libraries: gflags
-- Found ament_lint_auto: 0.17.5 (/opt/ros/jazzy/share/ament_lint_auto/cmake)
CMake Deprecation Warning at subscribe_node/CMakeLists.txt:1 (cmake_minimum_required):
  Compatibility with CMake < 3.5 will be removed from a future version of
  CMake.

  Update the VERSION argument <min> value or use a ...<max> suffix to tell
  CMake that the project does not need compatibility with older versions.


-- Found Boost: /usr/lib/aarch64-linux-gnu/cmake/Boost-1.83.0/BoostConfig.cmake (found version "1.83.0") found components: system filesystem 
-- Added test 'copyright' to check source files copyright and LICENSE
-- Added test 'cppcheck' to perform static code analysis on C / C++ code
-- Configured cppcheck include dirs: /home/webotpi/ros2_ws/src/deptrum-ros-driver/include;/home/webotpi/ros2_ws/src/deptrum-ros-driver/ext/deptrum-stream-aurora900---v1.1.19-18.04/include;/home/webotpi/ros2_ws/src/deptrum-ros-driver/ext/glog-0.4.0/include;/home/webotpi/ros2_ws/src/deptrum-ros-driver/ext/gflags-2.2.2/include
-- Configured cppcheck exclude dirs and/or files: 
-- Added test 'cpplint' to check C / C++ code against the Google style
-- Configured cpplint exclude dirs and/or files: 
-- Added test 'flake8' to check Python code syntax and style conventions
-- Configured 'flake8' exclude dirs and/or files: 
-- Added test 'lint_cmake' to check CMake code style
-- Added test 'pep257' to check Python code against some of the docstring style conventions in PEP 257
-- Added test 'uncrustify' to check C / C++ code style
-- Configured uncrustify additional arguments: 
-- Added test 'xmllint' to check XML markup files
-- Configuring done (2.1s)
-- Generating done (0.0s)
-- Build files have been written to: /home/webotpi/ros2_ws/build/deptrum-ros-driver-aurora930
[ 44%] Building CXX object subscribe_node/CMakeFiles/sub_node_ci.dir/src/sub_node_ci.cc.o
[ 44%] Building CXX object CMakeFiles/aurora930_node.dir/src/ros2_node.cc.o
[ 44%] Building CXX object subscribe_node/CMakeFiles/sub_node.dir/src/sub_node.cc.o
[ 44%] Building CXX object CMakeFiles/aurora930_node.dir/src/ros2_device.cc.o
/home/webotpi/ros2_ws/src/deptrum-ros-driver/subscribe_node/src/sub_node_ci.cc:1:10: fatal error: cv_bridge/cv_bridge.h: 没有那个文件或目录
    1 | #include <cv_bridge/cv_bridge.h>
      |          ^~~~~~~~~~~~~~~~~~~~~~~
compilation terminated.
/home/webotpi/ros2_ws/src/deptrum-ros-driver/subscribe_node/src/sub_node.cc:1:10: fatal error: cv_bridge/cv_bridge.h: 没有那个文件或目录
    1 | #include <cv_bridge/cv_bridge.h>
      |          ^~~~~~~~~~~~~~~~~~~~~~~
compilation terminated.
gmake[2]: *** [subscribe_node/CMakeFiles/sub_node_ci.dir/build.make:76：subscribe_node/CMakeFiles/sub_node_ci.dir/src/sub_node_ci.cc.o] 错误 1
gmake[1]: *** [CMakeFiles/Makefile2:208：subscribe_node/CMakeFiles/sub_node_ci.dir/all] 错误 2
gmake[1]: *** 正在等待未完成的任务....
gmake[2]: *** [subscribe_node/CMakeFiles/sub_node.dir/build.make:76：subscribe_node/CMakeFiles/sub_node.dir/src/sub_node.cc.o] 错误 1
gmake[1]: *** [CMakeFiles/Makefile2:182：subscribe_node/CMakeFiles/sub_node.dir/all] 错误 2
[ 66%] Building CXX object CMakeFiles/aurora930_node.dir/src/camera_parameters.cc.o
[ 66%] Building CXX object CMakeFiles/aurora930_node.dir/src/aurora900_ros2_device.cc.o
In file included from /home/webotpi/ros2_ws/src/deptrum-ros-driver/src/aurora900_ros2_device.cc:2:
/home/webotpi/ros2_ws/src/deptrum-ros-driver/include/deptrum_ros_driver/aurora900_ros2_device.h:3:10: fatal error: deptrum/aurora900_series.h: 没有那个文件或目录
    3 | #include "deptrum/aurora900_series.h"
      |          ^~~~~~~~~~~~~~~~~~~~~~~~~~~~
compilation terminated.
gmake[2]: *** [CMakeFiles/aurora930_node.dir/build.make:104：CMakeFiles/aurora930_node.dir/src/aurora900_ros2_device.cc.o] 错误 1
gmake[2]: *** 正在等待未完成的任务....
/home/webotpi/ros2_ws/src/deptrum-ros-driver/src/camera_parameters.cc:4:10: fatal error: tf2_geometry_msgs/tf2_geometry_msgs.h: 没有那个文件或目录
    4 | #include <tf2_geometry_msgs/tf2_geometry_msgs.h>
      |          ^~~~~~~~~~~~~~~~~~~~~~~~~~~~~~~~~~~~~~~
compilation terminated.
gmake[2]: *** [CMakeFiles/aurora930_node.dir/build.make:118：CMakeFiles/aurora930_node.dir/src/camera_parameters.cc.o] 错误 1
In file included from /home/webotpi/ros2_ws/src/deptrum-ros-driver/src/ros2_node.cc:6:
/home/webotpi/ros2_ws/src/deptrum-ros-driver/include/deptrum_ros_driver/ros2_device.h:6:10: fatal error: deptrum/common_types.h: 没有那个文件或目录
    6 | #include "deptrum/common_types.h"
      |          ^~~~~~~~~~~~~~~~~~~~~~~~
compilation terminated.
gmake[2]: *** [CMakeFiles/aurora930_node.dir/build.make:76：CMakeFiles/aurora930_node.dir/src/ros2_node.cc.o] 错误 1
In file included from /home/webotpi/ros2_ws/src/deptrum-ros-driver/src/ros2_device.cc:4:
/home/webotpi/ros2_ws/src/deptrum-ros-driver/include/deptrum_ros_driver/camera_parameters.h:14:10: fatal error: deptrum/device.h: 没有那个文件或目录
   14 | #include "deptrum/device.h"
      |          ^~~~~~~~~~~~~~~~~~
compilation terminated.
gmake[2]: *** [CMakeFiles/aurora930_node.dir/build.make:90：CMakeFiles/aurora930_node.dir/src/ros2_device.cc.o] 错误 1
gmake[1]: *** [CMakeFiles/Makefile2:156：CMakeFiles/aurora930_node.dir/all] 错误 2
gmake: *** [Makefile:146：all] 错误 2
