[0.010s] Invoking command in '/home/webotpi/ros2_ws/build/deptrum-ros-driver-aurora930': CMAKE_PREFIX_PATH=${CMAKE_PREFIX_PATH}:/opt/ros/jazzy /usr/bin/cmake /home/webotpi/ros2_ws/src/deptrum-ros-driver -DSTREAM_SDK_TYPE=AURORA930 -DAMENT_CMAKE_SYMLINK_INSTALL=1 -DCMAKE_INSTALL_PREFIX=/home/webotpi/ros2_ws/install/deptrum-ros-driver-aurora930
[0.107s] -- The C compiler identification is GNU 13.3.0
[0.205s] -- The CXX compiler identification is GNU 13.3.0
[0.233s] -- Detecting C compiler ABI info
[0.388s] -- Detecting C compiler ABI info - done
[0.404s] -- Check for working C compiler: /usr/bin/cc - skipped
[0.405s] -- Detecting C compile features
[0.405s] -- Detecting C compile features - done
[0.420s] -- Detecting CXX compiler ABI info
[0.590s] -- Detecting CXX compiler ABI info - done
[0.606s] -- Check for working CXX compiler: /usr/bin/c++ - skipped
[0.607s] -- Detecting CXX compile features
[0.607s] -- Detecting CXX compile features - done
[0.611s] -- Found ament_cmake: 2.5.6 (/opt/ros/jazzy/share/ament_cmake/cmake)
[0.821s] -- Found Python3: /usr/bin/python3 (found version "3.12.3") found components: Interpreter 
[0.936s] -- Override CMake install command with custom implementation using symlinks instead of copying resources
[0.975s] -- Found rclcpp: 28.1.18 (/opt/ros/jazzy/share/rclcpp/cmake)
[1.025s] -- Found rosidl_generator_c: 4.6.7 (/opt/ros/jazzy/share/rosidl_generator_c/cmake)
[1.044s] -- Found rosidl_generator_cpp: 4.6.7 (/opt/ros/jazzy/share/rosidl_generator_cpp/cmake)
[1.065s] -- Using all available rosidl_typesupport_c: rosidl_typesupport_fastrtps_c;rosidl_typesupport_introspection_c
[1.089s] -- Using all available rosidl_typesupport_cpp: rosidl_typesupport_fastrtps_cpp;rosidl_typesupport_introspection_cpp
[1.189s] -- Found rmw_implementation_cmake: 7.3.3 (/opt/ros/jazzy/share/rmw_implementation_cmake/cmake)
[1.193s] -- Found rmw_fastrtps_cpp: 8.4.3 (/opt/ros/jazzy/share/rmw_fastrtps_cpp/cmake)
[1.323s] -- Found OpenSSL: /usr/lib/aarch64-linux-gnu/libcrypto.so (found version "3.0.13")  
[1.350s] -- Found FastRTPS: /opt/ros/jazzy/include (Required is at least version "2.13") 
[1.385s] -- Using RMW implementation 'rmw_fastrtps_cpp' as default
[1.477s] -- STREAM_SDK_TYPE: AURORA930
[1.477s] -- SYSTEM_PLATFORM: -
[1.479s] -- Found std_msgs: 5.3.7 (/opt/ros/jazzy/share/std_msgs/cmake)
[1.499s] -- Found sensor_msgs: 5.3.7 (/opt/ros/jazzy/share/sensor_msgs/cmake)
[1.550s] -- Found cv_bridge: 4.1.0 (/opt/ros/jazzy/share/cv_bridge/cmake)
[1.570s] -- Found OpenCV: /usr (found version "4.6.0") found components: core highgui imgproc videoio 
[1.573s] -- Found tf2: 0.36.20 (/opt/ros/jazzy/share/tf2/cmake)
[1.584s] -- Found tf2_ros: 0.36.20 (/opt/ros/jazzy/share/tf2_ros/cmake)
[1.766s] -- Found tf2_geometry_msgs: 0.36.20 (/opt/ros/jazzy/share/tf2_geometry_msgs/cmake)
[1.786s] -- Found eigen3_cmake_module: 0.3.0 (/opt/ros/jazzy/share/eigen3_cmake_module/cmake)
[1.788s] -- Found Eigen3: TRUE (found version "3.4.0") 
[1.788s] -- Ensuring Eigen3 include directory is part of orocos-kdl CMake target
[1.792s] -- Found angles: 1.16.1 (/opt/ros/jazzy/share/angles/cmake)
[1.796s] -- GLog library status:
[1.796s] --     include path: /home/webotpi/ros2_ws/src/deptrum-ros-driver/ext/glog-0.4.0/include
[1.796s] --     library path: /home/webotpi/ros2_ws/src/deptrum-ros-driver/ext/glog-0.4.0/lib-static
[1.797s] --     libraries: glog
[1.797s] -- GFlags library status:
[1.797s] --     include path: /home/webotpi/ros2_ws/src/deptrum-ros-driver/ext/gflags-2.2.2/include
[1.797s] --     library path: /home/webotpi/ros2_ws/src/deptrum-ros-driver/ext/gflags-2.2.2/lib-static
[1.797s] --     libraries: gflags
[1.799s] -- Found ament_lint_auto: 0.17.5 (/opt/ros/jazzy/share/ament_lint_auto/cmake)
[1.975s] CMake Deprecation Warning at subscribe_node/CMakeLists.txt:1 (cmake_minimum_required):
[1.975s]   Compatibility with CMake < 3.5 will be removed from a future version of
[1.975s]   CMake.
[1.975s] 
[1.975s]   Update the VERSION argument <min> value or use a ...<max> suffix to tell
[1.975s]   CMake that the project does not need compatibility with older versions.
[1.975s] 
[1.975s] 
[2.018s] -- Found Boost: /usr/lib/aarch64-linux-gnu/cmake/Boost-1.83.0/BoostConfig.cmake (found version "1.83.0") found components: system filesystem 
[2.031s] -- Added test 'copyright' to check source files copyright and LICENSE
[2.055s] -- Added test 'cppcheck' to perform static code analysis on C / C++ code
[2.056s] -- Configured cppcheck include dirs: /home/webotpi/ros2_ws/src/deptrum-ros-driver/include;/home/webotpi/ros2_ws/src/deptrum-ros-driver/ext/deptrum-stream-aurora900---v1.1.19-18.04/include;/home/webotpi/ros2_ws/src/deptrum-ros-driver/ext/glog-0.4.0/include;/home/webotpi/ros2_ws/src/deptrum-ros-driver/ext/gflags-2.2.2/include
[2.056s] -- Configured cppcheck exclude dirs and/or files: 
[2.079s] -- Added test 'cpplint' to check C / C++ code against the Google style
[2.079s] -- Configured cpplint exclude dirs and/or files: 
[2.082s] -- Added test 'flake8' to check Python code syntax and style conventions
[2.083s] -- Configured 'flake8' exclude dirs and/or files: 
[2.089s] -- Added test 'lint_cmake' to check CMake code style
[2.092s] -- Added test 'pep257' to check Python code against some of the docstring style conventions in PEP 257
[2.115s] -- Added test 'uncrustify' to check C / C++ code style
[2.115s] -- Configured uncrustify additional arguments: 
[2.118s] -- Added test 'xmllint' to check XML markup files
[2.121s] -- Configuring done (2.1s)
[2.172s] -- Generating done (0.0s)
[2.184s] -- Build files have been written to: /home/webotpi/ros2_ws/build/deptrum-ros-driver-aurora930
[2.209s] Invoked command in '/home/webotpi/ros2_ws/build/deptrum-ros-driver-aurora930' returned '0': CMAKE_PREFIX_PATH=${CMAKE_PREFIX_PATH}:/opt/ros/jazzy /usr/bin/cmake /home/webotpi/ros2_ws/src/deptrum-ros-driver -DSTREAM_SDK_TYPE=AURORA930 -DAMENT_CMAKE_SYMLINK_INSTALL=1 -DCMAKE_INSTALL_PREFIX=/home/webotpi/ros2_ws/install/deptrum-ros-driver-aurora930
[2.211s] Invoking command in '/home/webotpi/ros2_ws/build/deptrum-ros-driver-aurora930': CMAKE_PREFIX_PATH=${CMAKE_PREFIX_PATH}:/opt/ros/jazzy /usr/bin/cmake --build /home/webotpi/ros2_ws/build/deptrum-ros-driver-aurora930 -- -j4 -l4
[2.301s] [ 44%] Building CXX object subscribe_node/CMakeFiles/sub_node_ci.dir/src/sub_node_ci.cc.o
[2.301s] [ 44%] Building CXX object CMakeFiles/aurora930_node.dir/src/ros2_node.cc.o
[2.301s] [ 44%] Building CXX object subscribe_node/CMakeFiles/sub_node.dir/src/sub_node.cc.o
[2.301s] [ 44%] Building CXX object CMakeFiles/aurora930_node.dir/src/ros2_device.cc.o
[2.325s] /home/webotpi/ros2_ws/src/deptrum-ros-driver/subscribe_node/src/sub_node_ci.cc:1:10: fatal error: cv_bridge/cv_bridge.h: 没有那个文件或目录
[2.325s]     1 | #include <cv_bridge/cv_bridge.h>
[2.325s]       |          ^~~~~~~~~~~~~~~~~~~~~~~
[2.326s] compilation terminated.
[2.326s] /home/webotpi/ros2_ws/src/deptrum-ros-driver/subscribe_node/src/sub_node.cc:1:10: fatal error: cv_bridge/cv_bridge.h: 没有那个文件或目录
[2.326s]     1 | #include <cv_bridge/cv_bridge.h>
[2.326s]       |          ^~~~~~~~~~~~~~~~~~~~~~~
[2.326s] compilation terminated.
[2.334s] gmake[2]: *** [subscribe_node/CMakeFiles/sub_node_ci.dir/build.make:76：subscribe_node/CMakeFiles/sub_node_ci.dir/src/sub_node_ci.cc.o] 错误 1
[2.334s] gmake[1]: *** [CMakeFiles/Makefile2:208：subscribe_node/CMakeFiles/sub_node_ci.dir/all] 错误 2
[2.334s] gmake[1]: *** 正在等待未完成的任务....
[2.337s] gmake[2]: *** [subscribe_node/CMakeFiles/sub_node.dir/build.make:76：subscribe_node/CMakeFiles/sub_node.dir/src/sub_node.cc.o] 错误 1
[2.337s] gmake[1]: *** [CMakeFiles/Makefile2:182：subscribe_node/CMakeFiles/sub_node.dir/all] 错误 2
[2.350s] [ 66%] Building CXX object CMakeFiles/aurora930_node.dir/src/camera_parameters.cc.o
[2.350s] [ 66%] Building CXX object CMakeFiles/aurora930_node.dir/src/aurora900_ros2_device.cc.o
[2.515s] In file included from /home/webotpi/ros2_ws/src/deptrum-ros-driver/src/aurora900_ros2_device.cc:2:
[2.516s] /home/webotpi/ros2_ws/src/deptrum-ros-driver/include/deptrum_ros_driver/aurora900_ros2_device.h:3:10: fatal error: deptrum/aurora900_series.h: 没有那个文件或目录
[2.516s]     3 | #include "deptrum/aurora900_series.h"
[2.516s]       |          ^~~~~~~~~~~~~~~~~~~~~~~~~~~~
[2.516s] compilation terminated.
[2.519s] gmake[2]: *** [CMakeFiles/aurora930_node.dir/build.make:104：CMakeFiles/aurora930_node.dir/src/aurora900_ros2_device.cc.o] 错误 1
[2.519s] gmake[2]: *** 正在等待未完成的任务....
[2.625s] /home/webotpi/ros2_ws/src/deptrum-ros-driver/src/camera_parameters.cc:4:10: fatal error: tf2_geometry_msgs/tf2_geometry_msgs.h: 没有那个文件或目录
[2.625s]     4 | #include <tf2_geometry_msgs/tf2_geometry_msgs.h>
[2.625s]       |          ^~~~~~~~~~~~~~~~~~~~~~~~~~~~~~~~~~~~~~~
[2.625s] compilation terminated.
[2.631s] gmake[2]: *** [CMakeFiles/aurora930_node.dir/build.make:118：CMakeFiles/aurora930_node.dir/src/camera_parameters.cc.o] 错误 1
[2.810s] In file included from /home/webotpi/ros2_ws/src/deptrum-ros-driver/src/ros2_node.cc:6:
[2.810s] /home/webotpi/ros2_ws/src/deptrum-ros-driver/include/deptrum_ros_driver/ros2_device.h:6:10: fatal error: deptrum/common_types.h: 没有那个文件或目录
[2.810s]     6 | #include "deptrum/common_types.h"
[2.811s]       |          ^~~~~~~~~~~~~~~~~~~~~~~~
[2.811s] compilation terminated.
[2.816s] gmake[2]: *** [CMakeFiles/aurora930_node.dir/build.make:76：CMakeFiles/aurora930_node.dir/src/ros2_node.cc.o] 错误 1
[2.820s] In file included from /home/webotpi/ros2_ws/src/deptrum-ros-driver/src/ros2_device.cc:4:
[2.821s] /home/webotpi/ros2_ws/src/deptrum-ros-driver/include/deptrum_ros_driver/camera_parameters.h:14:10: fatal error: deptrum/device.h: 没有那个文件或目录
[2.821s]    14 | #include "deptrum/device.h"
[2.821s]       |          ^~~~~~~~~~~~~~~~~~
[2.821s] compilation terminated.
[2.826s] gmake[2]: *** [CMakeFiles/aurora930_node.dir/build.make:90：CMakeFiles/aurora930_node.dir/src/ros2_device.cc.o] 错误 1
[2.826s] gmake[1]: *** [CMakeFiles/Makefile2:156：CMakeFiles/aurora930_node.dir/all] 错误 2
[2.827s] gmake: *** [Makefile:146：all] 错误 2
[2.830s] Invoked command in '/home/webotpi/ros2_ws/build/deptrum-ros-driver-aurora930' returned '2': CMAKE_PREFIX_PATH=${CMAKE_PREFIX_PATH}:/opt/ros/jazzy /usr/bin/cmake --build /home/webotpi/ros2_ws/build/deptrum-ros-driver-aurora930 -- -j4 -l4
