[0.014s] Invoking command in '/home/webotpi/ros2_ws/build/my_srv': CMAKE_PREFIX_PATH=${CMAKE_PREFIX_PATH}:/home/webotpi/ros2_ws/install/voice_interaction:/home/webotpi/ros2_ws/install/py_pkg:/home/webotpi/ros2_ws/install/my_launch_pkg:/opt/ros/jazzy DEBUGINFOD_URLS=https://debuginfod.ubuntu.com /usr/bin/cmake /home/webotpi/ros2_ws/src/my_srv -DAMENT_CMAKE_SYMLINK_INSTALL=1 -DCMAKE_INSTALL_PREFIX=/home/webotpi/ros2_ws/install/my_srv
[0.112s] -- The C compiler identification is GNU 13.3.0
[0.207s] -- The CXX compiler identification is GNU 13.3.0
[0.235s] -- Detecting C compiler ABI info
[0.389s] -- Detecting C compiler ABI info - done
[0.405s] -- Check for working C compiler: /usr/bin/cc - skipped
[0.405s] -- Detecting C compile features
[0.406s] -- Detecting C compile features - done
[0.421s] -- Detecting CXX compiler ABI info
[0.590s] -- Detecting CXX compiler ABI info - done
[0.606s] -- Check for working CXX compiler: /usr/bin/c++ - skipped
[0.606s] -- Detecting CXX compile features
[0.607s] -- Detecting CXX compile features - done
[0.611s] -- Found ament_cmake: 2.5.6 (/opt/ros/jazzy/share/ament_cmake/cmake)
[0.833s] -- Found Python3: /usr/bin/python3 (found version "3.12.3") found components: Interpreter 
[0.957s] -- Override CMake install command with custom implementation using symlinks instead of copying resources
[1.008s] -- Found cv_bridge: 4.1.0 (/opt/ros/jazzy/share/cv_bridge/cmake)
[1.080s] -- Found rosidl_generator_c: 4.6.7 (/opt/ros/jazzy/share/rosidl_generator_c/cmake)
[1.100s] -- Found rosidl_generator_cpp: 4.6.7 (/opt/ros/jazzy/share/rosidl_generator_cpp/cmake)
[1.124s] -- Using all available rosidl_typesupport_c: rosidl_typesupport_fastrtps_c;rosidl_typesupport_introspection_c
[1.151s] -- Using all available rosidl_typesupport_cpp: rosidl_typesupport_fastrtps_cpp;rosidl_typesupport_introspection_cpp
[1.338s] -- Found rmw_implementation_cmake: 7.3.3 (/opt/ros/jazzy/share/rmw_implementation_cmake/cmake)
[1.342s] -- Found rmw_fastrtps_cpp: 8.4.3 (/opt/ros/jazzy/share/rmw_fastrtps_cpp/cmake)
[1.479s] -- Found OpenSSL: /usr/lib/aarch64-linux-gnu/libcrypto.so (found version "3.0.13")  
[1.506s] -- Found FastRTPS: /opt/ros/jazzy/include (Required is at least version "2.13") 
[1.541s] -- Using RMW implementation 'rmw_fastrtps_cpp' as default
[1.639s] -- Found rosbridge_suite: 2.6.0 (/opt/ros/jazzy/share/rosbridge_suite/cmake)
[1.641s] -- Found rosidl_default_generators: 1.6.0 (/opt/ros/jazzy/share/rosidl_default_generators/cmake)
[1.670s] -- Found rosidl_adapter: 4.6.7 (/opt/ros/jazzy/share/rosidl_adapter/cmake)
[2.571s] -- Found ament_cmake_ros: 0.12.0 (/opt/ros/jazzy/share/ament_cmake_ros/cmake)
[3.672s] -- Using all available rosidl_typesupport_c: rosidl_typesupport_fastrtps_c;rosidl_typesupport_introspection_c
[4.102s] -- Using all available rosidl_typesupport_cpp: rosidl_typesupport_fastrtps_cpp;rosidl_typesupport_introspection_cpp
[4.106s] -- Found python_cmake_module: 0.11.1 (/opt/ros/jazzy/share/python_cmake_module/cmake)
[4.317s] -- Found PythonExtra: /usr/bin/python3  
[5.017s] -- Found Python3: /usr/bin/python3 (found version "3.12.3") found components: Interpreter Development NumPy Development.Module Development.Embed 
[5.116s] -- Found Python3: /usr/bin/python3 (found version "3.12.3") found components: Interpreter 
[5.123s] -- Found ament_lint_auto: 0.17.5 (/opt/ros/jazzy/share/ament_lint_auto/cmake)
[5.159s] -- Added test 'flake8' to check Python code syntax and style conventions
[5.159s] -- Configured 'flake8' exclude dirs and/or files: 
[5.160s] -- Added test 'lint_cmake' to check CMake code style
[5.162s] -- Added test 'pep257' to check Python code against some of the docstring style conventions in PEP 257
[5.166s] -- Added test 'xmllint' to check XML markup files
[5.172s] -- Configuring done (5.1s)
[5.226s] -- Generating done (0.0s)
[5.244s] -- Build files have been written to: /home/webotpi/ros2_ws/build/my_srv
[5.271s] Invoked command in '/home/webotpi/ros2_ws/build/my_srv' returned '0': CMAKE_PREFIX_PATH=${CMAKE_PREFIX_PATH}:/home/webotpi/ros2_ws/install/voice_interaction:/home/webotpi/ros2_ws/install/py_pkg:/home/webotpi/ros2_ws/install/my_launch_pkg:/opt/ros/jazzy DEBUGINFOD_URLS=https://debuginfod.ubuntu.com /usr/bin/cmake /home/webotpi/ros2_ws/src/my_srv -DAMENT_CMAKE_SYMLINK_INSTALL=1 -DCMAKE_INSTALL_PREFIX=/home/webotpi/ros2_ws/install/my_srv
[5.273s] Invoking command in '/home/webotpi/ros2_ws/build/my_srv': CMAKE_PREFIX_PATH=${CMAKE_PREFIX_PATH}:/home/webotpi/ros2_ws/install/voice_interaction:/home/webotpi/ros2_ws/install/py_pkg:/home/webotpi/ros2_ws/install/my_launch_pkg:/opt/ros/jazzy DEBUGINFOD_URLS=https://debuginfod.ubuntu.com /usr/bin/cmake --build /home/webotpi/ros2_ws/build/my_srv -- -j4 -l4
[5.363s] [  2%] [34m[1mGenerating Rust code for ROS interfaces[0m
[5.738s] [  2%] Built target my_srv__rs
[5.786s] [  2%] Built target ament_cmake_python_symlink_my_srv
[5.821s] [  5%] [34m[1mGenerating type hashes for ROS interfaces[0m
[6.111s] [  5%] Built target my_srv__rosidl_generator_type_description
[6.415s] running egg_info
[6.417s] creating my_srv.egg-info
[6.444s] writing my_srv.egg-info/PKG-INFO
[6.444s] writing dependency_links to my_srv.egg-info/dependency_links.txt
[6.444s] writing top-level names to my_srv.egg-info/top_level.txt
[6.444s] writing manifest file 'my_srv.egg-info/SOURCES.txt'
[6.524s] reading manifest file 'my_srv.egg-info/SOURCES.txt'
[6.524s] writing manifest file 'my_srv.egg-info/SOURCES.txt'
[6.590s] [  5%] Built target ament_cmake_python_build_my_srv_egg
[6.626s] [  8%] [34m[1mGenerating C++ code for ROS interfaces[0m
[7.088s] [  8%] Built target my_srv__cpp
[7.106s] [ 11%] [34m[1mGenerating C code for ROS interfaces[0m
[7.627s] [ 14%] [32mBuilding C object CMakeFiles/my_srv__rosidl_generator_c.dir/rosidl_generator_c/my_srv/srv/detail/add__description.c.o[0m
[7.710s] [ 17%] [32mBuilding C object CMakeFiles/my_srv__rosidl_generator_c.dir/rosidl_generator_c/my_srv/srv/detail/add__type_support.c.o[0m
[7.778s] [ 20%] [32mBuilding C object CMakeFiles/my_srv__rosidl_generator_c.dir/rosidl_generator_c/my_srv/srv/detail/add__functions.c.o[0m
[7.895s] [ 22%] [32m[1mLinking C shared library libmy_srv__rosidl_generator_c.so[0m
[7.965s] [ 22%] Built target my_srv__rosidl_generator_c
[7.984s] [ 25%] [34m[1mGenerating C type support for eProsima Fast-RTPS[0m
[8.442s] [ 28%] [32mBuilding CXX object CMakeFiles/my_srv__rosidl_typesupport_fastrtps_c.dir/rosidl_typesupport_fastrtps_c/my_srv/srv/detail/add__type_support_c.cpp.o[0m
[9.169s] [ 31%] [32m[1mLinking CXX shared library libmy_srv__rosidl_typesupport_fastrtps_c.so[0m
[9.315s] [ 31%] Built target my_srv__rosidl_typesupport_fastrtps_c
[9.333s] [ 34%] [34m[1mGenerating C type support dispatch for ROS interfaces[0m
[9.676s] [ 37%] [32mBuilding CXX object CMakeFiles/my_srv__rosidl_typesupport_c.dir/rosidl_typesupport_c/my_srv/srv/add__type_support.cpp.o[0m
[9.752s] [ 40%] [32m[1mLinking CXX shared library libmy_srv__rosidl_typesupport_c.so[0m
[9.823s] [ 40%] Built target my_srv__rosidl_typesupport_c
[9.841s] [ 42%] [34m[1mGenerating C++ introspection for ROS interfaces[0m
[10.228s] [ 45%] [32mBuilding CXX object CMakeFiles/my_srv__rosidl_typesupport_introspection_cpp.dir/rosidl_typesupport_introspection_cpp/my_srv/srv/detail/add__type_support.cpp.o[0m
[10.838s] [ 48%] [32m[1mLinking CXX shared library libmy_srv__rosidl_typesupport_introspection_cpp.so[0m
[10.983s] [ 48%] Built target my_srv__rosidl_typesupport_introspection_cpp
[11.002s] [ 51%] [34m[1mGenerating C++ type support dispatch for ROS interfaces[0m
[11.348s] [ 54%] [32mBuilding CXX object CMakeFiles/my_srv__rosidl_typesupport_cpp.dir/rosidl_typesupport_cpp/my_srv/srv/add__type_support.cpp.o[0m
[11.903s] [ 57%] [32m[1mLinking CXX shared library libmy_srv__rosidl_typesupport_cpp.so[0m
[12.046s] [ 57%] Built target my_srv__rosidl_typesupport_cpp
[12.063s] [ 60%] [34m[1mGenerating C introspection for ROS interfaces[0m
[12.449s] [ 62%] [32mBuilding C object CMakeFiles/my_srv__rosidl_typesupport_introspection_c.dir/rosidl_typesupport_introspection_c/my_srv/srv/detail/add__type_support.c.o[0m
[12.528s] [ 65%] [32m[1mLinking C shared library libmy_srv__rosidl_typesupport_introspection_c.so[0m
[12.586s] [ 65%] Built target my_srv__rosidl_typesupport_introspection_c
[12.604s] [ 68%] [34m[1mGenerating C++ type support for eProsima Fast-RTPS[0m
[13.046s] [ 71%] [32mBuilding CXX object CMakeFiles/my_srv__rosidl_typesupport_fastrtps_cpp.dir/rosidl_typesupport_fastrtps_cpp/my_srv/srv/detail/dds_fastrtps/add__type_support.cpp.o[0m
[13.927s] [ 74%] [32m[1mLinking CXX shared library libmy_srv__rosidl_typesupport_fastrtps_cpp.so[0m
[14.073s] [ 74%] Built target my_srv__rosidl_typesupport_fastrtps_cpp
[14.107s] [ 74%] Built target my_srv
[14.140s] [ 77%] [34m[1mGenerating Python code for ROS interfaces[0m
[14.736s] [ 77%] Built target my_srv__py
[14.772s] [ 80%] [32mBuilding C object CMakeFiles/my_srv__rosidl_generator_py.dir/rosidl_generator_py/my_srv/srv/_add_s.c.o[0m
[15.007s] [ 82%] [32m[1mLinking C shared library libmy_srv__rosidl_generator_py.so[0m
[15.085s] [ 82%] Built target my_srv__rosidl_generator_py
[15.122s] [ 85%] [32mBuilding C object CMakeFiles/my_srv_s__rosidl_typesupport_fastrtps_c.dir/rosidl_generator_py/my_srv/_my_srv_s.ep.rosidl_typesupport_fastrtps_c.c.o[0m
[15.293s] [ 88%] [32m[1mLinking C shared module rosidl_generator_py/my_srv/my_srv_s__rosidl_typesupport_fastrtps_c.so[0m
[15.351s] [ 88%] Built target my_srv_s__rosidl_typesupport_fastrtps_c
[15.387s] [ 91%] [32mBuilding C object CMakeFiles/my_srv_s__rosidl_typesupport_c.dir/rosidl_generator_py/my_srv/_my_srv_s.ep.rosidl_typesupport_c.c.o[0m
[15.552s] [ 94%] [32m[1mLinking C shared module rosidl_generator_py/my_srv/my_srv_s__rosidl_typesupport_c.so[0m
[15.608s] [ 94%] Built target my_srv_s__rosidl_typesupport_c
[15.644s] [ 97%] [32mBuilding C object CMakeFiles/my_srv_s__rosidl_typesupport_introspection_c.dir/rosidl_generator_py/my_srv/_my_srv_s.ep.rosidl_typesupport_introspection_c.c.o[0m
[15.811s] [100%] [32m[1mLinking C shared module rosidl_generator_py/my_srv/my_srv_s__rosidl_typesupport_introspection_c.so[0m
[15.867s] [100%] Built target my_srv_s__rosidl_typesupport_introspection_c
[15.889s] Invoked command in '/home/webotpi/ros2_ws/build/my_srv' returned '0': CMAKE_PREFIX_PATH=${CMAKE_PREFIX_PATH}:/home/webotpi/ros2_ws/install/voice_interaction:/home/webotpi/ros2_ws/install/py_pkg:/home/webotpi/ros2_ws/install/my_launch_pkg:/opt/ros/jazzy DEBUGINFOD_URLS=https://debuginfod.ubuntu.com /usr/bin/cmake --build /home/webotpi/ros2_ws/build/my_srv -- -j4 -l4
[15.908s] Invoking command in '/home/webotpi/ros2_ws/build/my_srv': CMAKE_PREFIX_PATH=${CMAKE_PREFIX_PATH}:/home/webotpi/ros2_ws/install/voice_interaction:/home/webotpi/ros2_ws/install/py_pkg:/home/webotpi/ros2_ws/install/my_launch_pkg:/opt/ros/jazzy DEBUGINFOD_URLS=https://debuginfod.ubuntu.com /usr/bin/cmake --install /home/webotpi/ros2_ws/build/my_srv
[15.922s] -- Install configuration: ""
[15.923s] -- Execute custom install script
[15.924s] -- Symlinking: /home/webotpi/ros2_ws/install/my_srv/share/ament_index/resource_index/rosidl_interfaces/my_srv
[15.940s] -- Symlinking: /home/webotpi/ros2_ws/install/my_srv/share/my_srv/srv/Add.json
[15.958s] -- Symlinking: /home/webotpi/ros2_ws/install/my_srv/include/my_srv/my_srv/msg/rosidl_generator_c__visibility_control.h
[15.974s] -- Symlinking: /home/webotpi/ros2_ws/install/my_srv/include/my_srv/my_srv/srv/add.h
[15.990s] -- Symlinking: /home/webotpi/ros2_ws/install/my_srv/include/my_srv/my_srv/srv/detail/add__functions.h
[16.007s] -- Symlinking: /home/webotpi/ros2_ws/install/my_srv/include/my_srv/my_srv/srv/detail/add__struct.h
[16.023s] -- Symlinking: /home/webotpi/ros2_ws/install/my_srv/include/my_srv/my_srv/srv/detail/add__type_support.h
[16.040s] -- Symlinking: /home/webotpi/ros2_ws/install/my_srv/share/my_srv/environment/library_path.sh
[16.056s] -- Symlinking: /home/webotpi/ros2_ws/install/my_srv/share/my_srv/environment/library_path.dsv
[16.074s] -- Symlinking: /home/webotpi/ros2_ws/install/my_srv/include/my_srv/my_srv/msg/rosidl_typesupport_fastrtps_c__visibility_control.h
[16.090s] -- Symlinking: /home/webotpi/ros2_ws/install/my_srv/include/my_srv/my_srv/srv/detail/add__rosidl_typesupport_fastrtps_c.h
[16.106s] -- Symlinking: /home/webotpi/ros2_ws/install/my_srv/include/my_srv/my_srv/msg/rosidl_generator_cpp__visibility_control.hpp
[16.123s] -- Symlinking: /home/webotpi/ros2_ws/install/my_srv/include/my_srv/my_srv/srv/add.hpp
[16.139s] -- Symlinking: /home/webotpi/ros2_ws/install/my_srv/include/my_srv/my_srv/srv/detail/add__builder.hpp
[16.155s] -- Symlinking: /home/webotpi/ros2_ws/install/my_srv/include/my_srv/my_srv/srv/detail/add__struct.hpp
[16.172s] -- Symlinking: /home/webotpi/ros2_ws/install/my_srv/include/my_srv/my_srv/srv/detail/add__traits.hpp
[16.188s] -- Symlinking: /home/webotpi/ros2_ws/install/my_srv/include/my_srv/my_srv/srv/detail/add__type_support.hpp
[16.205s] -- Symlinking: /home/webotpi/ros2_ws/install/my_srv/include/my_srv/my_srv/msg/rosidl_typesupport_fastrtps_cpp__visibility_control.h
[16.220s] -- Symlinking: /home/webotpi/ros2_ws/install/my_srv/include/my_srv/my_srv/srv/detail/add__rosidl_typesupport_fastrtps_cpp.hpp
[16.237s] -- Symlinking: /home/webotpi/ros2_ws/install/my_srv/include/my_srv/my_srv/msg/rosidl_typesupport_introspection_c__visibility_control.h
[16.254s] -- Symlinking: /home/webotpi/ros2_ws/install/my_srv/include/my_srv/my_srv/srv/detail/add__rosidl_typesupport_introspection_c.h
[16.270s] -- Symlinking: /home/webotpi/ros2_ws/install/my_srv/include/my_srv/my_srv/srv/detail/add__rosidl_typesupport_introspection_cpp.hpp
[16.287s] -- Symlinking: /home/webotpi/ros2_ws/install/my_srv/share/my_srv/environment/pythonpath.sh
[16.303s] -- Symlinking: /home/webotpi/ros2_ws/install/my_srv/share/my_srv/environment/pythonpath.dsv
[16.320s] -- Symlinking: /home/webotpi/ros2_ws/install/my_srv/lib/python3.12/site-packages/my_srv-0.0.0-py3.12.egg-info/PKG-INFO
[16.337s] -- Symlinking: /home/webotpi/ros2_ws/install/my_srv/lib/python3.12/site-packages/my_srv-0.0.0-py3.12.egg-info/SOURCES.txt
[16.354s] -- Symlinking: /home/webotpi/ros2_ws/install/my_srv/lib/python3.12/site-packages/my_srv-0.0.0-py3.12.egg-info/dependency_links.txt
[16.371s] -- Symlinking: /home/webotpi/ros2_ws/install/my_srv/lib/python3.12/site-packages/my_srv-0.0.0-py3.12.egg-info/top_level.txt
[16.389s] -- Symlinking: /home/webotpi/ros2_ws/install/my_srv/lib/python3.12/site-packages/my_srv/__init__.py
[16.406s] -- Symlinking: /home/webotpi/ros2_ws/install/my_srv/lib/python3.12/site-packages/my_srv/_my_srv_s.ep.rosidl_typesupport_c.c
[16.422s] -- Symlinking: /home/webotpi/ros2_ws/install/my_srv/lib/python3.12/site-packages/my_srv/_my_srv_s.ep.rosidl_typesupport_fastrtps_c.c
[16.439s] -- Symlinking: /home/webotpi/ros2_ws/install/my_srv/lib/python3.12/site-packages/my_srv/_my_srv_s.ep.rosidl_typesupport_introspection_c.c
[16.455s] -- Symlinking: /home/webotpi/ros2_ws/install/my_srv/lib/python3.12/site-packages/my_srv/my_srv_s__rosidl_typesupport_c.so
[16.471s] -- Symlinking: /home/webotpi/ros2_ws/install/my_srv/lib/python3.12/site-packages/my_srv/my_srv_s__rosidl_typesupport_fastrtps_c.so
[16.487s] -- Symlinking: /home/webotpi/ros2_ws/install/my_srv/lib/python3.12/site-packages/my_srv/my_srv_s__rosidl_typesupport_introspection_c.so
[16.504s] -- Symlinking: /home/webotpi/ros2_ws/install/my_srv/lib/python3.12/site-packages/my_srv/srv/__init__.py
[16.520s] -- Symlinking: /home/webotpi/ros2_ws/install/my_srv/lib/python3.12/site-packages/my_srv/srv/_add.py
[16.537s] -- Symlinking: /home/webotpi/ros2_ws/install/my_srv/lib/python3.12/site-packages/my_srv/srv/_add_s.c
[16.553s] -- Up-to-date symlink: /home/webotpi/ros2_ws/install/my_srv/lib/python3.12/site-packages/my_srv/my_srv_s__rosidl_typesupport_fastrtps_c.so
[16.553s] -- Up-to-date symlink: /home/webotpi/ros2_ws/install/my_srv/lib/python3.12/site-packages/my_srv/my_srv_s__rosidl_typesupport_introspection_c.so
[16.553s] -- Up-to-date symlink: /home/webotpi/ros2_ws/install/my_srv/lib/python3.12/site-packages/my_srv/my_srv_s__rosidl_typesupport_c.so
[16.554s] -- Symlinking: /home/webotpi/ros2_ws/install/my_srv/share/ament_index/resource_index/rust_packages/my_srv
[16.571s] -- Symlinking: /home/webotpi/ros2_ws/install/my_srv/share/my_srv/rust/Cargo.toml
[16.587s] -- Symlinking: /home/webotpi/ros2_ws/install/my_srv/share/my_srv/rust/build.rs
[16.603s] -- Symlinking: /home/webotpi/ros2_ws/install/my_srv/share/my_srv/rust/src/lib.rs
[16.620s] -- Symlinking: /home/webotpi/ros2_ws/install/my_srv/share/my_srv/rust/src/srv.rs
[16.638s] -- Symlinking: /home/webotpi/ros2_ws/install/my_srv/share/my_srv/rust/src/srv/rmw.rs
[16.654s] -- Symlinking: /home/webotpi/ros2_ws/install/my_srv/share/my_srv/srv/Add.idl
[16.671s] -- Symlinking: /home/webotpi/ros2_ws/install/my_srv/share/my_srv/srv/Add.srv
[16.687s] -- Symlinking: /home/webotpi/ros2_ws/install/my_srv/lib/my_srv/arm_fk.py
[16.704s] -- Symlinking: /home/webotpi/ros2_ws/install/my_srv/lib/my_srv/arm_rviz_bridge.py
[16.720s] -- Symlinking: /home/webotpi/ros2_ws/install/my_srv/lib/my_srv/arm_teach.py
[16.736s] -- Symlinking: /home/webotpi/ros2_ws/install/my_srv/lib/my_srv/asr_node.py
[16.753s] -- Symlinking: /home/webotpi/ros2_ws/install/my_srv/lib/my_srv/color_set_node.py
[16.769s] -- Symlinking: /home/webotpi/ros2_ws/install/my_srv/lib/my_srv/color_sorting_node.py
[16.786s] -- Symlinking: /home/webotpi/ros2_ws/install/my_srv/lib/my_srv/color_stack_node.py
[16.802s] -- Symlinking: /home/webotpi/ros2_ws/install/my_srv/lib/my_srv/color_track_node.py
[16.817s] -- Symlinking: /home/webotpi/ros2_ws/install/my_srv/lib/my_srv/depth_arm.launch.py
[16.834s] -- Symlinking: /home/webotpi/ros2_ws/install/my_srv/lib/my_srv/depth_color_sorting_node.py
[16.849s] -- Symlinking: /home/webotpi/ros2_ws/install/my_srv/lib/my_srv/depth_color_stack_node.py
[16.867s] -- Symlinking: /home/webotpi/ros2_ws/install/my_srv/lib/my_srv/depth_color_track_node.py
[16.883s] -- Symlinking: /home/webotpi/ros2_ws/install/my_srv/lib/my_srv/depth_distance_node.py
[16.901s] -- Symlinking: /home/webotpi/ros2_ws/install/my_srv/lib/my_srv/depth_label_sorting_node.py
[16.917s] -- Symlinking: /home/webotpi/ros2_ws/install/my_srv/lib/my_srv/depth_label_stack_node.py
[16.933s] -- Symlinking: /home/webotpi/ros2_ws/install/my_srv/lib/my_srv/depth_label_track_node.py
[16.950s] -- Symlinking: /home/webotpi/ros2_ws/install/my_srv/lib/my_srv/depth_num_sorting_node.py
[16.966s] -- Symlinking: /home/webotpi/ros2_ws/install/my_srv/lib/my_srv/depth_num_stack_node.py
[16.983s] -- Symlinking: /home/webotpi/ros2_ws/install/my_srv/lib/my_srv/depth_num_track_node.py
[16.999s] -- Symlinking: /home/webotpi/ros2_ws/install/my_srv/lib/my_srv/depth_utils.py
[17.016s] -- Symlinking: /home/webotpi/ros2_ws/install/my_srv/lib/my_srv/diagnose_hand_eye.py
[17.032s] -- Symlinking: /home/webotpi/ros2_ws/install/my_srv/lib/my_srv/eye_in_hand_calib_node.py
[17.048s] -- Symlinking: /home/webotpi/ros2_ws/install/my_srv/lib/my_srv/face_track_node.py
[17.065s] -- Symlinking: /home/webotpi/ros2_ws/install/my_srv/lib/my_srv/glove_node.py
[17.081s] -- Symlinking: /home/webotpi/ros2_ws/install/my_srv/lib/my_srv/hand_gesture_arm_node.py
[17.097s] -- Symlinking: /home/webotpi/ros2_ws/install/my_srv/lib/my_srv/joy_arm_node.py
[17.113s] -- Symlinking: /home/webotpi/ros2_ws/install/my_srv/lib/my_srv/lab_tuner.py
[17.129s] -- Symlinking: /home/webotpi/ros2_ws/install/my_srv/lib/my_srv/label_sorting_node.py
[17.146s] -- Symlinking: /home/webotpi/ros2_ws/install/my_srv/lib/my_srv/label_stack_node.py
[17.162s] -- Symlinking: /home/webotpi/ros2_ws/install/my_srv/lib/my_srv/label_track_node.py
[17.179s] -- Symlinking: /home/webotpi/ros2_ws/install/my_srv/lib/my_srv/num_sorting_node.py
[17.195s] -- Symlinking: /home/webotpi/ros2_ws/install/my_srv/lib/my_srv/num_stack_node.py
[17.211s] -- Symlinking: /home/webotpi/ros2_ws/install/my_srv/lib/my_srv/num_track_node.py
[17.228s] -- Symlinking: /home/webotpi/ros2_ws/install/my_srv/lib/my_srv/servo_node.py
[17.245s] -- Symlinking: /home/webotpi/ros2_ws/install/my_srv/lib/my_srv/test.py
[17.261s] -- Symlinking: /home/webotpi/ros2_ws/install/my_srv/lib/my_srv/z_move.py
[17.277s] -- Symlinking: /home/webotpi/ros2_ws/install/my_srv/lib/my_srv/z_uart.py
[17.856s] -- Symlinking: /home/webotpi/ros2_ws/install/my_srv/share/my_srv/launch/depth_arm.launch.py
[17.876s] -- Symlinking: /home/webotpi/ros2_ws/install/my_srv/share/my_srv/launch/function.launch.py
[17.892s] -- Symlinking: /home/webotpi/ros2_ws/install/my_srv/share/my_srv/launch/slave.launch.py
[17.909s] -- Symlinking: /home/webotpi/ros2_ws/install/my_srv/share/my_srv/web/index.html
[17.927s] -- Symlinking: /home/webotpi/ros2_ws/install/my_srv/share/ament_index/resource_index/package_run_dependencies/my_srv
[17.944s] -- Symlinking: /home/webotpi/ros2_ws/install/my_srv/share/ament_index/resource_index/parent_prefix_path/my_srv
[17.960s] -- Symlinking: /home/webotpi/ros2_ws/install/my_srv/share/my_srv/environment/ament_prefix_path.sh
[17.977s] -- Symlinking: /home/webotpi/ros2_ws/install/my_srv/share/my_srv/environment/ament_prefix_path.dsv
[17.993s] -- Symlinking: /home/webotpi/ros2_ws/install/my_srv/share/my_srv/environment/path.sh
[18.010s] -- Symlinking: /home/webotpi/ros2_ws/install/my_srv/share/my_srv/environment/path.dsv
[18.026s] -- Symlinking: /home/webotpi/ros2_ws/install/my_srv/share/my_srv/local_setup.bash
[18.043s] -- Symlinking: /home/webotpi/ros2_ws/install/my_srv/share/my_srv/local_setup.sh
[18.059s] -- Symlinking: /home/webotpi/ros2_ws/install/my_srv/share/my_srv/local_setup.zsh
[18.076s] -- Symlinking: /home/webotpi/ros2_ws/install/my_srv/share/my_srv/local_setup.dsv
[18.093s] -- Symlinking: /home/webotpi/ros2_ws/install/my_srv/share/my_srv/package.dsv
[18.109s] -- Symlinking: /home/webotpi/ros2_ws/install/my_srv/share/ament_index/resource_index/packages/my_srv
[18.126s] -- Symlinking: /home/webotpi/ros2_ws/install/my_srv/share/my_srv/cmake/rosidl_cmake-extras.cmake
[18.142s] -- Symlinking: /home/webotpi/ros2_ws/install/my_srv/share/my_srv/cmake/ament_cmake_export_dependencies-extras.cmake
[18.158s] -- Symlinking: /home/webotpi/ros2_ws/install/my_srv/share/my_srv/cmake/ament_cmake_export_include_directories-extras.cmake
[18.174s] -- Symlinking: /home/webotpi/ros2_ws/install/my_srv/share/my_srv/cmake/ament_cmake_export_libraries-extras.cmake
[18.190s] -- Symlinking: /home/webotpi/ros2_ws/install/my_srv/share/my_srv/cmake/ament_cmake_export_targets-extras.cmake
[18.207s] -- Symlinking: /home/webotpi/ros2_ws/install/my_srv/share/my_srv/cmake/rosidl_cmake_export_typesupport_targets-extras.cmake
[18.224s] -- Symlinking: /home/webotpi/ros2_ws/install/my_srv/share/my_srv/cmake/rosidl_cmake_export_typesupport_libraries-extras.cmake
[18.240s] -- Symlinking: /home/webotpi/ros2_ws/install/my_srv/share/my_srv/cmake/my_srvConfig.cmake
[18.257s] -- Symlinking: /home/webotpi/ros2_ws/install/my_srv/share/my_srv/cmake/my_srvConfig-version.cmake
[18.273s] -- Symlinking: /home/webotpi/ros2_ws/install/my_srv/share/my_srv/package.xml
[18.289s] -- Installing: /home/webotpi/ros2_ws/install/my_srv/lib/libmy_srv__rosidl_generator_c.so
[18.290s] -- Set non-toolchain portion of runtime path of "/home/webotpi/ros2_ws/install/my_srv/lib/libmy_srv__rosidl_generator_c.so" to ""
[18.290s] -- Installing: /home/webotpi/ros2_ws/install/my_srv/lib/libmy_srv__rosidl_typesupport_fastrtps_c.so
[18.291s] -- Set non-toolchain portion of runtime path of "/home/webotpi/ros2_ws/install/my_srv/lib/libmy_srv__rosidl_typesupport_fastrtps_c.so" to ""
[18.291s] -- Installing: /home/webotpi/ros2_ws/install/my_srv/lib/libmy_srv__rosidl_typesupport_fastrtps_cpp.so
[18.292s] -- Set non-toolchain portion of runtime path of "/home/webotpi/ros2_ws/install/my_srv/lib/libmy_srv__rosidl_typesupport_fastrtps_cpp.so" to ""
[18.292s] -- Installing: /home/webotpi/ros2_ws/install/my_srv/lib/libmy_srv__rosidl_typesupport_introspection_c.so
[18.293s] -- Set non-toolchain portion of runtime path of "/home/webotpi/ros2_ws/install/my_srv/lib/libmy_srv__rosidl_typesupport_introspection_c.so" to ""
[18.293s] -- Installing: /home/webotpi/ros2_ws/install/my_srv/lib/libmy_srv__rosidl_typesupport_c.so
[18.294s] -- Set non-toolchain portion of runtime path of "/home/webotpi/ros2_ws/install/my_srv/lib/libmy_srv__rosidl_typesupport_c.so" to ""
[18.294s] -- Installing: /home/webotpi/ros2_ws/install/my_srv/lib/libmy_srv__rosidl_typesupport_introspection_cpp.so
[18.295s] -- Set non-toolchain portion of runtime path of "/home/webotpi/ros2_ws/install/my_srv/lib/libmy_srv__rosidl_typesupport_introspection_cpp.so" to ""
[18.295s] -- Installing: /home/webotpi/ros2_ws/install/my_srv/lib/libmy_srv__rosidl_typesupport_cpp.so
[18.295s] -- Set non-toolchain portion of runtime path of "/home/webotpi/ros2_ws/install/my_srv/lib/libmy_srv__rosidl_typesupport_cpp.so" to ""
[18.356s] Listing '/home/webotpi/ros2_ws/install/my_srv/lib/python3.12/site-packages/my_srv'...
[18.356s] Compiling '/home/webotpi/ros2_ws/install/my_srv/lib/python3.12/site-packages/my_srv/__init__.py'...
[18.356s] Listing '/home/webotpi/ros2_ws/install/my_srv/lib/python3.12/site-packages/my_srv/srv'...
[18.356s] Compiling '/home/webotpi/ros2_ws/install/my_srv/lib/python3.12/site-packages/my_srv/srv/__init__.py'...
[18.357s] Compiling '/home/webotpi/ros2_ws/install/my_srv/lib/python3.12/site-packages/my_srv/srv/_add.py'...
[18.368s] -- Installing: /home/webotpi/ros2_ws/install/my_srv/lib/libmy_srv__rosidl_generator_py.so
[18.369s] -- Set non-toolchain portion of runtime path of "/home/webotpi/ros2_ws/install/my_srv/lib/libmy_srv__rosidl_generator_py.so" to ""
[18.369s] -- Installing: /home/webotpi/ros2_ws/install/my_srv/share/my_srv/cmake/export_my_srv__rosidl_generator_cExport.cmake
[18.369s] -- Installing: /home/webotpi/ros2_ws/install/my_srv/share/my_srv/cmake/export_my_srv__rosidl_generator_cExport-noconfig.cmake
[18.369s] -- Installing: /home/webotpi/ros2_ws/install/my_srv/share/my_srv/cmake/export_my_srv__rosidl_typesupport_fastrtps_cExport.cmake
[18.370s] -- Installing: /home/webotpi/ros2_ws/install/my_srv/share/my_srv/cmake/export_my_srv__rosidl_typesupport_fastrtps_cExport-noconfig.cmake
[18.370s] -- Installing: /home/webotpi/ros2_ws/install/my_srv/share/my_srv/cmake/export_my_srv__rosidl_generator_cppExport.cmake
[18.370s] -- Installing: /home/webotpi/ros2_ws/install/my_srv/share/my_srv/cmake/export_my_srv__rosidl_typesupport_fastrtps_cppExport.cmake
[18.370s] -- Installing: /home/webotpi/ros2_ws/install/my_srv/share/my_srv/cmake/export_my_srv__rosidl_typesupport_fastrtps_cppExport-noconfig.cmake
[18.370s] -- Installing: /home/webotpi/ros2_ws/install/my_srv/share/my_srv/cmake/my_srv__rosidl_typesupport_introspection_cExport.cmake
[18.371s] -- Installing: /home/webotpi/ros2_ws/install/my_srv/share/my_srv/cmake/my_srv__rosidl_typesupport_introspection_cExport-noconfig.cmake
[18.371s] -- Installing: /home/webotpi/ros2_ws/install/my_srv/share/my_srv/cmake/my_srv__rosidl_typesupport_cExport.cmake
[18.371s] -- Installing: /home/webotpi/ros2_ws/install/my_srv/share/my_srv/cmake/my_srv__rosidl_typesupport_cExport-noconfig.cmake
[18.371s] -- Installing: /home/webotpi/ros2_ws/install/my_srv/share/my_srv/cmake/my_srv__rosidl_typesupport_introspection_cppExport.cmake
[18.372s] -- Installing: /home/webotpi/ros2_ws/install/my_srv/share/my_srv/cmake/my_srv__rosidl_typesupport_introspection_cppExport-noconfig.cmake
[18.372s] -- Installing: /home/webotpi/ros2_ws/install/my_srv/share/my_srv/cmake/my_srv__rosidl_typesupport_cppExport.cmake
[18.372s] -- Installing: /home/webotpi/ros2_ws/install/my_srv/share/my_srv/cmake/my_srv__rosidl_typesupport_cppExport-noconfig.cmake
[18.372s] -- Installing: /home/webotpi/ros2_ws/install/my_srv/share/my_srv/cmake/export_my_srv__rosidl_generator_pyExport.cmake
[18.373s] -- Installing: /home/webotpi/ros2_ws/install/my_srv/share/my_srv/cmake/export_my_srv__rosidl_generator_pyExport-noconfig.cmake
[18.377s] Invoked command in '/home/webotpi/ros2_ws/build/my_srv' returned '0': CMAKE_PREFIX_PATH=${CMAKE_PREFIX_PATH}:/home/webotpi/ros2_ws/install/voice_interaction:/home/webotpi/ros2_ws/install/py_pkg:/home/webotpi/ros2_ws/install/my_launch_pkg:/opt/ros/jazzy DEBUGINFOD_URLS=https://debuginfod.ubuntu.com /usr/bin/cmake --install /home/webotpi/ros2_ws/build/my_srv
