running develop
Removing /home/webotpi/ros2_ws/install/my_launch_pkg/lib/python3.12/site-packages/my-launch-pkg.egg-link (link to .)
running egg_info
writing ../../build/my_launch_pkg/my_launch_pkg.egg-info/PKG-INFO
writing dependency_links to ../../build/my_launch_pkg/my_launch_pkg.egg-info/dependency_links.txt
writing requirements to ../../build/my_launch_pkg/my_launch_pkg.egg-info/requires.txt
writing top-level names to ../../build/my_launch_pkg/my_launch_pkg.egg-info/top_level.txt
reading manifest file '../../build/my_launch_pkg/my_launch_pkg.egg-info/SOURCES.txt'
writing manifest file '../../build/my_launch_pkg/my_launch_pkg.egg-info/SOURCES.txt'
running build
running build_py
creating /home/webotpi/ros2_ws/build/my_launch_pkg/build
creating /home/webotpi/ros2_ws/build/my_launch_pkg/build/lib
creating /home/webotpi/ros2_ws/build/my_launch_pkg/build/lib/my_launch_pkg
copying my_launch_pkg/__init__.py -> /home/webotpi/ros2_ws/build/my_launch_pkg/build/lib/my_launch_pkg
running install
running install_lib
creating /home/webotpi/ros2_ws/install/my_launch_pkg/lib/python3.12/site-packages/my_launch_pkg
copying /home/webotpi/ros2_ws/build/my_launch_pkg/build/lib/my_launch_pkg/__init__.py -> /home/webotpi/ros2_ws/install/my_launch_pkg/lib/python3.12/site-packages/my_launch_pkg
byte-compiling /home/webotpi/ros2_ws/install/my_launch_pkg/lib/python3.12/site-packages/my_launch_pkg/__init__.py to __init__.cpython-312.pyc
running install_data
copying resource/my_launch_pkg -> /home/webotpi/ros2_ws/install/my_launch_pkg/share/ament_index/resource_index/packages
copying package.xml -> /home/webotpi/ros2_ws/install/my_launch_pkg/share/my_launch_pkg
copying launch/nav2.launch.py -> /home/webotpi/ros2_ws/install/my_launch_pkg/share/my_launch_pkg/launch
copying launch/usb.launch.py -> /home/webotpi/ros2_ws/install/my_launch_pkg/share/my_launch_pkg/launch
copying launch/serial.launch.py -> /home/webotpi/ros2_ws/install/my_launch_pkg/share/my_launch_pkg/launch
copying launch/slam.launch.py -> /home/webotpi/ros2_ws/install/my_launch_pkg/share/my_launch_pkg/launch
copying launch/depth_arm.launch.py -> /home/webotpi/ros2_ws/install/my_launch_pkg/share/my_launch_pkg/launch
running install_egg_info
Copying ../../build/my_launch_pkg/my_launch_pkg.egg-info to /home/webotpi/ros2_ws/install/my_launch_pkg/lib/python3.12/site-packages/my_launch_pkg-0.0.0-py3.12.egg-info
running install_scripts
writing list of installed files to '/home/webotpi/ros2_ws/build/my_launch_pkg/install.log'
