[2.020s] Invoking command in '/home/webotpi/ros2_ws/build/my_launch_pkg': PYTHONPATH=/home/webotpi/ros2_ws/build/my_launch_pkg/prefix_override:/usr/lib/python3/dist-packages/colcon_core/task/python/colcon_distutils_commands:/home/webotpi/ros2_ws/install/my_launch_pkg/lib/python3.12/site-packages:${PYTHONPATH} /usr/bin/python3 -W ignore:setup.py install is deprecated -W ignore:easy_install command is deprecated setup.py develop --uninstall --editable --build-directory /home/webotpi/ros2_ws/build/my_launch_pkg/build
[2.563s] running develop
[2.940s] Removing /home/webotpi/ros2_ws/install/my_launch_pkg/lib/python3.12/site-packages/my-launch-pkg.egg-link (link to .)
[3.160s] Invoked command in '/home/webotpi/ros2_ws/build/my_launch_pkg' returned '0': PYTHONPATH=/home/webotpi/ros2_ws/build/my_launch_pkg/prefix_override:/usr/lib/python3/dist-packages/colcon_core/task/python/colcon_distutils_commands:/home/webotpi/ros2_ws/install/my_launch_pkg/lib/python3.12/site-packages:${PYTHONPATH} /usr/bin/python3 -W ignore:setup.py install is deprecated -W ignore:easy_install command is deprecated setup.py develop --uninstall --editable --build-directory /home/webotpi/ros2_ws/build/my_launch_pkg/build
[3.165s] Invoking command in '/home/webotpi/ros2_ws/src/my_launch_pkg': PYTHONPATH=/home/webotpi/ros2_ws/build/my_launch_pkg/prefix_override:/usr/lib/python3/dist-packages/colcon_core/task/python/colcon_distutils_commands:/home/webotpi/ros2_ws/install/my_launch_pkg/lib/python3.12/site-packages:${PYTHONPATH} /usr/bin/python3 -W ignore:setup.py install is deprecated -W ignore:easy_install command is deprecated setup.py egg_info --egg-base ../../build/my_launch_pkg build --build-base /home/webotpi/ros2_ws/build/my_launch_pkg/build install --record /home/webotpi/ros2_ws/build/my_launch_pkg/install.log --single-version-externally-managed install_data --force
[3.672s] running egg_info
[3.700s] writing ../../build/my_launch_pkg/my_launch_pkg.egg-info/PKG-INFO
[3.701s] writing dependency_links to ../../build/my_launch_pkg/my_launch_pkg.egg-info/dependency_links.txt
[3.704s] writing requirements to ../../build/my_launch_pkg/my_launch_pkg.egg-info/requires.txt
[3.704s] writing top-level names to ../../build/my_launch_pkg/my_launch_pkg.egg-info/top_level.txt
[3.772s] reading manifest file '../../build/my_launch_pkg/my_launch_pkg.egg-info/SOURCES.txt'
[3.776s] writing manifest file '../../build/my_launch_pkg/my_launch_pkg.egg-info/SOURCES.txt'
[3.777s] running build
[3.777s] running build_py
[3.777s] creating /home/webotpi/ros2_ws/build/my_launch_pkg/build
[3.777s] creating /home/webotpi/ros2_ws/build/my_launch_pkg/build/lib
[3.777s] creating /home/webotpi/ros2_ws/build/my_launch_pkg/build/lib/my_launch_pkg
[3.778s] copying my_launch_pkg/__init__.py -> /home/webotpi/ros2_ws/build/my_launch_pkg/build/lib/my_launch_pkg
[3.778s] running install
[3.788s] running install_lib
[3.822s] creating /home/webotpi/ros2_ws/install/my_launch_pkg/lib/python3.12/site-packages/my_launch_pkg
[3.822s] copying /home/webotpi/ros2_ws/build/my_launch_pkg/build/lib/my_launch_pkg/__init__.py -> /home/webotpi/ros2_ws/install/my_launch_pkg/lib/python3.12/site-packages/my_launch_pkg
[3.823s] byte-compiling /home/webotpi/ros2_ws/install/my_launch_pkg/lib/python3.12/site-packages/my_launch_pkg/__init__.py to __init__.cpython-312.pyc
[3.823s] running install_data
[3.824s] copying resource/my_launch_pkg -> /home/webotpi/ros2_ws/install/my_launch_pkg/share/ament_index/resource_index/packages
[3.824s] copying package.xml -> /home/webotpi/ros2_ws/install/my_launch_pkg/share/my_launch_pkg
[3.824s] copying launch/nav2.launch.py -> /home/webotpi/ros2_ws/install/my_launch_pkg/share/my_launch_pkg/launch
[3.825s] copying launch/usb.launch.py -> /home/webotpi/ros2_ws/install/my_launch_pkg/share/my_launch_pkg/launch
[3.825s] copying launch/serial.launch.py -> /home/webotpi/ros2_ws/install/my_launch_pkg/share/my_launch_pkg/launch
[3.825s] copying launch/slam.launch.py -> /home/webotpi/ros2_ws/install/my_launch_pkg/share/my_launch_pkg/launch
[3.825s] copying launch/depth_arm.launch.py -> /home/webotpi/ros2_ws/install/my_launch_pkg/share/my_launch_pkg/launch
[3.826s] running install_egg_info
[3.868s] Copying ../../build/my_launch_pkg/my_launch_pkg.egg-info to /home/webotpi/ros2_ws/install/my_launch_pkg/lib/python3.12/site-packages/my_launch_pkg-0.0.0-py3.12.egg-info
[3.896s] running install_scripts
[4.861s] writing list of installed files to '/home/webotpi/ros2_ws/build/my_launch_pkg/install.log'
[4.861s] Invoked command in '/home/webotpi/ros2_ws/src/my_launch_pkg' returned '0': PYTHONPATH=/home/webotpi/ros2_ws/build/my_launch_pkg/prefix_override:/usr/lib/python3/dist-packages/colcon_core/task/python/colcon_distutils_commands:/home/webotpi/ros2_ws/install/my_launch_pkg/lib/python3.12/site-packages:${PYTHONPATH} /usr/bin/python3 -W ignore:setup.py install is deprecated -W ignore:easy_install command is deprecated setup.py egg_info --egg-base ../../build/my_launch_pkg build --build-base /home/webotpi/ros2_ws/build/my_launch_pkg/build install --record /home/webotpi/ros2_ws/build/my_launch_pkg/install.log --single-version-externally-managed install_data --force
