[0.000000] (-) TimerEvent: {}
[0.000084] (-) JobUnselected: {'identifier': 'my_launch_pkg'}
[0.000118] (-) JobUnselected: {'identifier': 'my_srv'}
[0.000138] (-) JobUnselected: {'identifier': 'py_pkg'}
[0.000155] (-) JobUnselected: {'identifier': 'rplidar_ros'}
[0.000174] (deptrum-ros-driver-aurora930) JobQueued: {'identifier': 'deptrum-ros-driver-aurora930', 'dependencies': OrderedDict()}
[0.000611] (deptrum-ros-driver-aurora930) JobStarted: {'identifier': 'deptrum-ros-driver-aurora930'}
[0.009445] (deptrum-ros-driver-aurora930) JobProgress: {'identifier': 'deptrum-ros-driver-aurora930', 'progress': 'cmake'}
[0.010131] (deptrum-ros-driver-aurora930) Command: {'cmd': ['/usr/bin/cmake', '/home/webotpi/ros2_ws/src/deptrum-ros-driver', '-DSTREAM_SDK_TYPE=AURORA930', '-DAMENT_CMAKE_SYMLINK_INSTALL=1', '-DCMAKE_INSTALL_PREFIX=/home/webotpi/ros2_ws/install/deptrum-ros-driver-aurora930'], 'cwd': '/home/webotpi/ros2_ws/build/deptrum-ros-driver-aurora930', 'env': OrderedDict({'LANGUAGE': 'zh_CN:en', 'USER': 'webotpi', 'SSH_CLIENT': '192.168.0.108 42402 22', 'LC_TIME': 'zh_CN.UTF-8', 'XDG_SESSION_TYPE': 'tty', 'SHLVL': '1', 'LD_LIBRARY_PATH': '/opt/ros/jazzy/opt/rviz_ogre_vendor/lib:/opt/ros/jazzy/lib/aarch64-linux-gnu:/opt/ros/jazzy/opt/gz_math_vendor/lib:/opt/ros/jazzy/opt/gz_utils_vendor/lib:/opt/ros/jazzy/opt/gz_cmake_vendor/lib:/opt/ros/jazzy/lib', 'HOME': '/home/webotpi', 'OLDPWD': '/home/webotpi', 'ROS_PYTHON_VERSION': '3', 'LC_MONETARY': 'zh_CN.UTF-8', 'DBUS_SESSION_BUS_ADDRESS': 'unix:path=/run/user/1000/bus', 'ROS_DISTRO': 'jazzy', 'LOGNAME': 'webotpi', '_': '/usr/bin/colcon', 'ROS_VERSION': '2', 'XDG_SESSION_CLASS': 'user', 'XDG_SESSION_ID': '74', 'PATH': '/opt/ros/jazzy/bin:/usr/local/sbin:/usr/local/bin:/usr/sbin:/usr/bin:/sbin:/bin:/usr/games:/usr/local/games:/snap/bin', 'PAPERSIZE': 'a4', 'LC_ADDRESS': 'zh_CN.UTF-8', 'XDG_RUNTIME_DIR': '/run/user/1000', 'LANG': 'zh_CN.UTF-8', 'LC_TELEPHONE': 'zh_CN.UTF-8', 'AMENT_PREFIX_PATH': '/opt/ros/jazzy', 'SHELL': '/bin/bash', 'LC_NAME': 'zh_CN.UTF-8', 'LC_MEASUREMENT': 'zh_CN.UTF-8', 'LC_IDENTIFICATION': 'zh_CN.UTF-8', 'ROS_AUTOMATIC_DISCOVERY_RANGE': 'SUBNET', 'PWD': '/home/webotpi/ros2_ws/build/deptrum-ros-driver-aurora930', 'SSH_CONNECTION': '192.168.0.108 42402 192.168.0.119 22', 'PYTHONPATH': '/opt/ros/jazzy/lib/python3.12/site-packages', 'LC_NUMERIC': 'zh_CN.UTF-8', 'LC_PAPER': 'zh_CN.UTF-8', 'COLCON': '1', 'CMAKE_PREFIX_PATH': '/opt/ros/jazzy/opt/gz_math_vendor:/opt/ros/jazzy/opt/gz_utils_vendor:/opt/ros/jazzy/opt/gz_cmake_vendor:/opt/ros/jazzy'}), 'shell': False}
[0.099700] (-) TimerEvent: {}
[0.107493] (deptrum-ros-driver-aurora930) StdoutLine: {'line': b'-- The C compiler identification is GNU 13.3.0\n'}
[0.199833] (-) TimerEvent: {}
[0.205543] (deptrum-ros-driver-aurora930) StdoutLine: {'line': b'-- The CXX compiler identification is GNU 13.3.0\n'}
[0.234299] (deptrum-ros-driver-aurora930) StdoutLine: {'line': b'-- Detecting C compiler ABI info\n'}
[0.299957] (-) TimerEvent: {}
[0.389684] (deptrum-ros-driver-aurora930) StdoutLine: {'line': b'-- Detecting C compiler ABI info - done\n'}
[0.400014] (-) TimerEvent: {}
[0.405485] (deptrum-ros-driver-aurora930) StdoutLine: {'line': b'-- Check for working C compiler: /usr/bin/cc - skipped\n'}
[0.405830] (deptrum-ros-driver-aurora930) StdoutLine: {'line': b'-- Detecting C compile features\n'}
[0.406372] (deptrum-ros-driver-aurora930) StdoutLine: {'line': b'-- Detecting C compile features - done\n'}
[0.419957] (deptrum-ros-driver-aurora930) StdoutLine: {'line': b'-- Detecting CXX compiler ABI info\n'}
[0.500155] (-) TimerEvent: {}
[0.591042] (deptrum-ros-driver-aurora930) StdoutLine: {'line': b'-- Detecting CXX compiler ABI info - done\n'}
[0.600218] (-) TimerEvent: {}
[0.606612] (deptrum-ros-driver-aurora930) StdoutLine: {'line': b'-- Check for working CXX compiler: /usr/bin/c++ - skipped\n'}
[0.607026] (deptrum-ros-driver-aurora930) StdoutLine: {'line': b'-- Detecting CXX compile features\n'}
[0.607754] (deptrum-ros-driver-aurora930) StdoutLine: {'line': b'-- Detecting CXX compile features - done\n'}
[0.610978] (deptrum-ros-driver-aurora930) StdoutLine: {'line': b'-- Found ament_cmake: 2.5.6 (/opt/ros/jazzy/share/ament_cmake/cmake)\n'}
[0.700329] (-) TimerEvent: {}
[0.800523] (-) TimerEvent: {}
[0.816832] (deptrum-ros-driver-aurora930) StdoutLine: {'line': b'-- Found Python3: /usr/bin/python3 (found version "3.12.3") found components: Interpreter \n'}
[0.900609] (-) TimerEvent: {}
[0.930879] (deptrum-ros-driver-aurora930) StdoutLine: {'line': b'-- Override CMake install command with custom implementation using symlinks instead of copying resources\n'}
[0.970279] (deptrum-ros-driver-aurora930) StdoutLine: {'line': b'-- Found rclcpp: 28.1.18 (/opt/ros/jazzy/share/rclcpp/cmake)\n'}
[1.000733] (-) TimerEvent: {}
[1.020488] (deptrum-ros-driver-aurora930) StdoutLine: {'line': b'-- Found rosidl_generator_c: 4.6.7 (/opt/ros/jazzy/share/rosidl_generator_c/cmake)\n'}
[1.038640] (deptrum-ros-driver-aurora930) StdoutLine: {'line': b'-- Found rosidl_generator_cpp: 4.6.7 (/opt/ros/jazzy/share/rosidl_generator_cpp/cmake)\n'}
[1.059764] (deptrum-ros-driver-aurora930) StdoutLine: {'line': b'-- Using all available rosidl_typesupport_c: rosidl_typesupport_fastrtps_c;rosidl_typesupport_introspection_c\n'}
[1.083972] (deptrum-ros-driver-aurora930) StdoutLine: {'line': b'-- Using all available rosidl_typesupport_cpp: rosidl_typesupport_fastrtps_cpp;rosidl_typesupport_introspection_cpp\n'}
[1.100796] (-) TimerEvent: {}
[1.183208] (deptrum-ros-driver-aurora930) StdoutLine: {'line': b'-- Found rmw_implementation_cmake: 7.3.3 (/opt/ros/jazzy/share/rmw_implementation_cmake/cmake)\n'}
[1.186778] (deptrum-ros-driver-aurora930) StdoutLine: {'line': b'-- Found rmw_fastrtps_cpp: 8.4.3 (/opt/ros/jazzy/share/rmw_fastrtps_cpp/cmake)\n'}
[1.200865] (-) TimerEvent: {}
[1.301030] (-) TimerEvent: {}
[1.313759] (deptrum-ros-driver-aurora930) StdoutLine: {'line': b'-- Found OpenSSL: /usr/lib/aarch64-linux-gnu/libcrypto.so (found version "3.0.13")  \n'}
[1.339834] (deptrum-ros-driver-aurora930) StdoutLine: {'line': b'-- Found FastRTPS: /opt/ros/jazzy/include (Required is at least version "2.13") \n'}
[1.375120] (deptrum-ros-driver-aurora930) StdoutLine: {'line': b"-- Using RMW implementation 'rmw_fastrtps_cpp' as default\n"}
[1.401108] (-) TimerEvent: {}
[1.466779] (deptrum-ros-driver-aurora930) StdoutLine: {'line': b'-- STREAM_SDK_TYPE: AURORA930\n'}
[1.467000] (deptrum-ros-driver-aurora930) StdoutLine: {'line': b'-- SYSTEM_PLATFORM: -\n'}
[1.467365] (deptrum-ros-driver-aurora930) StdoutLine: {'line': b'-- Download deptrum-stream-aurora900---v1.1.19-18.04.tar.gz from http://192.168.104.3/data/ci_release/deptrum-stream/aurora900/release/-/deptrum-stream-aurora900---v1.1.19-18.04.tar.gz\n'}
[1.501190] (-) TimerEvent: {}
[1.601359] (-) TimerEvent: {}
[1.701512] (-) TimerEvent: {}
[1.801630] (-) TimerEvent: {}
[1.901739] (-) TimerEvent: {}
[2.001849] (-) TimerEvent: {}
[2.101972] (-) TimerEvent: {}
[2.202087] (-) TimerEvent: {}
[2.302195] (-) TimerEvent: {}
[2.402304] (-) TimerEvent: {}
[2.502482] (-) TimerEvent: {}
[2.602710] (-) TimerEvent: {}
[2.702898] (-) TimerEvent: {}
[2.803032] (-) TimerEvent: {}
[2.903136] (-) TimerEvent: {}
[3.003247] (-) TimerEvent: {}
[3.103368] (-) TimerEvent: {}
[3.203484] (-) TimerEvent: {}
[3.303591] (-) TimerEvent: {}
[3.403704] (-) TimerEvent: {}
[3.503834] (-) TimerEvent: {}
[3.603992] (-) TimerEvent: {}
[3.704138] (-) TimerEvent: {}
[3.804265] (-) TimerEvent: {}
[3.904371] (-) TimerEvent: {}
[4.004475] (-) TimerEvent: {}
[4.104584] (-) TimerEvent: {}
[4.204699] (-) TimerEvent: {}
[4.304807] (-) TimerEvent: {}
[4.404918] (-) TimerEvent: {}
[4.505043] (-) TimerEvent: {}
[4.605256] (-) TimerEvent: {}
[4.705432] (-) TimerEvent: {}
[4.805578] (-) TimerEvent: {}
[4.905677] (-) TimerEvent: {}
[5.005813] (-) TimerEvent: {}
[5.105969] (-) TimerEvent: {}
[5.206089] (-) TimerEvent: {}
[5.306189] (-) TimerEvent: {}
[5.406285] (-) TimerEvent: {}
[5.506401] (-) TimerEvent: {}
[5.606550] (-) TimerEvent: {}
[5.706705] (-) TimerEvent: {}
[5.806832] (-) TimerEvent: {}
[5.906931] (-) TimerEvent: {}
[6.007026] (-) TimerEvent: {}
[6.107162] (-) TimerEvent: {}
[6.207301] (-) TimerEvent: {}
[6.307432] (-) TimerEvent: {}
[6.407531] (-) TimerEvent: {}
[6.507658] (-) TimerEvent: {}
[6.607800] (-) TimerEvent: {}
[6.707959] (-) TimerEvent: {}
[6.808081] (-) TimerEvent: {}
[6.908178] (-) TimerEvent: {}
[7.008276] (-) TimerEvent: {}
[7.108392] (-) TimerEvent: {}
[7.208506] (-) TimerEvent: {}
[7.308603] (-) TimerEvent: {}
[7.408696] (-) TimerEvent: {}
[7.508808] (-) TimerEvent: {}
[7.608941] (-) TimerEvent: {}
[7.709092] (-) TimerEvent: {}
[7.809218] (-) TimerEvent: {}
[7.909312] (-) TimerEvent: {}
[8.009403] (-) TimerEvent: {}
[8.109512] (-) TimerEvent: {}
[8.209626] (-) TimerEvent: {}
[8.309722] (-) TimerEvent: {}
[8.409814] (-) TimerEvent: {}
[8.509929] (-) TimerEvent: {}
[8.610093] (-) TimerEvent: {}
[8.710266] (-) TimerEvent: {}
[8.810405] (-) TimerEvent: {}
[8.910512] (-) TimerEvent: {}
[9.010609] (-) TimerEvent: {}
[9.110724] (-) TimerEvent: {}
[9.210839] (-) TimerEvent: {}
[9.310986] (-) TimerEvent: {}
[9.411086] (-) TimerEvent: {}
[9.511238] (-) TimerEvent: {}
[9.611446] (-) TimerEvent: {}
[9.711631] (-) TimerEvent: {}
[9.811776] (-) TimerEvent: {}
[9.911897] (-) TimerEvent: {}
[10.012016] (-) TimerEvent: {}
[10.112147] (-) TimerEvent: {}
[10.212281] (-) TimerEvent: {}
[10.312391] (-) TimerEvent: {}
[10.412487] (-) TimerEvent: {}
[10.512642] (-) TimerEvent: {}
[10.612849] (-) TimerEvent: {}
[10.713005] (-) TimerEvent: {}
[10.813141] (-) TimerEvent: {}
[10.913267] (-) TimerEvent: {}
[11.013366] (-) TimerEvent: {}
[11.113490] (-) TimerEvent: {}
[11.213606] (-) TimerEvent: {}
[11.313705] (-) TimerEvent: {}
[11.413801] (-) TimerEvent: {}
[11.513913] (-) TimerEvent: {}
[11.614051] (-) TimerEvent: {}
[11.714175] (-) TimerEvent: {}
[11.814300] (-) TimerEvent: {}
[11.914424] (-) TimerEvent: {}
[12.014538] (-) TimerEvent: {}
[12.114665] (-) TimerEvent: {}
[12.214777] (-) TimerEvent: {}
[12.314876] (-) TimerEvent: {}
[12.414968] (-) TimerEvent: {}
[12.515074] (-) TimerEvent: {}
[12.615195] (-) TimerEvent: {}
[12.715320] (-) TimerEvent: {}
[12.815487] (-) TimerEvent: {}
[12.915609] (-) TimerEvent: {}
[13.015707] (-) TimerEvent: {}
[13.115802] (-) TimerEvent: {}
[13.215896] (-) TimerEvent: {}
[13.315997] (-) TimerEvent: {}
[13.416098] (-) TimerEvent: {}
[13.516210] (-) TimerEvent: {}
[13.616344] (-) TimerEvent: {}
[13.716500] (-) TimerEvent: {}
[13.816640] (-) TimerEvent: {}
[13.916765] (-) TimerEvent: {}
[14.016862] (-) TimerEvent: {}
[14.116959] (-) TimerEvent: {}
[14.217054] (-) TimerEvent: {}
[14.317148] (-) TimerEvent: {}
[14.417248] (-) TimerEvent: {}
[14.517401] (-) TimerEvent: {}
[14.617598] (-) TimerEvent: {}
[14.717752] (-) TimerEvent: {}
[14.817894] (-) TimerEvent: {}
[14.918014] (-) TimerEvent: {}
[15.018118] (-) TimerEvent: {}
[15.118276] (-) TimerEvent: {}
[15.218448] (-) TimerEvent: {}
[15.318653] (-) TimerEvent: {}
[15.418828] (-) TimerEvent: {}
[15.518947] (-) TimerEvent: {}
[15.619096] (-) TimerEvent: {}
[15.719240] (-) TimerEvent: {}
[15.819347] (-) TimerEvent: {}
[15.919494] (-) TimerEvent: {}
[16.019614] (-) TimerEvent: {}
[16.119755] (-) TimerEvent: {}
[16.219896] (-) TimerEvent: {}
[16.320019] (-) TimerEvent: {}
[16.420136] (-) TimerEvent: {}
[16.520309] (-) TimerEvent: {}
[16.620535] (-) TimerEvent: {}
[16.720706] (-) TimerEvent: {}
[16.820839] (-) TimerEvent: {}
[16.920978] (-) TimerEvent: {}
[17.021098] (-) TimerEvent: {}
[17.121217] (-) TimerEvent: {}
[17.221329] (-) TimerEvent: {}
[17.321440] (-) TimerEvent: {}
[17.421571] (-) TimerEvent: {}
[17.521681] (-) TimerEvent: {}
[17.621831] (-) TimerEvent: {}
[17.721985] (-) TimerEvent: {}
[17.822106] (-) TimerEvent: {}
[17.922234] (-) TimerEvent: {}
[18.022359] (-) TimerEvent: {}
[18.122482] (-) TimerEvent: {}
[18.222604] (-) TimerEvent: {}
[18.322727] (-) TimerEvent: {}
[18.422844] (-) TimerEvent: {}
[18.522941] (-) TimerEvent: {}
[18.623060] (-) TimerEvent: {}
[18.723185] (-) TimerEvent: {}
[18.823306] (-) TimerEvent: {}
[18.923452] (-) TimerEvent: {}
[19.023587] (-) TimerEvent: {}
[19.123686] (-) TimerEvent: {}
[19.223779] (-) TimerEvent: {}
[19.323882] (-) TimerEvent: {}
[19.423990] (-) TimerEvent: {}
[19.524087] (-) TimerEvent: {}
[19.624227] (-) TimerEvent: {}
[19.724350] (-) TimerEvent: {}
[19.824459] (-) TimerEvent: {}
[19.924616] (-) TimerEvent: {}
[20.024738] (-) TimerEvent: {}
[20.124905] (-) TimerEvent: {}
[20.225061] (-) TimerEvent: {}
[20.325200] (-) TimerEvent: {}
[20.425323] (-) TimerEvent: {}
[20.525447] (-) TimerEvent: {}
[20.625603] (-) TimerEvent: {}
[20.725726] (-) TimerEvent: {}
[20.825850] (-) TimerEvent: {}
[20.925988] (-) TimerEvent: {}
[21.026111] (-) TimerEvent: {}
[21.126211] (-) TimerEvent: {}
[21.226309] (-) TimerEvent: {}
[21.326449] (-) TimerEvent: {}
[21.426610] (-) TimerEvent: {}
[21.526723] (-) TimerEvent: {}
[21.626871] (-) TimerEvent: {}
[21.727017] (-) TimerEvent: {}
[21.827134] (-) TimerEvent: {}
[21.927272] (-) TimerEvent: {}
[22.027400] (-) TimerEvent: {}
[22.127518] (-) TimerEvent: {}
[22.227647] (-) TimerEvent: {}
[22.327765] (-) TimerEvent: {}
[22.427876] (-) TimerEvent: {}
[22.528033] (-) TimerEvent: {}
[22.628245] (-) TimerEvent: {}
[22.728402] (-) TimerEvent: {}
[22.828546] (-) TimerEvent: {}
[22.928754] (-) TimerEvent: {}
[23.028924] (-) TimerEvent: {}
[23.129056] (-) TimerEvent: {}
[23.229158] (-) TimerEvent: {}
[23.329269] (-) TimerEvent: {}
[23.429381] (-) TimerEvent: {}
[23.529491] (-) TimerEvent: {}
[23.629656] (-) TimerEvent: {}
[23.729811] (-) TimerEvent: {}
[23.829931] (-) TimerEvent: {}
[23.930059] (-) TimerEvent: {}
[24.030193] (-) TimerEvent: {}
[24.130331] (-) TimerEvent: {}
[24.230448] (-) TimerEvent: {}
[24.330578] (-) TimerEvent: {}
[24.430688] (-) TimerEvent: {}
[24.530786] (-) TimerEvent: {}
[24.630920] (-) TimerEvent: {}
[24.731051] (-) TimerEvent: {}
[24.831161] (-) TimerEvent: {}
[24.931272] (-) TimerEvent: {}
[25.031396] (-) TimerEvent: {}
[25.131581] (-) TimerEvent: {}
[25.231777] (-) TimerEvent: {}
[25.331920] (-) TimerEvent: {}
[25.432038] (-) TimerEvent: {}
[25.532142] (-) TimerEvent: {}
[25.632291] (-) TimerEvent: {}
[25.732423] (-) TimerEvent: {}
[25.832524] (-) TimerEvent: {}
[25.932625] (-) TimerEvent: {}
[26.032748] (-) TimerEvent: {}
[26.132909] (-) TimerEvent: {}
[26.233043] (-) TimerEvent: {}
[26.333165] (-) TimerEvent: {}
[26.433327] (-) TimerEvent: {}
[26.533520] (-) TimerEvent: {}
[26.633711] (-) TimerEvent: {}
[26.733862] (-) TimerEvent: {}
[26.833961] (-) TimerEvent: {}
[26.934072] (-) TimerEvent: {}
[27.034214] (-) TimerEvent: {}
[27.134359] (-) TimerEvent: {}
[27.234485] (-) TimerEvent: {}
[27.334597] (-) TimerEvent: {}
[27.434710] (-) TimerEvent: {}
[27.534828] (-) TimerEvent: {}
[27.634967] (-) TimerEvent: {}
[27.735099] (-) TimerEvent: {}
[27.835198] (-) TimerEvent: {}
[27.935291] (-) TimerEvent: {}
[28.035416] (-) TimerEvent: {}
[28.135551] (-) TimerEvent: {}
[28.235652] (-) TimerEvent: {}
[28.335769] (-) TimerEvent: {}
[28.435881] (-) TimerEvent: {}
[28.536045] (-) TimerEvent: {}
[28.636258] (-) TimerEvent: {}
[28.736412] (-) TimerEvent: {}
[28.836514] (-) TimerEvent: {}
[28.936611] (-) TimerEvent: {}
[29.036744] (-) TimerEvent: {}
[29.136884] (-) TimerEvent: {}
[29.236987] (-) TimerEvent: {}
[29.337103] (-) TimerEvent: {}
[29.437216] (-) TimerEvent: {}
[29.537334] (-) TimerEvent: {}
[29.637501] (-) TimerEvent: {}
[29.737645] (-) TimerEvent: {}
[29.837744] (-) TimerEvent: {}
[29.937838] (-) TimerEvent: {}
[30.037950] (-) TimerEvent: {}
[30.138130] (-) TimerEvent: {}
[30.238303] (-) TimerEvent: {}
[30.338452] (-) TimerEvent: {}
[30.438609] (-) TimerEvent: {}
[30.538729] (-) TimerEvent: {}
[30.638867] (-) TimerEvent: {}
[30.739006] (-) TimerEvent: {}
[30.839108] (-) TimerEvent: {}
[30.939203] (-) TimerEvent: {}
[31.039310] (-) TimerEvent: {}
[31.139491] (-) TimerEvent: {}
[31.239657] (-) TimerEvent: {}
[31.339788] (-) TimerEvent: {}
[31.439907] (-) TimerEvent: {}
[31.540068] (-) TimerEvent: {}
[31.640212] (-) TimerEvent: {}
[31.740347] (-) TimerEvent: {}
[31.840447] (-) TimerEvent: {}
[31.940554] (-) TimerEvent: {}
[32.040646] (-) TimerEvent: {}
[32.140782] (-) TimerEvent: {}
[32.240940] (-) TimerEvent: {}
[32.341107] (-) TimerEvent: {}
[32.441246] (-) TimerEvent: {}
[32.541373] (-) TimerEvent: {}
[32.641524] (-) TimerEvent: {}
[32.741656] (-) TimerEvent: {}
[32.841804] (-) TimerEvent: {}
[32.941901] (-) TimerEvent: {}
[33.041995] (-) TimerEvent: {}
[33.142116] (-) TimerEvent: {}
[33.242243] (-) TimerEvent: {}
[33.342356] (-) TimerEvent: {}
[33.442485] (-) TimerEvent: {}
[33.542592] (-) TimerEvent: {}
[33.642731] (-) TimerEvent: {}
[33.742857] (-) TimerEvent: {}
[33.842963] (-) TimerEvent: {}
[33.943055] (-) TimerEvent: {}
[34.043145] (-) TimerEvent: {}
[34.143276] (-) TimerEvent: {}
[34.243407] (-) TimerEvent: {}
[34.343525] (-) TimerEvent: {}
[34.443640] (-) TimerEvent: {}
[34.543742] (-) TimerEvent: {}
[34.643879] (-) TimerEvent: {}
[34.744019] (-) TimerEvent: {}
[34.844145] (-) TimerEvent: {}
[34.944240] (-) TimerEvent: {}
[35.044343] (-) TimerEvent: {}
[35.144495] (-) TimerEvent: {}
[35.244619] (-) TimerEvent: {}
[35.344739] (-) TimerEvent: {}
[35.444851] (-) TimerEvent: {}
[35.544947] (-) TimerEvent: {}
[35.645076] (-) TimerEvent: {}
[35.745212] (-) TimerEvent: {}
[35.845335] (-) TimerEvent: {}
[35.945433] (-) TimerEvent: {}
[36.045529] (-) TimerEvent: {}
[36.145636] (-) TimerEvent: {}
[36.245769] (-) TimerEvent: {}
[36.345897] (-) TimerEvent: {}
[36.446015] (-) TimerEvent: {}
[36.546125] (-) TimerEvent: {}
[36.646259] (-) TimerEvent: {}
[36.746394] (-) TimerEvent: {}
[36.846512] (-) TimerEvent: {}
[36.946608] (-) TimerEvent: {}
[37.046702] (-) TimerEvent: {}
[37.146813] (-) TimerEvent: {}
[37.246940] (-) TimerEvent: {}
[37.347075] (-) TimerEvent: {}
[37.447191] (-) TimerEvent: {}
[37.547299] (-) TimerEvent: {}
[37.647450] (-) TimerEvent: {}
[37.747619] (-) TimerEvent: {}
[37.847742] (-) TimerEvent: {}
[37.947856] (-) TimerEvent: {}
[38.047955] (-) TimerEvent: {}
[38.148063] (-) TimerEvent: {}
[38.248192] (-) TimerEvent: {}
[38.348323] (-) TimerEvent: {}
[38.448500] (-) TimerEvent: {}
[38.548662] (-) TimerEvent: {}
[38.648799] (-) TimerEvent: {}
[38.748961] (-) TimerEvent: {}
[38.849079] (-) TimerEvent: {}
[38.949179] (-) TimerEvent: {}
[39.049288] (-) TimerEvent: {}
[39.149415] (-) TimerEvent: {}
[39.249563] (-) TimerEvent: {}
[39.349709] (-) TimerEvent: {}
[39.449828] (-) TimerEvent: {}
[39.549939] (-) TimerEvent: {}
[39.650072] (-) TimerEvent: {}
[39.750195] (-) TimerEvent: {}
[39.850298] (-) TimerEvent: {}
[39.950392] (-) TimerEvent: {}
[40.050484] (-) TimerEvent: {}
[40.150592] (-) TimerEvent: {}
[40.250724] (-) TimerEvent: {}
[40.350859] (-) TimerEvent: {}
[40.451041] (-) TimerEvent: {}
[40.551236] (-) TimerEvent: {}
[40.651435] (-) TimerEvent: {}
[40.751658] (-) TimerEvent: {}
[40.851802] (-) TimerEvent: {}
[40.951908] (-) TimerEvent: {}
[41.052006] (-) TimerEvent: {}
[41.152107] (-) TimerEvent: {}
[41.252236] (-) TimerEvent: {}
[41.352364] (-) TimerEvent: {}
[41.452510] (-) TimerEvent: {}
[41.552643] (-) TimerEvent: {}
[41.652776] (-) TimerEvent: {}
[41.752925] (-) TimerEvent: {}
[41.853048] (-) TimerEvent: {}
[41.953144] (-) TimerEvent: {}
[42.053238] (-) TimerEvent: {}
[42.153333] (-) TimerEvent: {}
[42.253449] (-) TimerEvent: {}
[42.353593] (-) TimerEvent: {}
[42.453715] (-) TimerEvent: {}
[42.553827] (-) TimerEvent: {}
[42.653949] (-) TimerEvent: {}
[42.754097] (-) TimerEvent: {}
[42.854222] (-) TimerEvent: {}
[42.954324] (-) TimerEvent: {}
[43.054420] (-) TimerEvent: {}
[43.154518] (-) TimerEvent: {}
[43.254628] (-) TimerEvent: {}
[43.354757] (-) TimerEvent: {}
[43.454880] (-) TimerEvent: {}
[43.554988] (-) TimerEvent: {}
[43.655105] (-) TimerEvent: {}
[43.755255] (-) TimerEvent: {}
[43.855388] (-) TimerEvent: {}
[43.955487] (-) TimerEvent: {}
[44.055581] (-) TimerEvent: {}
[44.155674] (-) TimerEvent: {}
[44.255766] (-) TimerEvent: {}
[44.355888] (-) TimerEvent: {}
[44.456015] (-) TimerEvent: {}
[44.556124] (-) TimerEvent: {}
[44.656248] (-) TimerEvent: {}
[44.756393] (-) TimerEvent: {}
[44.856522] (-) TimerEvent: {}
[44.956623] (-) TimerEvent: {}
[45.056718] (-) TimerEvent: {}
[45.156813] (-) TimerEvent: {}
[45.256906] (-) TimerEvent: {}
[45.357029] (-) TimerEvent: {}
[45.457180] (-) TimerEvent: {}
[45.557319] (-) TimerEvent: {}
[45.657462] (-) TimerEvent: {}
[45.757628] (-) TimerEvent: {}
[45.857762] (-) TimerEvent: {}
[45.957881] (-) TimerEvent: {}
[46.058012] (-) TimerEvent: {}
[46.158110] (-) TimerEvent: {}
[46.258216] (-) TimerEvent: {}
[46.358358] (-) TimerEvent: {}
[46.458495] (-) TimerEvent: {}
[46.558664] (-) TimerEvent: {}
[46.658865] (-) TimerEvent: {}
[46.759058] (-) TimerEvent: {}
[46.859202] (-) TimerEvent: {}
[46.959299] (-) TimerEvent: {}
[47.059404] (-) TimerEvent: {}
[47.159509] (-) TimerEvent: {}
[47.259618] (-) TimerEvent: {}
[47.359756] (-) TimerEvent: {}
[47.459897] (-) TimerEvent: {}
[47.560017] (-) TimerEvent: {}
[47.660141] (-) TimerEvent: {}
[47.760278] (-) TimerEvent: {}
[47.860417] (-) TimerEvent: {}
[47.960531] (-) TimerEvent: {}
[48.060625] (-) TimerEvent: {}
[48.160720] (-) TimerEvent: {}
[48.260829] (-) TimerEvent: {}
[48.360962] (-) TimerEvent: {}
[48.461095] (-) TimerEvent: {}
[48.561213] (-) TimerEvent: {}
[48.661326] (-) TimerEvent: {}
[48.761441] (-) TimerEvent: {}
[48.861589] (-) TimerEvent: {}
[48.961705] (-) TimerEvent: {}
[49.061798] (-) TimerEvent: {}
[49.161892] (-) TimerEvent: {}
[49.261999] (-) TimerEvent: {}
[49.362120] (-) TimerEvent: {}
[49.462260] (-) TimerEvent: {}
[49.562389] (-) TimerEvent: {}
[49.662494] (-) TimerEvent: {}
[49.762621] (-) TimerEvent: {}
[49.862750] (-) TimerEvent: {}
[49.962861] (-) TimerEvent: {}
[50.062968] (-) TimerEvent: {}
[50.163086] (-) TimerEvent: {}
[50.263266] (-) TimerEvent: {}
[50.363476] (-) TimerEvent: {}
[50.463656] (-) TimerEvent: {}
[50.563809] (-) TimerEvent: {}
[50.663925] (-) TimerEvent: {}
[50.764037] (-) TimerEvent: {}
[50.864172] (-) TimerEvent: {}
[50.964287] (-) TimerEvent: {}
[51.064390] (-) TimerEvent: {}
[51.164500] (-) TimerEvent: {}
[51.264621] (-) TimerEvent: {}
[51.364765] (-) TimerEvent: {}
[51.464911] (-) TimerEvent: {}
[51.565039] (-) TimerEvent: {}
[51.665150] (-) TimerEvent: {}
[51.765276] (-) TimerEvent: {}
[51.865414] (-) TimerEvent: {}
[51.965531] (-) TimerEvent: {}
[52.065626] (-) TimerEvent: {}
[52.165721] (-) TimerEvent: {}
[52.265837] (-) TimerEvent: {}
[52.365951] (-) TimerEvent: {}
[52.466078] (-) TimerEvent: {}
[52.566259] (-) TimerEvent: {}
[52.666424] (-) TimerEvent: {}
[52.766560] (-) TimerEvent: {}
[52.866712] (-) TimerEvent: {}
[52.966839] (-) TimerEvent: {}
[53.066944] (-) TimerEvent: {}
[53.167055] (-) TimerEvent: {}
[53.267163] (-) TimerEvent: {}
[53.367270] (-) TimerEvent: {}
[53.467403] (-) TimerEvent: {}
[53.567531] (-) TimerEvent: {}
[53.667661] (-) TimerEvent: {}
[53.767787] (-) TimerEvent: {}
[53.867908] (-) TimerEvent: {}
[53.968037] (-) TimerEvent: {}
[54.068168] (-) TimerEvent: {}
[54.168290] (-) TimerEvent: {}
[54.268404] (-) TimerEvent: {}
[54.368521] (-) TimerEvent: {}
[54.468671] (-) TimerEvent: {}
[54.568811] (-) TimerEvent: {}
[54.668926] (-) TimerEvent: {}
[54.769035] (-) TimerEvent: {}
[54.869153] (-) TimerEvent: {}
[54.969262] (-) TimerEvent: {}
[55.069395] (-) TimerEvent: {}
[55.169512] (-) TimerEvent: {}
[55.269622] (-) TimerEvent: {}
[55.369736] (-) TimerEvent: {}
[55.469882] (-) TimerEvent: {}
[55.570031] (-) TimerEvent: {}
[55.670138] (-) TimerEvent: {}
[55.770306] (-) TimerEvent: {}
[55.870524] (-) TimerEvent: {}
[55.970687] (-) TimerEvent: {}
[56.070814] (-) TimerEvent: {}
[56.170932] (-) TimerEvent: {}
[56.271049] (-) TimerEvent: {}
[56.371164] (-) TimerEvent: {}
[56.471333] (-) TimerEvent: {}
[56.571552] (-) TimerEvent: {}
[56.671707] (-) TimerEvent: {}
[56.771826] (-) TimerEvent: {}
[56.871959] (-) TimerEvent: {}
[56.972089] (-) TimerEvent: {}
[57.072204] (-) TimerEvent: {}
[57.172310] (-) TimerEvent: {}
[57.272403] (-) TimerEvent: {}
[57.372504] (-) TimerEvent: {}
[57.472675] (-) TimerEvent: {}
[57.572885] (-) TimerEvent: {}
[57.673063] (-) TimerEvent: {}
[57.773182] (-) TimerEvent: {}
[57.873300] (-) TimerEvent: {}
[57.973417] (-) TimerEvent: {}
[58.073514] (-) TimerEvent: {}
[58.173610] (-) TimerEvent: {}
[58.273703] (-) TimerEvent: {}
[58.373794] (-) TimerEvent: {}
[58.473911] (-) TimerEvent: {}
[58.574088] (-) TimerEvent: {}
[58.674249] (-) TimerEvent: {}
[58.774359] (-) TimerEvent: {}
[58.874529] (-) TimerEvent: {}
[58.974666] (-) TimerEvent: {}
[59.074816] (-) TimerEvent: {}
[59.174976] (-) TimerEvent: {}
[59.275117] (-) TimerEvent: {}
[59.375230] (-) TimerEvent: {}
[59.475345] (-) TimerEvent: {}
[59.575510] (-) TimerEvent: {}
[59.675651] (-) TimerEvent: {}
[59.775754] (-) TimerEvent: {}
[59.875870] (-) TimerEvent: {}
[59.975979] (-) TimerEvent: {}
[60.076098] (-) TimerEvent: {}
[60.176226] (-) TimerEvent: {}
[60.276346] (-) TimerEvent: {}
[60.376457] (-) TimerEvent: {}
[60.476581] (-) TimerEvent: {}
[60.576737] (-) TimerEvent: {}
[60.676878] (-) TimerEvent: {}
[60.776975] (-) TimerEvent: {}
[60.877105] (-) TimerEvent: {}
[60.977236] (-) TimerEvent: {}
[61.077334] (-) TimerEvent: {}
[61.177431] (-) TimerEvent: {}
[61.277535] (-) TimerEvent: {}
[61.377654] (-) TimerEvent: {}
[61.477792] (-) TimerEvent: {}
[61.577936] (-) TimerEvent: {}
[61.678069] (-) TimerEvent: {}
[61.778172] (-) TimerEvent: {}
[61.878287] (-) TimerEvent: {}
[61.978402] (-) TimerEvent: {}
[62.078500] (-) TimerEvent: {}
[62.178597] (-) TimerEvent: {}
[62.278702] (-) TimerEvent: {}
[62.378810] (-) TimerEvent: {}
[62.478924] (-) TimerEvent: {}
[62.579085] (-) TimerEvent: {}
[62.679236] (-) TimerEvent: {}
[62.779331] (-) TimerEvent: {}
[62.879451] (-) TimerEvent: {}
[62.979585] (-) TimerEvent: {}
[63.079684] (-) TimerEvent: {}
[63.179779] (-) TimerEvent: {}
[63.279879] (-) TimerEvent: {}
[63.379989] (-) TimerEvent: {}
[63.480092] (-) TimerEvent: {}
[63.580237] (-) TimerEvent: {}
[63.680391] (-) TimerEvent: {}
[63.780512] (-) TimerEvent: {}
[63.880638] (-) TimerEvent: {}
[63.980756] (-) TimerEvent: {}
[64.080853] (-) TimerEvent: {}
[64.180945] (-) TimerEvent: {}
[64.281048] (-) TimerEvent: {}
[64.381155] (-) TimerEvent: {}
[64.481273] (-) TimerEvent: {}
[64.581452] (-) TimerEvent: {}
[64.681663] (-) TimerEvent: {}
[64.781810] (-) TimerEvent: {}
[64.881927] (-) TimerEvent: {}
[64.982040] (-) TimerEvent: {}
[65.082159] (-) TimerEvent: {}
[65.182276] (-) TimerEvent: {}
[65.282385] (-) TimerEvent: {}
[65.382491] (-) TimerEvent: {}
[65.482596] (-) TimerEvent: {}
[65.582730] (-) TimerEvent: {}
[65.682883] (-) TimerEvent: {}
[65.783081] (-) TimerEvent: {}
[65.883280] (-) TimerEvent: {}
[65.983491] (-) TimerEvent: {}
[66.083686] (-) TimerEvent: {}
[66.183810] (-) TimerEvent: {}
[66.283918] (-) TimerEvent: {}
[66.384042] (-) TimerEvent: {}
[66.484155] (-) TimerEvent: {}
[66.584290] (-) TimerEvent: {}
[66.684443] (-) TimerEvent: {}
[66.784619] (-) TimerEvent: {}
[66.884759] (-) TimerEvent: {}
[66.984876] (-) TimerEvent: {}
[67.084976] (-) TimerEvent: {}
[67.185069] (-) TimerEvent: {}
[67.285174] (-) TimerEvent: {}
[67.385277] (-) TimerEvent: {}
[67.485376] (-) TimerEvent: {}
[67.585509] (-) TimerEvent: {}
[67.685663] (-) TimerEvent: {}
[67.785808] (-) TimerEvent: {}
[67.885938] (-) TimerEvent: {}
[67.986054] (-) TimerEvent: {}
[68.086151] (-) TimerEvent: {}
[68.186246] (-) TimerEvent: {}
[68.286349] (-) TimerEvent: {}
[68.386456] (-) TimerEvent: {}
[68.486570] (-) TimerEvent: {}
[68.586684] (-) TimerEvent: {}
[68.686831] (-) TimerEvent: {}
[68.786954] (-) TimerEvent: {}
[68.887085] (-) TimerEvent: {}
[68.987216] (-) TimerEvent: {}
[69.087317] (-) TimerEvent: {}
[69.187414] (-) TimerEvent: {}
[69.287519] (-) TimerEvent: {}
[69.387624] (-) TimerEvent: {}
[69.487734] (-) TimerEvent: {}
[69.587853] (-) TimerEvent: {}
[69.687988] (-) TimerEvent: {}
[69.788137] (-) TimerEvent: {}
[69.888275] (-) TimerEvent: {}
[69.988401] (-) TimerEvent: {}
[70.088521] (-) TimerEvent: {}
[70.188638] (-) TimerEvent: {}
[70.288749] (-) TimerEvent: {}
[70.388856] (-) TimerEvent: {}
[70.488997] (-) TimerEvent: {}
[70.589153] (-) TimerEvent: {}
[70.689290] (-) TimerEvent: {}
[70.789457] (-) TimerEvent: {}
[70.889625] (-) TimerEvent: {}
[70.989728] (-) TimerEvent: {}
[71.089837] (-) TimerEvent: {}
[71.189948] (-) TimerEvent: {}
[71.290056] (-) TimerEvent: {}
[71.390177] (-) TimerEvent: {}
[71.490291] (-) TimerEvent: {}
[71.590402] (-) TimerEvent: {}
[71.690529] (-) TimerEvent: {}
[71.790668] (-) TimerEvent: {}
[71.890809] (-) TimerEvent: {}
[71.990932] (-) TimerEvent: {}
[72.091037] (-) TimerEvent: {}
[72.191132] (-) TimerEvent: {}
[72.291237] (-) TimerEvent: {}
[72.391342] (-) TimerEvent: {}
[72.491441] (-) TimerEvent: {}
[72.591594] (-) TimerEvent: {}
[72.691713] (-) TimerEvent: {}
[72.791847] (-) TimerEvent: {}
[72.891980] (-) TimerEvent: {}
[72.992097] (-) TimerEvent: {}
[73.092195] (-) TimerEvent: {}
[73.192291] (-) TimerEvent: {}
[73.292395] (-) TimerEvent: {}
[73.392498] (-) TimerEvent: {}
[73.492610] (-) TimerEvent: {}
[73.592723] (-) TimerEvent: {}
[73.692849] (-) TimerEvent: {}
[73.792985] (-) TimerEvent: {}
[73.893118] (-) TimerEvent: {}
[73.993243] (-) TimerEvent: {}
[74.093357] (-) TimerEvent: {}
[74.193455] (-) TimerEvent: {}
[74.293584] (-) TimerEvent: {}
[74.393694] (-) TimerEvent: {}
[74.493847] (-) TimerEvent: {}
[74.593995] (-) TimerEvent: {}
[74.694121] (-) TimerEvent: {}
[74.794270] (-) TimerEvent: {}
[74.894407] (-) TimerEvent: {}
[74.994521] (-) TimerEvent: {}
[75.094643] (-) TimerEvent: {}
[75.194759] (-) TimerEvent: {}
[75.294865] (-) TimerEvent: {}
[75.394968] (-) TimerEvent: {}
[75.495137] (-) TimerEvent: {}
[75.595345] (-) TimerEvent: {}
[75.695499] (-) TimerEvent: {}
[75.795645] (-) TimerEvent: {}
[75.895787] (-) TimerEvent: {}
[75.995909] (-) TimerEvent: {}
[76.096008] (-) TimerEvent: {}
[76.196103] (-) TimerEvent: {}
[76.296206] (-) TimerEvent: {}
[76.396328] (-) TimerEvent: {}
[76.496506] (-) TimerEvent: {}
[76.596683] (-) TimerEvent: {}
[76.696804] (-) TimerEvent: {}
[76.796949] (-) TimerEvent: {}
[76.897090] (-) TimerEvent: {}
[76.997222] (-) TimerEvent: {}
[77.097339] (-) TimerEvent: {}
[77.197436] (-) TimerEvent: {}
[77.297540] (-) TimerEvent: {}
[77.397650] (-) TimerEvent: {}
[77.497764] (-) TimerEvent: {}
[77.597903] (-) TimerEvent: {}
[77.698026] (-) TimerEvent: {}
[77.798145] (-) TimerEvent: {}
[77.898284] (-) TimerEvent: {}
[77.998409] (-) TimerEvent: {}
[78.098508] (-) TimerEvent: {}
[78.198602] (-) TimerEvent: {}
[78.298709] (-) TimerEvent: {}
[78.398816] (-) TimerEvent: {}
[78.498915] (-) TimerEvent: {}
[78.599017] (-) TimerEvent: {}
[78.699120] (-) TimerEvent: {}
[78.799236] (-) TimerEvent: {}
[78.899386] (-) TimerEvent: {}
[78.999530] (-) TimerEvent: {}
[79.099644] (-) TimerEvent: {}
[79.199743] (-) TimerEvent: {}
[79.299837] (-) TimerEvent: {}
[79.399933] (-) TimerEvent: {}
[79.500034] (-) TimerEvent: {}
[79.600135] (-) TimerEvent: {}
[79.700237] (-) TimerEvent: {}
[79.800344] (-) TimerEvent: {}
[79.900497] (-) TimerEvent: {}
[80.000632] (-) TimerEvent: {}
[80.100768] (-) TimerEvent: {}
[80.200889] (-) TimerEvent: {}
[80.300997] (-) TimerEvent: {}
[80.401104] (-) TimerEvent: {}
[80.501202] (-) TimerEvent: {}
[80.601303] (-) TimerEvent: {}
[80.701404] (-) TimerEvent: {}
[80.801531] (-) TimerEvent: {}
[80.901679] (-) TimerEvent: {}
[81.001825] (-) TimerEvent: {}
[81.101948] (-) TimerEvent: {}
[81.202048] (-) TimerEvent: {}
[81.302154] (-) TimerEvent: {}
[81.402278] (-) TimerEvent: {}
[81.502423] (-) TimerEvent: {}
[81.602573] (-) TimerEvent: {}
[81.702677] (-) TimerEvent: {}
[81.802789] (-) TimerEvent: {}
[81.902940] (-) TimerEvent: {}
[82.003074] (-) TimerEvent: {}
[82.103186] (-) TimerEvent: {}
[82.203281] (-) TimerEvent: {}
[82.303384] (-) TimerEvent: {}
[82.403491] (-) TimerEvent: {}
[82.503654] (-) TimerEvent: {}
[82.603836] (-) TimerEvent: {}
[82.703976] (-) TimerEvent: {}
[82.804098] (-) TimerEvent: {}
[82.904255] (-) TimerEvent: {}
[83.004432] (-) TimerEvent: {}
[83.104579] (-) TimerEvent: {}
[83.204682] (-) TimerEvent: {}
[83.304788] (-) TimerEvent: {}
[83.404897] (-) TimerEvent: {}
[83.504996] (-) TimerEvent: {}
[83.605096] (-) TimerEvent: {}
[83.705193] (-) TimerEvent: {}
[83.805284] (-) TimerEvent: {}
[83.905402] (-) TimerEvent: {}
[84.005584] (-) TimerEvent: {}
[84.105746] (-) TimerEvent: {}
[84.205846] (-) TimerEvent: {}
[84.305949] (-) TimerEvent: {}
[84.406056] (-) TimerEvent: {}
[84.506154] (-) TimerEvent: {}
[84.606253] (-) TimerEvent: {}
[84.706352] (-) TimerEvent: {}
[84.806446] (-) TimerEvent: {}
[84.906582] (-) TimerEvent: {}
[85.006737] (-) TimerEvent: {}
[85.106881] (-) TimerEvent: {}
[85.207006] (-) TimerEvent: {}
[85.307121] (-) TimerEvent: {}
[85.407232] (-) TimerEvent: {}
[85.507344] (-) TimerEvent: {}
[85.607488] (-) TimerEvent: {}
[85.707600] (-) TimerEvent: {}
[85.807728] (-) TimerEvent: {}
[85.907843] (-) TimerEvent: {}
[86.008002] (-) TimerEvent: {}
[86.108142] (-) TimerEvent: {}
[86.208240] (-) TimerEvent: {}
[86.308343] (-) TimerEvent: {}
[86.408482] (-) TimerEvent: {}
[86.508659] (-) TimerEvent: {}
[86.608849] (-) TimerEvent: {}
[86.708972] (-) TimerEvent: {}
[86.809071] (-) TimerEvent: {}
[86.909183] (-) TimerEvent: {}
[87.009331] (-) TimerEvent: {}
[87.109476] (-) TimerEvent: {}
[87.209576] (-) TimerEvent: {}
[87.309680] (-) TimerEvent: {}
[87.409784] (-) TimerEvent: {}
[87.509906] (-) TimerEvent: {}
[87.610045] (-) TimerEvent: {}
[87.710180] (-) TimerEvent: {}
[87.810302] (-) TimerEvent: {}
[87.910419] (-) TimerEvent: {}
[88.010573] (-) TimerEvent: {}
[88.110712] (-) TimerEvent: {}
[88.210812] (-) TimerEvent: {}
[88.310918] (-) TimerEvent: {}
[88.411025] (-) TimerEvent: {}
[88.511184] (-) TimerEvent: {}
[88.611382] (-) TimerEvent: {}
[88.711510] (-) TimerEvent: {}
[88.811608] (-) TimerEvent: {}
[88.911722] (-) TimerEvent: {}
[89.011876] (-) TimerEvent: {}
[89.112005] (-) TimerEvent: {}
[89.212107] (-) TimerEvent: {}
[89.312213] (-) TimerEvent: {}
[89.412319] (-) TimerEvent: {}
[89.512435] (-) TimerEvent: {}
[89.612591] (-) TimerEvent: {}
[89.712718] (-) TimerEvent: {}
[89.812819] (-) TimerEvent: {}
[89.912911] (-) TimerEvent: {}
[90.013039] (-) TimerEvent: {}
[90.113221] (-) TimerEvent: {}
[90.213419] (-) TimerEvent: {}
[90.313604] (-) TimerEvent: {}
[90.413723] (-) TimerEvent: {}
[90.513839] (-) TimerEvent: {}
[90.613972] (-) TimerEvent: {}
[90.714091] (-) TimerEvent: {}
[90.814189] (-) TimerEvent: {}
[90.914286] (-) TimerEvent: {}
[91.014407] (-) TimerEvent: {}
[91.114553] (-) TimerEvent: {}
[91.214747] (-) TimerEvent: {}
[91.314941] (-) TimerEvent: {}
[91.415146] (-) TimerEvent: {}
[91.515320] (-) TimerEvent: {}
[91.615492] (-) TimerEvent: {}
[91.715658] (-) TimerEvent: {}
[91.815782] (-) TimerEvent: {}
[91.915906] (-) TimerEvent: {}
[92.016031] (-) TimerEvent: {}
[92.116180] (-) TimerEvent: {}
[92.216321] (-) TimerEvent: {}
[92.316446] (-) TimerEvent: {}
[92.416574] (-) TimerEvent: {}
[92.516684] (-) TimerEvent: {}
[92.616826] (-) TimerEvent: {}
[92.716958] (-) TimerEvent: {}
[92.817057] (-) TimerEvent: {}
[92.917150] (-) TimerEvent: {}
[93.017262] (-) TimerEvent: {}
[93.117412] (-) TimerEvent: {}
[93.217569] (-) TimerEvent: {}
[93.317690] (-) TimerEvent: {}
[93.417806] (-) TimerEvent: {}
[93.517931] (-) TimerEvent: {}
[93.618073] (-) TimerEvent: {}
[93.718208] (-) TimerEvent: {}
[93.818328] (-) TimerEvent: {}
[93.918446] (-) TimerEvent: {}
[94.018578] (-) TimerEvent: {}
[94.118726] (-) TimerEvent: {}
[94.218850] (-) TimerEvent: {}
[94.318958] (-) TimerEvent: {}
[94.419064] (-) TimerEvent: {}
[94.519220] (-) TimerEvent: {}
[94.619410] (-) TimerEvent: {}
[94.719540] (-) TimerEvent: {}
[94.819639] (-) TimerEvent: {}
[94.919736] (-) TimerEvent: {}
[95.019830] (-) TimerEvent: {}
[95.119972] (-) TimerEvent: {}
[95.220106] (-) TimerEvent: {}
[95.320213] (-) TimerEvent: {}
[95.420325] (-) TimerEvent: {}
[95.520442] (-) TimerEvent: {}
[95.620592] (-) TimerEvent: {}
[95.720706] (-) TimerEvent: {}
[95.820799] (-) TimerEvent: {}
[95.920900] (-) TimerEvent: {}
[96.021011] (-) TimerEvent: {}
[96.121150] (-) TimerEvent: {}
[96.221299] (-) TimerEvent: {}
[96.321446] (-) TimerEvent: {}
[96.421598] (-) TimerEvent: {}
[96.521723] (-) TimerEvent: {}
[96.621856] (-) TimerEvent: {}
[96.721985] (-) TimerEvent: {}
[96.822092] (-) TimerEvent: {}
[96.922190] (-) TimerEvent: {}
[97.022285] (-) TimerEvent: {}
[97.122400] (-) TimerEvent: {}
[97.222535] (-) TimerEvent: {}
[97.322662] (-) TimerEvent: {}
[97.422785] (-) TimerEvent: {}
[97.522901] (-) TimerEvent: {}
[97.623037] (-) TimerEvent: {}
[97.723175] (-) TimerEvent: {}
[97.823279] (-) TimerEvent: {}
[97.923378] (-) TimerEvent: {}
[98.023498] (-) TimerEvent: {}
[98.123631] (-) TimerEvent: {}
[98.223774] (-) TimerEvent: {}
[98.323905] (-) TimerEvent: {}
[98.424056] (-) TimerEvent: {}
[98.524240] (-) TimerEvent: {}
[98.624382] (-) TimerEvent: {}
[98.724523] (-) TimerEvent: {}
[98.824651] (-) TimerEvent: {}
[98.924766] (-) TimerEvent: {}
[99.024889] (-) TimerEvent: {}
[99.125000] (-) TimerEvent: {}
[99.225140] (-) TimerEvent: {}
[99.325268] (-) TimerEvent: {}
[99.425387] (-) TimerEvent: {}
[99.525498] (-) TimerEvent: {}
[99.625607] (-) TimerEvent: {}
[99.725742] (-) TimerEvent: {}
[99.825868] (-) TimerEvent: {}
[99.925997] (-) TimerEvent: {}
[100.026110] (-) TimerEvent: {}
[100.126239] (-) TimerEvent: {}
[100.226388] (-) TimerEvent: {}
[100.326518] (-) TimerEvent: {}
[100.426637] (-) TimerEvent: {}
[100.526816] (-) TimerEvent: {}
[100.627000] (-) TimerEvent: {}
[100.727146] (-) TimerEvent: {}
[100.827272] (-) TimerEvent: {}
[100.927370] (-) TimerEvent: {}
[101.027474] (-) TimerEvent: {}
[101.127589] (-) TimerEvent: {}
[101.227765] (-) TimerEvent: {}
[101.327942] (-) TimerEvent: {}
[101.428082] (-) TimerEvent: {}
[101.528241] (-) TimerEvent: {}
[101.628392] (-) TimerEvent: {}
[101.728530] (-) TimerEvent: {}
[101.828646] (-) TimerEvent: {}
[101.928748] (-) TimerEvent: {}
[102.028844] (-) TimerEvent: {}
[102.128954] (-) TimerEvent: {}
[102.229101] (-) TimerEvent: {}
[102.329227] (-) TimerEvent: {}
[102.429350] (-) TimerEvent: {}
[102.529475] (-) TimerEvent: {}
[102.629611] (-) TimerEvent: {}
[102.729747] (-) TimerEvent: {}
[102.829861] (-) TimerEvent: {}
[102.929961] (-) TimerEvent: {}
[103.030053] (-) TimerEvent: {}
[103.130167] (-) TimerEvent: {}
[103.230308] (-) TimerEvent: {}
[103.330444] (-) TimerEvent: {}
[103.430581] (-) TimerEvent: {}
[103.530706] (-) TimerEvent: {}
[103.630833] (-) TimerEvent: {}
[103.730963] (-) TimerEvent: {}
[103.831089] (-) TimerEvent: {}
[103.931204] (-) TimerEvent: {}
[104.031302] (-) TimerEvent: {}
[104.131421] (-) TimerEvent: {}
[104.231563] (-) TimerEvent: {}
[104.331690] (-) TimerEvent: {}
[104.431807] (-) TimerEvent: {}
[104.531922] (-) TimerEvent: {}
[104.632050] (-) TimerEvent: {}
[104.732169] (-) TimerEvent: {}
[104.832290] (-) TimerEvent: {}
[104.932407] (-) TimerEvent: {}
[105.032504] (-) TimerEvent: {}
[105.132615] (-) TimerEvent: {}
[105.232739] (-) TimerEvent: {}
[105.332856] (-) TimerEvent: {}
[105.432984] (-) TimerEvent: {}
[105.533116] (-) TimerEvent: {}
[105.633262] (-) TimerEvent: {}
[105.733385] (-) TimerEvent: {}
[105.833486] (-) TimerEvent: {}
[105.933596] (-) TimerEvent: {}
[106.033721] (-) TimerEvent: {}
[106.133857] (-) TimerEvent: {}
[106.233995] (-) TimerEvent: {}
[106.334142] (-) TimerEvent: {}
[106.434276] (-) TimerEvent: {}
[106.534429] (-) TimerEvent: {}
[106.634597] (-) TimerEvent: {}
[106.734719] (-) TimerEvent: {}
[106.834831] (-) TimerEvent: {}
[106.934944] (-) TimerEvent: {}
[107.035041] (-) TimerEvent: {}
[107.135152] (-) TimerEvent: {}
[107.235274] (-) TimerEvent: {}
[107.335398] (-) TimerEvent: {}
[107.435521] (-) TimerEvent: {}
[107.535645] (-) TimerEvent: {}
[107.635770] (-) TimerEvent: {}
[107.735886] (-) TimerEvent: {}
[107.835999] (-) TimerEvent: {}
[107.936110] (-) TimerEvent: {}
[108.036210] (-) TimerEvent: {}
[108.136322] (-) TimerEvent: {}
[108.236448] (-) TimerEvent: {}
[108.336589] (-) TimerEvent: {}
[108.436708] (-) TimerEvent: {}
[108.536818] (-) TimerEvent: {}
[108.636946] (-) TimerEvent: {}
[108.737063] (-) TimerEvent: {}
[108.837180] (-) TimerEvent: {}
[108.937303] (-) TimerEvent: {}
[109.037400] (-) TimerEvent: {}
[109.137509] (-) TimerEvent: {}
[109.237625] (-) TimerEvent: {}
[109.337746] (-) TimerEvent: {}
[109.437875] (-) TimerEvent: {}
[109.538000] (-) TimerEvent: {}
[109.638130] (-) TimerEvent: {}
[109.738250] (-) TimerEvent: {}
[109.838367] (-) TimerEvent: {}
[109.938481] (-) TimerEvent: {}
[110.038578] (-) TimerEvent: {}
[110.138695] (-) TimerEvent: {}
[110.238839] (-) TimerEvent: {}
[110.338971] (-) TimerEvent: {}
[110.439101] (-) TimerEvent: {}
[110.539231] (-) TimerEvent: {}
[110.639362] (-) TimerEvent: {}
[110.739485] (-) TimerEvent: {}
[110.839600] (-) TimerEvent: {}
[110.939717] (-) TimerEvent: {}
[111.039822] (-) TimerEvent: {}
[111.139942] (-) TimerEvent: {}
[111.240060] (-) TimerEvent: {}
[111.340176] (-) TimerEvent: {}
[111.440305] (-) TimerEvent: {}
[111.540431] (-) TimerEvent: {}
[111.640567] (-) TimerEvent: {}
[111.740686] (-) TimerEvent: {}
[111.840813] (-) TimerEvent: {}
[111.940930] (-) TimerEvent: {}
[112.041045] (-) TimerEvent: {}
[112.141153] (-) TimerEvent: {}
[112.241262] (-) TimerEvent: {}
[112.341370] (-) TimerEvent: {}
[112.441513] (-) TimerEvent: {}
[112.541672] (-) TimerEvent: {}
[112.641833] (-) TimerEvent: {}
[112.741961] (-) TimerEvent: {}
[112.842074] (-) TimerEvent: {}
[112.942201] (-) TimerEvent: {}
[113.042315] (-) TimerEvent: {}
[113.142424] (-) TimerEvent: {}
[113.242556] (-) TimerEvent: {}
[113.342676] (-) TimerEvent: {}
[113.442804] (-) TimerEvent: {}
[113.542937] (-) TimerEvent: {}
[113.643065] (-) TimerEvent: {}
[113.743181] (-) TimerEvent: {}
[113.843297] (-) TimerEvent: {}
[113.943424] (-) TimerEvent: {}
[114.043572] (-) TimerEvent: {}
[114.143726] (-) TimerEvent: {}
[114.243872] (-) TimerEvent: {}
[114.343993] (-) TimerEvent: {}
[114.444125] (-) TimerEvent: {}
[114.544255] (-) TimerEvent: {}
[114.644385] (-) TimerEvent: {}
[114.744502] (-) TimerEvent: {}
[114.844606] (-) TimerEvent: {}
[114.944716] (-) TimerEvent: {}
[115.044829] (-) TimerEvent: {}
[115.144953] (-) TimerEvent: {}
[115.245091] (-) TimerEvent: {}
[115.345217] (-) TimerEvent: {}
[115.445355] (-) TimerEvent: {}
[115.545506] (-) TimerEvent: {}
[115.645630] (-) TimerEvent: {}
[115.745751] (-) TimerEvent: {}
[115.845856] (-) TimerEvent: {}
[115.945953] (-) TimerEvent: {}
[116.046047] (-) TimerEvent: {}
[116.146152] (-) TimerEvent: {}
[116.246284] (-) TimerEvent: {}
[116.346415] (-) TimerEvent: {}
[116.446555] (-) TimerEvent: {}
[116.546736] (-) TimerEvent: {}
[116.646934] (-) TimerEvent: {}
[116.747133] (-) TimerEvent: {}
[116.847321] (-) TimerEvent: {}
[116.947451] (-) TimerEvent: {}
[117.047581] (-) TimerEvent: {}
[117.147682] (-) TimerEvent: {}
[117.247793] (-) TimerEvent: {}
[117.347916] (-) TimerEvent: {}
[117.448077] (-) TimerEvent: {}
[117.548303] (-) TimerEvent: {}
[117.648537] (-) TimerEvent: {}
[117.748701] (-) TimerEvent: {}
[117.848816] (-) TimerEvent: {}
[117.948913] (-) TimerEvent: {}
[118.049008] (-) TimerEvent: {}
[118.149120] (-) TimerEvent: {}
[118.249260] (-) TimerEvent: {}
[118.349384] (-) TimerEvent: {}
[118.449498] (-) TimerEvent: {}
[118.549649] (-) TimerEvent: {}
[118.649813] (-) TimerEvent: {}
[118.749948] (-) TimerEvent: {}
[118.850061] (-) TimerEvent: {}
[118.950160] (-) TimerEvent: {}
[119.050264] (-) TimerEvent: {}
[119.150388] (-) TimerEvent: {}
[119.250519] (-) TimerEvent: {}
[119.350632] (-) TimerEvent: {}
[119.450753] (-) TimerEvent: {}
[119.550896] (-) TimerEvent: {}
[119.651041] (-) TimerEvent: {}
[119.751164] (-) TimerEvent: {}
[119.851273] (-) TimerEvent: {}
[119.951384] (-) TimerEvent: {}
[120.051482] (-) TimerEvent: {}
[120.151599] (-) TimerEvent: {}
[120.251749] (-) TimerEvent: {}
[120.351879] (-) TimerEvent: {}
[120.451995] (-) TimerEvent: {}
[120.552142] (-) TimerEvent: {}
[120.652286] (-) TimerEvent: {}
[120.752405] (-) TimerEvent: {}
[120.852508] (-) TimerEvent: {}
[120.952600] (-) TimerEvent: {}
[121.052695] (-) TimerEvent: {}
[121.152804] (-) TimerEvent: {}
[121.252935] (-) TimerEvent: {}
[121.353052] (-) TimerEvent: {}
[121.453162] (-) TimerEvent: {}
[121.553336] (-) TimerEvent: {}
[121.653531] (-) TimerEvent: {}
[121.753693] (-) TimerEvent: {}
[121.853804] (-) TimerEvent: {}
[121.953902] (-) TimerEvent: {}
[122.053995] (-) TimerEvent: {}
[122.154107] (-) TimerEvent: {}
[122.254242] (-) TimerEvent: {}
[122.354355] (-) TimerEvent: {}
[122.454479] (-) TimerEvent: {}
[122.554616] (-) TimerEvent: {}
[122.654770] (-) TimerEvent: {}
[122.754910] (-) TimerEvent: {}
[122.855023] (-) TimerEvent: {}
[122.955119] (-) TimerEvent: {}
[123.055211] (-) TimerEvent: {}
[123.155317] (-) TimerEvent: {}
[123.255449] (-) TimerEvent: {}
[123.355585] (-) TimerEvent: {}
[123.455682] (-) TimerEvent: {}
[123.555811] (-) TimerEvent: {}
[123.655959] (-) TimerEvent: {}
[123.756086] (-) TimerEvent: {}
[123.856189] (-) TimerEvent: {}
[123.956283] (-) TimerEvent: {}
[124.056375] (-) TimerEvent: {}
[124.156499] (-) TimerEvent: {}
[124.256627] (-) TimerEvent: {}
[124.356743] (-) TimerEvent: {}
[124.456868] (-) TimerEvent: {}
[124.557059] (-) TimerEvent: {}
[124.657309] (-) TimerEvent: {}
[124.757480] (-) TimerEvent: {}
[124.857579] (-) TimerEvent: {}
[124.957675] (-) TimerEvent: {}
[125.057772] (-) TimerEvent: {}
[125.157893] (-) TimerEvent: {}
[125.258021] (-) TimerEvent: {}
[125.358137] (-) TimerEvent: {}
[125.458234] (-) TimerEvent: {}
[125.558337] (-) TimerEvent: {}
[125.658532] (-) TimerEvent: {}
[125.758713] (-) TimerEvent: {}
[125.858837] (-) TimerEvent: {}
[125.958936] (-) TimerEvent: {}
[126.059029] (-) TimerEvent: {}
[126.159143] (-) TimerEvent: {}
[126.259278] (-) TimerEvent: {}
[126.359399] (-) TimerEvent: {}
[126.459512] (-) TimerEvent: {}
[126.559674] (-) TimerEvent: {}
[126.659883] (-) TimerEvent: {}
[126.760038] (-) TimerEvent: {}
[126.860136] (-) TimerEvent: {}
[126.960227] (-) TimerEvent: {}
[127.060316] (-) TimerEvent: {}
[127.160430] (-) TimerEvent: {}
[127.260580] (-) TimerEvent: {}
[127.360692] (-) TimerEvent: {}
[127.460789] (-) TimerEvent: {}
[127.560898] (-) TimerEvent: {}
[127.661069] (-) TimerEvent: {}
[127.761219] (-) TimerEvent: {}
[127.861315] (-) TimerEvent: {}
[127.961414] (-) TimerEvent: {}
[128.061507] (-) TimerEvent: {}
[128.161621] (-) TimerEvent: {}
[128.261762] (-) TimerEvent: {}
[128.361888] (-) TimerEvent: {}
[128.461987] (-) TimerEvent: {}
[128.562091] (-) TimerEvent: {}
[128.662263] (-) TimerEvent: {}
[128.762415] (-) TimerEvent: {}
[128.862517] (-) TimerEvent: {}
[128.962614] (-) TimerEvent: {}
[129.062710] (-) TimerEvent: {}
[129.162826] (-) TimerEvent: {}
[129.262949] (-) TimerEvent: {}
[129.363065] (-) TimerEvent: {}
[129.463164] (-) TimerEvent: {}
[129.563272] (-) TimerEvent: {}
[129.663431] (-) TimerEvent: {}
[129.763594] (-) TimerEvent: {}
[129.863691] (-) TimerEvent: {}
[129.963785] (-) TimerEvent: {}
[130.063881] (-) TimerEvent: {}
[130.164002] (-) TimerEvent: {}
[130.264140] (-) TimerEvent: {}
[130.364264] (-) TimerEvent: {}
[130.464376] (-) TimerEvent: {}
[130.564542] (-) TimerEvent: {}
[130.664746] (-) TimerEvent: {}
[130.764925] (-) TimerEvent: {}
[130.865073] (-) TimerEvent: {}
[130.965207] (-) TimerEvent: {}
[131.065316] (-) TimerEvent: {}
[131.165431] (-) TimerEvent: {}
[131.265567] (-) TimerEvent: {}
[131.365685] (-) TimerEvent: {}
[131.465786] (-) TimerEvent: {}
[131.565931] (-) TimerEvent: {}
[131.666104] (-) TimerEvent: {}
[131.766267] (-) TimerEvent: {}
[131.866410] (-) TimerEvent: {}
[131.966531] (-) TimerEvent: {}
[132.066630] (-) TimerEvent: {}
[132.166726] (-) TimerEvent: {}
[132.266828] (-) TimerEvent: {}
[132.366950] (-) TimerEvent: {}
[132.467059] (-) TimerEvent: {}
[132.567176] (-) TimerEvent: {}
[132.667323] (-) TimerEvent: {}
[132.767459] (-) TimerEvent: {}
[132.867594] (-) TimerEvent: {}
[132.967689] (-) TimerEvent: {}
[133.067782] (-) TimerEvent: {}
[133.167885] (-) TimerEvent: {}
[133.267997] (-) TimerEvent: {}
[133.368114] (-) TimerEvent: {}
[133.468233] (-) TimerEvent: {}
[133.568355] (-) TimerEvent: {}
[133.668504] (-) TimerEvent: {}
[133.768648] (-) TimerEvent: {}
[133.868782] (-) TimerEvent: {}
[133.968897] (-) TimerEvent: {}
[134.068992] (-) TimerEvent: {}
[134.169088] (-) TimerEvent: {}
[134.269198] (-) TimerEvent: {}
[134.369328] (-) TimerEvent: {}
[134.469480] (-) TimerEvent: {}
[134.511999] (deptrum-ros-driver-aurora930) StderrLine: {'line': b'CMake Error at cmake/Download.cmake:29 (message):\n'}
[134.512296] (deptrum-ros-driver-aurora930) StderrLine: {'line': b'  \n'}
[134.512394] (deptrum-ros-driver-aurora930) StderrLine: {'line': b'  http://192.168.104.3/data/ci_release/deptrum-stream/aurora900/release/-/deptrum-stream-aurora900---v1.1.19-18.04.tar.gz\n'}
[134.512492] (deptrum-ros-driver-aurora930) StderrLine: {'line': b"  doesn't exist.\n"}
[134.512577] (deptrum-ros-driver-aurora930) StderrLine: {'line': b'Call Stack (most recent call first):\n'}
[134.512656] (deptrum-ros-driver-aurora930) StderrLine: {'line': b'  cmake/Download.cmake:71 (download)\n'}
[134.512734] (deptrum-ros-driver-aurora930) StderrLine: {'line': b'  CMakeLists.txt:124 (download_sdk)\n'}
[134.512809] (deptrum-ros-driver-aurora930) StderrLine: {'line': b'\n'}
[134.512884] (deptrum-ros-driver-aurora930) StderrLine: {'line': b'\n'}
[134.512972] (deptrum-ros-driver-aurora930) StdoutLine: {'line': b'-- Configuring incomplete, errors occurred!\n'}
[134.531965] (deptrum-ros-driver-aurora930) CommandEnded: {'returncode': 1}
[134.562997] (deptrum-ros-driver-aurora930) JobEnded: {'identifier': 'deptrum-ros-driver-aurora930', 'rc': 1}
[134.569551] (-) TimerEvent: {}
[134.573415] (-) EventReactorShutdown: {}
