[2.870s] Invoking command in '/home/webotpi/ros2_ws/build/py_pkg': PYTHONPATH=/home/webotpi/ros2_ws/build/py_pkg/prefix_override:/usr/lib/python3/dist-packages/colcon_core/task/python/colcon_distutils_commands:/home/webotpi/ros2_ws/install/py_pkg/lib/python3.12/site-packages:${PYTHONPATH} /usr/bin/python3 -W ignore:setup.py install is deprecated -W ignore:easy_install command is deprecated setup.py develop --editable --build-directory /home/webotpi/ros2_ws/build/py_pkg/build --no-deps symlink_data
[3.326s] running develop
[3.599s] running egg_info
[3.623s] writing py_pkg.egg-info/PKG-INFO
[3.623s] writing dependency_links to py_pkg.egg-info/dependency_links.txt
[3.624s] writing entry points to py_pkg.egg-info/entry_points.txt
[3.624s] writing requirements to py_pkg.egg-info/requires.txt
[3.624s] writing top-level names to py_pkg.egg-info/top_level.txt
[3.675s] reading manifest file 'py_pkg.egg-info/SOURCES.txt'
[3.678s] writing manifest file 'py_pkg.egg-info/SOURCES.txt'
[3.705s] running build_ext
[3.705s] Creating /home/webotpi/ros2_ws/install/py_pkg/lib/python3.12/site-packages/py-pkg.egg-link (link to .)
[3.706s] Installing carnode script to /home/webotpi/ros2_ws/install/py_pkg/lib/py_pkg
[3.706s] Installing serial_bridge script to /home/webotpi/ros2_ws/install/py_pkg/lib/py_pkg
[3.706s] Installing teleop_control_node script to /home/webotpi/ros2_ws/install/py_pkg/lib/py_pkg
[3.707s] Installing usbcar script to /home/webotpi/ros2_ws/install/py_pkg/lib/py_pkg
[3.707s] 
[3.707s] Installed /home/webotpi/ros2_ws/build/py_pkg
[3.707s] running symlink_data
[3.829s] Invoked command in '/home/webotpi/ros2_ws/build/py_pkg' returned '0': PYTHONPATH=/home/webotpi/ros2_ws/build/py_pkg/prefix_override:/usr/lib/python3/dist-packages/colcon_core/task/python/colcon_distutils_commands:/home/webotpi/ros2_ws/install/py_pkg/lib/python3.12/site-packages:${PYTHONPATH} /usr/bin/python3 -W ignore:setup.py install is deprecated -W ignore:easy_install command is deprecated setup.py develop --editable --build-directory /home/webotpi/ros2_ws/build/py_pkg/build --no-deps symlink_data
