[0.000000] (-) TimerEvent: {}
[0.000091] (-) JobUnselected: {'identifier': 'my_launch_pkg'}
[0.000125] (-) JobUnselected: {'identifier': 'my_srv'}
[0.000146] (-) JobUnselected: {'identifier': 'py_pkg'}
[0.000163] (-) JobUnselected: {'identifier': 'rplidar_ros'}
[0.000179] (-) JobUnselected: {'identifier': 'voice_interaction'}
[0.000198] (deptrum-ros-driver-aurora930) JobQueued: {'identifier': 'deptrum-ros-driver-aurora930', 'dependencies': OrderedDict()}
[0.000856] (deptrum-ros-driver-aurora930) JobStarted: {'identifier': 'deptrum-ros-driver-aurora930'}
[0.009446] (deptrum-ros-driver-aurora930) JobProgress: {'identifier': 'deptrum-ros-driver-aurora930', 'progress': 'cmake'}
[0.014086] (deptrum-ros-driver-aurora930) JobProgress: {'identifier': 'deptrum-ros-driver-aurora930', 'progress': 'build'}
[0.015027] (deptrum-ros-driver-aurora930) Command: {'cmd': ['/usr/bin/cmake', '--build', '/home/webotpi/ros2_ws/build/deptrum-ros-driver-aurora930', '--', '-j4', '-l4'], 'cwd': '/home/webotpi/ros2_ws/build/deptrum-ros-driver-aurora930', 'env': OrderedDict({'LANGUAGE': 'zh_CN:en', 'USER': 'webotpi', 'SSH_CLIENT': '192.168.0.111 33438 22', 'LC_TIME': 'zh_CN.UTF-8', 'XDG_SESSION_TYPE': 'tty', 'SHLVL': '1', 'LD_LIBRARY_PATH': '/opt/ros/jazzy/opt/rviz_ogre_vendor/lib:/opt/ros/jazzy/lib/aarch64-linux-gnu:/opt/ros/jazzy/opt/gz_math_vendor/lib:/opt/ros/jazzy/opt/gz_utils_vendor/lib:/opt/ros/jazzy/opt/gz_cmake_vendor/lib:/opt/ros/jazzy/lib', 'HOME': '/home/webotpi', 'OLDPWD': '/home/webotpi', 'ROS_PYTHON_VERSION': '3', 'LC_MONETARY': 'zh_CN.UTF-8', 'DBUS_SESSION_BUS_ADDRESS': 'unix:path=/run/user/1000/bus', 'ROS_DISTRO': 'jazzy', 'LOGNAME': 'webotpi', '_': '/usr/bin/colcon', 'ROS_VERSION': '2', 'XDG_SESSION_CLASS': 'user', 'XDG_SESSION_ID': '56', 'PATH': '/opt/ros/jazzy/bin:/usr/local/sbin:/usr/local/bin:/usr/sbin:/usr/bin:/sbin:/bin:/usr/games:/usr/local/games:/snap/bin', 'PAPERSIZE': 'a4', 'LC_ADDRESS': 'zh_CN.UTF-8', 'XDG_RUNTIME_DIR': '/run/user/1000', 'LANG': 'zh_CN.UTF-8', 'LC_TELEPHONE': 'zh_CN.UTF-8', 'AMENT_PREFIX_PATH': '/opt/ros/jazzy', 'SHELL': '/bin/bash', 'LC_NAME': 'zh_CN.UTF-8', 'LC_MEASUREMENT': 'zh_CN.UTF-8', 'LC_IDENTIFICATION': 'zh_CN.UTF-8', 'ROS_AUTOMATIC_DISCOVERY_RANGE': 'SUBNET', 'PWD': '/home/webotpi/ros2_ws/build/deptrum-ros-driver-aurora930', 'SSH_CONNECTION': '192.168.0.111 33438 192.168.0.119 22', 'PYTHONPATH': '/opt/ros/jazzy/lib/python3.12/site-packages', 'LC_NUMERIC': 'zh_CN.UTF-8', 'LC_PAPER': 'zh_CN.UTF-8', 'COLCON': '1', 'CMAKE_PREFIX_PATH': '/opt/ros/jazzy/opt/gz_math_vendor:/opt/ros/jazzy/opt/gz_utils_vendor:/opt/ros/jazzy/opt/gz_cmake_vendor:/opt/ros/jazzy'}), 'shell': False}
[0.099681] (-) TimerEvent: {}
[0.199925] (-) TimerEvent: {}
[0.287568] (deptrum-ros-driver-aurora930) StdoutLine: {'line': b'[ 55%] Built target aurora930_node\n'}
[0.300008] (-) TimerEvent: {}
[0.338759] (deptrum-ros-driver-aurora930) StdoutLine: {'line': b'[100%] Built target sub_node_ci\n'}
[0.339384] (deptrum-ros-driver-aurora930) StdoutLine: {'line': b'[100%] Built target sub_node\n'}
[0.357853] (deptrum-ros-driver-aurora930) CommandEnded: {'returncode': 0}
[0.361846] (deptrum-ros-driver-aurora930) JobProgress: {'identifier': 'deptrum-ros-driver-aurora930', 'progress': 'install'}
[0.379144] (deptrum-ros-driver-aurora930) Command: {'cmd': ['/usr/bin/cmake', '--install', '/home/webotpi/ros2_ws/build/deptrum-ros-driver-aurora930'], 'cwd': '/home/webotpi/ros2_ws/build/deptrum-ros-driver-aurora930', 'env': OrderedDict({'LANGUAGE': 'zh_CN:en', 'USER': 'webotpi', 'SSH_CLIENT': '192.168.0.111 33438 22', 'LC_TIME': 'zh_CN.UTF-8', 'XDG_SESSION_TYPE': 'tty', 'SHLVL': '1', 'LD_LIBRARY_PATH': '/opt/ros/jazzy/opt/rviz_ogre_vendor/lib:/opt/ros/jazzy/lib/aarch64-linux-gnu:/opt/ros/jazzy/opt/gz_math_vendor/lib:/opt/ros/jazzy/opt/gz_utils_vendor/lib:/opt/ros/jazzy/opt/gz_cmake_vendor/lib:/opt/ros/jazzy/lib', 'HOME': '/home/webotpi', 'OLDPWD': '/home/webotpi', 'ROS_PYTHON_VERSION': '3', 'LC_MONETARY': 'zh_CN.UTF-8', 'DBUS_SESSION_BUS_ADDRESS': 'unix:path=/run/user/1000/bus', 'ROS_DISTRO': 'jazzy', 'LOGNAME': 'webotpi', '_': '/usr/bin/colcon', 'ROS_VERSION': '2', 'XDG_SESSION_CLASS': 'user', 'XDG_SESSION_ID': '56', 'PATH': '/opt/ros/jazzy/bin:/usr/local/sbin:/usr/local/bin:/usr/sbin:/usr/bin:/sbin:/bin:/usr/games:/usr/local/games:/snap/bin', 'PAPERSIZE': 'a4', 'LC_ADDRESS': 'zh_CN.UTF-8', 'XDG_RUNTIME_DIR': '/run/user/1000', 'LANG': 'zh_CN.UTF-8', 'LC_TELEPHONE': 'zh_CN.UTF-8', 'AMENT_PREFIX_PATH': '/opt/ros/jazzy', 'SHELL': '/bin/bash', 'LC_NAME': 'zh_CN.UTF-8', 'LC_MEASUREMENT': 'zh_CN.UTF-8', 'LC_IDENTIFICATION': 'zh_CN.UTF-8', 'ROS_AUTOMATIC_DISCOVERY_RANGE': 'SUBNET', 'PWD': '/home/webotpi/ros2_ws/build/deptrum-ros-driver-aurora930', 'SSH_CONNECTION': '192.168.0.111 33438 192.168.0.119 22', 'PYTHONPATH': '/opt/ros/jazzy/lib/python3.12/site-packages', 'LC_NUMERIC': 'zh_CN.UTF-8', 'LC_PAPER': 'zh_CN.UTF-8', 'COLCON': '1', 'CMAKE_PREFIX_PATH': '/opt/ros/jazzy/opt/gz_math_vendor:/opt/ros/jazzy/opt/gz_utils_vendor:/opt/ros/jazzy/opt/gz_cmake_vendor:/opt/ros/jazzy'}), 'shell': False}
[0.395500] (deptrum-ros-driver-aurora930) StdoutLine: {'line': b'-- Install configuration: ""\n'}
[0.396826] (deptrum-ros-driver-aurora930) StdoutLine: {'line': b'-- Execute custom install script\n'}
[0.397580] (deptrum-ros-driver-aurora930) StdoutLine: {'line': b'-- Up-to-date symlink: /home/webotpi/ros2_ws/install/deptrum-ros-driver-aurora930/share/deptrum-ros-driver-aurora930/environment/library_path.sh\n'}
[0.397787] (deptrum-ros-driver-aurora930) StdoutLine: {'line': b'-- Up-to-date symlink: /home/webotpi/ros2_ws/install/deptrum-ros-driver-aurora930/share/deptrum-ros-driver-aurora930/environment/library_path.dsv\n'}
[0.398684] (deptrum-ros-driver-aurora930) StdoutLine: {'line': b'-- Up-to-date symlink: /home/webotpi/ros2_ws/install/deptrum-ros-driver-aurora930/lib/deptrum-ros-driver-aurora930/aurora930_node\n'}
[0.399432] (deptrum-ros-driver-aurora930) StdoutLine: {'line': b'-- Up-to-date symlink: /home/webotpi/ros2_ws/install/deptrum-ros-driver-aurora930/lib/deptrum-ros-driver-aurora930/sub_node\n'}
[0.400065] (-) TimerEvent: {}
[0.400291] (deptrum-ros-driver-aurora930) StdoutLine: {'line': b'-- Up-to-date symlink: /home/webotpi/ros2_ws/install/deptrum-ros-driver-aurora930/lib/deptrum-ros-driver-aurora930/aurora930_node\n'}
[0.401027] (deptrum-ros-driver-aurora930) StdoutLine: {'line': b'-- Up-to-date symlink: /home/webotpi/ros2_ws/install/deptrum-ros-driver-aurora930/lib/deptrum-ros-driver-aurora930/sub_node_ci\n'}
[0.401576] (deptrum-ros-driver-aurora930) StdoutLine: {'line': b'-- Up-to-date symlink: /home/webotpi/ros2_ws/install/deptrum-ros-driver-aurora930/share/deptrum-ros-driver-aurora930/99-deptrum-libusb.rules\n'}
[0.401768] (deptrum-ros-driver-aurora930) StdoutLine: {'line': b'-- Up-to-date symlink: /home/webotpi/ros2_ws/install/deptrum-ros-driver-aurora930/lib/libdeptrum_stream_aurora900.so.1.1.19\n'}
[0.402306] (deptrum-ros-driver-aurora930) StdoutLine: {'line': b'-- Up-to-date symlink: /home/webotpi/ros2_ws/install/deptrum-ros-driver-aurora930/share/deptrum-ros-driver-aurora930/doc/usage_aurora930.md\n'}
[0.402795] (deptrum-ros-driver-aurora930) StdoutLine: {'line': b'-- Up-to-date symlink: /home/webotpi/ros2_ws/install/deptrum-ros-driver-aurora930/share/deptrum-ros-driver-aurora930/doc/RELEASE_AURORA930.md\n'}
[0.403409] (deptrum-ros-driver-aurora930) StdoutLine: {'line': b'-- Up-to-date symlink: /home/webotpi/ros2_ws/install/deptrum-ros-driver-aurora930/share/deptrum-ros-driver-aurora930/rviz/aurora930-ros2.rviz\n'}
[0.403994] (deptrum-ros-driver-aurora930) StdoutLine: {'line': b'-- Up-to-date symlink: /home/webotpi/ros2_ws/install/deptrum-ros-driver-aurora930/share/ament_index/resource_index/package_run_dependencies/deptrum-ros-driver-aurora930\n'}
[0.404571] (deptrum-ros-driver-aurora930) StdoutLine: {'line': b'-- Up-to-date symlink: /home/webotpi/ros2_ws/install/deptrum-ros-driver-aurora930/share/ament_index/resource_index/parent_prefix_path/deptrum-ros-driver-aurora930\n'}
[0.405134] (deptrum-ros-driver-aurora930) StdoutLine: {'line': b'-- Up-to-date symlink: /home/webotpi/ros2_ws/install/deptrum-ros-driver-aurora930/share/deptrum-ros-driver-aurora930/environment/ament_prefix_path.sh\n'}
[0.405374] (deptrum-ros-driver-aurora930) StdoutLine: {'line': b'-- Up-to-date symlink: /home/webotpi/ros2_ws/install/deptrum-ros-driver-aurora930/share/deptrum-ros-driver-aurora930/environment/ament_prefix_path.dsv\n'}
[0.405932] (deptrum-ros-driver-aurora930) StdoutLine: {'line': b'-- Up-to-date symlink: /home/webotpi/ros2_ws/install/deptrum-ros-driver-aurora930/share/deptrum-ros-driver-aurora930/environment/path.sh\n'}
[0.406170] (deptrum-ros-driver-aurora930) StdoutLine: {'line': b'-- Up-to-date symlink: /home/webotpi/ros2_ws/install/deptrum-ros-driver-aurora930/share/deptrum-ros-driver-aurora930/environment/path.dsv\n'}
[0.406710] (deptrum-ros-driver-aurora930) StdoutLine: {'line': b'-- Up-to-date symlink: /home/webotpi/ros2_ws/install/deptrum-ros-driver-aurora930/share/deptrum-ros-driver-aurora930/local_setup.bash\n'}
[0.407256] (deptrum-ros-driver-aurora930) StdoutLine: {'line': b'-- Up-to-date symlink: /home/webotpi/ros2_ws/install/deptrum-ros-driver-aurora930/share/deptrum-ros-driver-aurora930/local_setup.sh\n'}
[0.407800] (deptrum-ros-driver-aurora930) StdoutLine: {'line': b'-- Up-to-date symlink: /home/webotpi/ros2_ws/install/deptrum-ros-driver-aurora930/share/deptrum-ros-driver-aurora930/local_setup.zsh\n'}
[0.408041] (deptrum-ros-driver-aurora930) StdoutLine: {'line': b'-- Up-to-date symlink: /home/webotpi/ros2_ws/install/deptrum-ros-driver-aurora930/share/deptrum-ros-driver-aurora930/local_setup.dsv\n'}
[0.408205] (deptrum-ros-driver-aurora930) StdoutLine: {'line': b'-- Symlinking: /home/webotpi/ros2_ws/install/deptrum-ros-driver-aurora930/share/deptrum-ros-driver-aurora930/package.dsv\n'}
[0.426269] (deptrum-ros-driver-aurora930) StdoutLine: {'line': b'-- Up-to-date symlink: /home/webotpi/ros2_ws/install/deptrum-ros-driver-aurora930/share/ament_index/resource_index/packages/deptrum-ros-driver-aurora930\n'}
[0.428842] (deptrum-ros-driver-aurora930) StdoutLine: {'line': b'-- Up-to-date symlink: /home/webotpi/ros2_ws/install/deptrum-ros-driver-aurora930/share/deptrum-ros-driver-aurora930/cmake/ament_cmake_export_libraries-extras.cmake\n'}
[0.429414] (deptrum-ros-driver-aurora930) StdoutLine: {'line': b'-- Up-to-date symlink: /home/webotpi/ros2_ws/install/deptrum-ros-driver-aurora930/share/deptrum-ros-driver-aurora930/cmake/deptrum-ros-driver-aurora930Config.cmake\n'}
[0.429880] (deptrum-ros-driver-aurora930) StdoutLine: {'line': b'-- Up-to-date symlink: /home/webotpi/ros2_ws/install/deptrum-ros-driver-aurora930/share/deptrum-ros-driver-aurora930/cmake/deptrum-ros-driver-aurora930Config-version.cmake\n'}
[0.430098] (deptrum-ros-driver-aurora930) StdoutLine: {'line': b'-- Up-to-date symlink: /home/webotpi/ros2_ws/install/deptrum-ros-driver-aurora930/share/deptrum-ros-driver-aurora930/package.xml\n'}
[0.430218] (deptrum-ros-driver-aurora930) StdoutLine: {'line': b'-- Up-to-date: /home/webotpi/ros2_ws/install/deptrum-ros-driver-aurora930/share/deptrum-ros-driver-aurora930/launch\n'}
[0.430374] (deptrum-ros-driver-aurora930) StdoutLine: {'line': b'-- Up-to-date: /home/webotpi/ros2_ws/install/deptrum-ros-driver-aurora930/share/deptrum-ros-driver-aurora930/launch/viewer930_launch.py\n'}
[0.430518] (deptrum-ros-driver-aurora930) StdoutLine: {'line': b'-- Up-to-date: /home/webotpi/ros2_ws/install/deptrum-ros-driver-aurora930/share/deptrum-ros-driver-aurora930/launch/aurora930_multi_launch.py\n'}
[0.430600] (deptrum-ros-driver-aurora930) StdoutLine: {'line': b'-- Up-to-date: /home/webotpi/ros2_ws/install/deptrum-ros-driver-aurora930/share/deptrum-ros-driver-aurora930/launch/sub_node_ci_aurora930_launch.py\n'}
[0.430682] (deptrum-ros-driver-aurora930) StdoutLine: {'line': b'-- Installing: /home/webotpi/ros2_ws/install/deptrum-ros-driver-aurora930/share/deptrum-ros-driver-aurora930/launch/aurora930_launch.py\n'}
[0.434050] (deptrum-ros-driver-aurora930) CommandEnded: {'returncode': 0}
[0.460069] (deptrum-ros-driver-aurora930) JobEnded: {'identifier': 'deptrum-ros-driver-aurora930', 'rc': 0}
[0.460803] (-) EventReactorShutdown: {}
