running develop
Removing /home/webotpi/ros2_ws/install/py_pkg/lib/python3.12/site-packages/py-pkg.egg-link (link to .)
running egg_info
writing ../../build/py_pkg/py_pkg.egg-info/PKG-INFO
writing dependency_links to ../../build/py_pkg/py_pkg.egg-info/dependency_links.txt
writing entry points to ../../build/py_pkg/py_pkg.egg-info/entry_points.txt
writing requirements to ../../build/py_pkg/py_pkg.egg-info/requires.txt
writing top-level names to ../../build/py_pkg/py_pkg.egg-info/top_level.txt
reading manifest file '../../build/py_pkg/py_pkg.egg-info/SOURCES.txt'
writing manifest file '../../build/py_pkg/py_pkg.egg-info/SOURCES.txt'
running build
running build_py
creating /home/webotpi/ros2_ws/build/py_pkg/build
creating /home/webotpi/ros2_ws/build/py_pkg/build/lib
creating /home/webotpi/ros2_ws/build/py_pkg/build/lib/py_pkg
copying py_pkg/usbcar.py -> /home/webotpi/ros2_ws/build/py_pkg/build/lib/py_pkg
copying py_pkg/__init__.py -> /home/webotpi/ros2_ws/build/py_pkg/build/lib/py_pkg
copying py_pkg/serial_bridge.py -> /home/webotpi/ros2_ws/build/py_pkg/build/lib/py_pkg
copying py_pkg/carnode.py -> /home/webotpi/ros2_ws/build/py_pkg/build/lib/py_pkg
copying py_pkg/teleop_control_node.py -> /home/webotpi/ros2_ws/build/py_pkg/build/lib/py_pkg
running install
running install_lib
creating /home/webotpi/ros2_ws/install/py_pkg/lib/python3.12/site-packages/py_pkg
copying /home/webotpi/ros2_ws/build/py_pkg/build/lib/py_pkg/usbcar.py -> /home/webotpi/ros2_ws/install/py_pkg/lib/python3.12/site-packages/py_pkg
copying /home/webotpi/ros2_ws/build/py_pkg/build/lib/py_pkg/__init__.py -> /home/webotpi/ros2_ws/install/py_pkg/lib/python3.12/site-packages/py_pkg
copying /home/webotpi/ros2_ws/build/py_pkg/build/lib/py_pkg/serial_bridge.py -> /home/webotpi/ros2_ws/install/py_pkg/lib/python3.12/site-packages/py_pkg
copying /home/webotpi/ros2_ws/build/py_pkg/build/lib/py_pkg/carnode.py -> /home/webotpi/ros2_ws/install/py_pkg/lib/python3.12/site-packages/py_pkg
copying /home/webotpi/ros2_ws/build/py_pkg/build/lib/py_pkg/teleop_control_node.py -> /home/webotpi/ros2_ws/install/py_pkg/lib/python3.12/site-packages/py_pkg
byte-compiling /home/webotpi/ros2_ws/install/py_pkg/lib/python3.12/site-packages/py_pkg/usbcar.py to usbcar.cpython-312.pyc
byte-compiling /home/webotpi/ros2_ws/install/py_pkg/lib/python3.12/site-packages/py_pkg/__init__.py to __init__.cpython-312.pyc
byte-compiling /home/webotpi/ros2_ws/install/py_pkg/lib/python3.12/site-packages/py_pkg/serial_bridge.py to serial_bridge.cpython-312.pyc
byte-compiling /home/webotpi/ros2_ws/install/py_pkg/lib/python3.12/site-packages/py_pkg/carnode.py to carnode.cpython-312.pyc
byte-compiling /home/webotpi/ros2_ws/install/py_pkg/lib/python3.12/site-packages/py_pkg/teleop_control_node.py to teleop_control_node.cpython-312.pyc
running install_data
copying resource/py_pkg -> /home/webotpi/ros2_ws/install/py_pkg/share/ament_index/resource_index/packages
copying package.xml -> /home/webotpi/ros2_ws/install/py_pkg/share/py_pkg
running install_egg_info
Copying ../../build/py_pkg/py_pkg.egg-info to /home/webotpi/ros2_ws/install/py_pkg/lib/python3.12/site-packages/py_pkg-0.0.0-py3.12.egg-info
running install_scripts
Installing carnode script to /home/webotpi/ros2_ws/install/py_pkg/lib/py_pkg
Installing serial_bridge script to /home/webotpi/ros2_ws/install/py_pkg/lib/py_pkg
Installing teleop_control_node script to /home/webotpi/ros2_ws/install/py_pkg/lib/py_pkg
Installing usbcar script to /home/webotpi/ros2_ws/install/py_pkg/lib/py_pkg
writing list of installed files to '/home/webotpi/ros2_ws/build/py_pkg/install.log'
