[0.013s] Invoking command in '/home/webotpi/ros2_ws/build/my_srv': CMAKE_PREFIX_PATH=${CMAKE_PREFIX_PATH}:/home/webotpi/ros2_ws/install/voice_interaction:/home/webotpi/ros2_ws/install/py_pkg:/home/webotpi/ros2_ws/install/my_launch_pkg:/opt/ros/jazzy DEBUGINFOD_URLS=https://debuginfod.ubuntu.com /usr/bin/cmake /home/webotpi/ros2_ws/src/my_srv -DAMENT_CMAKE_SYMLINK_INSTALL=1 -DCMAKE_INSTALL_PREFIX=/home/webotpi/ros2_ws/install/my_srv
[0.110s] -- The C compiler identification is GNU 13.3.0
[0.206s] -- The CXX compiler identification is GNU 13.3.0
[0.235s] -- Detecting C compiler ABI info
[0.388s] -- Detecting C compiler ABI info - done
[0.404s] -- Check for working C compiler: /usr/bin/cc - skipped
[0.404s] -- Detecting C compile features
[0.405s] -- Detecting C compile features - done
[0.420s] -- Detecting CXX compiler ABI info
[0.590s] -- Detecting CXX compiler ABI info - done
[0.605s] -- Check for working CXX compiler: /usr/bin/c++ - skipped
[0.605s] -- Detecting CXX compile features
[0.606s] -- Detecting CXX compile features - done
[0.610s] -- Found ament_cmake: 2.5.6 (/opt/ros/jazzy/share/ament_cmake/cmake)
[0.831s] -- Found Python3: /usr/bin/python3 (found version "3.12.3") found components: Interpreter 
[0.952s] -- Override CMake install command with custom implementation using symlinks instead of copying resources
[1.001s] -- Found cv_bridge: 4.1.0 (/opt/ros/jazzy/share/cv_bridge/cmake)
[1.071s] -- Found rosidl_generator_c: 4.6.7 (/opt/ros/jazzy/share/rosidl_generator_c/cmake)
[1.091s] -- Found rosidl_generator_cpp: 4.6.7 (/opt/ros/jazzy/share/rosidl_generator_cpp/cmake)
[1.115s] -- Using all available rosidl_typesupport_c: rosidl_typesupport_fastrtps_c;rosidl_typesupport_introspection_c
[1.142s] -- Using all available rosidl_typesupport_cpp: rosidl_typesupport_fastrtps_cpp;rosidl_typesupport_introspection_cpp
[1.329s] -- Found rmw_implementation_cmake: 7.3.3 (/opt/ros/jazzy/share/rmw_implementation_cmake/cmake)
[1.334s] -- Found rmw_fastrtps_cpp: 8.4.3 (/opt/ros/jazzy/share/rmw_fastrtps_cpp/cmake)
[1.472s] -- Found OpenSSL: /usr/lib/aarch64-linux-gnu/libcrypto.so (found version "3.0.13")  
[1.499s] -- Found FastRTPS: /opt/ros/jazzy/include (Required is at least version "2.13") 
[1.533s] -- Using RMW implementation 'rmw_fastrtps_cpp' as default
[1.630s] -- Found rosbridge_suite: 2.6.0 (/opt/ros/jazzy/share/rosbridge_suite/cmake)
[1.633s] -- Found rosidl_default_generators: 1.6.0 (/opt/ros/jazzy/share/rosidl_default_generators/cmake)
[1.661s] -- Found rosidl_adapter: 4.6.7 (/opt/ros/jazzy/share/rosidl_adapter/cmake)
[2.559s] -- Found ament_cmake_ros: 0.12.0 (/opt/ros/jazzy/share/ament_cmake_ros/cmake)
[3.658s] -- Using all available rosidl_typesupport_c: rosidl_typesupport_fastrtps_c;rosidl_typesupport_introspection_c
[4.088s] -- Using all available rosidl_typesupport_cpp: rosidl_typesupport_fastrtps_cpp;rosidl_typesupport_introspection_cpp
[4.093s] -- Found python_cmake_module: 0.11.1 (/opt/ros/jazzy/share/python_cmake_module/cmake)
[4.305s] -- Found PythonExtra: /usr/bin/python3  
[5.001s] -- Found Python3: /usr/bin/python3 (found version "3.12.3") found components: Interpreter Development NumPy Development.Module Development.Embed 
[5.103s] -- Found Python3: /usr/bin/python3 (found version "3.12.3") found components: Interpreter 
[5.110s] -- Found ament_lint_auto: 0.17.5 (/opt/ros/jazzy/share/ament_lint_auto/cmake)
[5.147s] -- Added test 'flake8' to check Python code syntax and style conventions
[5.147s] -- Configured 'flake8' exclude dirs and/or files: 
[5.149s] -- Added test 'lint_cmake' to check CMake code style
[5.150s] -- Added test 'pep257' to check Python code against some of the docstring style conventions in PEP 257
[5.154s] -- Added test 'xmllint' to check XML markup files
[5.160s] -- Configuring done (5.1s)
[5.213s] -- Generating done (0.0s)
[5.231s] -- Build files have been written to: /home/webotpi/ros2_ws/build/my_srv
[5.258s] Invoked command in '/home/webotpi/ros2_ws/build/my_srv' returned '0': CMAKE_PREFIX_PATH=${CMAKE_PREFIX_PATH}:/home/webotpi/ros2_ws/install/voice_interaction:/home/webotpi/ros2_ws/install/py_pkg:/home/webotpi/ros2_ws/install/my_launch_pkg:/opt/ros/jazzy DEBUGINFOD_URLS=https://debuginfod.ubuntu.com /usr/bin/cmake /home/webotpi/ros2_ws/src/my_srv -DAMENT_CMAKE_SYMLINK_INSTALL=1 -DCMAKE_INSTALL_PREFIX=/home/webotpi/ros2_ws/install/my_srv
[5.261s] Invoking command in '/home/webotpi/ros2_ws/build/my_srv': CMAKE_PREFIX_PATH=${CMAKE_PREFIX_PATH}:/home/webotpi/ros2_ws/install/voice_interaction:/home/webotpi/ros2_ws/install/py_pkg:/home/webotpi/ros2_ws/install/my_launch_pkg:/opt/ros/jazzy DEBUGINFOD_URLS=https://debuginfod.ubuntu.com /usr/bin/cmake --build /home/webotpi/ros2_ws/build/my_srv -- -j4 -l4
[5.353s] [  5%] [34m[1mGenerating type hashes for ROS interfaces[0m
[5.354s] [  5%] [34m[1mGenerating Rust code for ROS interfaces[0m
[5.372s] [  5%] Built target ament_cmake_python_symlink_my_srv
[5.719s] [  5%] Built target my_srv__rosidl_generator_type_description
[5.742s] [  8%] [34m[1mGenerating C code for ROS interfaces[0m
[5.763s] [ 11%] [34m[1mGenerating C++ code for ROS interfaces[0m
[5.781s] running egg_info
[5.782s] creating my_srv.egg-info
[5.815s] [ 11%] Built target my_srv__rs
[5.823s] writing my_srv.egg-info/PKG-INFO
[5.823s] writing dependency_links to my_srv.egg-info/dependency_links.txt
[5.824s] writing top-level names to my_srv.egg-info/top_level.txt
[5.824s] writing manifest file 'my_srv.egg-info/SOURCES.txt'
[5.913s] reading manifest file 'my_srv.egg-info/SOURCES.txt'
[5.914s] writing manifest file 'my_srv.egg-info/SOURCES.txt'
[5.995s] [ 11%] Built target ament_cmake_python_build_my_srv_egg
[6.264s] [ 11%] Built target my_srv__cpp
[6.285s] [ 17%] [32mBuilding C object CMakeFiles/my_srv__rosidl_generator_c.dir/rosidl_generator_c/my_srv/srv/detail/add__description.c.o[0m
[6.285s] [ 17%] [32mBuilding C object CMakeFiles/my_srv__rosidl_generator_c.dir/rosidl_generator_c/my_srv/srv/detail/add__type_support.c.o[0m
[6.286s] [ 20%] [32mBuilding C object CMakeFiles/my_srv__rosidl_generator_c.dir/rosidl_generator_c/my_srv/srv/detail/add__functions.c.o[0m
[6.412s] [ 22%] [32m[1mLinking C shared library libmy_srv__rosidl_generator_c.so[0m
[6.488s] [ 22%] Built target my_srv__rosidl_generator_c
[6.512s] [ 31%] [34m[1mGenerating C type support for eProsima Fast-RTPS[0m
[6.512s] [ 34%] [34m[1mGenerating C type support dispatch for ROS interfaces[0m
[6.512s] [ 34%] [34m[1mGenerating C++ type support for eProsima Fast-RTPS[0m
[6.512s] [ 34%] [34m[1mGenerating C introspection for ROS interfaces[0m
[6.965s] [ 37%] [32mBuilding CXX object CMakeFiles/my_srv__rosidl_typesupport_c.dir/rosidl_typesupport_c/my_srv/srv/add__type_support.cpp.o[0m
[7.042s] [ 40%] [32mBuilding C object CMakeFiles/my_srv__rosidl_typesupport_introspection_c.dir/rosidl_typesupport_introspection_c/my_srv/srv/detail/add__type_support.c.o[0m
[7.083s] [ 42%] [32m[1mLinking CXX shared library libmy_srv__rosidl_typesupport_c.so[0m
[7.124s] [ 45%] [32mBuilding CXX object CMakeFiles/my_srv__rosidl_typesupport_fastrtps_c.dir/rosidl_typesupport_fastrtps_c/my_srv/srv/detail/add__type_support_c.cpp.o[0m
[7.139s] [ 48%] [32mBuilding CXX object CMakeFiles/my_srv__rosidl_typesupport_fastrtps_cpp.dir/rosidl_typesupport_fastrtps_cpp/my_srv/srv/detail/dds_fastrtps/add__type_support.cpp.o[0m
[7.153s] [ 51%] [32m[1mLinking C shared library libmy_srv__rosidl_typesupport_introspection_c.so[0m
[7.186s] [ 51%] Built target my_srv__rosidl_typesupport_c
[7.202s] [ 54%] [34m[1mGenerating C++ introspection for ROS interfaces[0m
[7.234s] [ 54%] Built target my_srv__rosidl_typesupport_introspection_c
[7.261s] [ 57%] [34m[1mGenerating C++ type support dispatch for ROS interfaces[0m
[7.795s] [ 60%] [32mBuilding CXX object CMakeFiles/my_srv__rosidl_typesupport_introspection_cpp.dir/rosidl_typesupport_introspection_cpp/my_srv/srv/detail/add__type_support.cpp.o[0m
[7.824s] [ 62%] [32mBuilding CXX object CMakeFiles/my_srv__rosidl_typesupport_cpp.dir/rosidl_typesupport_cpp/my_srv/srv/add__type_support.cpp.o[0m
[8.272s] [ 65%] [32m[1mLinking CXX shared library libmy_srv__rosidl_typesupport_fastrtps_c.so[0m
[8.492s] [ 65%] Built target my_srv__rosidl_typesupport_fastrtps_c
[8.612s] [ 68%] [32m[1mLinking CXX shared library libmy_srv__rosidl_typesupport_fastrtps_cpp.so[0m
[8.800s] [ 71%] [32m[1mLinking CXX shared library libmy_srv__rosidl_typesupport_cpp.so[0m
[8.802s] [ 71%] Built target my_srv__rosidl_typesupport_fastrtps_cpp
[8.834s] [ 74%] [32m[1mLinking CXX shared library libmy_srv__rosidl_typesupport_introspection_cpp.so[0m
[8.980s] [ 74%] Built target my_srv__rosidl_typesupport_cpp
[9.008s] [ 74%] Built target my_srv__rosidl_typesupport_introspection_cpp
[9.046s] [ 74%] Built target my_srv
[9.082s] [ 77%] [34m[1mGenerating Python code for ROS interfaces[0m
[9.632s] [ 77%] Built target my_srv__py
[9.667s] [ 80%] [32mBuilding C object CMakeFiles/my_srv__rosidl_generator_py.dir/rosidl_generator_py/my_srv/srv/_add_s.c.o[0m
[9.903s] [ 82%] [32m[1mLinking C shared library libmy_srv__rosidl_generator_py.so[0m
[9.983s] [ 82%] Built target my_srv__rosidl_generator_py
[10.022s] [ 91%] [32mBuilding C object CMakeFiles/my_srv_s__rosidl_typesupport_c.dir/rosidl_generator_py/my_srv/_my_srv_s.ep.rosidl_typesupport_c.c.o[0m
[10.023s] [ 91%] [32mBuilding C object CMakeFiles/my_srv_s__rosidl_typesupport_fastrtps_c.dir/rosidl_generator_py/my_srv/_my_srv_s.ep.rosidl_typesupport_fastrtps_c.c.o[0m
[10.023s] [ 91%] [32mBuilding C object CMakeFiles/my_srv_s__rosidl_typesupport_introspection_c.dir/rosidl_generator_py/my_srv/_my_srv_s.ep.rosidl_typesupport_introspection_c.c.o[0m
[10.210s] [ 97%] [32m[1mLinking C shared module rosidl_generator_py/my_srv/my_srv_s__rosidl_typesupport_c.so[0m
[10.210s] [ 97%] [32m[1mLinking C shared module rosidl_generator_py/my_srv/my_srv_s__rosidl_typesupport_introspection_c.so[0m
[10.219s] [100%] [32m[1mLinking C shared module rosidl_generator_py/my_srv/my_srv_s__rosidl_typesupport_fastrtps_c.so[0m
[10.265s] [100%] Built target my_srv_s__rosidl_typesupport_introspection_c
[10.270s] [100%] Built target my_srv_s__rosidl_typesupport_c
[10.283s] [100%] Built target my_srv_s__rosidl_typesupport_fastrtps_c
[10.305s] Invoked command in '/home/webotpi/ros2_ws/build/my_srv' returned '0': CMAKE_PREFIX_PATH=${CMAKE_PREFIX_PATH}:/home/webotpi/ros2_ws/install/voice_interaction:/home/webotpi/ros2_ws/install/py_pkg:/home/webotpi/ros2_ws/install/my_launch_pkg:/opt/ros/jazzy DEBUGINFOD_URLS=https://debuginfod.ubuntu.com /usr/bin/cmake --build /home/webotpi/ros2_ws/build/my_srv -- -j4 -l4
[10.323s] Invoking command in '/home/webotpi/ros2_ws/build/my_srv': CMAKE_PREFIX_PATH=${CMAKE_PREFIX_PATH}:/home/webotpi/ros2_ws/install/voice_interaction:/home/webotpi/ros2_ws/install/py_pkg:/home/webotpi/ros2_ws/install/my_launch_pkg:/opt/ros/jazzy DEBUGINFOD_URLS=https://debuginfod.ubuntu.com /usr/bin/cmake --install /home/webotpi/ros2_ws/build/my_srv
[10.337s] -- Install configuration: ""
[10.338s] -- Execute custom install script
[10.338s] -- Symlinking: /home/webotpi/ros2_ws/install/my_srv/share/ament_index/resource_index/rosidl_interfaces/my_srv
[10.356s] -- Symlinking: /home/webotpi/ros2_ws/install/my_srv/share/my_srv/srv/Add.json
[10.373s] -- Symlinking: /home/webotpi/ros2_ws/install/my_srv/include/my_srv/my_srv/msg/rosidl_generator_c__visibility_control.h
[10.389s] -- Symlinking: /home/webotpi/ros2_ws/install/my_srv/include/my_srv/my_srv/srv/add.h
[10.407s] -- Symlinking: /home/webotpi/ros2_ws/install/my_srv/include/my_srv/my_srv/srv/detail/add__functions.h
[10.423s] -- Symlinking: /home/webotpi/ros2_ws/install/my_srv/include/my_srv/my_srv/srv/detail/add__struct.h
[10.440s] -- Symlinking: /home/webotpi/ros2_ws/install/my_srv/include/my_srv/my_srv/srv/detail/add__type_support.h
[10.456s] -- Symlinking: /home/webotpi/ros2_ws/install/my_srv/share/my_srv/environment/library_path.sh
[10.472s] -- Symlinking: /home/webotpi/ros2_ws/install/my_srv/share/my_srv/environment/library_path.dsv
[10.489s] -- Symlinking: /home/webotpi/ros2_ws/install/my_srv/include/my_srv/my_srv/msg/rosidl_typesupport_fastrtps_c__visibility_control.h
[10.506s] -- Symlinking: /home/webotpi/ros2_ws/install/my_srv/include/my_srv/my_srv/srv/detail/add__rosidl_typesupport_fastrtps_c.h
[10.523s] -- Symlinking: /home/webotpi/ros2_ws/install/my_srv/include/my_srv/my_srv/msg/rosidl_generator_cpp__visibility_control.hpp
[10.539s] -- Symlinking: /home/webotpi/ros2_ws/install/my_srv/include/my_srv/my_srv/srv/add.hpp
[10.556s] -- Symlinking: /home/webotpi/ros2_ws/install/my_srv/include/my_srv/my_srv/srv/detail/add__builder.hpp
[10.572s] -- Symlinking: /home/webotpi/ros2_ws/install/my_srv/include/my_srv/my_srv/srv/detail/add__struct.hpp
[10.588s] -- Symlinking: /home/webotpi/ros2_ws/install/my_srv/include/my_srv/my_srv/srv/detail/add__traits.hpp
[10.604s] -- Symlinking: /home/webotpi/ros2_ws/install/my_srv/include/my_srv/my_srv/srv/detail/add__type_support.hpp
[10.622s] -- Symlinking: /home/webotpi/ros2_ws/install/my_srv/include/my_srv/my_srv/msg/rosidl_typesupport_fastrtps_cpp__visibility_control.h
[10.639s] -- Symlinking: /home/webotpi/ros2_ws/install/my_srv/include/my_srv/my_srv/srv/detail/add__rosidl_typesupport_fastrtps_cpp.hpp
[10.655s] -- Symlinking: /home/webotpi/ros2_ws/install/my_srv/include/my_srv/my_srv/msg/rosidl_typesupport_introspection_c__visibility_control.h
[10.672s] -- Symlinking: /home/webotpi/ros2_ws/install/my_srv/include/my_srv/my_srv/srv/detail/add__rosidl_typesupport_introspection_c.h
[10.688s] -- Symlinking: /home/webotpi/ros2_ws/install/my_srv/include/my_srv/my_srv/srv/detail/add__rosidl_typesupport_introspection_cpp.hpp
[10.705s] -- Symlinking: /home/webotpi/ros2_ws/install/my_srv/share/my_srv/environment/pythonpath.sh
[10.722s] -- Symlinking: /home/webotpi/ros2_ws/install/my_srv/share/my_srv/environment/pythonpath.dsv
[10.740s] -- Symlinking: /home/webotpi/ros2_ws/install/my_srv/lib/python3.12/site-packages/my_srv-0.0.0-py3.12.egg-info/PKG-INFO
[10.757s] -- Symlinking: /home/webotpi/ros2_ws/install/my_srv/lib/python3.12/site-packages/my_srv-0.0.0-py3.12.egg-info/SOURCES.txt
[10.772s] -- Symlinking: /home/webotpi/ros2_ws/install/my_srv/lib/python3.12/site-packages/my_srv-0.0.0-py3.12.egg-info/dependency_links.txt
[10.789s] -- Symlinking: /home/webotpi/ros2_ws/install/my_srv/lib/python3.12/site-packages/my_srv-0.0.0-py3.12.egg-info/top_level.txt
[10.807s] -- Symlinking: /home/webotpi/ros2_ws/install/my_srv/lib/python3.12/site-packages/my_srv/__init__.py
[10.823s] -- Symlinking: /home/webotpi/ros2_ws/install/my_srv/lib/python3.12/site-packages/my_srv/_my_srv_s.ep.rosidl_typesupport_c.c
[10.840s] -- Symlinking: /home/webotpi/ros2_ws/install/my_srv/lib/python3.12/site-packages/my_srv/_my_srv_s.ep.rosidl_typesupport_fastrtps_c.c
[10.857s] -- Symlinking: /home/webotpi/ros2_ws/install/my_srv/lib/python3.12/site-packages/my_srv/_my_srv_s.ep.rosidl_typesupport_introspection_c.c
[10.873s] -- Symlinking: /home/webotpi/ros2_ws/install/my_srv/lib/python3.12/site-packages/my_srv/my_srv_s__rosidl_typesupport_c.so
[10.889s] -- Symlinking: /home/webotpi/ros2_ws/install/my_srv/lib/python3.12/site-packages/my_srv/my_srv_s__rosidl_typesupport_fastrtps_c.so
[10.905s] -- Symlinking: /home/webotpi/ros2_ws/install/my_srv/lib/python3.12/site-packages/my_srv/my_srv_s__rosidl_typesupport_introspection_c.so
[10.922s] -- Symlinking: /home/webotpi/ros2_ws/install/my_srv/lib/python3.12/site-packages/my_srv/srv/__init__.py
[10.939s] -- Symlinking: /home/webotpi/ros2_ws/install/my_srv/lib/python3.12/site-packages/my_srv/srv/_add.py
[10.955s] -- Symlinking: /home/webotpi/ros2_ws/install/my_srv/lib/python3.12/site-packages/my_srv/srv/_add_s.c
[10.973s] -- Up-to-date symlink: /home/webotpi/ros2_ws/install/my_srv/lib/python3.12/site-packages/my_srv/my_srv_s__rosidl_typesupport_fastrtps_c.so
[10.973s] -- Up-to-date symlink: /home/webotpi/ros2_ws/install/my_srv/lib/python3.12/site-packages/my_srv/my_srv_s__rosidl_typesupport_introspection_c.so
[10.973s] -- Up-to-date symlink: /home/webotpi/ros2_ws/install/my_srv/lib/python3.12/site-packages/my_srv/my_srv_s__rosidl_typesupport_c.so
[10.974s] -- Symlinking: /home/webotpi/ros2_ws/install/my_srv/share/ament_index/resource_index/rust_packages/my_srv
[10.990s] -- Symlinking: /home/webotpi/ros2_ws/install/my_srv/share/my_srv/rust/Cargo.toml
[11.007s] -- Symlinking: /home/webotpi/ros2_ws/install/my_srv/share/my_srv/rust/build.rs
[11.023s] -- Symlinking: /home/webotpi/ros2_ws/install/my_srv/share/my_srv/rust/src/lib.rs
[11.040s] -- Symlinking: /home/webotpi/ros2_ws/install/my_srv/share/my_srv/rust/src/srv.rs
[11.057s] -- Symlinking: /home/webotpi/ros2_ws/install/my_srv/share/my_srv/rust/src/srv/rmw.rs
[11.074s] -- Symlinking: /home/webotpi/ros2_ws/install/my_srv/share/my_srv/srv/Add.idl
[11.090s] -- Symlinking: /home/webotpi/ros2_ws/install/my_srv/share/my_srv/srv/Add.srv
[11.107s] -- Symlinking: /home/webotpi/ros2_ws/install/my_srv/lib/my_srv/arm_fk.py
[11.123s] -- Symlinking: /home/webotpi/ros2_ws/install/my_srv/lib/my_srv/arm_rviz_bridge.py
[11.139s] -- Symlinking: /home/webotpi/ros2_ws/install/my_srv/lib/my_srv/arm_teach.py
[11.154s] -- Symlinking: /home/webotpi/ros2_ws/install/my_srv/lib/my_srv/asr_node.py
[11.171s] -- Symlinking: /home/webotpi/ros2_ws/install/my_srv/lib/my_srv/color_set_node.py
[11.188s] -- Symlinking: /home/webotpi/ros2_ws/install/my_srv/lib/my_srv/color_sorting_node.py
[11.204s] -- Symlinking: /home/webotpi/ros2_ws/install/my_srv/lib/my_srv/color_stack_node.py
[11.221s] -- Symlinking: /home/webotpi/ros2_ws/install/my_srv/lib/my_srv/color_track_node.py
[11.238s] -- Symlinking: /home/webotpi/ros2_ws/install/my_srv/lib/my_srv/depth_arm.launch.py
[11.255s] -- Symlinking: /home/webotpi/ros2_ws/install/my_srv/lib/my_srv/depth_color_sorting_node.py
[11.271s] -- Symlinking: /home/webotpi/ros2_ws/install/my_srv/lib/my_srv/depth_color_stack_node.py
[11.287s] -- Symlinking: /home/webotpi/ros2_ws/install/my_srv/lib/my_srv/depth_color_track_node.py
[11.304s] -- Symlinking: /home/webotpi/ros2_ws/install/my_srv/lib/my_srv/depth_distance_node.py
[11.321s] -- Symlinking: /home/webotpi/ros2_ws/install/my_srv/lib/my_srv/depth_label_sorting_node.py
[11.337s] -- Symlinking: /home/webotpi/ros2_ws/install/my_srv/lib/my_srv/depth_label_stack_node.py
[11.354s] -- Symlinking: /home/webotpi/ros2_ws/install/my_srv/lib/my_srv/depth_label_track_node.py
[11.370s] -- Symlinking: /home/webotpi/ros2_ws/install/my_srv/lib/my_srv/depth_num_sorting_node.py
[11.386s] -- Symlinking: /home/webotpi/ros2_ws/install/my_srv/lib/my_srv/depth_num_stack_node.py
[11.402s] -- Symlinking: /home/webotpi/ros2_ws/install/my_srv/lib/my_srv/depth_num_track_node.py
[11.419s] -- Symlinking: /home/webotpi/ros2_ws/install/my_srv/lib/my_srv/depth_utils.py
[11.436s] -- Symlinking: /home/webotpi/ros2_ws/install/my_srv/lib/my_srv/diagnose_hand_eye.py
[11.452s] -- Symlinking: /home/webotpi/ros2_ws/install/my_srv/lib/my_srv/eye_in_hand_calib_node.py
[11.469s] -- Symlinking: /home/webotpi/ros2_ws/install/my_srv/lib/my_srv/face_track_node.py
[11.640s] -- Symlinking: /home/webotpi/ros2_ws/install/my_srv/lib/my_srv/glove_node.py
[11.659s] -- Symlinking: /home/webotpi/ros2_ws/install/my_srv/lib/my_srv/hand_gesture_arm_node.py
[11.677s] -- Symlinking: /home/webotpi/ros2_ws/install/my_srv/lib/my_srv/joy_arm_node.py
[11.694s] -- Symlinking: /home/webotpi/ros2_ws/install/my_srv/lib/my_srv/lab_tuner.py
[11.710s] -- Symlinking: /home/webotpi/ros2_ws/install/my_srv/lib/my_srv/label_sorting_node.py
[11.728s] -- Symlinking: /home/webotpi/ros2_ws/install/my_srv/lib/my_srv/label_stack_node.py
[11.743s] -- Symlinking: /home/webotpi/ros2_ws/install/my_srv/lib/my_srv/label_track_node.py
[11.760s] -- Symlinking: /home/webotpi/ros2_ws/install/my_srv/lib/my_srv/num_sorting_node.py
[11.777s] -- Symlinking: /home/webotpi/ros2_ws/install/my_srv/lib/my_srv/num_stack_node.py
[11.794s] -- Symlinking: /home/webotpi/ros2_ws/install/my_srv/lib/my_srv/num_track_node.py
[11.810s] -- Symlinking: /home/webotpi/ros2_ws/install/my_srv/lib/my_srv/servo_node.py
[11.826s] -- Symlinking: /home/webotpi/ros2_ws/install/my_srv/lib/my_srv/test.py
[11.842s] -- Symlinking: /home/webotpi/ros2_ws/install/my_srv/lib/my_srv/z_move.py
[11.858s] -- Symlinking: /home/webotpi/ros2_ws/install/my_srv/lib/my_srv/z_uart.py
[11.875s] -- Symlinking: /home/webotpi/ros2_ws/install/my_srv/share/my_srv/launch/depth_arm.launch.py
[11.891s] -- Symlinking: /home/webotpi/ros2_ws/install/my_srv/share/my_srv/launch/function.launch.py
[11.908s] -- Symlinking: /home/webotpi/ros2_ws/install/my_srv/share/my_srv/launch/slave.launch.py
[11.924s] -- Symlinking: /home/webotpi/ros2_ws/install/my_srv/share/my_srv/web/index.html
[11.941s] -- Symlinking: /home/webotpi/ros2_ws/install/my_srv/share/ament_index/resource_index/package_run_dependencies/my_srv
[11.959s] -- Symlinking: /home/webotpi/ros2_ws/install/my_srv/share/ament_index/resource_index/parent_prefix_path/my_srv
[11.975s] -- Symlinking: /home/webotpi/ros2_ws/install/my_srv/share/my_srv/environment/ament_prefix_path.sh
[11.992s] -- Symlinking: /home/webotpi/ros2_ws/install/my_srv/share/my_srv/environment/ament_prefix_path.dsv
[12.009s] -- Symlinking: /home/webotpi/ros2_ws/install/my_srv/share/my_srv/environment/path.sh
[12.025s] -- Symlinking: /home/webotpi/ros2_ws/install/my_srv/share/my_srv/environment/path.dsv
[12.041s] -- Symlinking: /home/webotpi/ros2_ws/install/my_srv/share/my_srv/local_setup.bash
[12.057s] -- Symlinking: /home/webotpi/ros2_ws/install/my_srv/share/my_srv/local_setup.sh
[12.074s] -- Symlinking: /home/webotpi/ros2_ws/install/my_srv/share/my_srv/local_setup.zsh
[12.090s] -- Symlinking: /home/webotpi/ros2_ws/install/my_srv/share/my_srv/local_setup.dsv
[12.107s] -- Symlinking: /home/webotpi/ros2_ws/install/my_srv/share/my_srv/package.dsv
[12.125s] -- Symlinking: /home/webotpi/ros2_ws/install/my_srv/share/ament_index/resource_index/packages/my_srv
[12.141s] -- Symlinking: /home/webotpi/ros2_ws/install/my_srv/share/my_srv/cmake/rosidl_cmake-extras.cmake
[12.158s] -- Symlinking: /home/webotpi/ros2_ws/install/my_srv/share/my_srv/cmake/ament_cmake_export_dependencies-extras.cmake
[12.174s] -- Symlinking: /home/webotpi/ros2_ws/install/my_srv/share/my_srv/cmake/ament_cmake_export_include_directories-extras.cmake
[12.191s] -- Symlinking: /home/webotpi/ros2_ws/install/my_srv/share/my_srv/cmake/ament_cmake_export_libraries-extras.cmake
[12.207s] -- Symlinking: /home/webotpi/ros2_ws/install/my_srv/share/my_srv/cmake/ament_cmake_export_targets-extras.cmake
[12.224s] -- Symlinking: /home/webotpi/ros2_ws/install/my_srv/share/my_srv/cmake/rosidl_cmake_export_typesupport_targets-extras.cmake
[12.241s] -- Symlinking: /home/webotpi/ros2_ws/install/my_srv/share/my_srv/cmake/rosidl_cmake_export_typesupport_libraries-extras.cmake
[12.258s] -- Symlinking: /home/webotpi/ros2_ws/install/my_srv/share/my_srv/cmake/my_srvConfig.cmake
[12.273s] -- Symlinking: /home/webotpi/ros2_ws/install/my_srv/share/my_srv/cmake/my_srvConfig-version.cmake
[12.290s] -- Symlinking: /home/webotpi/ros2_ws/install/my_srv/share/my_srv/package.xml
[12.306s] -- Installing: /home/webotpi/ros2_ws/install/my_srv/lib/libmy_srv__rosidl_generator_c.so
[12.307s] -- Set non-toolchain portion of runtime path of "/home/webotpi/ros2_ws/install/my_srv/lib/libmy_srv__rosidl_generator_c.so" to ""
[12.307s] -- Installing: /home/webotpi/ros2_ws/install/my_srv/lib/libmy_srv__rosidl_typesupport_fastrtps_c.so
[12.308s] -- Set non-toolchain portion of runtime path of "/home/webotpi/ros2_ws/install/my_srv/lib/libmy_srv__rosidl_typesupport_fastrtps_c.so" to ""
[12.308s] -- Installing: /home/webotpi/ros2_ws/install/my_srv/lib/libmy_srv__rosidl_typesupport_fastrtps_cpp.so
[12.309s] -- Set non-toolchain portion of runtime path of "/home/webotpi/ros2_ws/install/my_srv/lib/libmy_srv__rosidl_typesupport_fastrtps_cpp.so" to ""
[12.309s] -- Installing: /home/webotpi/ros2_ws/install/my_srv/lib/libmy_srv__rosidl_typesupport_introspection_c.so
[12.309s] -- Set non-toolchain portion of runtime path of "/home/webotpi/ros2_ws/install/my_srv/lib/libmy_srv__rosidl_typesupport_introspection_c.so" to ""
[12.310s] -- Installing: /home/webotpi/ros2_ws/install/my_srv/lib/libmy_srv__rosidl_typesupport_c.so
[12.310s] -- Set non-toolchain portion of runtime path of "/home/webotpi/ros2_ws/install/my_srv/lib/libmy_srv__rosidl_typesupport_c.so" to ""
[12.310s] -- Installing: /home/webotpi/ros2_ws/install/my_srv/lib/libmy_srv__rosidl_typesupport_introspection_cpp.so
[12.311s] -- Set non-toolchain portion of runtime path of "/home/webotpi/ros2_ws/install/my_srv/lib/libmy_srv__rosidl_typesupport_introspection_cpp.so" to ""
[12.311s] -- Installing: /home/webotpi/ros2_ws/install/my_srv/lib/libmy_srv__rosidl_typesupport_cpp.so
[12.312s] -- Set non-toolchain portion of runtime path of "/home/webotpi/ros2_ws/install/my_srv/lib/libmy_srv__rosidl_typesupport_cpp.so" to ""
[12.373s] Listing '/home/webotpi/ros2_ws/install/my_srv/lib/python3.12/site-packages/my_srv'...
[12.373s] Compiling '/home/webotpi/ros2_ws/install/my_srv/lib/python3.12/site-packages/my_srv/__init__.py'...
[12.374s] Listing '/home/webotpi/ros2_ws/install/my_srv/lib/python3.12/site-packages/my_srv/srv'...
[12.374s] Compiling '/home/webotpi/ros2_ws/install/my_srv/lib/python3.12/site-packages/my_srv/srv/__init__.py'...
[12.374s] Compiling '/home/webotpi/ros2_ws/install/my_srv/lib/python3.12/site-packages/my_srv/srv/_add.py'...
[12.385s] -- Installing: /home/webotpi/ros2_ws/install/my_srv/lib/libmy_srv__rosidl_generator_py.so
[12.386s] -- Set non-toolchain portion of runtime path of "/home/webotpi/ros2_ws/install/my_srv/lib/libmy_srv__rosidl_generator_py.so" to ""
[12.386s] -- Installing: /home/webotpi/ros2_ws/install/my_srv/share/my_srv/cmake/export_my_srv__rosidl_generator_cExport.cmake
[12.386s] -- Installing: /home/webotpi/ros2_ws/install/my_srv/share/my_srv/cmake/export_my_srv__rosidl_generator_cExport-noconfig.cmake
[12.387s] -- Installing: /home/webotpi/ros2_ws/install/my_srv/share/my_srv/cmake/export_my_srv__rosidl_typesupport_fastrtps_cExport.cmake
[12.387s] -- Installing: /home/webotpi/ros2_ws/install/my_srv/share/my_srv/cmake/export_my_srv__rosidl_typesupport_fastrtps_cExport-noconfig.cmake
[12.387s] -- Installing: /home/webotpi/ros2_ws/install/my_srv/share/my_srv/cmake/export_my_srv__rosidl_generator_cppExport.cmake
[12.387s] -- Installing: /home/webotpi/ros2_ws/install/my_srv/share/my_srv/cmake/export_my_srv__rosidl_typesupport_fastrtps_cppExport.cmake
[12.388s] -- Installing: /home/webotpi/ros2_ws/install/my_srv/share/my_srv/cmake/export_my_srv__rosidl_typesupport_fastrtps_cppExport-noconfig.cmake
[12.388s] -- Installing: /home/webotpi/ros2_ws/install/my_srv/share/my_srv/cmake/my_srv__rosidl_typesupport_introspection_cExport.cmake
[12.388s] -- Installing: /home/webotpi/ros2_ws/install/my_srv/share/my_srv/cmake/my_srv__rosidl_typesupport_introspection_cExport-noconfig.cmake
[12.388s] -- Installing: /home/webotpi/ros2_ws/install/my_srv/share/my_srv/cmake/my_srv__rosidl_typesupport_cExport.cmake
[12.389s] -- Installing: /home/webotpi/ros2_ws/install/my_srv/share/my_srv/cmake/my_srv__rosidl_typesupport_cExport-noconfig.cmake
[12.389s] -- Installing: /home/webotpi/ros2_ws/install/my_srv/share/my_srv/cmake/my_srv__rosidl_typesupport_introspection_cppExport.cmake
[12.389s] -- Installing: /home/webotpi/ros2_ws/install/my_srv/share/my_srv/cmake/my_srv__rosidl_typesupport_introspection_cppExport-noconfig.cmake
[12.389s] -- Installing: /home/webotpi/ros2_ws/install/my_srv/share/my_srv/cmake/my_srv__rosidl_typesupport_cppExport.cmake
[12.389s] -- Installing: /home/webotpi/ros2_ws/install/my_srv/share/my_srv/cmake/my_srv__rosidl_typesupport_cppExport-noconfig.cmake
[12.390s] -- Installing: /home/webotpi/ros2_ws/install/my_srv/share/my_srv/cmake/export_my_srv__rosidl_generator_pyExport.cmake
[12.390s] -- Installing: /home/webotpi/ros2_ws/install/my_srv/share/my_srv/cmake/export_my_srv__rosidl_generator_pyExport-noconfig.cmake
[12.394s] Invoked command in '/home/webotpi/ros2_ws/build/my_srv' returned '0': CMAKE_PREFIX_PATH=${CMAKE_PREFIX_PATH}:/home/webotpi/ros2_ws/install/voice_interaction:/home/webotpi/ros2_ws/install/py_pkg:/home/webotpi/ros2_ws/install/my_launch_pkg:/opt/ros/jazzy DEBUGINFOD_URLS=https://debuginfod.ubuntu.com /usr/bin/cmake --install /home/webotpi/ros2_ws/build/my_srv
