-- The C compiler identification is GNU 13.3.0
-- The CXX compiler identification is GNU 13.3.0
-- Detecting C compiler ABI info
-- Detecting C compiler ABI info - done
-- Check for working C compiler: /usr/bin/cc - skipped
-- Detecting C compile features
-- Detecting C compile features - done
-- Detecting CXX compiler ABI info
-- Detecting CXX compiler ABI info - done
-- Check for working CXX compiler: /usr/bin/c++ - skipped
-- Detecting CXX compile features
-- Detecting CXX compile features - done
-- Found ament_cmake: 2.5.6 (/opt/ros/jazzy/share/ament_cmake/cmake)
-- Found Python3: /usr/bin/python3 (found version "3.12.3") found components: Interpreter 
-- Override CMake install command with custom implementation using symlinks instead of copying resources
-- Found rclcpp: 28.1.18 (/opt/ros/jazzy/share/rclcpp/cmake)
-- Found rosidl_generator_c: 4.6.7 (/opt/ros/jazzy/share/rosidl_generator_c/cmake)
-- Found rosidl_generator_cpp: 4.6.7 (/opt/ros/jazzy/share/rosidl_generator_cpp/cmake)
-- Using all available rosidl_typesupport_c: rosidl_typesupport_fastrtps_c;rosidl_typesupport_introspection_c
-- Using all available rosidl_typesupport_cpp: rosidl_typesupport_fastrtps_cpp;rosidl_typesupport_introspection_cpp
-- Found rmw_implementation_cmake: 7.3.3 (/opt/ros/jazzy/share/rmw_implementation_cmake/cmake)
-- Found rmw_fastrtps_cpp: 8.4.3 (/opt/ros/jazzy/share/rmw_fastrtps_cpp/cmake)
-- Found OpenSSL: /usr/lib/aarch64-linux-gnu/libcrypto.so (found version "3.0.13")  
-- Found FastRTPS: /opt/ros/jazzy/include (Required is at least version "2.13") 
-- Using RMW implementation 'rmw_fastrtps_cpp' as default
-- Found sensor_msgs: 5.3.7 (/opt/ros/jazzy/share/sensor_msgs/cmake)
-- Found std_srvs: 5.3.7 (/opt/ros/jazzy/share/std_srvs/cmake)
-- Configuring done (1.9s)
-- Generating done (0.0s)
-- Build files have been written to: /home/webotpi/ros2_ws/build/rplidar_ros
[  5%] Building CXX object CMakeFiles/rplidar_composition.dir/src/rplidar_node.cpp.o
[  2%] Building CXX object CMakeFiles/rplidar_client.dir/src/rplidar_client.cpp.o
[  7%] Building CXX object CMakeFiles/rplidar_node.dir/src/rplidar_node.cpp.o
[ 10%] Building CXX object CMakeFiles/rplidar_node.dir/sdk/src/arch/linux/net_serial.cpp.o
[ 13%] Building CXX object CMakeFiles/rplidar_node.dir/sdk/src/arch/linux/net_socket.cpp.o
[ 15%] Building CXX object CMakeFiles/rplidar_node.dir/sdk/src/arch/linux/timer.cpp.o
[ 18%] Building CXX object CMakeFiles/rplidar_node.dir/sdk/src/dataunpacker/dataunpacker.cpp.o
[ 21%] Building CXX object CMakeFiles/rplidar_node.dir/sdk/src/dataunpacker/unpacker/handler_capsules.cpp.o
[ 23%] Building CXX object CMakeFiles/rplidar_node.dir/sdk/src/dataunpacker/unpacker/handler_hqnode.cpp.o
[ 26%] Building CXX object CMakeFiles/rplidar_node.dir/sdk/src/dataunpacker/unpacker/handler_normalnode.cpp.o
[ 28%] Building CXX object CMakeFiles/rplidar_composition.dir/sdk/src/arch/linux/net_serial.cpp.o
[ 31%] Building CXX object CMakeFiles/rplidar_composition.dir/sdk/src/arch/linux/net_socket.cpp.o
[ 34%] Building CXX object CMakeFiles/rplidar_composition.dir/sdk/src/arch/linux/timer.cpp.o
[ 36%] Building CXX object CMakeFiles/rplidar_composition.dir/sdk/src/dataunpacker/dataunpacker.cpp.o
[ 39%] Building CXX object CMakeFiles/rplidar_node.dir/sdk/src/hal/thread.cpp.o
[ 42%] Building CXX object CMakeFiles/rplidar_composition.dir/sdk/src/dataunpacker/unpacker/handler_capsules.cpp.o
[ 44%] Building CXX object CMakeFiles/rplidar_node.dir/sdk/src/rplidar_driver.cpp.o
[ 47%] Building CXX object CMakeFiles/rplidar_composition.dir/sdk/src/dataunpacker/unpacker/handler_hqnode.cpp.o
[ 50%] Building CXX object CMakeFiles/rplidar_node.dir/sdk/src/sl_async_transceiver.cpp.o
[ 52%] Building CXX object CMakeFiles/rplidar_node.dir/sdk/src/sl_crc.cpp.o
[ 55%] Building CXX object CMakeFiles/rplidar_composition.dir/sdk/src/dataunpacker/unpacker/handler_normalnode.cpp.o
[ 57%] Building CXX object CMakeFiles/rplidar_composition.dir/sdk/src/hal/thread.cpp.o
[ 60%] Building CXX object CMakeFiles/rplidar_node.dir/sdk/src/sl_lidar_driver.cpp.o
[ 63%] Building CXX object CMakeFiles/rplidar_composition.dir/sdk/src/rplidar_driver.cpp.o
[ 65%] Building CXX object CMakeFiles/rplidar_composition.dir/sdk/src/sl_async_transceiver.cpp.o
[ 68%] Building CXX object CMakeFiles/rplidar_composition.dir/sdk/src/sl_crc.cpp.o
[ 71%] Building CXX object CMakeFiles/rplidar_composition.dir/sdk/src/sl_lidar_driver.cpp.o
[ 73%] Building CXX object CMakeFiles/rplidar_composition.dir/sdk/src/sl_lidarprotocol_codec.cpp.o
[ 76%] Linking CXX executable rplidar_client
[ 78%] Building CXX object CMakeFiles/rplidar_node.dir/sdk/src/sl_lidarprotocol_codec.cpp.o
[ 78%] Built target rplidar_client
[ 81%] Building CXX object CMakeFiles/rplidar_composition.dir/sdk/src/sl_serial_channel.cpp.o
[ 84%] Building CXX object CMakeFiles/rplidar_composition.dir/sdk/src/sl_tcp_channel.cpp.o
[ 86%] Building CXX object CMakeFiles/rplidar_composition.dir/sdk/src/sl_udp_channel.cpp.o
[ 89%] Building CXX object CMakeFiles/rplidar_node.dir/sdk/src/sl_serial_channel.cpp.o
[ 92%] Building CXX object CMakeFiles/rplidar_node.dir/sdk/src/sl_tcp_channel.cpp.o
[ 94%] Building CXX object CMakeFiles/rplidar_node.dir/sdk/src/sl_udp_channel.cpp.o
[ 97%] Linking CXX executable rplidar_composition
[100%] Linking CXX executable rplidar_node
[100%] Built target rplidar_composition
[100%] Built target rplidar_node
-- Install configuration: ""
-- Execute custom install script
-- Symlinking: /home/webotpi/ros2_ws/install/rplidar_ros/share/rplidar_ros/launch/rplidar_a1_launch.py
-- Symlinking: /home/webotpi/ros2_ws/install/rplidar_ros/share/rplidar_ros/launch/rplidar_a2m12_launch.py
-- Symlinking: /home/webotpi/ros2_ws/install/rplidar_ros/share/rplidar_ros/launch/rplidar_a2m7_launch.py
-- Symlinking: /home/webotpi/ros2_ws/install/rplidar_ros/share/rplidar_ros/launch/rplidar_a2m8_launch.py
-- Symlinking: /home/webotpi/ros2_ws/install/rplidar_ros/share/rplidar_ros/launch/rplidar_a3_launch.py
-- Symlinking: /home/webotpi/ros2_ws/install/rplidar_ros/share/rplidar_ros/launch/rplidar_c1_launch.py
-- Symlinking: /home/webotpi/ros2_ws/install/rplidar_ros/share/rplidar_ros/launch/rplidar_s1_launch.py
-- Symlinking: /home/webotpi/ros2_ws/install/rplidar_ros/share/rplidar_ros/launch/rplidar_s1_tcp_launch.py
-- Symlinking: /home/webotpi/ros2_ws/install/rplidar_ros/share/rplidar_ros/launch/rplidar_s2_launch.py
-- Symlinking: /home/webotpi/ros2_ws/install/rplidar_ros/share/rplidar_ros/launch/rplidar_s2e_launch.py
-- Symlinking: /home/webotpi/ros2_ws/install/rplidar_ros/share/rplidar_ros/launch/rplidar_s3_launch.py
-- Symlinking: /home/webotpi/ros2_ws/install/rplidar_ros/share/rplidar_ros/launch/rplidar_t1_launch.py
-- Symlinking: /home/webotpi/ros2_ws/install/rplidar_ros/share/rplidar_ros/launch/view_rplidar_a1_launch.py
-- Symlinking: /home/webotpi/ros2_ws/install/rplidar_ros/share/rplidar_ros/launch/view_rplidar_a2m12_launch.py
-- Symlinking: /home/webotpi/ros2_ws/install/rplidar_ros/share/rplidar_ros/launch/view_rplidar_a2m7_launch.py
-- Symlinking: /home/webotpi/ros2_ws/install/rplidar_ros/share/rplidar_ros/launch/view_rplidar_a2m8_launch.py
-- Symlinking: /home/webotpi/ros2_ws/install/rplidar_ros/share/rplidar_ros/launch/view_rplidar_a3_launch.py
-- Symlinking: /home/webotpi/ros2_ws/install/rplidar_ros/share/rplidar_ros/launch/view_rplidar_c1_launch.py
-- Symlinking: /home/webotpi/ros2_ws/install/rplidar_ros/share/rplidar_ros/launch/view_rplidar_s1_launch.py
-- Symlinking: /home/webotpi/ros2_ws/install/rplidar_ros/share/rplidar_ros/launch/view_rplidar_s1_tcp_launch.py
-- Symlinking: /home/webotpi/ros2_ws/install/rplidar_ros/share/rplidar_ros/launch/view_rplidar_s2_launch.py
-- Symlinking: /home/webotpi/ros2_ws/install/rplidar_ros/share/rplidar_ros/launch/view_rplidar_s2e_launch.py
-- Symlinking: /home/webotpi/ros2_ws/install/rplidar_ros/share/rplidar_ros/launch/view_rplidar_s3_launch.py
-- Symlinking: /home/webotpi/ros2_ws/install/rplidar_ros/share/rplidar_ros/launch/view_rplidar_t1_launch.py
-- Symlinking: /home/webotpi/ros2_ws/install/rplidar_ros/share/rplidar_ros/rviz/rplidar_ros.rviz
-- Symlinking: /home/webotpi/ros2_ws/install/rplidar_ros/lib/rplidar_ros/rplidar_node
-- Symlinking: /home/webotpi/ros2_ws/install/rplidar_ros/lib/rplidar_ros/rplidar_composition
-- Symlinking: /home/webotpi/ros2_ws/install/rplidar_ros/lib/rplidar_ros/rplidar_client
-- Symlinking: /home/webotpi/ros2_ws/install/rplidar_ros/share/ament_index/resource_index/package_run_dependencies/rplidar_ros
-- Symlinking: /home/webotpi/ros2_ws/install/rplidar_ros/share/ament_index/resource_index/parent_prefix_path/rplidar_ros
-- Symlinking: /home/webotpi/ros2_ws/install/rplidar_ros/share/rplidar_ros/environment/ament_prefix_path.sh
-- Symlinking: /home/webotpi/ros2_ws/install/rplidar_ros/share/rplidar_ros/environment/ament_prefix_path.dsv
-- Symlinking: /home/webotpi/ros2_ws/install/rplidar_ros/share/rplidar_ros/environment/path.sh
-- Symlinking: /home/webotpi/ros2_ws/install/rplidar_ros/share/rplidar_ros/environment/path.dsv
-- Symlinking: /home/webotpi/ros2_ws/install/rplidar_ros/share/rplidar_ros/local_setup.bash
-- Symlinking: /home/webotpi/ros2_ws/install/rplidar_ros/share/rplidar_ros/local_setup.sh
-- Symlinking: /home/webotpi/ros2_ws/install/rplidar_ros/share/rplidar_ros/local_setup.zsh
-- Symlinking: /home/webotpi/ros2_ws/install/rplidar_ros/share/rplidar_ros/local_setup.dsv
-- Symlinking: /home/webotpi/ros2_ws/install/rplidar_ros/share/rplidar_ros/package.dsv
-- Symlinking: /home/webotpi/ros2_ws/install/rplidar_ros/share/ament_index/resource_index/packages/rplidar_ros
-- Symlinking: /home/webotpi/ros2_ws/install/rplidar_ros/share/rplidar_ros/cmake/ament_cmake_export_dependencies-extras.cmake
-- Symlinking: /home/webotpi/ros2_ws/install/rplidar_ros/share/rplidar_ros/cmake/ament_cmake_export_include_directories-extras.cmake
-- Symlinking: /home/webotpi/ros2_ws/install/rplidar_ros/share/rplidar_ros/cmake/rplidar_rosConfig.cmake
-- Symlinking: /home/webotpi/ros2_ws/install/rplidar_ros/share/rplidar_ros/cmake/rplidar_rosConfig-version.cmake
-- Symlinking: /home/webotpi/ros2_ws/install/rplidar_ros/share/rplidar_ros/package.xml
