[0.000000] (-) TimerEvent: {}
[0.000151] (-) JobUnselected: {'identifier': 'my_launch_pkg'}
[0.000338] (-) JobUnselected: {'identifier': 'my_srv'}
[0.000381] (-) JobUnselected: {'identifier': 'py_pkg'}
[0.000672] (-) JobUnselected: {'identifier': 'rplidar_ros'}
[0.000855] (-) JobUnselected: {'identifier': 'voice_interaction'}
[0.001109] (deptrum-ros-driver-aurora930) JobQueued: {'identifier': 'deptrum-ros-driver-aurora930', 'dependencies': OrderedDict()}
[0.001245] (deptrum-ros-driver-aurora930) JobStarted: {'identifier': 'deptrum-ros-driver-aurora930'}
[0.011885] (deptrum-ros-driver-aurora930) JobProgress: {'identifier': 'deptrum-ros-driver-aurora930', 'progress': 'cmake'}
[0.014198] (deptrum-ros-driver-aurora930) Command: {'cmd': ['/usr/bin/cmake', '/home/webotpi/ros2_ws/src/deptrum-ros-driver', '-DAMENT_CMAKE_SYMLINK_INSTALL=1', '-DCMAKE_INSTALL_PREFIX=/home/webotpi/ros2_ws/install/deptrum-ros-driver-aurora930'], 'cwd': '/home/webotpi/ros2_ws/build/deptrum-ros-driver-aurora930', 'env': OrderedDict({'LANGUAGE': 'zh_CN:en', 'USER': 'webotpi', 'SSH_CLIENT': '192.168.0.111 43022 22', 'LC_TIME': 'zh_CN.UTF-8', 'XDG_SESSION_TYPE': 'tty', 'SHLVL': '1', 'LD_LIBRARY_PATH': '/opt/ros/jazzy/opt/rviz_ogre_vendor/lib:/opt/ros/jazzy/lib/aarch64-linux-gnu:/opt/ros/jazzy/opt/gz_math_vendor/lib:/opt/ros/jazzy/opt/gz_utils_vendor/lib:/opt/ros/jazzy/opt/gz_cmake_vendor/lib:/opt/ros/jazzy/lib', 'HOME': '/home/webotpi', 'OLDPWD': '/home/webotpi', 'ROS_PYTHON_VERSION': '3', 'LC_MONETARY': 'zh_CN.UTF-8', 'DBUS_SESSION_BUS_ADDRESS': 'unix:path=/run/user/1000/bus', 'ROS_DISTRO': 'jazzy', 'LOGNAME': 'webotpi', '_': '/usr/bin/colcon', 'ROS_VERSION': '2', 'XDG_SESSION_CLASS': 'user', 'XDG_SESSION_ID': '174', 'PATH': '/opt/ros/jazzy/bin:/usr/local/sbin:/usr/local/bin:/usr/sbin:/usr/bin:/sbin:/bin:/usr/games:/usr/local/games:/snap/bin', 'PAPERSIZE': 'a4', 'LC_ADDRESS': 'zh_CN.UTF-8', 'XDG_RUNTIME_DIR': '/run/user/1000', 'LANG': 'zh_CN.UTF-8', 'LC_TELEPHONE': 'zh_CN.UTF-8', 'AMENT_PREFIX_PATH': '/opt/ros/jazzy', 'SHELL': '/bin/bash', 'LC_NAME': 'zh_CN.UTF-8', 'LC_MEASUREMENT': 'zh_CN.UTF-8', 'LC_IDENTIFICATION': 'zh_CN.UTF-8', 'ROS_AUTOMATIC_DISCOVERY_RANGE': 'SUBNET', 'PWD': '/home/webotpi/ros2_ws/build/deptrum-ros-driver-aurora930', 'SSH_CONNECTION': '192.168.0.111 43022 192.168.0.119 22', 'PYTHONPATH': '/opt/ros/jazzy/lib/python3.12/site-packages', 'LC_NUMERIC': 'zh_CN.UTF-8', 'LC_PAPER': 'zh_CN.UTF-8', 'COLCON': '1', 'CMAKE_PREFIX_PATH': '/opt/ros/jazzy/opt/gz_math_vendor:/opt/ros/jazzy/opt/gz_utils_vendor:/opt/ros/jazzy/opt/gz_cmake_vendor:/opt/ros/jazzy'}), 'shell': False}
[0.099443] (-) TimerEvent: {}
[0.130820] (deptrum-ros-driver-aurora930) StdoutLine: {'line': b'-- The C compiler identification is GNU 13.3.0\n'}
[0.199556] (-) TimerEvent: {}
[0.257648] (deptrum-ros-driver-aurora930) StdoutLine: {'line': b'-- The CXX compiler identification is GNU 13.3.0\n'}
[0.285652] (deptrum-ros-driver-aurora930) StdoutLine: {'line': b'-- Detecting C compiler ABI info\n'}
[0.299683] (-) TimerEvent: {}
[0.400081] (-) TimerEvent: {}
[0.500300] (-) TimerEvent: {}
[0.587664] (deptrum-ros-driver-aurora930) StdoutLine: {'line': b'-- Detecting C compiler ABI info - done\n'}
[0.600452] (-) TimerEvent: {}
[0.605661] (deptrum-ros-driver-aurora930) StdoutLine: {'line': b'-- Check for working C compiler: /usr/bin/cc - skipped\n'}
[0.606026] (deptrum-ros-driver-aurora930) StdoutLine: {'line': b'-- Detecting C compile features\n'}
[0.606670] (deptrum-ros-driver-aurora930) StdoutLine: {'line': b'-- Detecting C compile features - done\n'}
[0.622885] (deptrum-ros-driver-aurora930) StdoutLine: {'line': b'-- Detecting CXX compiler ABI info\n'}
[0.700578] (-) TimerEvent: {}
[0.800819] (-) TimerEvent: {}
[0.860594] (deptrum-ros-driver-aurora930) StdoutLine: {'line': b'-- Detecting CXX compiler ABI info - done\n'}
[0.874393] (deptrum-ros-driver-aurora930) StdoutLine: {'line': b'-- Check for working CXX compiler: /usr/bin/c++ - skipped\n'}
[0.877729] (deptrum-ros-driver-aurora930) StdoutLine: {'line': b'-- Detecting CXX compile features\n'}
[0.877974] (deptrum-ros-driver-aurora930) StdoutLine: {'line': b'-- Detecting CXX compile features - done\n'}
[0.881755] (deptrum-ros-driver-aurora930) StdoutLine: {'line': b'-- Found ament_cmake: 2.5.6 (/opt/ros/jazzy/share/ament_cmake/cmake)\n'}
[0.900930] (-) TimerEvent: {}
[1.001161] (-) TimerEvent: {}
[1.101397] (-) TimerEvent: {}
[1.118851] (deptrum-ros-driver-aurora930) StdoutLine: {'line': b'-- Found Python3: /usr/bin/python3 (found version "3.12.3") found components: Interpreter \n'}
[1.201484] (-) TimerEvent: {}
[1.243274] (deptrum-ros-driver-aurora930) StdoutLine: {'line': b'-- Override CMake install command with custom implementation using symlinks instead of copying resources\n'}
[1.283320] (deptrum-ros-driver-aurora930) StdoutLine: {'line': b'-- Found rclcpp: 28.1.18 (/opt/ros/jazzy/share/rclcpp/cmake)\n'}
[1.301597] (-) TimerEvent: {}
[1.335523] (deptrum-ros-driver-aurora930) StdoutLine: {'line': b'-- Found rosidl_generator_c: 4.6.7 (/opt/ros/jazzy/share/rosidl_generator_c/cmake)\n'}
[1.354334] (deptrum-ros-driver-aurora930) StdoutLine: {'line': b'-- Found rosidl_generator_cpp: 4.6.7 (/opt/ros/jazzy/share/rosidl_generator_cpp/cmake)\n'}
[1.376909] (deptrum-ros-driver-aurora930) StdoutLine: {'line': b'-- Using all available rosidl_typesupport_c: rosidl_typesupport_fastrtps_c;rosidl_typesupport_introspection_c\n'}
[1.401692] (-) TimerEvent: {}
[1.401901] (deptrum-ros-driver-aurora930) StdoutLine: {'line': b'-- Using all available rosidl_typesupport_cpp: rosidl_typesupport_fastrtps_cpp;rosidl_typesupport_introspection_cpp\n'}
[1.501802] (-) TimerEvent: {}
[1.509102] (deptrum-ros-driver-aurora930) StdoutLine: {'line': b'-- Found rmw_implementation_cmake: 7.3.3 (/opt/ros/jazzy/share/rmw_implementation_cmake/cmake)\n'}
[1.512773] (deptrum-ros-driver-aurora930) StdoutLine: {'line': b'-- Found rmw_fastrtps_cpp: 8.4.3 (/opt/ros/jazzy/share/rmw_fastrtps_cpp/cmake)\n'}
[1.601918] (-) TimerEvent: {}
[1.649852] (deptrum-ros-driver-aurora930) StdoutLine: {'line': b'-- Found OpenSSL: /usr/lib/aarch64-linux-gnu/libcrypto.so (found version "3.0.13")  \n'}
[1.679548] (deptrum-ros-driver-aurora930) StdoutLine: {'line': b'-- Found FastRTPS: /opt/ros/jazzy/include (Required is at least version "2.13") \n'}
[1.702036] (-) TimerEvent: {}
[1.715840] (deptrum-ros-driver-aurora930) StdoutLine: {'line': b"-- Using RMW implementation 'rmw_fastrtps_cpp' as default\n"}
[1.802138] (-) TimerEvent: {}
[1.813312] (deptrum-ros-driver-aurora930) StdoutLine: {'line': b'-- STREAM_SDK_TYPE: STELLAR400\n'}
[1.813569] (deptrum-ros-driver-aurora930) StdoutLine: {'line': b'-- SYSTEM_PLATFORM: -\n'}
[1.814027] (deptrum-ros-driver-aurora930) StdoutLine: {'line': b'-- Download deptrum-stream-stellar400---v1.1.2-18.04.tar.gz from http://192.168.104.3/data/ci_release/deptrum-stream/stellar400/release/-/deptrum-stream-stellar400---v1.1.2-18.04.tar.gz\n'}
[1.902243] (-) TimerEvent: {}
[2.002576] (-) TimerEvent: {}
[2.102987] (-) TimerEvent: {}
[2.203223] (-) TimerEvent: {}
[2.303477] (-) TimerEvent: {}
[2.403676] (-) TimerEvent: {}
[2.503905] (-) TimerEvent: {}
[2.604129] (-) TimerEvent: {}
[2.704396] (-) TimerEvent: {}
[2.804664] (-) TimerEvent: {}
[2.904895] (-) TimerEvent: {}
[3.005109] (-) TimerEvent: {}
[3.105339] (-) TimerEvent: {}
[3.205625] (-) TimerEvent: {}
[3.305860] (-) TimerEvent: {}
[3.406121] (-) TimerEvent: {}
[3.506349] (-) TimerEvent: {}
[3.606580] (-) TimerEvent: {}
[3.706816] (-) TimerEvent: {}
[3.807065] (-) TimerEvent: {}
[3.907533] (-) TimerEvent: {}
[4.007906] (-) TimerEvent: {}
[4.108150] (-) TimerEvent: {}
[4.208415] (-) TimerEvent: {}
[4.308657] (-) TimerEvent: {}
[4.408897] (-) TimerEvent: {}
[4.509132] (-) TimerEvent: {}
[4.609355] (-) TimerEvent: {}
[4.709605] (-) TimerEvent: {}
[4.809838] (-) TimerEvent: {}
[4.910074] (-) TimerEvent: {}
[5.010316] (-) TimerEvent: {}
[5.110559] (-) TimerEvent: {}
[5.210799] (-) TimerEvent: {}
[5.311038] (-) TimerEvent: {}
[5.411294] (-) TimerEvent: {}
[5.511546] (-) TimerEvent: {}
[5.611770] (-) TimerEvent: {}
[5.711999] (-) TimerEvent: {}
[5.812230] (-) TimerEvent: {}
[5.912473] (-) TimerEvent: {}
[6.012721] (-) TimerEvent: {}
[6.112988] (-) TimerEvent: {}
[6.213235] (-) TimerEvent: {}
[6.313483] (-) TimerEvent: {}
[6.413713] (-) TimerEvent: {}
[6.513949] (-) TimerEvent: {}
[6.614180] (-) TimerEvent: {}
[6.714434] (-) TimerEvent: {}
[6.814668] (-) TimerEvent: {}
[6.914902] (-) TimerEvent: {}
[7.015137] (-) TimerEvent: {}
[7.115401] (-) TimerEvent: {}
[7.215651] (-) TimerEvent: {}
[7.315894] (-) TimerEvent: {}
[7.416135] (-) TimerEvent: {}
[7.516423] (-) TimerEvent: {}
[7.616651] (-) TimerEvent: {}
[7.716888] (-) TimerEvent: {}
[7.817124] (-) TimerEvent: {}
[7.917409] (-) TimerEvent: {}
[8.017671] (-) TimerEvent: {}
[8.117916] (-) TimerEvent: {}
[8.218156] (-) TimerEvent: {}
[8.318409] (-) TimerEvent: {}
[8.418627] (-) TimerEvent: {}
[8.518846] (-) TimerEvent: {}
[8.619079] (-) TimerEvent: {}
[8.719320] (-) TimerEvent: {}
[8.819597] (-) TimerEvent: {}
[8.919817] (-) TimerEvent: {}
[9.020058] (-) TimerEvent: {}
[9.120304] (-) TimerEvent: {}
[9.220580] (-) TimerEvent: {}
[9.320819] (-) TimerEvent: {}
[9.421063] (-) TimerEvent: {}
[9.521279] (-) TimerEvent: {}
[9.621522] (-) TimerEvent: {}
[9.721772] (-) TimerEvent: {}
[9.822019] (-) TimerEvent: {}
[9.922259] (-) TimerEvent: {}
[10.022488] (-) TimerEvent: {}
[10.122729] (-) TimerEvent: {}
[10.222974] (-) TimerEvent: {}
[10.323216] (-) TimerEvent: {}
[10.423452] (-) TimerEvent: {}
[10.523694] (-) TimerEvent: {}
[10.623941] (-) TimerEvent: {}
[10.724181] (-) TimerEvent: {}
[10.824532] (-) TimerEvent: {}
[10.924876] (-) TimerEvent: {}
[11.025134] (-) TimerEvent: {}
[11.125514] (-) TimerEvent: {}
[11.225864] (-) TimerEvent: {}
[11.326132] (-) TimerEvent: {}
[11.426404] (-) TimerEvent: {}
[11.526640] (-) TimerEvent: {}
[11.626919] (-) TimerEvent: {}
[11.727165] (-) TimerEvent: {}
[11.827447] (-) TimerEvent: {}
[11.927677] (-) TimerEvent: {}
[12.027915] (-) TimerEvent: {}
[12.128158] (-) TimerEvent: {}
[12.228410] (-) TimerEvent: {}
[12.328658] (-) TimerEvent: {}
[12.428910] (-) TimerEvent: {}
[12.529157] (-) TimerEvent: {}
[12.629410] (-) TimerEvent: {}
[12.729657] (-) TimerEvent: {}
[12.829891] (-) TimerEvent: {}
[12.930138] (-) TimerEvent: {}
[13.030388] (-) TimerEvent: {}
[13.130644] (-) TimerEvent: {}
[13.230879] (-) TimerEvent: {}
[13.331123] (-) TimerEvent: {}
[13.431360] (-) TimerEvent: {}
[13.531588] (-) TimerEvent: {}
[13.631815] (-) TimerEvent: {}
[13.732052] (-) TimerEvent: {}
[13.832419] (-) TimerEvent: {}
[13.932651] (-) TimerEvent: {}
[14.032889] (-) TimerEvent: {}
[14.133144] (-) TimerEvent: {}
[14.233405] (-) TimerEvent: {}
[14.333660] (-) TimerEvent: {}
[14.433920] (-) TimerEvent: {}
[14.534164] (-) TimerEvent: {}
[14.634423] (-) TimerEvent: {}
[14.734678] (-) TimerEvent: {}
[14.834930] (-) TimerEvent: {}
[14.935156] (-) TimerEvent: {}
[15.035417] (-) TimerEvent: {}
[15.135649] (-) TimerEvent: {}
[15.235885] (-) TimerEvent: {}
[15.336124] (-) TimerEvent: {}
[15.436394] (-) TimerEvent: {}
[15.536631] (-) TimerEvent: {}
[15.636862] (-) TimerEvent: {}
[15.737137] (-) TimerEvent: {}
[15.837424] (-) TimerEvent: {}
[15.937660] (-) TimerEvent: {}
[16.037899] (-) TimerEvent: {}
[16.138153] (-) TimerEvent: {}
[16.238408] (-) TimerEvent: {}
[16.338628] (-) TimerEvent: {}
[16.438866] (-) TimerEvent: {}
[16.539112] (-) TimerEvent: {}
[16.639380] (-) TimerEvent: {}
[16.739626] (-) TimerEvent: {}
[16.839853] (-) TimerEvent: {}
[16.940100] (-) TimerEvent: {}
[17.040347] (-) TimerEvent: {}
[17.140609] (-) TimerEvent: {}
[17.240934] (-) TimerEvent: {}
[17.341255] (-) TimerEvent: {}
[17.441598] (-) TimerEvent: {}
[17.541841] (-) TimerEvent: {}
[17.642078] (-) TimerEvent: {}
[17.742326] (-) TimerEvent: {}
[17.842578] (-) TimerEvent: {}
[17.942809] (-) TimerEvent: {}
[18.043054] (-) TimerEvent: {}
[18.143294] (-) TimerEvent: {}
[18.243553] (-) TimerEvent: {}
[18.343779] (-) TimerEvent: {}
[18.444002] (-) TimerEvent: {}
[18.544245] (-) TimerEvent: {}
[18.644484] (-) TimerEvent: {}
[18.744747] (-) TimerEvent: {}
[18.844982] (-) TimerEvent: {}
[18.945238] (-) TimerEvent: {}
[19.045468] (-) TimerEvent: {}
[19.145702] (-) TimerEvent: {}
[19.245956] (-) TimerEvent: {}
[19.346192] (-) TimerEvent: {}
[19.446464] (-) TimerEvent: {}
[19.546779] (-) TimerEvent: {}
[19.647017] (-) TimerEvent: {}
[19.747270] (-) TimerEvent: {}
[19.847543] (-) TimerEvent: {}
[19.947780] (-) TimerEvent: {}
[20.048024] (-) TimerEvent: {}
[20.148262] (-) TimerEvent: {}
[20.248490] (-) TimerEvent: {}
[20.348736] (-) TimerEvent: {}
[20.448969] (-) TimerEvent: {}
[20.549210] (-) TimerEvent: {}
[20.649437] (-) TimerEvent: {}
[20.749679] (-) TimerEvent: {}
[20.849928] (-) TimerEvent: {}
[20.950166] (-) TimerEvent: {}
[21.050414] (-) TimerEvent: {}
[21.150649] (-) TimerEvent: {}
[21.250889] (-) TimerEvent: {}
[21.351119] (-) TimerEvent: {}
[21.451342] (-) TimerEvent: {}
[21.551585] (-) TimerEvent: {}
[21.651825] (-) TimerEvent: {}
[21.752056] (-) TimerEvent: {}
[21.852277] (-) TimerEvent: {}
[21.952536] (-) TimerEvent: {}
[22.052782] (-) TimerEvent: {}
[22.153020] (-) TimerEvent: {}
[22.253257] (-) TimerEvent: {}
[22.353486] (-) TimerEvent: {}
[22.453725] (-) TimerEvent: {}
[22.553988] (-) TimerEvent: {}
[22.654219] (-) TimerEvent: {}
[22.754429] (-) TimerEvent: {}
[22.854641] (-) TimerEvent: {}
[22.954870] (-) TimerEvent: {}
[23.055103] (-) TimerEvent: {}
[23.155336] (-) TimerEvent: {}
[23.255578] (-) TimerEvent: {}
[23.355792] (-) TimerEvent: {}
[23.456020] (-) TimerEvent: {}
[23.556242] (-) TimerEvent: {}
[23.656468] (-) TimerEvent: {}
[23.756691] (-) TimerEvent: {}
[23.856934] (-) TimerEvent: {}
[23.957165] (-) TimerEvent: {}
[24.057417] (-) TimerEvent: {}
[24.157735] (-) TimerEvent: {}
[24.258118] (-) TimerEvent: {}
[24.358343] (-) TimerEvent: {}
[24.458612] (-) TimerEvent: {}
[24.558854] (-) TimerEvent: {}
[24.659095] (-) TimerEvent: {}
[24.759320] (-) TimerEvent: {}
[24.859569] (-) TimerEvent: {}
[24.959840] (-) TimerEvent: {}
[25.060080] (-) TimerEvent: {}
[25.160326] (-) TimerEvent: {}
[25.260573] (-) TimerEvent: {}
[25.360798] (-) TimerEvent: {}
[25.461031] (-) TimerEvent: {}
[25.561265] (-) TimerEvent: {}
[25.661534] (-) TimerEvent: {}
[25.761790] (-) TimerEvent: {}
[25.862045] (-) TimerEvent: {}
[25.962340] (-) TimerEvent: {}
[26.062718] (-) TimerEvent: {}
[26.163001] (-) TimerEvent: {}
[26.263270] (-) TimerEvent: {}
[26.363534] (-) TimerEvent: {}
[26.463777] (-) TimerEvent: {}
[26.564022] (-) TimerEvent: {}
[26.664279] (-) TimerEvent: {}
[26.764539] (-) TimerEvent: {}
[26.864773] (-) TimerEvent: {}
[26.965017] (-) TimerEvent: {}
[27.065264] (-) TimerEvent: {}
[27.165531] (-) TimerEvent: {}
[27.265770] (-) TimerEvent: {}
[27.366004] (-) TimerEvent: {}
[27.466248] (-) TimerEvent: {}
[27.566490] (-) TimerEvent: {}
[27.666731] (-) TimerEvent: {}
[27.766975] (-) TimerEvent: {}
[27.867208] (-) TimerEvent: {}
[27.967452] (-) TimerEvent: {}
[28.067695] (-) TimerEvent: {}
[28.168054] (-) TimerEvent: {}
[28.268418] (-) TimerEvent: {}
[28.368661] (-) TimerEvent: {}
[28.468911] (-) TimerEvent: {}
[28.569151] (-) TimerEvent: {}
[28.669400] (-) TimerEvent: {}
[28.769627] (-) TimerEvent: {}
[28.869882] (-) TimerEvent: {}
[28.970110] (-) TimerEvent: {}
[29.070342] (-) TimerEvent: {}
[29.170586] (-) TimerEvent: {}
[29.270816] (-) TimerEvent: {}
[29.371057] (-) TimerEvent: {}
[29.471297] (-) TimerEvent: {}
[29.571548] (-) TimerEvent: {}
[29.671782] (-) TimerEvent: {}
[29.772005] (-) TimerEvent: {}
[29.872242] (-) TimerEvent: {}
[29.972489] (-) TimerEvent: {}
[30.072736] (-) TimerEvent: {}
[30.172962] (-) TimerEvent: {}
[30.273190] (-) TimerEvent: {}
[30.373463] (-) TimerEvent: {}
[30.473700] (-) TimerEvent: {}
[30.573946] (-) TimerEvent: {}
[30.674183] (-) TimerEvent: {}
[30.774430] (-) TimerEvent: {}
[30.874684] (-) TimerEvent: {}
[30.974920] (-) TimerEvent: {}
[31.075217] (-) TimerEvent: {}
[31.175462] (-) TimerEvent: {}
[31.275686] (-) TimerEvent: {}
[31.375915] (-) TimerEvent: {}
[31.476140] (-) TimerEvent: {}
[31.576401] (-) TimerEvent: {}
[31.676638] (-) TimerEvent: {}
[31.776855] (-) TimerEvent: {}
[31.877094] (-) TimerEvent: {}
[31.977332] (-) TimerEvent: {}
[32.077587] (-) TimerEvent: {}
[32.177835] (-) TimerEvent: {}
[32.278071] (-) TimerEvent: {}
[32.378324] (-) TimerEvent: {}
[32.478576] (-) TimerEvent: {}
[32.578814] (-) TimerEvent: {}
[32.679058] (-) TimerEvent: {}
[32.779312] (-) TimerEvent: {}
[32.879577] (-) TimerEvent: {}
[32.979818] (-) TimerEvent: {}
[33.080067] (-) TimerEvent: {}
[33.180307] (-) TimerEvent: {}
[33.280565] (-) TimerEvent: {}
[33.380800] (-) TimerEvent: {}
[33.481044] (-) TimerEvent: {}
[33.581296] (-) TimerEvent: {}
[33.681578] (-) TimerEvent: {}
[33.781814] (-) TimerEvent: {}
[33.882054] (-) TimerEvent: {}
[33.982298] (-) TimerEvent: {}
[34.082565] (-) TimerEvent: {}
[34.182830] (-) TimerEvent: {}
[34.283084] (-) TimerEvent: {}
[34.383312] (-) TimerEvent: {}
[34.483575] (-) TimerEvent: {}
[34.583923] (-) TimerEvent: {}
[34.684276] (-) TimerEvent: {}
[34.784532] (-) TimerEvent: {}
[34.884755] (-) TimerEvent: {}
[34.985005] (-) TimerEvent: {}
[35.085325] (-) TimerEvent: {}
[35.185735] (-) TimerEvent: {}
[35.286006] (-) TimerEvent: {}
[35.386256] (-) TimerEvent: {}
[35.486511] (-) TimerEvent: {}
[35.586747] (-) TimerEvent: {}
[35.686963] (-) TimerEvent: {}
[35.787194] (-) TimerEvent: {}
[35.887447] (-) TimerEvent: {}
[35.987702] (-) TimerEvent: {}
[36.087926] (-) TimerEvent: {}
[36.188156] (-) TimerEvent: {}
[36.288410] (-) TimerEvent: {}
[36.388654] (-) TimerEvent: {}
[36.488898] (-) TimerEvent: {}
[36.589145] (-) TimerEvent: {}
[36.689402] (-) TimerEvent: {}
[36.789642] (-) TimerEvent: {}
[36.889886] (-) TimerEvent: {}
[36.990135] (-) TimerEvent: {}
[37.090429] (-) TimerEvent: {}
[37.190664] (-) TimerEvent: {}
[37.290897] (-) TimerEvent: {}
[37.391125] (-) TimerEvent: {}
[37.491424] (-) TimerEvent: {}
[37.591754] (-) TimerEvent: {}
[37.691967] (-) TimerEvent: {}
[37.792206] (-) TimerEvent: {}
[37.892450] (-) TimerEvent: {}
[37.992692] (-) TimerEvent: {}
[38.092927] (-) TimerEvent: {}
[38.193198] (-) TimerEvent: {}
[38.293447] (-) TimerEvent: {}
[38.393685] (-) TimerEvent: {}
[38.493915] (-) TimerEvent: {}
[38.594150] (-) TimerEvent: {}
[38.694385] (-) TimerEvent: {}
[38.794628] (-) TimerEvent: {}
[38.894860] (-) TimerEvent: {}
[38.995104] (-) TimerEvent: {}
[39.095342] (-) TimerEvent: {}
[39.195589] (-) TimerEvent: {}
[39.295836] (-) TimerEvent: {}
[39.396077] (-) TimerEvent: {}
[39.496321] (-) TimerEvent: {}
[39.596680] (-) TimerEvent: {}
[39.696929] (-) TimerEvent: {}
[39.797172] (-) TimerEvent: {}
[39.897444] (-) TimerEvent: {}
[39.997708] (-) TimerEvent: {}
[40.097971] (-) TimerEvent: {}
[40.198199] (-) TimerEvent: {}
[40.298442] (-) TimerEvent: {}
[40.398680] (-) TimerEvent: {}
[40.498919] (-) TimerEvent: {}
[40.599171] (-) TimerEvent: {}
[40.699417] (-) TimerEvent: {}
[40.799696] (-) TimerEvent: {}
[40.899975] (-) TimerEvent: {}
[41.001064] (-) TimerEvent: {}
[41.101296] (-) TimerEvent: {}
[41.201529] (-) TimerEvent: {}
[41.301758] (-) TimerEvent: {}
[41.402004] (-) TimerEvent: {}
[41.502340] (-) TimerEvent: {}
[41.602714] (-) TimerEvent: {}
[41.702951] (-) TimerEvent: {}
[41.803197] (-) TimerEvent: {}
[41.903455] (-) TimerEvent: {}
[42.003710] (-) TimerEvent: {}
[42.103980] (-) TimerEvent: {}
[42.204222] (-) TimerEvent: {}
[42.304470] (-) TimerEvent: {}
[42.404719] (-) TimerEvent: {}
[42.504962] (-) TimerEvent: {}
[42.605193] (-) TimerEvent: {}
[42.705444] (-) TimerEvent: {}
[42.805694] (-) TimerEvent: {}
[42.905927] (-) TimerEvent: {}
[43.006162] (-) TimerEvent: {}
[43.106408] (-) TimerEvent: {}
[43.206672] (-) TimerEvent: {}
[43.306933] (-) TimerEvent: {}
[43.407560] (-) TimerEvent: {}
[43.507941] (-) TimerEvent: {}
[43.608171] (-) TimerEvent: {}
[43.708431] (-) TimerEvent: {}
[43.808681] (-) TimerEvent: {}
[43.908928] (-) TimerEvent: {}
[44.009159] (-) TimerEvent: {}
[44.109408] (-) TimerEvent: {}
[44.209649] (-) TimerEvent: {}
[44.309893] (-) TimerEvent: {}
[44.410140] (-) TimerEvent: {}
[44.510398] (-) TimerEvent: {}
[44.610634] (-) TimerEvent: {}
[44.710879] (-) TimerEvent: {}
[44.811131] (-) TimerEvent: {}
[44.911392] (-) TimerEvent: {}
[45.011638] (-) TimerEvent: {}
[45.111870] (-) TimerEvent: {}
[45.212112] (-) TimerEvent: {}
[45.312343] (-) TimerEvent: {}
[45.412610] (-) TimerEvent: {}
[45.512873] (-) TimerEvent: {}
[45.613095] (-) TimerEvent: {}
[45.713321] (-) TimerEvent: {}
[45.813594] (-) TimerEvent: {}
[45.913879] (-) TimerEvent: {}
[46.014258] (-) TimerEvent: {}
[46.114551] (-) TimerEvent: {}
[46.214796] (-) TimerEvent: {}
[46.315039] (-) TimerEvent: {}
[46.415286] (-) TimerEvent: {}
[46.515563] (-) TimerEvent: {}
[46.615808] (-) TimerEvent: {}
[46.716038] (-) TimerEvent: {}
[46.816272] (-) TimerEvent: {}
[46.916515] (-) TimerEvent: {}
[47.016760] (-) TimerEvent: {}
[47.116994] (-) TimerEvent: {}
[47.217229] (-) TimerEvent: {}
[47.317476] (-) TimerEvent: {}
[47.417724] (-) TimerEvent: {}
[47.517965] (-) TimerEvent: {}
[47.618194] (-) TimerEvent: {}
[47.718443] (-) TimerEvent: {}
[47.818696] (-) TimerEvent: {}
[47.918930] (-) TimerEvent: {}
[48.019161] (-) TimerEvent: {}
[48.119396] (-) TimerEvent: {}
[48.219643] (-) TimerEvent: {}
[48.319883] (-) TimerEvent: {}
[48.420121] (-) TimerEvent: {}
[48.520350] (-) TimerEvent: {}
[48.620616] (-) TimerEvent: {}
[48.720867] (-) TimerEvent: {}
[48.821109] (-) TimerEvent: {}
[48.921341] (-) TimerEvent: {}
[49.021593] (-) TimerEvent: {}
[49.121846] (-) TimerEvent: {}
[49.222093] (-) TimerEvent: {}
[49.322336] (-) TimerEvent: {}
[49.422574] (-) TimerEvent: {}
[49.522804] (-) TimerEvent: {}
[49.623052] (-) TimerEvent: {}
[49.723287] (-) TimerEvent: {}
[49.823636] (-) TimerEvent: {}
[49.923988] (-) TimerEvent: {}
[50.024223] (-) TimerEvent: {}
[50.124476] (-) TimerEvent: {}
[50.224736] (-) TimerEvent: {}
[50.325115] (-) TimerEvent: {}
[50.425577] (-) TimerEvent: {}
[50.525798] (-) TimerEvent: {}
[50.626056] (-) TimerEvent: {}
[50.726278] (-) TimerEvent: {}
[50.826515] (-) TimerEvent: {}
[50.926751] (-) TimerEvent: {}
[51.026981] (-) TimerEvent: {}
[51.127245] (-) TimerEvent: {}
[51.227520] (-) TimerEvent: {}
[51.327763] (-) TimerEvent: {}
[51.428000] (-) TimerEvent: {}
[51.528219] (-) TimerEvent: {}
[51.628459] (-) TimerEvent: {}
[51.728708] (-) TimerEvent: {}
[51.828962] (-) TimerEvent: {}
[51.929198] (-) TimerEvent: {}
[52.029446] (-) TimerEvent: {}
[52.129691] (-) TimerEvent: {}
[52.229955] (-) TimerEvent: {}
[52.330319] (-) TimerEvent: {}
[52.430724] (-) TimerEvent: {}
[52.530958] (-) TimerEvent: {}
[52.631204] (-) TimerEvent: {}
[52.731439] (-) TimerEvent: {}
[52.831681] (-) TimerEvent: {}
[52.931933] (-) TimerEvent: {}
[53.032200] (-) TimerEvent: {}
[53.132443] (-) TimerEvent: {}
[53.232668] (-) TimerEvent: {}
[53.332953] (-) TimerEvent: {}
[53.433200] (-) TimerEvent: {}
[53.533440] (-) TimerEvent: {}
[53.633671] (-) TimerEvent: {}
[53.733918] (-) TimerEvent: {}
[53.834260] (-) TimerEvent: {}
[53.934641] (-) TimerEvent: {}
[54.034886] (-) TimerEvent: {}
[54.135140] (-) TimerEvent: {}
[54.235402] (-) TimerEvent: {}
[54.335749] (-) TimerEvent: {}
[54.436123] (-) TimerEvent: {}
[54.536357] (-) TimerEvent: {}
[54.636616] (-) TimerEvent: {}
[54.736864] (-) TimerEvent: {}
[54.837142] (-) TimerEvent: {}
[54.937409] (-) TimerEvent: {}
[55.037661] (-) TimerEvent: {}
[55.137909] (-) TimerEvent: {}
[55.238151] (-) TimerEvent: {}
[55.338405] (-) TimerEvent: {}
[55.438631] (-) TimerEvent: {}
[55.538870] (-) TimerEvent: {}
[55.639104] (-) TimerEvent: {}
[55.739344] (-) TimerEvent: {}
[55.839619] (-) TimerEvent: {}
[55.939866] (-) TimerEvent: {}
[56.040110] (-) TimerEvent: {}
[56.140358] (-) TimerEvent: {}
[56.241570] (-) TimerEvent: {}
[56.341921] (-) TimerEvent: {}
[56.442148] (-) TimerEvent: {}
[56.542414] (-) TimerEvent: {}
[56.642652] (-) TimerEvent: {}
[56.742852] (-) TimerEvent: {}
[56.843093] (-) TimerEvent: {}
[56.943331] (-) TimerEvent: {}
[57.043589] (-) TimerEvent: {}
[57.143830] (-) TimerEvent: {}
[57.244061] (-) TimerEvent: {}
[57.344300] (-) TimerEvent: {}
[57.444537] (-) TimerEvent: {}
[57.544790] (-) TimerEvent: {}
[57.645034] (-) TimerEvent: {}
[57.745279] (-) TimerEvent: {}
[57.845544] (-) TimerEvent: {}
[57.945780] (-) TimerEvent: {}
[58.046031] (-) TimerEvent: {}
[58.146294] (-) TimerEvent: {}
[58.246561] (-) TimerEvent: {}
[58.346800] (-) TimerEvent: {}
[58.447035] (-) TimerEvent: {}
[58.547288] (-) TimerEvent: {}
[58.647565] (-) TimerEvent: {}
[58.747810] (-) TimerEvent: {}
[58.848052] (-) TimerEvent: {}
[58.948280] (-) TimerEvent: {}
[59.048531] (-) TimerEvent: {}
[59.148765] (-) TimerEvent: {}
[59.249045] (-) TimerEvent: {}
[59.349284] (-) TimerEvent: {}
[59.449539] (-) TimerEvent: {}
[59.549778] (-) TimerEvent: {}
[59.650013] (-) TimerEvent: {}
[59.750266] (-) TimerEvent: {}
[59.850547] (-) TimerEvent: {}
[59.950779] (-) TimerEvent: {}
[60.051009] (-) TimerEvent: {}
[60.151248] (-) TimerEvent: {}
[60.251616] (-) TimerEvent: {}
[60.352003] (-) TimerEvent: {}
[60.452238] (-) TimerEvent: {}
[60.552485] (-) TimerEvent: {}
[60.652719] (-) TimerEvent: {}
[60.752944] (-) TimerEvent: {}
[60.853178] (-) TimerEvent: {}
[60.953436] (-) TimerEvent: {}
[61.053675] (-) TimerEvent: {}
[61.153913] (-) TimerEvent: {}
[61.254148] (-) TimerEvent: {}
[61.354415] (-) TimerEvent: {}
[61.454644] (-) TimerEvent: {}
[61.554872] (-) TimerEvent: {}
[61.655114] (-) TimerEvent: {}
[61.755350] (-) TimerEvent: {}
[61.855606] (-) TimerEvent: {}
[61.955865] (-) TimerEvent: {}
[62.056118] (-) TimerEvent: {}
[62.156355] (-) TimerEvent: {}
[62.256589] (-) TimerEvent: {}
[62.356818] (-) TimerEvent: {}
[62.457095] (-) TimerEvent: {}
[62.557355] (-) TimerEvent: {}
[62.657611] (-) TimerEvent: {}
[62.757844] (-) TimerEvent: {}
[62.858082] (-) TimerEvent: {}
[62.958345] (-) TimerEvent: {}
[63.058603] (-) TimerEvent: {}
[63.158836] (-) TimerEvent: {}
[63.259068] (-) TimerEvent: {}
[63.359290] (-) TimerEvent: {}
[63.459533] (-) TimerEvent: {}
[63.559789] (-) TimerEvent: {}
[63.660047] (-) TimerEvent: {}
[63.760421] (-) TimerEvent: {}
[63.860704] (-) TimerEvent: {}
[63.960954] (-) TimerEvent: {}
[64.061189] (-) TimerEvent: {}
[64.161448] (-) TimerEvent: {}
[64.261696] (-) TimerEvent: {}
[64.361928] (-) TimerEvent: {}
[64.462182] (-) TimerEvent: {}
[64.562430] (-) TimerEvent: {}
[64.662676] (-) TimerEvent: {}
[64.762905] (-) TimerEvent: {}
[64.863145] (-) TimerEvent: {}
[64.963406] (-) TimerEvent: {}
[65.063700] (-) TimerEvent: {}
[65.163937] (-) TimerEvent: {}
[65.264184] (-) TimerEvent: {}
[65.364436] (-) TimerEvent: {}
[65.464686] (-) TimerEvent: {}
[65.564927] (-) TimerEvent: {}
[65.665173] (-) TimerEvent: {}
[65.765424] (-) TimerEvent: {}
[65.865670] (-) TimerEvent: {}
[65.965927] (-) TimerEvent: {}
[66.066169] (-) TimerEvent: {}
[66.166487] (-) TimerEvent: {}
[66.266787] (-) TimerEvent: {}
[66.366987] (-) TimerEvent: {}
[66.467298] (-) TimerEvent: {}
[66.567555] (-) TimerEvent: {}
[66.667783] (-) TimerEvent: {}
[66.768007] (-) TimerEvent: {}
[66.868244] (-) TimerEvent: {}
[66.968489] (-) TimerEvent: {}
[67.068754] (-) TimerEvent: {}
[67.169004] (-) TimerEvent: {}
[67.269235] (-) TimerEvent: {}
[67.369461] (-) TimerEvent: {}
[67.469703] (-) TimerEvent: {}
[67.569964] (-) TimerEvent: {}
[67.670195] (-) TimerEvent: {}
[67.770435] (-) TimerEvent: {}
[67.870683] (-) TimerEvent: {}
[67.970929] (-) TimerEvent: {}
[68.071175] (-) TimerEvent: {}
[68.171425] (-) TimerEvent: {}
[68.271644] (-) TimerEvent: {}
[68.371879] (-) TimerEvent: {}
[68.472158] (-) TimerEvent: {}
[68.572430] (-) TimerEvent: {}
[68.672700] (-) TimerEvent: {}
[68.773110] (-) TimerEvent: {}
[68.873469] (-) TimerEvent: {}
[68.973704] (-) TimerEvent: {}
[69.074033] (-) TimerEvent: {}
[69.174408] (-) TimerEvent: {}
[69.274637] (-) TimerEvent: {}
[69.374880] (-) TimerEvent: {}
[69.475115] (-) TimerEvent: {}
[69.575351] (-) TimerEvent: {}
[69.675632] (-) TimerEvent: {}
[69.775854] (-) TimerEvent: {}
[69.876091] (-) TimerEvent: {}
[69.976338] (-) TimerEvent: {}
[70.076588] (-) TimerEvent: {}
[70.176825] (-) TimerEvent: {}
[70.277071] (-) TimerEvent: {}
[70.377318] (-) TimerEvent: {}
[70.477670] (-) TimerEvent: {}
[70.577998] (-) TimerEvent: {}
[70.678258] (-) TimerEvent: {}
[70.778509] (-) TimerEvent: {}
[70.878756] (-) TimerEvent: {}
[70.979000] (-) TimerEvent: {}
[71.079243] (-) TimerEvent: {}
[71.179520] (-) TimerEvent: {}
[71.279748] (-) TimerEvent: {}
[71.379995] (-) TimerEvent: {}
[71.480244] (-) TimerEvent: {}
[71.580497] (-) TimerEvent: {}
[71.680750] (-) TimerEvent: {}
[71.781003] (-) TimerEvent: {}
[71.881247] (-) TimerEvent: {}
[71.981516] (-) TimerEvent: {}
[72.081766] (-) TimerEvent: {}
[72.182019] (-) TimerEvent: {}
[72.282264] (-) TimerEvent: {}
[72.382531] (-) TimerEvent: {}
[72.482816] (-) TimerEvent: {}
[72.583129] (-) TimerEvent: {}
[72.683548] (-) TimerEvent: {}
[72.783781] (-) TimerEvent: {}
[72.884023] (-) TimerEvent: {}
[72.984272] (-) TimerEvent: {}
[73.084528] (-) TimerEvent: {}
[73.184813] (-) TimerEvent: {}
[73.285073] (-) TimerEvent: {}
[73.385315] (-) TimerEvent: {}
[73.485563] (-) TimerEvent: {}
[73.585820] (-) TimerEvent: {}
[73.686055] (-) TimerEvent: {}
[73.786297] (-) TimerEvent: {}
[73.886567] (-) TimerEvent: {}
[73.986833] (-) TimerEvent: {}
[74.087180] (-) TimerEvent: {}
[74.187447] (-) TimerEvent: {}
[74.287706] (-) TimerEvent: {}
[74.387968] (-) TimerEvent: {}
[74.488223] (-) TimerEvent: {}
[74.588451] (-) TimerEvent: {}
[74.688673] (-) TimerEvent: {}
[74.788948] (-) TimerEvent: {}
[74.889182] (-) TimerEvent: {}
[74.989429] (-) TimerEvent: {}
[75.089677] (-) TimerEvent: {}
[75.189917] (-) TimerEvent: {}
[75.290167] (-) TimerEvent: {}
[75.390446] (-) TimerEvent: {}
[75.490808] (-) TimerEvent: {}
[75.591153] (-) TimerEvent: {}
[75.691396] (-) TimerEvent: {}
[75.791646] (-) TimerEvent: {}
[75.891894] (-) TimerEvent: {}
[75.992151] (-) TimerEvent: {}
[76.092402] (-) TimerEvent: {}
[76.192625] (-) TimerEvent: {}
[76.292877] (-) TimerEvent: {}
[76.393118] (-) TimerEvent: {}
[76.493378] (-) TimerEvent: {}
[76.593620] (-) TimerEvent: {}
[76.693864] (-) TimerEvent: {}
[76.794118] (-) TimerEvent: {}
[76.894360] (-) TimerEvent: {}
[76.994617] (-) TimerEvent: {}
[77.094859] (-) TimerEvent: {}
[77.195091] (-) TimerEvent: {}
[77.295351] (-) TimerEvent: {}
[77.395599] (-) TimerEvent: {}
[77.495888] (-) TimerEvent: {}
[77.596141] (-) TimerEvent: {}
[77.696345] (-) TimerEvent: {}
[77.796594] (-) TimerEvent: {}
[77.896862] (-) TimerEvent: {}
[77.997224] (-) TimerEvent: {}
[78.097524] (-) TimerEvent: {}
[78.197769] (-) TimerEvent: {}
[78.298027] (-) TimerEvent: {}
[78.398272] (-) TimerEvent: {}
[78.498533] (-) TimerEvent: {}
[78.598779] (-) TimerEvent: {}
[78.699000] (-) TimerEvent: {}
[78.799232] (-) TimerEvent: {}
[78.899459] (-) TimerEvent: {}
[78.999685] (-) TimerEvent: {}
[79.099920] (-) TimerEvent: {}
[79.200155] (-) TimerEvent: {}
[79.300413] (-) TimerEvent: {}
[79.400644] (-) TimerEvent: {}
[79.500887] (-) TimerEvent: {}
[79.601158] (-) TimerEvent: {}
[79.701427] (-) TimerEvent: {}
[79.801669] (-) TimerEvent: {}
[79.901902] (-) TimerEvent: {}
[80.002144] (-) TimerEvent: {}
[80.102402] (-) TimerEvent: {}
[80.202636] (-) TimerEvent: {}
[80.302882] (-) TimerEvent: {}
[80.403125] (-) TimerEvent: {}
[80.503351] (-) TimerEvent: {}
[80.603582] (-) TimerEvent: {}
[80.703813] (-) TimerEvent: {}
[80.804064] (-) TimerEvent: {}
[80.904304] (-) TimerEvent: {}
[81.004552] (-) TimerEvent: {}
[81.104791] (-) TimerEvent: {}
[81.205111] (-) TimerEvent: {}
[81.305455] (-) TimerEvent: {}
[81.405697] (-) TimerEvent: {}
[81.505940] (-) TimerEvent: {}
[81.606173] (-) TimerEvent: {}
[81.706424] (-) TimerEvent: {}
[81.806696] (-) TimerEvent: {}
[81.907283] (-) TimerEvent: {}
[82.007667] (-) TimerEvent: {}
[82.107909] (-) TimerEvent: {}
[82.208167] (-) TimerEvent: {}
[82.308415] (-) TimerEvent: {}
[82.408787] (-) TimerEvent: {}
[82.509163] (-) TimerEvent: {}
[82.609404] (-) TimerEvent: {}
[82.709644] (-) TimerEvent: {}
[82.809876] (-) TimerEvent: {}
[82.910111] (-) TimerEvent: {}
[83.010376] (-) TimerEvent: {}
[83.110599] (-) TimerEvent: {}
[83.210828] (-) TimerEvent: {}
[83.311060] (-) TimerEvent: {}
[83.411309] (-) TimerEvent: {}
[83.511568] (-) TimerEvent: {}
[83.611792] (-) TimerEvent: {}
[83.712020] (-) TimerEvent: {}
[83.812262] (-) TimerEvent: {}
[83.912529] (-) TimerEvent: {}
[84.012771] (-) TimerEvent: {}
[84.113010] (-) TimerEvent: {}
[84.213262] (-) TimerEvent: {}
[84.313522] (-) TimerEvent: {}
[84.413757] (-) TimerEvent: {}
[84.514004] (-) TimerEvent: {}
[84.614259] (-) TimerEvent: {}
[84.714514] (-) TimerEvent: {}
[84.814747] (-) TimerEvent: {}
[84.914998] (-) TimerEvent: {}
[85.015256] (-) TimerEvent: {}
[85.115502] (-) TimerEvent: {}
[85.215737] (-) TimerEvent: {}
[85.315963] (-) TimerEvent: {}
[85.416252] (-) TimerEvent: {}
[85.516536] (-) TimerEvent: {}
[85.616777] (-) TimerEvent: {}
[85.717046] (-) TimerEvent: {}
[85.817295] (-) TimerEvent: {}
[85.917593] (-) TimerEvent: {}
[86.018019] (-) TimerEvent: {}
[86.118263] (-) TimerEvent: {}
[86.218533] (-) TimerEvent: {}
[86.318779] (-) TimerEvent: {}
[86.419016] (-) TimerEvent: {}
[86.519244] (-) TimerEvent: {}
[86.619492] (-) TimerEvent: {}
[86.719745] (-) TimerEvent: {}
[86.819987] (-) TimerEvent: {}
[86.920226] (-) TimerEvent: {}
[87.020465] (-) TimerEvent: {}
[87.120719] (-) TimerEvent: {}
[87.220961] (-) TimerEvent: {}
[87.321197] (-) TimerEvent: {}
[87.421471] (-) TimerEvent: {}
[87.521783] (-) TimerEvent: {}
[87.622033] (-) TimerEvent: {}
[87.722282] (-) TimerEvent: {}
[87.822546] (-) TimerEvent: {}
[87.922767] (-) TimerEvent: {}
[88.023043] (-) TimerEvent: {}
[88.123297] (-) TimerEvent: {}
[88.223574] (-) TimerEvent: {}
[88.325809] (-) TimerEvent: {}
[88.426169] (-) TimerEvent: {}
[88.526411] (-) TimerEvent: {}
[88.626653] (-) TimerEvent: {}
[88.726886] (-) TimerEvent: {}
[88.827122] (-) TimerEvent: {}
[88.927383] (-) TimerEvent: {}
[89.027631] (-) TimerEvent: {}
[89.127889] (-) TimerEvent: {}
[89.228126] (-) TimerEvent: {}
[89.328389] (-) TimerEvent: {}
[89.428638] (-) TimerEvent: {}
[89.528871] (-) TimerEvent: {}
[89.629111] (-) TimerEvent: {}
[89.729354] (-) TimerEvent: {}
[89.829612] (-) TimerEvent: {}
[89.929847] (-) TimerEvent: {}
[90.030083] (-) TimerEvent: {}
[90.130325] (-) TimerEvent: {}
[90.230577] (-) TimerEvent: {}
[90.330859] (-) TimerEvent: {}
[90.431104] (-) TimerEvent: {}
[90.531351] (-) TimerEvent: {}
[90.631612] (-) TimerEvent: {}
[90.731848] (-) TimerEvent: {}
[90.832105] (-) TimerEvent: {}
[90.932349] (-) TimerEvent: {}
[91.032613] (-) TimerEvent: {}
[91.132856] (-) TimerEvent: {}
[91.233243] (-) TimerEvent: {}
[91.333487] (-) TimerEvent: {}
[91.433720] (-) TimerEvent: {}
[91.533943] (-) TimerEvent: {}
[91.634211] (-) TimerEvent: {}
[91.734493] (-) TimerEvent: {}
[91.834738] (-) TimerEvent: {}
[91.935011] (-) TimerEvent: {}
[92.035263] (-) TimerEvent: {}
[92.135532] (-) TimerEvent: {}
[92.235790] (-) TimerEvent: {}
[92.336019] (-) TimerEvent: {}
[92.436252] (-) TimerEvent: {}
[92.536523] (-) TimerEvent: {}
[92.636766] (-) TimerEvent: {}
[92.737000] (-) TimerEvent: {}
[92.837228] (-) TimerEvent: {}
[92.937463] (-) TimerEvent: {}
[93.037704] (-) TimerEvent: {}
[93.137955] (-) TimerEvent: {}
[93.238189] (-) TimerEvent: {}
[93.338465] (-) TimerEvent: {}
[93.438719] (-) TimerEvent: {}
[93.538960] (-) TimerEvent: {}
[93.639210] (-) TimerEvent: {}
[93.739464] (-) TimerEvent: {}
[93.839699] (-) TimerEvent: {}
[93.939940] (-) TimerEvent: {}
[94.040181] (-) TimerEvent: {}
[94.140450] (-) TimerEvent: {}
[94.241518] (-) TimerEvent: {}
[94.341854] (-) TimerEvent: {}
[94.442084] (-) TimerEvent: {}
[94.542330] (-) TimerEvent: {}
[94.642595] (-) TimerEvent: {}
[94.742847] (-) TimerEvent: {}
[94.843192] (-) TimerEvent: {}
[94.943488] (-) TimerEvent: {}
[95.043744] (-) TimerEvent: {}
[95.144006] (-) TimerEvent: {}
[95.244253] (-) TimerEvent: {}
[95.344513] (-) TimerEvent: {}
[95.444744] (-) TimerEvent: {}
[95.545021] (-) TimerEvent: {}
[95.645251] (-) TimerEvent: {}
[95.745515] (-) TimerEvent: {}
[95.845762] (-) TimerEvent: {}
[95.946016] (-) TimerEvent: {}
[96.046262] (-) TimerEvent: {}
[96.146534] (-) TimerEvent: {}
[96.246786] (-) TimerEvent: {}
[96.347043] (-) TimerEvent: {}
[96.447277] (-) TimerEvent: {}
[96.547529] (-) TimerEvent: {}
[96.647769] (-) TimerEvent: {}
[96.748007] (-) TimerEvent: {}
[96.848256] (-) TimerEvent: {}
[96.948533] (-) TimerEvent: {}
[97.048772] (-) TimerEvent: {}
[97.149013] (-) TimerEvent: {}
[97.249270] (-) TimerEvent: {}
[97.349536] (-) TimerEvent: {}
[97.449765] (-) TimerEvent: {}
[97.549998] (-) TimerEvent: {}
[97.650257] (-) TimerEvent: {}
[97.750506] (-) TimerEvent: {}
[97.850771] (-) TimerEvent: {}
[97.951009] (-) TimerEvent: {}
[98.051259] (-) TimerEvent: {}
[98.151514] (-) TimerEvent: {}
[98.251844] (-) TimerEvent: {}
[98.352232] (-) TimerEvent: {}
[98.452470] (-) TimerEvent: {}
[98.552715] (-) TimerEvent: {}
[98.652948] (-) TimerEvent: {}
[98.753170] (-) TimerEvent: {}
[98.853405] (-) TimerEvent: {}
[98.953642] (-) TimerEvent: {}
[99.053908] (-) TimerEvent: {}
[99.154140] (-) TimerEvent: {}
[99.254472] (-) TimerEvent: {}
[99.354832] (-) TimerEvent: {}
[99.455058] (-) TimerEvent: {}
[99.555288] (-) TimerEvent: {}
[99.655550] (-) TimerEvent: {}
[99.755780] (-) TimerEvent: {}
[99.856015] (-) TimerEvent: {}
[99.956254] (-) TimerEvent: {}
[100.056522] (-) TimerEvent: {}
[100.156771] (-) TimerEvent: {}
[100.257186] (-) TimerEvent: {}
[100.357416] (-) TimerEvent: {}
[100.457649] (-) TimerEvent: {}
[100.557905] (-) TimerEvent: {}
[100.658222] (-) TimerEvent: {}
[100.758549] (-) TimerEvent: {}
[100.858787] (-) TimerEvent: {}
[100.959036] (-) TimerEvent: {}
[101.059297] (-) TimerEvent: {}
[101.159570] (-) TimerEvent: {}
[101.259803] (-) TimerEvent: {}
[101.360039] (-) TimerEvent: {}
[101.460287] (-) TimerEvent: {}
[101.560532] (-) TimerEvent: {}
[101.660783] (-) TimerEvent: {}
[101.761026] (-) TimerEvent: {}
[101.861257] (-) TimerEvent: {}
[101.961534] (-) TimerEvent: {}
[102.061784] (-) TimerEvent: {}
[102.162035] (-) TimerEvent: {}
[102.262281] (-) TimerEvent: {}
[102.362531] (-) TimerEvent: {}
[102.462791] (-) TimerEvent: {}
[102.563045] (-) TimerEvent: {}
[102.663290] (-) TimerEvent: {}
[102.763564] (-) TimerEvent: {}
[102.863803] (-) TimerEvent: {}
[102.964061] (-) TimerEvent: {}
[103.064313] (-) TimerEvent: {}
[103.164613] (-) TimerEvent: {}
[103.264861] (-) TimerEvent: {}
[103.365113] (-) TimerEvent: {}
[103.465398] (-) TimerEvent: {}
[103.565647] (-) TimerEvent: {}
[103.665936] (-) TimerEvent: {}
[103.766205] (-) TimerEvent: {}
[103.866449] (-) TimerEvent: {}
[103.966702] (-) TimerEvent: {}
[104.066961] (-) TimerEvent: {}
[104.167197] (-) TimerEvent: {}
[104.267461] (-) TimerEvent: {}
[104.367696] (-) TimerEvent: {}
[104.467944] (-) TimerEvent: {}
[104.568183] (-) TimerEvent: {}
[104.668463] (-) TimerEvent: {}
[104.768734] (-) TimerEvent: {}
[104.868947] (-) TimerEvent: {}
[104.969145] (-) TimerEvent: {}
[105.069336] (-) TimerEvent: {}
[105.169538] (-) TimerEvent: {}
[105.269734] (-) TimerEvent: {}
[105.369924] (-) TimerEvent: {}
[105.470125] (-) TimerEvent: {}
[105.570320] (-) TimerEvent: {}
[105.670546] (-) TimerEvent: {}
[105.770776] (-) TimerEvent: {}
[105.870998] (-) TimerEvent: {}
[105.971227] (-) TimerEvent: {}
[106.071433] (-) TimerEvent: {}
[106.171620] (-) TimerEvent: {}
[106.271838] (-) TimerEvent: {}
[106.372070] (-) TimerEvent: {}
[106.472315] (-) TimerEvent: {}
[106.572563] (-) TimerEvent: {}
[106.672788] (-) TimerEvent: {}
[106.773010] (-) TimerEvent: {}
[106.873251] (-) TimerEvent: {}
[106.973496] (-) TimerEvent: {}
[107.073898] (-) TimerEvent: {}
[107.174382] (-) TimerEvent: {}
[107.274612] (-) TimerEvent: {}
[107.374847] (-) TimerEvent: {}
[107.475080] (-) TimerEvent: {}
[107.575341] (-) TimerEvent: {}
[107.675594] (-) TimerEvent: {}
[107.775836] (-) TimerEvent: {}
[107.876082] (-) TimerEvent: {}
[107.976325] (-) TimerEvent: {}
[108.076607] (-) TimerEvent: {}
[108.176857] (-) TimerEvent: {}
[108.277099] (-) TimerEvent: {}
[108.377340] (-) TimerEvent: {}
[108.477616] (-) TimerEvent: {}
[108.577937] (-) TimerEvent: {}
[108.678181] (-) TimerEvent: {}
[108.778444] (-) TimerEvent: {}
[108.878695] (-) TimerEvent: {}
[108.978944] (-) TimerEvent: {}
[109.079204] (-) TimerEvent: {}
[109.179451] (-) TimerEvent: {}
[109.279731] (-) TimerEvent: {}
[109.379987] (-) TimerEvent: {}
[109.480230] (-) TimerEvent: {}
[109.580477] (-) TimerEvent: {}
[109.680783] (-) TimerEvent: {}
[109.781104] (-) TimerEvent: {}
[109.881357] (-) TimerEvent: {}
[109.981637] (-) TimerEvent: {}
[110.081897] (-) TimerEvent: {}
[110.182146] (-) TimerEvent: {}
[110.282397] (-) TimerEvent: {}
[110.382648] (-) TimerEvent: {}
[110.482895] (-) TimerEvent: {}
[110.583230] (-) TimerEvent: {}
[110.683588] (-) TimerEvent: {}
[110.783851] (-) TimerEvent: {}
[110.884105] (-) TimerEvent: {}
[110.984356] (-) TimerEvent: {}
[111.084772] (-) TimerEvent: {}
[111.185170] (-) TimerEvent: {}
[111.285429] (-) TimerEvent: {}
[111.385687] (-) TimerEvent: {}
[111.485928] (-) TimerEvent: {}
[111.586183] (-) TimerEvent: {}
[111.686422] (-) TimerEvent: {}
[111.786659] (-) TimerEvent: {}
[111.886932] (-) TimerEvent: {}
[111.987172] (-) TimerEvent: {}
[112.087417] (-) TimerEvent: {}
[112.187663] (-) TimerEvent: {}
[112.287914] (-) TimerEvent: {}
[112.388146] (-) TimerEvent: {}
[112.488427] (-) TimerEvent: {}
[112.588674] (-) TimerEvent: {}
[112.688906] (-) TimerEvent: {}
[112.789162] (-) TimerEvent: {}
[112.889437] (-) TimerEvent: {}
[112.989673] (-) TimerEvent: {}
[113.089907] (-) TimerEvent: {}
[113.190150] (-) TimerEvent: {}
[113.290401] (-) TimerEvent: {}
[113.390639] (-) TimerEvent: {}
[113.490897] (-) TimerEvent: {}
[113.591132] (-) TimerEvent: {}
[113.691342] (-) TimerEvent: {}
[113.791586] (-) TimerEvent: {}
[113.891837] (-) TimerEvent: {}
[113.992079] (-) TimerEvent: {}
[114.092313] (-) TimerEvent: {}
[114.192551] (-) TimerEvent: {}
[114.292800] (-) TimerEvent: {}
[114.393048] (-) TimerEvent: {}
[114.493279] (-) TimerEvent: {}
[114.593527] (-) TimerEvent: {}
[114.693748] (-) TimerEvent: {}
[114.793993] (-) TimerEvent: {}
[114.894231] (-) TimerEvent: {}
[114.994472] (-) TimerEvent: {}
[115.094711] (-) TimerEvent: {}
[115.194955] (-) TimerEvent: {}
[115.295189] (-) TimerEvent: {}
[115.395441] (-) TimerEvent: {}
[115.495695] (-) TimerEvent: {}
[115.595943] (-) TimerEvent: {}
[115.696172] (-) TimerEvent: {}
[115.796419] (-) TimerEvent: {}
[115.896663] (-) TimerEvent: {}
[115.996925] (-) TimerEvent: {}
[116.097176] (-) TimerEvent: {}
[116.197435] (-) TimerEvent: {}
[116.297677] (-) TimerEvent: {}
[116.397922] (-) TimerEvent: {}
[116.498168] (-) TimerEvent: {}
[116.598429] (-) TimerEvent: {}
[116.698655] (-) TimerEvent: {}
[116.798937] (-) TimerEvent: {}
[116.899184] (-) TimerEvent: {}
[116.999442] (-) TimerEvent: {}
[117.099715] (-) TimerEvent: {}
[117.199974] (-) TimerEvent: {}
[117.300219] (-) TimerEvent: {}
[117.400464] (-) TimerEvent: {}
[117.500716] (-) TimerEvent: {}
[117.600965] (-) TimerEvent: {}
[117.701196] (-) TimerEvent: {}
[117.801450] (-) TimerEvent: {}
[117.901695] (-) TimerEvent: {}
[118.001936] (-) TimerEvent: {}
[118.102171] (-) TimerEvent: {}
[118.202444] (-) TimerEvent: {}
[118.302684] (-) TimerEvent: {}
[118.402931] (-) TimerEvent: {}
[118.503167] (-) TimerEvent: {}
[118.603412] (-) TimerEvent: {}
[118.703665] (-) TimerEvent: {}
[118.803914] (-) TimerEvent: {}
[118.904166] (-) TimerEvent: {}
[119.004430] (-) TimerEvent: {}
[119.104667] (-) TimerEvent: {}
[119.204943] (-) TimerEvent: {}
[119.305201] (-) TimerEvent: {}
[119.405504] (-) TimerEvent: {}
[119.505748] (-) TimerEvent: {}
[119.605969] (-) TimerEvent: {}
[119.706202] (-) TimerEvent: {}
[119.806456] (-) TimerEvent: {}
[119.906736] (-) TimerEvent: {}
[120.007009] (-) TimerEvent: {}
[120.107231] (-) TimerEvent: {}
[120.207478] (-) TimerEvent: {}
[120.307727] (-) TimerEvent: {}
[120.408104] (-) TimerEvent: {}
[120.508462] (-) TimerEvent: {}
[120.608689] (-) TimerEvent: {}
[120.708927] (-) TimerEvent: {}
[120.809165] (-) TimerEvent: {}
[120.909424] (-) TimerEvent: {}
[121.009656] (-) TimerEvent: {}
[121.109898] (-) TimerEvent: {}
[121.210145] (-) TimerEvent: {}
[121.310387] (-) TimerEvent: {}
[121.410615] (-) TimerEvent: {}
[121.510884] (-) TimerEvent: {}
[121.611108] (-) TimerEvent: {}
[121.711343] (-) TimerEvent: {}
[121.811605] (-) TimerEvent: {}
[121.911850] (-) TimerEvent: {}
[122.012090] (-) TimerEvent: {}
[122.112320] (-) TimerEvent: {}
[122.212578] (-) TimerEvent: {}
[122.312822] (-) TimerEvent: {}
[122.413064] (-) TimerEvent: {}
[122.513317] (-) TimerEvent: {}
[122.613596] (-) TimerEvent: {}
[122.713849] (-) TimerEvent: {}
[122.814080] (-) TimerEvent: {}
[122.914319] (-) TimerEvent: {}
[123.014598] (-) TimerEvent: {}
[123.114840] (-) TimerEvent: {}
[123.215125] (-) TimerEvent: {}
[123.315355] (-) TimerEvent: {}
[123.415594] (-) TimerEvent: {}
[123.515863] (-) TimerEvent: {}
[123.616098] (-) TimerEvent: {}
[123.716341] (-) TimerEvent: {}
[123.816601] (-) TimerEvent: {}
[123.916846] (-) TimerEvent: {}
[124.017092] (-) TimerEvent: {}
[124.117334] (-) TimerEvent: {}
[124.217604] (-) TimerEvent: {}
[124.317849] (-) TimerEvent: {}
[124.418203] (-) TimerEvent: {}
[124.518637] (-) TimerEvent: {}
[124.618907] (-) TimerEvent: {}
[124.719184] (-) TimerEvent: {}
[124.819446] (-) TimerEvent: {}
[124.919797] (-) TimerEvent: {}
[125.020196] (-) TimerEvent: {}
[125.120446] (-) TimerEvent: {}
[125.220692] (-) TimerEvent: {}
[125.320937] (-) TimerEvent: {}
[125.421165] (-) TimerEvent: {}
[125.521412] (-) TimerEvent: {}
[125.621699] (-) TimerEvent: {}
[125.721970] (-) TimerEvent: {}
[125.822215] (-) TimerEvent: {}
[125.922447] (-) TimerEvent: {}
[126.022675] (-) TimerEvent: {}
[126.122915] (-) TimerEvent: {}
[126.223159] (-) TimerEvent: {}
[126.323429] (-) TimerEvent: {}
[126.423667] (-) TimerEvent: {}
[126.523911] (-) TimerEvent: {}
[126.624158] (-) TimerEvent: {}
[126.724411] (-) TimerEvent: {}
[126.824659] (-) TimerEvent: {}
[126.924889] (-) TimerEvent: {}
[127.025120] (-) TimerEvent: {}
[127.125378] (-) TimerEvent: {}
[127.225640] (-) TimerEvent: {}
[127.325890] (-) TimerEvent: {}
[127.426124] (-) TimerEvent: {}
[127.526355] (-) TimerEvent: {}
[127.626627] (-) TimerEvent: {}
[127.726869] (-) TimerEvent: {}
[127.827136] (-) TimerEvent: {}
[127.927385] (-) TimerEvent: {}
[128.027622] (-) TimerEvent: {}
[128.127867] (-) TimerEvent: {}
[128.228109] (-) TimerEvent: {}
[128.328354] (-) TimerEvent: {}
[128.428609] (-) TimerEvent: {}
[128.528846] (-) TimerEvent: {}
[128.629090] (-) TimerEvent: {}
[128.729392] (-) TimerEvent: {}
[128.829659] (-) TimerEvent: {}
[128.929921] (-) TimerEvent: {}
[129.030174] (-) TimerEvent: {}
[129.130422] (-) TimerEvent: {}
[129.230650] (-) TimerEvent: {}
[129.330905] (-) TimerEvent: {}
[129.431163] (-) TimerEvent: {}
[129.531411] (-) TimerEvent: {}
[129.631651] (-) TimerEvent: {}
[129.731895] (-) TimerEvent: {}
[129.832145] (-) TimerEvent: {}
[129.932436] (-) TimerEvent: {}
[130.032670] (-) TimerEvent: {}
[130.132911] (-) TimerEvent: {}
[130.233152] (-) TimerEvent: {}
[130.333475] (-) TimerEvent: {}
[130.433864] (-) TimerEvent: {}
[130.534107] (-) TimerEvent: {}
[130.634356] (-) TimerEvent: {}
[130.734600] (-) TimerEvent: {}
[130.834959] (-) TimerEvent: {}
[130.935383] (-) TimerEvent: {}
[131.035628] (-) TimerEvent: {}
[131.135861] (-) TimerEvent: {}
[131.236098] (-) TimerEvent: {}
[131.336338] (-) TimerEvent: {}
[131.436625] (-) TimerEvent: {}
[131.536888] (-) TimerEvent: {}
[131.637124] (-) TimerEvent: {}
[131.737386] (-) TimerEvent: {}
[131.837614] (-) TimerEvent: {}
[131.937843] (-) TimerEvent: {}
[132.038078] (-) TimerEvent: {}
[132.138339] (-) TimerEvent: {}
[132.238617] (-) TimerEvent: {}
[132.338875] (-) TimerEvent: {}
[132.439112] (-) TimerEvent: {}
[132.539384] (-) TimerEvent: {}
[132.639628] (-) TimerEvent: {}
[132.739860] (-) TimerEvent: {}
[132.840076] (-) TimerEvent: {}
[132.940305] (-) TimerEvent: {}
[133.040592] (-) TimerEvent: {}
[133.140831] (-) TimerEvent: {}
[133.241184] (-) TimerEvent: {}
[133.341562] (-) TimerEvent: {}
[133.441798] (-) TimerEvent: {}
[133.542059] (-) TimerEvent: {}
[133.642302] (-) TimerEvent: {}
[133.742574] (-) TimerEvent: {}
[133.842831] (-) TimerEvent: {}
[133.943092] (-) TimerEvent: {}
[134.043348] (-) TimerEvent: {}
[134.143624] (-) TimerEvent: {}
[134.243859] (-) TimerEvent: {}
[134.344103] (-) TimerEvent: {}
[134.444329] (-) TimerEvent: {}
[134.544583] (-) TimerEvent: {}
[134.644833] (-) TimerEvent: {}
[134.745077] (-) TimerEvent: {}
[134.845311] (-) TimerEvent: {}
[134.877029] (deptrum-ros-driver-aurora930) StderrLine: {'line': b'CMake Error at cmake/Download.cmake:29 (message):\n'}
[134.877475] (deptrum-ros-driver-aurora930) StderrLine: {'line': b'  \n'}
[134.877643] (deptrum-ros-driver-aurora930) StderrLine: {'line': b'  http://192.168.104.3/data/ci_release/deptrum-stream/stellar400/release/-/deptrum-stream-stellar400---v1.1.2-18.04.tar.gz\n'}
[134.877794] (deptrum-ros-driver-aurora930) StderrLine: {'line': b"  doesn't exist.\n"}
[134.877938] (deptrum-ros-driver-aurora930) StderrLine: {'line': b'Call Stack (most recent call first):\n'}
[134.878078] (deptrum-ros-driver-aurora930) StderrLine: {'line': b'  cmake/Download.cmake:71 (download)\n'}
[134.878206] (deptrum-ros-driver-aurora930) StderrLine: {'line': b'  CMakeLists.txt:119 (download_sdk)\n'}
[134.878342] (deptrum-ros-driver-aurora930) StderrLine: {'line': b'\n'}
[134.878524] (deptrum-ros-driver-aurora930) StderrLine: {'line': b'\n'}
[134.878655] (deptrum-ros-driver-aurora930) StdoutLine: {'line': b'-- Configuring incomplete, errors occurred!\n'}
[134.898559] (deptrum-ros-driver-aurora930) CommandEnded: {'returncode': 1}
[134.934154] (deptrum-ros-driver-aurora930) JobEnded: {'identifier': 'deptrum-ros-driver-aurora930', 'rc': 1}
[134.944682] (-) EventReactorShutdown: {}
