[0.017s] Invoking command in '/home/webotpi/ros2_ws/build/deptrum-ros-driver-aurora930': CMAKE_PREFIX_PATH=${CMAKE_PREFIX_PATH}:/opt/ros/jazzy /usr/bin/cmake /home/webotpi/ros2_ws/src/deptrum-ros-driver -DCMAKE_INSTALL_PREFIX=/home/webotpi/ros2_ws/install/deptrum-ros-driver-aurora930
[0.058s] -- Found ament_cmake: 2.5.6 (/opt/ros/jazzy/share/ament_cmake/cmake)
[0.414s] -- Override CMake install command with custom implementation using symlinks instead of copying resources
[0.451s] -- Found rclcpp: 28.1.18 (/opt/ros/jazzy/share/rclcpp/cmake)
[0.527s] -- Found rosidl_generator_c: 4.6.7 (/opt/ros/jazzy/share/rosidl_generator_c/cmake)
[0.549s] -- Found rosidl_generator_cpp: 4.6.7 (/opt/ros/jazzy/share/rosidl_generator_cpp/cmake)
[0.580s] -- Using all available rosidl_typesupport_c: rosidl_typesupport_fastrtps_c;rosidl_typesupport_introspection_c
[0.613s] -- Using all available rosidl_typesupport_cpp: rosidl_typesupport_fastrtps_cpp;rosidl_typesupport_introspection_cpp
[0.751s] -- Found rmw_implementation_cmake: 7.3.3 (/opt/ros/jazzy/share/rmw_implementation_cmake/cmake)
[0.756s] -- Found rmw_fastrtps_cpp: 8.4.3 (/opt/ros/jazzy/share/rmw_fastrtps_cpp/cmake)
[0.887s] -- Using RMW implementation 'rmw_fastrtps_cpp' as default
[1.030s] -- STREAM_SDK_TYPE: AURORA930
[1.030s] -- SYSTEM_PLATFORM: -
[1.031s] -- Found std_msgs: 5.3.7 (/opt/ros/jazzy/share/std_msgs/cmake)
[1.052s] -- Found sensor_msgs: 5.3.7 (/opt/ros/jazzy/share/sensor_msgs/cmake)
[1.107s] -- Found cv_bridge: 4.1.0 (/opt/ros/jazzy/share/cv_bridge/cmake)
[1.128s] -- Found tf2: 0.36.20 (/opt/ros/jazzy/share/tf2/cmake)
[1.136s] -- Found tf2_ros: 0.36.20 (/opt/ros/jazzy/share/tf2_ros/cmake)
[1.294s] -- Found tf2_geometry_msgs: 0.36.20 (/opt/ros/jazzy/share/tf2_geometry_msgs/cmake)
[1.301s] -- Found eigen3_cmake_module: 0.3.0 (/opt/ros/jazzy/share/eigen3_cmake_module/cmake)
[1.303s] -- Ensuring Eigen3 include directory is part of orocos-kdl CMake target
[1.305s] -- Found angles: 1.16.1 (/opt/ros/jazzy/share/angles/cmake)
[1.310s] -- GLog library status:
[1.310s] --     include path: /home/webotpi/ros2_ws/src/deptrum-ros-driver/ext/glog-0.4.0/include
[1.310s] --     library path: /home/webotpi/ros2_ws/src/deptrum-ros-driver/ext/glog-0.4.0/lib-static
[1.310s] --     libraries: glog
[1.310s] -- GFlags library status:
[1.310s] --     include path: /home/webotpi/ros2_ws/src/deptrum-ros-driver/ext/gflags-2.2.2/include
[1.311s] --     library path: /home/webotpi/ros2_ws/src/deptrum-ros-driver/ext/gflags-2.2.2/lib-static
[1.311s] --     libraries: gflags
[1.311s] -- Found ament_lint_auto: 0.17.5 (/opt/ros/jazzy/share/ament_lint_auto/cmake)
[1.472s] CMake Deprecation Warning at subscribe_node/CMakeLists.txt:1 (cmake_minimum_required):
[1.472s]   Compatibility with CMake < 3.5 will be removed from a future version of
[1.472s]   CMake.
[1.472s] 
[1.472s]   Update the VERSION argument <min> value or use a ...<max> suffix to tell
[1.472s]   CMake that the project does not need compatibility with older versions.
[1.472s] 
[1.472s] 
[1.498s] -- Added test 'copyright' to check source files copyright and LICENSE
[1.521s] -- Added test 'cppcheck' to perform static code analysis on C / C++ code
[1.522s] -- Configured cppcheck include dirs: /home/webotpi/ros2_ws/src/deptrum-ros-driver/include;/home/webotpi/ros2_ws/src/deptrum-ros-driver/ext/deptrum-stream-aurora900-linux-aarch64-v1.1.19-18.04/include;/home/webotpi/ros2_ws/src/deptrum-ros-driver/ext/glog-0.4.0/include;/home/webotpi/ros2_ws/src/deptrum-ros-driver/ext/gflags-2.2.2/include
[1.522s] -- Configured cppcheck exclude dirs and/or files: 
[1.545s] -- Added test 'cpplint' to check C / C++ code against the Google style
[1.545s] -- Configured cpplint exclude dirs and/or files: 
[1.548s] -- Added test 'flake8' to check Python code syntax and style conventions
[1.548s] -- Configured 'flake8' exclude dirs and/or files: 
[1.554s] -- Added test 'lint_cmake' to check CMake code style
[1.557s] -- Added test 'pep257' to check Python code against some of the docstring style conventions in PEP 257
[1.580s] -- Added test 'uncrustify' to check C / C++ code style
[1.580s] -- Configured uncrustify additional arguments: 
[1.584s] -- Added test 'xmllint' to check XML markup files
[1.586s] -- Configuring done (1.6s)
[1.656s] -- Generating done (0.1s)
[1.677s] -- Build files have been written to: /home/webotpi/ros2_ws/build/deptrum-ros-driver-aurora930
[1.697s] Invoked command in '/home/webotpi/ros2_ws/build/deptrum-ros-driver-aurora930' returned '0': CMAKE_PREFIX_PATH=${CMAKE_PREFIX_PATH}:/opt/ros/jazzy /usr/bin/cmake /home/webotpi/ros2_ws/src/deptrum-ros-driver -DCMAKE_INSTALL_PREFIX=/home/webotpi/ros2_ws/install/deptrum-ros-driver-aurora930
[1.699s] Invoking command in '/home/webotpi/ros2_ws/build/deptrum-ros-driver-aurora930': CMAKE_PREFIX_PATH=${CMAKE_PREFIX_PATH}:/opt/ros/jazzy /usr/bin/cmake --build /home/webotpi/ros2_ws/build/deptrum-ros-driver-aurora930 -- -j4 -l4
[1.813s] [ 22%] Built target sub_node
[1.819s] [ 44%] Built target sub_node_ci
[1.834s] [ 55%] Building CXX object CMakeFiles/aurora930_node.dir/src/ros2_device.cc.o
[2.490s] In file included from /home/webotpi/ros2_ws/src/deptrum-ros-driver/include/deptrum_ros_driver/ros2_device.h:20,
[2.490s]                  from /home/webotpi/ros2_ws/src/deptrum-ros-driver/src/ros2_device.cc:5:
[2.490s] /opt/ros/jazzy/include/sensor_msgs/sensor_msgs/point_cloud_conversion.hpp:47:6: warning: #warning POINT_CLOUD_DEPRECATION_MESSAGE [-Wcpp]
[2.490s]    47 | #    warning POINT_CLOUD_DEPRECATION_MESSAGE
[2.490s]       |      ^~~~~~~
[12.563s] [ 66%] Linking CXX executable aurora930_node
[14.451s] [100%] Built target aurora930_node
[14.471s] Invoked command in '/home/webotpi/ros2_ws/build/deptrum-ros-driver-aurora930' returned '0': CMAKE_PREFIX_PATH=${CMAKE_PREFIX_PATH}:/opt/ros/jazzy /usr/bin/cmake --build /home/webotpi/ros2_ws/build/deptrum-ros-driver-aurora930 -- -j4 -l4
[14.488s] Invoking command in '/home/webotpi/ros2_ws/build/deptrum-ros-driver-aurora930': CMAKE_PREFIX_PATH=${CMAKE_PREFIX_PATH}:/opt/ros/jazzy /usr/bin/cmake --install /home/webotpi/ros2_ws/build/deptrum-ros-driver-aurora930
[14.502s] -- Install configuration: ""
[14.503s] -- Execute custom install script
[14.504s] -- Up-to-date symlink: /home/webotpi/ros2_ws/install/deptrum-ros-driver-aurora930/share/deptrum-ros-driver-aurora930/environment/library_path.sh
[14.504s] -- Up-to-date symlink: /home/webotpi/ros2_ws/install/deptrum-ros-driver-aurora930/share/deptrum-ros-driver-aurora930/environment/library_path.dsv
[14.504s] -- Up-to-date symlink: /home/webotpi/ros2_ws/install/deptrum-ros-driver-aurora930/lib/deptrum-ros-driver-aurora930/aurora930_node
[14.505s] -- Up-to-date symlink: /home/webotpi/ros2_ws/install/deptrum-ros-driver-aurora930/lib/deptrum-ros-driver-aurora930/sub_node
[14.505s] -- Up-to-date symlink: /home/webotpi/ros2_ws/install/deptrum-ros-driver-aurora930/lib/deptrum-ros-driver-aurora930/aurora930_node
[14.505s] -- Up-to-date symlink: /home/webotpi/ros2_ws/install/deptrum-ros-driver-aurora930/lib/deptrum-ros-driver-aurora930/sub_node_ci
[14.506s] -- Up-to-date symlink: /home/webotpi/ros2_ws/install/deptrum-ros-driver-aurora930/share/deptrum-ros-driver-aurora930/99-deptrum-libusb.rules
[14.506s] -- Up-to-date symlink: /home/webotpi/ros2_ws/install/deptrum-ros-driver-aurora930/lib/libdeptrum_stream_aurora900.so.1.1.19
[14.506s] -- Up-to-date symlink: /home/webotpi/ros2_ws/install/deptrum-ros-driver-aurora930/share/deptrum-ros-driver-aurora930/doc/usage_aurora930.md
[14.509s] -- Up-to-date symlink: /home/webotpi/ros2_ws/install/deptrum-ros-driver-aurora930/share/deptrum-ros-driver-aurora930/doc/RELEASE_AURORA930.md
[14.509s] -- Up-to-date symlink: /home/webotpi/ros2_ws/install/deptrum-ros-driver-aurora930/share/deptrum-ros-driver-aurora930/rviz/aurora930-ros2.rviz
[14.509s] -- Up-to-date symlink: /home/webotpi/ros2_ws/install/deptrum-ros-driver-aurora930/share/ament_index/resource_index/package_run_dependencies/deptrum-ros-driver-aurora930
[14.510s] -- Up-to-date symlink: /home/webotpi/ros2_ws/install/deptrum-ros-driver-aurora930/share/ament_index/resource_index/parent_prefix_path/deptrum-ros-driver-aurora930
[14.510s] -- Up-to-date symlink: /home/webotpi/ros2_ws/install/deptrum-ros-driver-aurora930/share/deptrum-ros-driver-aurora930/environment/ament_prefix_path.sh
[14.510s] -- Up-to-date symlink: /home/webotpi/ros2_ws/install/deptrum-ros-driver-aurora930/share/deptrum-ros-driver-aurora930/environment/ament_prefix_path.dsv
[14.510s] -- Up-to-date symlink: /home/webotpi/ros2_ws/install/deptrum-ros-driver-aurora930/share/deptrum-ros-driver-aurora930/environment/path.sh
[14.510s] -- Up-to-date symlink: /home/webotpi/ros2_ws/install/deptrum-ros-driver-aurora930/share/deptrum-ros-driver-aurora930/environment/path.dsv
[14.510s] -- Up-to-date symlink: /home/webotpi/ros2_ws/install/deptrum-ros-driver-aurora930/share/deptrum-ros-driver-aurora930/local_setup.bash
[14.510s] -- Up-to-date symlink: /home/webotpi/ros2_ws/install/deptrum-ros-driver-aurora930/share/deptrum-ros-driver-aurora930/local_setup.sh
[14.510s] -- Up-to-date symlink: /home/webotpi/ros2_ws/install/deptrum-ros-driver-aurora930/share/deptrum-ros-driver-aurora930/local_setup.zsh
[14.510s] -- Up-to-date symlink: /home/webotpi/ros2_ws/install/deptrum-ros-driver-aurora930/share/deptrum-ros-driver-aurora930/local_setup.dsv
[14.511s] -- Symlinking: /home/webotpi/ros2_ws/install/deptrum-ros-driver-aurora930/share/deptrum-ros-driver-aurora930/package.dsv
[14.527s] -- Up-to-date symlink: /home/webotpi/ros2_ws/install/deptrum-ros-driver-aurora930/share/ament_index/resource_index/packages/deptrum-ros-driver-aurora930
[14.527s] -- Up-to-date symlink: /home/webotpi/ros2_ws/install/deptrum-ros-driver-aurora930/share/deptrum-ros-driver-aurora930/cmake/ament_cmake_export_libraries-extras.cmake
[14.527s] -- Up-to-date symlink: /home/webotpi/ros2_ws/install/deptrum-ros-driver-aurora930/share/deptrum-ros-driver-aurora930/cmake/deptrum-ros-driver-aurora930Config.cmake
[14.528s] -- Up-to-date symlink: /home/webotpi/ros2_ws/install/deptrum-ros-driver-aurora930/share/deptrum-ros-driver-aurora930/cmake/deptrum-ros-driver-aurora930Config-version.cmake
[14.528s] -- Up-to-date symlink: /home/webotpi/ros2_ws/install/deptrum-ros-driver-aurora930/share/deptrum-ros-driver-aurora930/package.xml
[14.528s] -- Up-to-date: /home/webotpi/ros2_ws/install/deptrum-ros-driver-aurora930/share/deptrum-ros-driver-aurora930/launch
[14.529s] -- Up-to-date: /home/webotpi/ros2_ws/install/deptrum-ros-driver-aurora930/share/deptrum-ros-driver-aurora930/launch/viewer930_launch.py
[14.529s] -- Up-to-date: /home/webotpi/ros2_ws/install/deptrum-ros-driver-aurora930/share/deptrum-ros-driver-aurora930/launch/aurora930_multi_launch.py
[14.529s] -- Up-to-date: /home/webotpi/ros2_ws/install/deptrum-ros-driver-aurora930/share/deptrum-ros-driver-aurora930/launch/sub_node_ci_aurora930_launch.py
[14.529s] -- Up-to-date: /home/webotpi/ros2_ws/install/deptrum-ros-driver-aurora930/share/deptrum-ros-driver-aurora930/launch/aurora930_launch.py
[14.532s] Invoked command in '/home/webotpi/ros2_ws/build/deptrum-ros-driver-aurora930' returned '0': CMAKE_PREFIX_PATH=${CMAKE_PREFIX_PATH}:/opt/ros/jazzy /usr/bin/cmake --install /home/webotpi/ros2_ws/build/deptrum-ros-driver-aurora930
