[0.000000] (-) TimerEvent: {}
[0.000148] (-) JobUnselected: {'identifier': 'my_launch_pkg'}
[0.000324] (-) JobUnselected: {'identifier': 'my_srv'}
[0.000348] (-) JobUnselected: {'identifier': 'py_pkg'}
[0.000421] (-) JobUnselected: {'identifier': 'rplidar_ros'}
[0.000724] (-) JobUnselected: {'identifier': 'voice_interaction'}
[0.000925] (deptrum-ros-driver-aurora930) JobQueued: {'identifier': 'deptrum-ros-driver-aurora930', 'dependencies': OrderedDict()}
[0.001163] (deptrum-ros-driver-aurora930) JobStarted: {'identifier': 'deptrum-ros-driver-aurora930'}
[0.011734] (deptrum-ros-driver-aurora930) JobProgress: {'identifier': 'deptrum-ros-driver-aurora930', 'progress': 'cmake'}
[0.013282] (deptrum-ros-driver-aurora930) Command: {'cmd': ['/usr/bin/cmake', '/home/webotpi/ros2_ws/src/deptrum-ros-driver', '-DAMENT_CMAKE_SYMLINK_INSTALL=1', '-DCMAKE_INSTALL_PREFIX=/home/webotpi/ros2_ws/install/deptrum-ros-driver-aurora930'], 'cwd': '/home/webotpi/ros2_ws/build/deptrum-ros-driver-aurora930', 'env': OrderedDict({'LANGUAGE': 'zh_CN:en', 'USER': 'webotpi', 'SSH_CLIENT': '192.168.0.111 58020 22', 'LC_TIME': 'zh_CN.UTF-8', 'XDG_SESSION_TYPE': 'tty', 'SHLVL': '1', 'LD_LIBRARY_PATH': '/opt/ros/jazzy/opt/rviz_ogre_vendor/lib:/opt/ros/jazzy/lib/aarch64-linux-gnu:/opt/ros/jazzy/opt/gz_math_vendor/lib:/opt/ros/jazzy/opt/gz_utils_vendor/lib:/opt/ros/jazzy/opt/gz_cmake_vendor/lib:/opt/ros/jazzy/lib', 'HOME': '/home/webotpi', 'OLDPWD': '/home/webotpi', 'ROS_PYTHON_VERSION': '3', 'LC_MONETARY': 'zh_CN.UTF-8', 'DBUS_SESSION_BUS_ADDRESS': 'unix:path=/run/user/1000/bus', 'ROS_DISTRO': 'jazzy', 'LOGNAME': 'webotpi', '_': '/usr/bin/colcon', 'ROS_VERSION': '2', 'XDG_SESSION_CLASS': 'user', 'XDG_SESSION_ID': '171', 'PATH': '/opt/ros/jazzy/bin:/usr/local/sbin:/usr/local/bin:/usr/sbin:/usr/bin:/sbin:/bin:/usr/games:/usr/local/games:/snap/bin', 'PAPERSIZE': 'a4', 'LC_ADDRESS': 'zh_CN.UTF-8', 'XDG_RUNTIME_DIR': '/run/user/1000', 'LANG': 'zh_CN.UTF-8', 'LC_TELEPHONE': 'zh_CN.UTF-8', 'AMENT_PREFIX_PATH': '/opt/ros/jazzy', 'SHELL': '/bin/bash', 'LC_NAME': 'zh_CN.UTF-8', 'LC_MEASUREMENT': 'zh_CN.UTF-8', 'LC_IDENTIFICATION': 'zh_CN.UTF-8', 'ROS_AUTOMATIC_DISCOVERY_RANGE': 'SUBNET', 'PWD': '/home/webotpi/ros2_ws/build/deptrum-ros-driver-aurora930', 'SSH_CONNECTION': '192.168.0.111 58020 192.168.0.119 22', 'PYTHONPATH': '/opt/ros/jazzy/lib/python3.12/site-packages', 'LC_NUMERIC': 'zh_CN.UTF-8', 'LC_PAPER': 'zh_CN.UTF-8', 'COLCON': '1', 'CMAKE_PREFIX_PATH': '/opt/ros/jazzy/opt/gz_math_vendor:/opt/ros/jazzy/opt/gz_utils_vendor:/opt/ros/jazzy/opt/gz_cmake_vendor:/opt/ros/jazzy'}), 'shell': False}
[0.099616] (-) TimerEvent: {}
[0.199827] (-) TimerEvent: {}
[0.300053] (-) TimerEvent: {}
[0.400274] (-) TimerEvent: {}
[0.500508] (-) TimerEvent: {}
[0.600733] (-) TimerEvent: {}
[0.700976] (-) TimerEvent: {}
[0.801212] (-) TimerEvent: {}
[0.813123] (deptrum-ros-driver-aurora930) StdoutLine: {'line': b'-- The C compiler identification is GNU 13.3.0\n'}
[0.901322] (-) TimerEvent: {}
[1.001542] (-) TimerEvent: {}
[1.101772] (-) TimerEvent: {}
[1.201996] (-) TimerEvent: {}
[1.208393] (deptrum-ros-driver-aurora930) StdoutLine: {'line': b'-- The CXX compiler identification is GNU 13.3.0\n'}
[1.258529] (deptrum-ros-driver-aurora930) StdoutLine: {'line': b'-- Detecting C compiler ABI info\n'}
[1.302110] (-) TimerEvent: {}
[1.402348] (-) TimerEvent: {}
[1.488313] (deptrum-ros-driver-aurora930) StdoutLine: {'line': b'-- Detecting C compiler ABI info - done\n'}
[1.502420] (-) TimerEvent: {}
[1.512833] (deptrum-ros-driver-aurora930) StdoutLine: {'line': b'-- Check for working C compiler: /usr/bin/cc - skipped\n'}
[1.514277] (deptrum-ros-driver-aurora930) StdoutLine: {'line': b'-- Detecting C compile features\n'}
[1.515493] (deptrum-ros-driver-aurora930) StdoutLine: {'line': b'-- Detecting C compile features - done\n'}
[1.540592] (deptrum-ros-driver-aurora930) StdoutLine: {'line': b'-- Detecting CXX compiler ABI info\n'}
[1.602539] (-) TimerEvent: {}
[1.702831] (-) TimerEvent: {}
[1.749798] (deptrum-ros-driver-aurora930) StdoutLine: {'line': b'-- Detecting CXX compiler ABI info - done\n'}
[1.767159] (deptrum-ros-driver-aurora930) StdoutLine: {'line': b'-- Check for working CXX compiler: /usr/bin/c++ - skipped\n'}
[1.769980] (deptrum-ros-driver-aurora930) StdoutLine: {'line': b'-- Detecting CXX compile features\n'}
[1.770325] (deptrum-ros-driver-aurora930) StdoutLine: {'line': b'-- Detecting CXX compile features - done\n'}
[1.775477] (deptrum-ros-driver-aurora930) StdoutLine: {'line': b'-- Found ament_cmake: 2.5.6 (/opt/ros/jazzy/share/ament_cmake/cmake)\n'}
[1.802954] (-) TimerEvent: {}
[1.903184] (-) TimerEvent: {}
[2.003401] (-) TimerEvent: {}
[2.016800] (deptrum-ros-driver-aurora930) StdoutLine: {'line': b'-- Found Python3: /usr/bin/python3 (found version "3.12.3") found components: Interpreter \n'}
[2.103504] (-) TimerEvent: {}
[2.164052] (deptrum-ros-driver-aurora930) StdoutLine: {'line': b'-- Override CMake install command with custom implementation using symlinks instead of copying resources\n'}
[2.203626] (-) TimerEvent: {}
[2.239973] (deptrum-ros-driver-aurora930) StdoutLine: {'line': b'-- Found rclcpp: 28.1.18 (/opt/ros/jazzy/share/rclcpp/cmake)\n'}
[2.303708] (-) TimerEvent: {}
[2.329198] (deptrum-ros-driver-aurora930) StdoutLine: {'line': b'-- Found rosidl_generator_c: 4.6.7 (/opt/ros/jazzy/share/rosidl_generator_c/cmake)\n'}
[2.360927] (deptrum-ros-driver-aurora930) StdoutLine: {'line': b'-- Found rosidl_generator_cpp: 4.6.7 (/opt/ros/jazzy/share/rosidl_generator_cpp/cmake)\n'}
[2.401127] (deptrum-ros-driver-aurora930) StdoutLine: {'line': b'-- Using all available rosidl_typesupport_c: rosidl_typesupport_fastrtps_c;rosidl_typesupport_introspection_c\n'}
[2.403822] (-) TimerEvent: {}
[2.443330] (deptrum-ros-driver-aurora930) StdoutLine: {'line': b'-- Using all available rosidl_typesupport_cpp: rosidl_typesupport_fastrtps_cpp;rosidl_typesupport_introspection_cpp\n'}
[2.504098] (-) TimerEvent: {}
[2.604345] (-) TimerEvent: {}
[2.610442] (deptrum-ros-driver-aurora930) StdoutLine: {'line': b'-- Found rmw_implementation_cmake: 7.3.3 (/opt/ros/jazzy/share/rmw_implementation_cmake/cmake)\n'}
[2.617112] (deptrum-ros-driver-aurora930) StdoutLine: {'line': b'-- Found rmw_fastrtps_cpp: 8.4.3 (/opt/ros/jazzy/share/rmw_fastrtps_cpp/cmake)\n'}
[2.704468] (-) TimerEvent: {}
[2.795550] (deptrum-ros-driver-aurora930) StdoutLine: {'line': b'-- Found OpenSSL: /usr/lib/aarch64-linux-gnu/libcrypto.so (found version "3.0.13")  \n'}
[2.804545] (-) TimerEvent: {}
[2.827162] (deptrum-ros-driver-aurora930) StdoutLine: {'line': b'-- Found FastRTPS: /opt/ros/jazzy/include (Required is at least version "2.13") \n'}
[2.868600] (deptrum-ros-driver-aurora930) StdoutLine: {'line': b"-- Using RMW implementation 'rmw_fastrtps_cpp' as default\n"}
[2.904674] (-) TimerEvent: {}
[3.005024] (-) TimerEvent: {}
[3.031043] (deptrum-ros-driver-aurora930) StdoutLine: {'line': b'-- STREAM_SDK_TYPE: STELLAR400\n'}
[3.031365] (deptrum-ros-driver-aurora930) StdoutLine: {'line': b'-- SYSTEM_PLATFORM: -\n'}
[3.031993] (deptrum-ros-driver-aurora930) StdoutLine: {'line': b'-- Download deptrum-stream-stellar400---v1.1.2-18.04.tar.gz from http://192.168.104.3/data/ci_release/deptrum-stream/stellar400/release/-/deptrum-stream-stellar400---v1.1.2-18.04.tar.gz\n'}
[3.105093] (-) TimerEvent: {}
[3.205319] (-) TimerEvent: {}
[3.305575] (-) TimerEvent: {}
[3.405829] (-) TimerEvent: {}
[3.506076] (-) TimerEvent: {}
[3.606301] (-) TimerEvent: {}
[3.706541] (-) TimerEvent: {}
[3.806854] (-) TimerEvent: {}
[3.907096] (-) TimerEvent: {}
[4.007339] (-) TimerEvent: {}
[4.107590] (-) TimerEvent: {}
[4.207845] (-) TimerEvent: {}
[4.308081] (-) TimerEvent: {}
[4.408318] (-) TimerEvent: {}
[4.508566] (-) TimerEvent: {}
[4.608840] (-) TimerEvent: {}
[4.709108] (-) TimerEvent: {}
[4.809362] (-) TimerEvent: {}
[4.909625] (-) TimerEvent: {}
[5.009877] (-) TimerEvent: {}
[5.110134] (-) TimerEvent: {}
[5.210383] (-) TimerEvent: {}
[5.310648] (-) TimerEvent: {}
[5.410908] (-) TimerEvent: {}
[5.511166] (-) TimerEvent: {}
[5.611419] (-) TimerEvent: {}
[5.711701] (-) TimerEvent: {}
[5.811977] (-) TimerEvent: {}
[5.912234] (-) TimerEvent: {}
[6.012487] (-) TimerEvent: {}
[6.112782] (-) TimerEvent: {}
[6.213019] (-) TimerEvent: {}
[6.313275] (-) TimerEvent: {}
[6.413528] (-) TimerEvent: {}
[6.513786] (-) TimerEvent: {}
[6.614023] (-) TimerEvent: {}
[6.714275] (-) TimerEvent: {}
[6.814548] (-) TimerEvent: {}
[6.914820] (-) TimerEvent: {}
[7.015151] (-) TimerEvent: {}
[7.115558] (-) TimerEvent: {}
[7.215812] (-) TimerEvent: {}
[7.316076] (-) TimerEvent: {}
[7.416314] (-) TimerEvent: {}
[7.516577] (-) TimerEvent: {}
[7.616822] (-) TimerEvent: {}
[7.717074] (-) TimerEvent: {}
[7.817316] (-) TimerEvent: {}
[7.917547] (-) TimerEvent: {}
[8.017864] (-) TimerEvent: {}
[8.118115] (-) TimerEvent: {}
[8.218346] (-) TimerEvent: {}
[8.318587] (-) TimerEvent: {}
[8.418836] (-) TimerEvent: {}
[8.519073] (-) TimerEvent: {}
[8.619288] (-) TimerEvent: {}
[8.719537] (-) TimerEvent: {}
[8.819796] (-) TimerEvent: {}
[8.920039] (-) TimerEvent: {}
[9.020268] (-) TimerEvent: {}
[9.120501] (-) TimerEvent: {}
[9.220769] (-) TimerEvent: {}
[9.321028] (-) TimerEvent: {}
[9.421394] (-) TimerEvent: {}
[9.521741] (-) TimerEvent: {}
[9.621973] (-) TimerEvent: {}
[9.722217] (-) TimerEvent: {}
[9.822448] (-) TimerEvent: {}
[9.922684] (-) TimerEvent: {}
[10.022943] (-) TimerEvent: {}
[10.123175] (-) TimerEvent: {}
[10.223428] (-) TimerEvent: {}
[10.323670] (-) TimerEvent: {}
[10.423946] (-) TimerEvent: {}
[10.524185] (-) TimerEvent: {}
[10.624417] (-) TimerEvent: {}
[10.724674] (-) TimerEvent: {}
[10.824943] (-) TimerEvent: {}
[10.925317] (-) TimerEvent: {}
[11.025592] (-) TimerEvent: {}
[11.125827] (-) TimerEvent: {}
[11.226077] (-) TimerEvent: {}
[11.326330] (-) TimerEvent: {}
[11.426582] (-) TimerEvent: {}
[11.526843] (-) TimerEvent: {}
[11.627079] (-) TimerEvent: {}
[11.727327] (-) TimerEvent: {}
[11.827570] (-) TimerEvent: {}
[11.927844] (-) TimerEvent: {}
[12.028092] (-) TimerEvent: {}
[12.128334] (-) TimerEvent: {}
[12.228586] (-) TimerEvent: {}
[12.328842] (-) TimerEvent: {}
[12.429180] (-) TimerEvent: {}
[12.529570] (-) TimerEvent: {}
[12.629838] (-) TimerEvent: {}
[12.730099] (-) TimerEvent: {}
[12.830355] (-) TimerEvent: {}
[12.930670] (-) TimerEvent: {}
[13.030947] (-) TimerEvent: {}
[13.131190] (-) TimerEvent: {}
[13.231442] (-) TimerEvent: {}
[13.331688] (-) TimerEvent: {}
[13.432050] (-) TimerEvent: {}
[13.532302] (-) TimerEvent: {}
[13.632553] (-) TimerEvent: {}
[13.732806] (-) TimerEvent: {}
[13.833045] (-) TimerEvent: {}
[13.933290] (-) TimerEvent: {}
[14.033544] (-) TimerEvent: {}
[14.133823] (-) TimerEvent: {}
[14.234072] (-) TimerEvent: {}
[14.334334] (-) TimerEvent: {}
[14.434568] (-) TimerEvent: {}
[14.534800] (-) TimerEvent: {}
[14.635045] (-) TimerEvent: {}
[14.735299] (-) TimerEvent: {}
[14.835553] (-) TimerEvent: {}
[14.935807] (-) TimerEvent: {}
[15.036041] (-) TimerEvent: {}
[15.136287] (-) TimerEvent: {}
[15.236536] (-) TimerEvent: {}
[15.336803] (-) TimerEvent: {}
[15.437037] (-) TimerEvent: {}
[15.537265] (-) TimerEvent: {}
[15.637518] (-) TimerEvent: {}
[15.737864] (-) TimerEvent: {}
[15.838171] (-) TimerEvent: {}
[15.938529] (-) TimerEvent: {}
[16.038779] (-) TimerEvent: {}
[16.139037] (-) TimerEvent: {}
[16.239308] (-) TimerEvent: {}
[16.339562] (-) TimerEvent: {}
[16.439804] (-) TimerEvent: {}
[16.540022] (-) TimerEvent: {}
[16.640267] (-) TimerEvent: {}
[16.740528] (-) TimerEvent: {}
[16.840786] (-) TimerEvent: {}
[16.941016] (-) TimerEvent: {}
[17.041244] (-) TimerEvent: {}
[17.141492] (-) TimerEvent: {}
[17.241746] (-) TimerEvent: {}
[17.341997] (-) TimerEvent: {}
[17.442252] (-) TimerEvent: {}
[17.542486] (-) TimerEvent: {}
[17.642737] (-) TimerEvent: {}
[17.742987] (-) TimerEvent: {}
[17.843227] (-) TimerEvent: {}
[17.943478] (-) TimerEvent: {}
[18.043712] (-) TimerEvent: {}
[18.143969] (-) TimerEvent: {}
[18.244203] (-) TimerEvent: {}
[18.344455] (-) TimerEvent: {}
[18.444732] (-) TimerEvent: {}
[18.544964] (-) TimerEvent: {}
[18.645199] (-) TimerEvent: {}
[18.745448] (-) TimerEvent: {}
[18.845785] (-) TimerEvent: {}
[18.946120] (-) TimerEvent: {}
[19.046348] (-) TimerEvent: {}
[19.146604] (-) TimerEvent: {}
[19.246846] (-) TimerEvent: {}
[19.347130] (-) TimerEvent: {}
[19.447371] (-) TimerEvent: {}
[19.547635] (-) TimerEvent: {}
[19.647925] (-) TimerEvent: {}
[19.748177] (-) TimerEvent: {}
[19.848412] (-) TimerEvent: {}
[19.948642] (-) TimerEvent: {}
[20.048904] (-) TimerEvent: {}
[20.149160] (-) TimerEvent: {}
[20.249418] (-) TimerEvent: {}
[20.349651] (-) TimerEvent: {}
[20.449877] (-) TimerEvent: {}
[20.550117] (-) TimerEvent: {}
[20.650359] (-) TimerEvent: {}
[20.750605] (-) TimerEvent: {}
[20.850840] (-) TimerEvent: {}
[20.951060] (-) TimerEvent: {}
[21.051306] (-) TimerEvent: {}
[21.151551] (-) TimerEvent: {}
[21.251803] (-) TimerEvent: {}
[21.352031] (-) TimerEvent: {}
[21.452255] (-) TimerEvent: {}
[21.552504] (-) TimerEvent: {}
[21.652857] (-) TimerEvent: {}
[21.753182] (-) TimerEvent: {}
[21.853410] (-) TimerEvent: {}
[21.953630] (-) TimerEvent: {}
[22.053880] (-) TimerEvent: {}
[22.154141] (-) TimerEvent: {}
[22.254920] (-) TimerEvent: {}
[22.355313] (-) TimerEvent: {}
[22.455527] (-) TimerEvent: {}
[22.555787] (-) TimerEvent: {}
[22.656035] (-) TimerEvent: {}
[22.756282] (-) TimerEvent: {}
[22.856518] (-) TimerEvent: {}
[22.956776] (-) TimerEvent: {}
[23.057017] (-) TimerEvent: {}
[23.157282] (-) TimerEvent: {}
[23.257521] (-) TimerEvent: {}
[23.357783] (-) TimerEvent: {}
[23.458022] (-) TimerEvent: {}
[23.558285] (-) TimerEvent: {}
[23.658522] (-) TimerEvent: {}
[23.758786] (-) TimerEvent: {}
[23.859030] (-) TimerEvent: {}
[23.959269] (-) TimerEvent: {}
[24.059508] (-) TimerEvent: {}
[24.159741] (-) TimerEvent: {}
[24.259998] (-) TimerEvent: {}
[24.360253] (-) TimerEvent: {}
[24.460484] (-) TimerEvent: {}
[24.560731] (-) TimerEvent: {}
[24.660994] (-) TimerEvent: {}
[24.761244] (-) TimerEvent: {}
[24.861484] (-) TimerEvent: {}
[24.961730] (-) TimerEvent: {}
[25.062001] (-) TimerEvent: {}
[25.162255] (-) TimerEvent: {}
[25.262500] (-) TimerEvent: {}
[25.362744] (-) TimerEvent: {}
[25.462993] (-) TimerEvent: {}
[25.563238] (-) TimerEvent: {}
[25.663479] (-) TimerEvent: {}
[25.763716] (-) TimerEvent: {}
[25.863986] (-) TimerEvent: {}
[25.964235] (-) TimerEvent: {}
[26.064482] (-) TimerEvent: {}
[26.164724] (-) TimerEvent: {}
[26.264998] (-) TimerEvent: {}
[26.365380] (-) TimerEvent: {}
[26.465637] (-) TimerEvent: {}
[26.565910] (-) TimerEvent: {}
[26.666157] (-) TimerEvent: {}
[26.766562] (-) TimerEvent: {}
[26.867037] (-) TimerEvent: {}
[26.967277] (-) TimerEvent: {}
[27.067528] (-) TimerEvent: {}
[27.167788] (-) TimerEvent: {}
[27.268014] (-) TimerEvent: {}
[27.368254] (-) TimerEvent: {}
[27.468507] (-) TimerEvent: {}
[27.568769] (-) TimerEvent: {}
[27.669010] (-) TimerEvent: {}
[27.769239] (-) TimerEvent: {}
[27.869469] (-) TimerEvent: {}
[27.969717] (-) TimerEvent: {}
[28.069981] (-) TimerEvent: {}
[28.170225] (-) TimerEvent: {}
[28.270473] (-) TimerEvent: {}
[28.370699] (-) TimerEvent: {}
[28.470959] (-) TimerEvent: {}
[28.571202] (-) TimerEvent: {}
[28.671539] (-) TimerEvent: {}
[28.771976] (-) TimerEvent: {}
[28.872226] (-) TimerEvent: {}
[28.972483] (-) TimerEvent: {}
[29.072744] (-) TimerEvent: {}
[29.173020] (-) TimerEvent: {}
[29.273269] (-) TimerEvent: {}
[29.373496] (-) TimerEvent: {}
[29.473744] (-) TimerEvent: {}
[29.574033] (-) TimerEvent: {}
[29.674300] (-) TimerEvent: {}
[29.774548] (-) TimerEvent: {}
[29.874805] (-) TimerEvent: {}
[29.975058] (-) TimerEvent: {}
[30.075300] (-) TimerEvent: {}
[30.175552] (-) TimerEvent: {}
[30.275794] (-) TimerEvent: {}
[30.376026] (-) TimerEvent: {}
[30.476269] (-) TimerEvent: {}
[30.576499] (-) TimerEvent: {}
[30.676766] (-) TimerEvent: {}
[30.777014] (-) TimerEvent: {}
[30.877258] (-) TimerEvent: {}
[30.977516] (-) TimerEvent: {}
[31.077780] (-) TimerEvent: {}
[31.178035] (-) TimerEvent: {}
[31.278298] (-) TimerEvent: {}
[31.378609] (-) TimerEvent: {}
[31.478884] (-) TimerEvent: {}
[31.579153] (-) TimerEvent: {}
[31.679445] (-) TimerEvent: {}
[31.779718] (-) TimerEvent: {}
[31.879990] (-) TimerEvent: {}
[31.980236] (-) TimerEvent: {}
[32.080469] (-) TimerEvent: {}
[32.180713] (-) TimerEvent: {}
[32.280979] (-) TimerEvent: {}
[32.381206] (-) TimerEvent: {}
[32.481447] (-) TimerEvent: {}
[32.581702] (-) TimerEvent: {}
[32.681963] (-) TimerEvent: {}
[32.782252] (-) TimerEvent: {}
[32.882483] (-) TimerEvent: {}
[32.982727] (-) TimerEvent: {}
[33.082984] (-) TimerEvent: {}
[33.183220] (-) TimerEvent: {}
[33.283452] (-) TimerEvent: {}
[33.383694] (-) TimerEvent: {}
[33.483950] (-) TimerEvent: {}
[33.584188] (-) TimerEvent: {}
[33.684412] (-) TimerEvent: {}
[33.784639] (-) TimerEvent: {}
[33.884839] (-) TimerEvent: {}
[33.985132] (-) TimerEvent: {}
[34.085365] (-) TimerEvent: {}
[34.185597] (-) TimerEvent: {}
[34.285843] (-) TimerEvent: {}
[34.386166] (-) TimerEvent: {}
[34.486395] (-) TimerEvent: {}
[34.586644] (-) TimerEvent: {}
[34.686892] (-) TimerEvent: {}
[34.787129] (-) TimerEvent: {}
[34.887374] (-) TimerEvent: {}
[34.987632] (-) TimerEvent: {}
[35.088959] (-) TimerEvent: {}
[35.189318] (-) TimerEvent: {}
[35.289561] (-) TimerEvent: {}
[35.389816] (-) TimerEvent: {}
[35.490065] (-) TimerEvent: {}
[35.592140] (-) TimerEvent: {}
[35.692392] (-) TimerEvent: {}
[35.792633] (-) TimerEvent: {}
[35.892912] (-) TimerEvent: {}
[35.993165] (-) TimerEvent: {}
[36.093429] (-) TimerEvent: {}
[36.193694] (-) TimerEvent: {}
[36.294035] (-) TimerEvent: {}
[36.394307] (-) TimerEvent: {}
[36.494549] (-) TimerEvent: {}
[36.594837] (-) TimerEvent: {}
[36.695127] (-) TimerEvent: {}
[36.795364] (-) TimerEvent: {}
[36.895607] (-) TimerEvent: {}
[36.995862] (-) TimerEvent: {}
[37.096127] (-) TimerEvent: {}
[37.196399] (-) TimerEvent: {}
[37.296639] (-) TimerEvent: {}
[37.396894] (-) TimerEvent: {}
[37.497131] (-) TimerEvent: {}
[37.597361] (-) TimerEvent: {}
[37.697633] (-) TimerEvent: {}
[37.797884] (-) TimerEvent: {}
[37.898128] (-) TimerEvent: {}
[37.998369] (-) TimerEvent: {}
[38.098608] (-) TimerEvent: {}
[38.198828] (-) TimerEvent: {}
[38.299051] (-) TimerEvent: {}
[38.399307] (-) TimerEvent: {}
[38.499559] (-) TimerEvent: {}
[38.599804] (-) TimerEvent: {}
[38.700024] (-) TimerEvent: {}
[38.800264] (-) TimerEvent: {}
[38.900518] (-) TimerEvent: {}
[39.000783] (-) TimerEvent: {}
[39.101033] (-) TimerEvent: {}
[39.201275] (-) TimerEvent: {}
[39.301516] (-) TimerEvent: {}
[39.401788] (-) TimerEvent: {}
[39.502028] (-) TimerEvent: {}
[39.602247] (-) TimerEvent: {}
[39.702490] (-) TimerEvent: {}
[39.802766] (-) TimerEvent: {}
[39.903004] (-) TimerEvent: {}
[40.003236] (-) TimerEvent: {}
[40.103470] (-) TimerEvent: {}
[40.203699] (-) TimerEvent: {}
[40.303955] (-) TimerEvent: {}
[40.404201] (-) TimerEvent: {}
[40.505006] (-) TimerEvent: {}
[40.605323] (-) TimerEvent: {}
[40.705556] (-) TimerEvent: {}
[40.805825] (-) TimerEvent: {}
[40.906087] (-) TimerEvent: {}
[41.006398] (-) TimerEvent: {}
[41.106652] (-) TimerEvent: {}
[41.206907] (-) TimerEvent: {}
[41.307156] (-) TimerEvent: {}
[41.407405] (-) TimerEvent: {}
[41.507642] (-) TimerEvent: {}
[41.607895] (-) TimerEvent: {}
[41.708129] (-) TimerEvent: {}
[41.808366] (-) TimerEvent: {}
[41.908618] (-) TimerEvent: {}
[42.008888] (-) TimerEvent: {}
[42.109139] (-) TimerEvent: {}
[42.209426] (-) TimerEvent: {}
[42.309686] (-) TimerEvent: {}
[42.409939] (-) TimerEvent: {}
[42.510192] (-) TimerEvent: {}
[42.610459] (-) TimerEvent: {}
[42.710694] (-) TimerEvent: {}
[42.810975] (-) TimerEvent: {}
[42.911223] (-) TimerEvent: {}
[43.011480] (-) TimerEvent: {}
[43.111737] (-) TimerEvent: {}
[43.212009] (-) TimerEvent: {}
[43.312253] (-) TimerEvent: {}
[43.412498] (-) TimerEvent: {}
[43.512768] (-) TimerEvent: {}
[43.613040] (-) TimerEvent: {}
[43.713290] (-) TimerEvent: {}
[43.813542] (-) TimerEvent: {}
[43.913821] (-) TimerEvent: {}
[44.014074] (-) TimerEvent: {}
[44.114318] (-) TimerEvent: {}
[44.214586] (-) TimerEvent: {}
[44.314834] (-) TimerEvent: {}
[44.415083] (-) TimerEvent: {}
[44.515329] (-) TimerEvent: {}
[44.615555] (-) TimerEvent: {}
[44.715801] (-) TimerEvent: {}
[44.816035] (-) TimerEvent: {}
[44.916292] (-) TimerEvent: {}
[45.016531] (-) TimerEvent: {}
[45.116779] (-) TimerEvent: {}
[45.217025] (-) TimerEvent: {}
[45.317275] (-) TimerEvent: {}
[45.417505] (-) TimerEvent: {}
[45.517739] (-) TimerEvent: {}
[45.617982] (-) TimerEvent: {}
[45.718244] (-) TimerEvent: {}
[45.818485] (-) TimerEvent: {}
[45.918717] (-) TimerEvent: {}
[46.018986] (-) TimerEvent: {}
[46.119203] (-) TimerEvent: {}
[46.219447] (-) TimerEvent: {}
[46.319703] (-) TimerEvent: {}
[46.419978] (-) TimerEvent: {}
[46.520205] (-) TimerEvent: {}
[46.620447] (-) TimerEvent: {}
[46.720680] (-) TimerEvent: {}
[46.820925] (-) TimerEvent: {}
[46.921250] (-) TimerEvent: {}
[47.021611] (-) TimerEvent: {}
[47.121833] (-) TimerEvent: {}
[47.222087] (-) TimerEvent: {}
[47.322338] (-) TimerEvent: {}
[47.422588] (-) TimerEvent: {}
[47.522860] (-) TimerEvent: {}
[47.623141] (-) TimerEvent: {}
[47.723400] (-) TimerEvent: {}
[47.823633] (-) TimerEvent: {}
[47.923870] (-) TimerEvent: {}
[48.024123] (-) TimerEvent: {}
[48.124355] (-) TimerEvent: {}
[48.224592] (-) TimerEvent: {}
[48.324834] (-) TimerEvent: {}
[48.425120] (-) TimerEvent: {}
[48.525362] (-) TimerEvent: {}
[48.625589] (-) TimerEvent: {}
[48.725816] (-) TimerEvent: {}
[48.826047] (-) TimerEvent: {}
[48.926307] (-) TimerEvent: {}
[49.026555] (-) TimerEvent: {}
[49.126809] (-) TimerEvent: {}
[49.227065] (-) TimerEvent: {}
[49.327320] (-) TimerEvent: {}
[49.427618] (-) TimerEvent: {}
[49.527881] (-) TimerEvent: {}
[49.628132] (-) TimerEvent: {}
[49.728401] (-) TimerEvent: {}
[49.828640] (-) TimerEvent: {}
[49.928855] (-) TimerEvent: {}
[50.029092] (-) TimerEvent: {}
[50.129330] (-) TimerEvent: {}
[50.229580] (-) TimerEvent: {}
[50.329840] (-) TimerEvent: {}
[50.430159] (-) TimerEvent: {}
[50.530418] (-) TimerEvent: {}
[50.630656] (-) TimerEvent: {}
[50.730928] (-) TimerEvent: {}
[50.831178] (-) TimerEvent: {}
[50.931558] (-) TimerEvent: {}
[51.031966] (-) TimerEvent: {}
[51.132204] (-) TimerEvent: {}
[51.232415] (-) TimerEvent: {}
[51.332669] (-) TimerEvent: {}
[51.432999] (-) TimerEvent: {}
[51.533220] (-) TimerEvent: {}
[51.633443] (-) TimerEvent: {}
[51.733689] (-) TimerEvent: {}
[51.833958] (-) TimerEvent: {}
[51.934204] (-) TimerEvent: {}
[52.034436] (-) TimerEvent: {}
[52.134688] (-) TimerEvent: {}
[52.234960] (-) TimerEvent: {}
[52.335211] (-) TimerEvent: {}
[52.435451] (-) TimerEvent: {}
[52.535687] (-) TimerEvent: {}
[52.635963] (-) TimerEvent: {}
[52.736225] (-) TimerEvent: {}
[52.836479] (-) TimerEvent: {}
[52.936715] (-) TimerEvent: {}
[53.036977] (-) TimerEvent: {}
[53.137232] (-) TimerEvent: {}
[53.237487] (-) TimerEvent: {}
[53.337971] (-) TimerEvent: {}
[53.438360] (-) TimerEvent: {}
[53.538596] (-) TimerEvent: {}
[53.638841] (-) TimerEvent: {}
[53.739088] (-) TimerEvent: {}
[53.839328] (-) TimerEvent: {}
[53.939569] (-) TimerEvent: {}
[54.039827] (-) TimerEvent: {}
[54.140080] (-) TimerEvent: {}
[54.240327] (-) TimerEvent: {}
[54.340570] (-) TimerEvent: {}
[54.440829] (-) TimerEvent: {}
[54.541059] (-) TimerEvent: {}
[54.641305] (-) TimerEvent: {}
[54.741549] (-) TimerEvent: {}
[54.841809] (-) TimerEvent: {}
[54.942046] (-) TimerEvent: {}
[55.042288] (-) TimerEvent: {}
[55.142537] (-) TimerEvent: {}
[55.242803] (-) TimerEvent: {}
[55.343052] (-) TimerEvent: {}
[55.443306] (-) TimerEvent: {}
[55.543549] (-) TimerEvent: {}
[55.643823] (-) TimerEvent: {}
[55.744073] (-) TimerEvent: {}
[55.844317] (-) TimerEvent: {}
[55.944589] (-) TimerEvent: {}
[56.044834] (-) TimerEvent: {}
[56.145066] (-) TimerEvent: {}
[56.245306] (-) TimerEvent: {}
[56.345558] (-) TimerEvent: {}
[56.445843] (-) TimerEvent: {}
[56.546109] (-) TimerEvent: {}
[56.646353] (-) TimerEvent: {}
[56.746597] (-) TimerEvent: {}
[56.846866] (-) TimerEvent: {}
[56.947173] (-) TimerEvent: {}
[57.047409] (-) TimerEvent: {}
[57.147653] (-) TimerEvent: {}
[57.247912] (-) TimerEvent: {}
[57.348149] (-) TimerEvent: {}
[57.448376] (-) TimerEvent: {}
[57.548627] (-) TimerEvent: {}
[57.648874] (-) TimerEvent: {}
[57.749117] (-) TimerEvent: {}
[57.849370] (-) TimerEvent: {}
[57.949622] (-) TimerEvent: {}
[58.049854] (-) TimerEvent: {}
[58.150118] (-) TimerEvent: {}
[58.250357] (-) TimerEvent: {}
[58.350600] (-) TimerEvent: {}
[58.450869] (-) TimerEvent: {}
[58.551111] (-) TimerEvent: {}
[58.651360] (-) TimerEvent: {}
[58.751606] (-) TimerEvent: {}
[58.851839] (-) TimerEvent: {}
[58.952059] (-) TimerEvent: {}
[59.052302] (-) TimerEvent: {}
[59.152547] (-) TimerEvent: {}
[59.252829] (-) TimerEvent: {}
[59.353065] (-) TimerEvent: {}
[59.453311] (-) TimerEvent: {}
[59.553614] (-) TimerEvent: {}
[59.653999] (-) TimerEvent: {}
[59.754969] (-) TimerEvent: {}
[59.855333] (-) TimerEvent: {}
[59.955565] (-) TimerEvent: {}
[60.055811] (-) TimerEvent: {}
[60.156050] (-) TimerEvent: {}
[60.256300] (-) TimerEvent: {}
[60.356537] (-) TimerEvent: {}
[60.456793] (-) TimerEvent: {}
[60.557032] (-) TimerEvent: {}
[60.657277] (-) TimerEvent: {}
[60.757518] (-) TimerEvent: {}
[60.857770] (-) TimerEvent: {}
[60.958018] (-) TimerEvent: {}
[61.058279] (-) TimerEvent: {}
[61.158532] (-) TimerEvent: {}
[61.258800] (-) TimerEvent: {}
[61.359045] (-) TimerEvent: {}
[61.459266] (-) TimerEvent: {}
[61.559529] (-) TimerEvent: {}
[61.659796] (-) TimerEvent: {}
[61.760141] (-) TimerEvent: {}
[61.860445] (-) TimerEvent: {}
[61.960670] (-) TimerEvent: {}
[62.060933] (-) TimerEvent: {}
[62.161139] (-) TimerEvent: {}
[62.261717] (-) TimerEvent: {}
[62.362125] (-) TimerEvent: {}
[62.462373] (-) TimerEvent: {}
[62.562624] (-) TimerEvent: {}
[62.662885] (-) TimerEvent: {}
[62.763292] (-) TimerEvent: {}
[62.863583] (-) TimerEvent: {}
[62.963856] (-) TimerEvent: {}
[63.064101] (-) TimerEvent: {}
[63.164346] (-) TimerEvent: {}
[63.264667] (-) TimerEvent: {}
[63.364911] (-) TimerEvent: {}
[63.465165] (-) TimerEvent: {}
[63.565464] (-) TimerEvent: {}
[63.665834] (-) TimerEvent: {}
[63.766195] (-) TimerEvent: {}
[63.866591] (-) TimerEvent: {}
[63.966858] (-) TimerEvent: {}
[64.067104] (-) TimerEvent: {}
[64.167380] (-) TimerEvent: {}
[64.267611] (-) TimerEvent: {}
[64.367857] (-) TimerEvent: {}
[64.468154] (-) TimerEvent: {}
[64.568410] (-) TimerEvent: {}
[64.668661] (-) TimerEvent: {}
[64.768933] (-) TimerEvent: {}
[64.869171] (-) TimerEvent: {}
[64.969418] (-) TimerEvent: {}
[65.069675] (-) TimerEvent: {}
[65.169929] (-) TimerEvent: {}
[65.270162] (-) TimerEvent: {}
[65.370388] (-) TimerEvent: {}
[65.470648] (-) TimerEvent: {}
[65.570910] (-) TimerEvent: {}
[65.671251] (-) TimerEvent: {}
[65.771596] (-) TimerEvent: {}
[65.871835] (-) TimerEvent: {}
[65.972082] (-) TimerEvent: {}
[66.072338] (-) TimerEvent: {}
[66.172590] (-) TimerEvent: {}
[66.272846] (-) TimerEvent: {}
[66.373087] (-) TimerEvent: {}
[66.473398] (-) TimerEvent: {}
[66.573653] (-) TimerEvent: {}
[66.673948] (-) TimerEvent: {}
[66.774194] (-) TimerEvent: {}
[66.874433] (-) TimerEvent: {}
[66.974686] (-) TimerEvent: {}
[67.074952] (-) TimerEvent: {}
[67.175208] (-) TimerEvent: {}
[67.275465] (-) TimerEvent: {}
[67.375733] (-) TimerEvent: {}
[67.476028] (-) TimerEvent: {}
[67.576282] (-) TimerEvent: {}
[67.676532] (-) TimerEvent: {}
[67.776794] (-) TimerEvent: {}
[67.877044] (-) TimerEvent: {}
[67.977301] (-) TimerEvent: {}
[68.077576] (-) TimerEvent: {}
[68.177888] (-) TimerEvent: {}
[68.278167] (-) TimerEvent: {}
[68.378396] (-) TimerEvent: {}
[68.478651] (-) TimerEvent: {}
[68.578918] (-) TimerEvent: {}
[68.679171] (-) TimerEvent: {}
[68.779475] (-) TimerEvent: {}
[68.879715] (-) TimerEvent: {}
[68.980017] (-) TimerEvent: {}
[69.080269] (-) TimerEvent: {}
[69.180641] (-) TimerEvent: {}
[69.281124] (-) TimerEvent: {}
[69.381356] (-) TimerEvent: {}
[69.481609] (-) TimerEvent: {}
[69.581881] (-) TimerEvent: {}
[69.682182] (-) TimerEvent: {}
[69.782453] (-) TimerEvent: {}
[69.882709] (-) TimerEvent: {}
[69.982977] (-) TimerEvent: {}
[70.083215] (-) TimerEvent: {}
[70.183442] (-) TimerEvent: {}
[70.283668] (-) TimerEvent: {}
[70.383938] (-) TimerEvent: {}
[70.484195] (-) TimerEvent: {}
[70.584443] (-) TimerEvent: {}
[70.684683] (-) TimerEvent: {}
[70.784946] (-) TimerEvent: {}
[70.885188] (-) TimerEvent: {}
[70.985444] (-) TimerEvent: {}
[71.085721] (-) TimerEvent: {}
[71.185970] (-) TimerEvent: {}
[71.286200] (-) TimerEvent: {}
[71.386447] (-) TimerEvent: {}
[71.486701] (-) TimerEvent: {}
[71.586955] (-) TimerEvent: {}
[71.687177] (-) TimerEvent: {}
[71.787412] (-) TimerEvent: {}
[71.887675] (-) TimerEvent: {}
[71.987931] (-) TimerEvent: {}
[72.088291] (-) TimerEvent: {}
[72.188648] (-) TimerEvent: {}
[72.288873] (-) TimerEvent: {}
[72.389119] (-) TimerEvent: {}
[72.489416] (-) TimerEvent: {}
[72.589681] (-) TimerEvent: {}
[72.689929] (-) TimerEvent: {}
[72.790160] (-) TimerEvent: {}
[72.890403] (-) TimerEvent: {}
[72.990662] (-) TimerEvent: {}
[73.090929] (-) TimerEvent: {}
[73.191170] (-) TimerEvent: {}
[73.291409] (-) TimerEvent: {}
[73.391659] (-) TimerEvent: {}
[73.491923] (-) TimerEvent: {}
[73.592165] (-) TimerEvent: {}
[73.692405] (-) TimerEvent: {}
[73.792643] (-) TimerEvent: {}
[73.892912] (-) TimerEvent: {}
[73.993153] (-) TimerEvent: {}
[74.093413] (-) TimerEvent: {}
[74.193656] (-) TimerEvent: {}
[74.293901] (-) TimerEvent: {}
[74.394180] (-) TimerEvent: {}
[74.494439] (-) TimerEvent: {}
[74.594692] (-) TimerEvent: {}
[74.694957] (-) TimerEvent: {}
[74.795197] (-) TimerEvent: {}
[74.895458] (-) TimerEvent: {}
[74.995712] (-) TimerEvent: {}
[75.095981] (-) TimerEvent: {}
[75.196229] (-) TimerEvent: {}
[75.296466] (-) TimerEvent: {}
[75.396736] (-) TimerEvent: {}
[75.496991] (-) TimerEvent: {}
[75.597232] (-) TimerEvent: {}
[75.697480] (-) TimerEvent: {}
[75.797726] (-) TimerEvent: {}
[75.897988] (-) TimerEvent: {}
[75.998251] (-) TimerEvent: {}
[76.098558] (-) TimerEvent: {}
[76.199005] (-) TimerEvent: {}
[76.299253] (-) TimerEvent: {}
[76.399490] (-) TimerEvent: {}
[76.499764] (-) TimerEvent: {}
[76.600011] (-) TimerEvent: {}
[76.700251] (-) TimerEvent: {}
[76.800502] (-) TimerEvent: {}
[76.900766] (-) TimerEvent: {}
[77.001017] (-) TimerEvent: {}
[77.101254] (-) TimerEvent: {}
[77.201490] (-) TimerEvent: {}
[77.301738] (-) TimerEvent: {}
[77.402005] (-) TimerEvent: {}
[77.502249] (-) TimerEvent: {}
[77.602502] (-) TimerEvent: {}
[77.702745] (-) TimerEvent: {}
[77.803002] (-) TimerEvent: {}
[77.903239] (-) TimerEvent: {}
[78.003482] (-) TimerEvent: {}
[78.103745] (-) TimerEvent: {}
[78.203990] (-) TimerEvent: {}
[78.304220] (-) TimerEvent: {}
[78.404418] (-) TimerEvent: {}
[78.504916] (-) TimerEvent: {}
[78.605310] (-) TimerEvent: {}
[78.705532] (-) TimerEvent: {}
[78.805744] (-) TimerEvent: {}
[78.905972] (-) TimerEvent: {}
[79.006186] (-) TimerEvent: {}
[79.106389] (-) TimerEvent: {}
[79.206583] (-) TimerEvent: {}
[79.306803] (-) TimerEvent: {}
[79.407045] (-) TimerEvent: {}
[79.507273] (-) TimerEvent: {}
[79.607526] (-) TimerEvent: {}
[79.707832] (-) TimerEvent: {}
[79.808080] (-) TimerEvent: {}
[79.908327] (-) TimerEvent: {}
[80.008569] (-) TimerEvent: {}
[80.108816] (-) TimerEvent: {}
[80.209070] (-) TimerEvent: {}
[80.309328] (-) TimerEvent: {}
[80.409610] (-) TimerEvent: {}
[80.509845] (-) TimerEvent: {}
[80.612992] (-) TimerEvent: {}
[80.713236] (-) TimerEvent: {}
[80.813492] (-) TimerEvent: {}
[80.913746] (-) TimerEvent: {}
[81.014005] (-) TimerEvent: {}
[81.114279] (-) TimerEvent: {}
[81.214551] (-) TimerEvent: {}
[81.314827] (-) TimerEvent: {}
[81.415071] (-) TimerEvent: {}
[81.515309] (-) TimerEvent: {}
[81.615558] (-) TimerEvent: {}
[81.715822] (-) TimerEvent: {}
[81.816092] (-) TimerEvent: {}
[81.916330] (-) TimerEvent: {}
[82.016566] (-) TimerEvent: {}
[82.116802] (-) TimerEvent: {}
[82.217038] (-) TimerEvent: {}
[82.317271] (-) TimerEvent: {}
[82.417520] (-) TimerEvent: {}
[82.517766] (-) TimerEvent: {}
[82.617987] (-) TimerEvent: {}
[82.718241] (-) TimerEvent: {}
[82.818519] (-) TimerEvent: {}
[82.918791] (-) TimerEvent: {}
[83.019021] (-) TimerEvent: {}
[83.119243] (-) TimerEvent: {}
[83.219491] (-) TimerEvent: {}
[83.319743] (-) TimerEvent: {}
[83.419999] (-) TimerEvent: {}
[83.520227] (-) TimerEvent: {}
[83.620442] (-) TimerEvent: {}
[83.720694] (-) TimerEvent: {}
[83.820945] (-) TimerEvent: {}
[83.921262] (-) TimerEvent: {}
[84.021625] (-) TimerEvent: {}
[84.121854] (-) TimerEvent: {}
[84.222091] (-) TimerEvent: {}
[84.322336] (-) TimerEvent: {}
[84.422612] (-) TimerEvent: {}
[84.522837] (-) TimerEvent: {}
[84.623152] (-) TimerEvent: {}
[84.723404] (-) TimerEvent: {}
[84.823653] (-) TimerEvent: {}
[84.923919] (-) TimerEvent: {}
[85.024143] (-) TimerEvent: {}
[85.124372] (-) TimerEvent: {}
[85.224630] (-) TimerEvent: {}
[85.324927] (-) TimerEvent: {}
[85.425172] (-) TimerEvent: {}
[85.525420] (-) TimerEvent: {}
[85.625650] (-) TimerEvent: {}
[85.726071] (-) TimerEvent: {}
[85.826387] (-) TimerEvent: {}
[85.926632] (-) TimerEvent: {}
[86.026855] (-) TimerEvent: {}
[86.127084] (-) TimerEvent: {}
[86.227327] (-) TimerEvent: {}
[86.327566] (-) TimerEvent: {}
[86.427836] (-) TimerEvent: {}
[86.528110] (-) TimerEvent: {}
[86.628344] (-) TimerEvent: {}
[86.728594] (-) TimerEvent: {}
[86.828847] (-) TimerEvent: {}
[86.929113] (-) TimerEvent: {}
[87.029370] (-) TimerEvent: {}
[87.129613] (-) TimerEvent: {}
[87.229872] (-) TimerEvent: {}
[87.330120] (-) TimerEvent: {}
[87.430365] (-) TimerEvent: {}
[87.530611] (-) TimerEvent: {}
[87.630850] (-) TimerEvent: {}
[87.731091] (-) TimerEvent: {}
[87.831322] (-) TimerEvent: {}
[87.931571] (-) TimerEvent: {}
[88.031843] (-) TimerEvent: {}
[88.132101] (-) TimerEvent: {}
[88.232357] (-) TimerEvent: {}
[88.332606] (-) TimerEvent: {}
[88.432913] (-) TimerEvent: {}
[88.533157] (-) TimerEvent: {}
[88.633396] (-) TimerEvent: {}
[88.733642] (-) TimerEvent: {}
[88.833915] (-) TimerEvent: {}
[88.934154] (-) TimerEvent: {}
[89.034387] (-) TimerEvent: {}
[89.134647] (-) TimerEvent: {}
[89.234916] (-) TimerEvent: {}
[89.335209] (-) TimerEvent: {}
[89.435468] (-) TimerEvent: {}
[89.535727] (-) TimerEvent: {}
[89.635979] (-) TimerEvent: {}
[89.736217] (-) TimerEvent: {}
[89.836470] (-) TimerEvent: {}
[89.936709] (-) TimerEvent: {}
[90.036963] (-) TimerEvent: {}
[90.137216] (-) TimerEvent: {}
[90.237499] (-) TimerEvent: {}
[90.337939] (-) TimerEvent: {}
[90.438332] (-) TimerEvent: {}
[90.538580] (-) TimerEvent: {}
[90.638850] (-) TimerEvent: {}
[90.739106] (-) TimerEvent: {}
[90.839381] (-) TimerEvent: {}
[90.939629] (-) TimerEvent: {}
[91.039871] (-) TimerEvent: {}
[91.140109] (-) TimerEvent: {}
[91.240357] (-) TimerEvent: {}
[91.340600] (-) TimerEvent: {}
[91.440827] (-) TimerEvent: {}
[91.541113] (-) TimerEvent: {}
[91.641469] (-) TimerEvent: {}
[91.741708] (-) TimerEvent: {}
[91.841948] (-) TimerEvent: {}
[91.942194] (-) TimerEvent: {}
[92.042419] (-) TimerEvent: {}
[92.142674] (-) TimerEvent: {}
[92.242966] (-) TimerEvent: {}
[92.343218] (-) TimerEvent: {}
[92.443468] (-) TimerEvent: {}
[92.543697] (-) TimerEvent: {}
[92.643960] (-) TimerEvent: {}
[92.744218] (-) TimerEvent: {}
[92.844470] (-) TimerEvent: {}
[92.944721] (-) TimerEvent: {}
[93.044987] (-) TimerEvent: {}
[93.145237] (-) TimerEvent: {}
[93.245485] (-) TimerEvent: {}
[93.345740] (-) TimerEvent: {}
[93.446026] (-) TimerEvent: {}
[93.546273] (-) TimerEvent: {}
[93.646572] (-) TimerEvent: {}
[93.746829] (-) TimerEvent: {}
[93.847094] (-) TimerEvent: {}
[93.947405] (-) TimerEvent: {}
[94.047699] (-) TimerEvent: {}
[94.148056] (-) TimerEvent: {}
[94.248268] (-) TimerEvent: {}
[94.348460] (-) TimerEvent: {}
[94.448685] (-) TimerEvent: {}
[94.548911] (-) TimerEvent: {}
[94.649105] (-) TimerEvent: {}
[94.749301] (-) TimerEvent: {}
[94.849521] (-) TimerEvent: {}
[94.949814] (-) TimerEvent: {}
[95.050041] (-) TimerEvent: {}
[95.150291] (-) TimerEvent: {}
[95.250546] (-) TimerEvent: {}
[95.350812] (-) TimerEvent: {}
[95.451038] (-) TimerEvent: {}
[95.559494] (-) TimerEvent: {}
[95.659735] (-) TimerEvent: {}
[95.759995] (-) TimerEvent: {}
[95.862181] (-) TimerEvent: {}
[95.962419] (-) TimerEvent: {}
[96.062616] (-) TimerEvent: {}
[96.162886] (-) TimerEvent: {}
[96.263229] (-) TimerEvent: {}
[96.363460] (-) TimerEvent: {}
[96.463675] (-) TimerEvent: {}
[96.563915] (-) TimerEvent: {}
[96.664136] (-) TimerEvent: {}
[96.764389] (-) TimerEvent: {}
[96.864621] (-) TimerEvent: {}
[96.964865] (-) TimerEvent: {}
[97.065109] (-) TimerEvent: {}
[97.165324] (-) TimerEvent: {}
[97.265546] (-) TimerEvent: {}
[97.365820] (-) TimerEvent: {}
[97.466063] (-) TimerEvent: {}
[97.566404] (-) TimerEvent: {}
[97.666674] (-) TimerEvent: {}
[97.766917] (-) TimerEvent: {}
[97.867172] (-) TimerEvent: {}
[97.967410] (-) TimerEvent: {}
[98.067648] (-) TimerEvent: {}
[98.167887] (-) TimerEvent: {}
[98.268105] (-) TimerEvent: {}
[98.368330] (-) TimerEvent: {}
[98.468576] (-) TimerEvent: {}
[98.568825] (-) TimerEvent: {}
[98.669066] (-) TimerEvent: {}
[98.769284] (-) TimerEvent: {}
[98.869571] (-) TimerEvent: {}
[98.969830] (-) TimerEvent: {}
[99.070095] (-) TimerEvent: {}
[99.170317] (-) TimerEvent: {}
[99.270547] (-) TimerEvent: {}
[99.370747] (-) TimerEvent: {}
[99.471000] (-) TimerEvent: {}
[99.571240] (-) TimerEvent: {}
[99.671586] (-) TimerEvent: {}
[99.771960] (-) TimerEvent: {}
[99.872178] (-) TimerEvent: {}
[99.972418] (-) TimerEvent: {}
[100.072664] (-) TimerEvent: {}
[100.172920] (-) TimerEvent: {}
[100.273141] (-) TimerEvent: {}
[100.373365] (-) TimerEvent: {}
[100.473606] (-) TimerEvent: {}
[100.573853] (-) TimerEvent: {}
[100.674094] (-) TimerEvent: {}
[100.774342] (-) TimerEvent: {}
[100.874579] (-) TimerEvent: {}
[100.974822] (-) TimerEvent: {}
[101.075050] (-) TimerEvent: {}
[101.175316] (-) TimerEvent: {}
[101.275613] (-) TimerEvent: {}
[101.375847] (-) TimerEvent: {}
[101.476067] (-) TimerEvent: {}
[101.576289] (-) TimerEvent: {}
[101.676539] (-) TimerEvent: {}
[101.776798] (-) TimerEvent: {}
[101.877024] (-) TimerEvent: {}
[101.977256] (-) TimerEvent: {}
[102.077488] (-) TimerEvent: {}
[102.177718] (-) TimerEvent: {}
[102.277970] (-) TimerEvent: {}
[102.378198] (-) TimerEvent: {}
[102.478431] (-) TimerEvent: {}
[102.578666] (-) TimerEvent: {}
[102.678914] (-) TimerEvent: {}
[102.779152] (-) TimerEvent: {}
[102.879384] (-) TimerEvent: {}
[102.979637] (-) TimerEvent: {}
[103.079827] (-) TimerEvent: {}
[103.180066] (-) TimerEvent: {}
[103.280310] (-) TimerEvent: {}
[103.380535] (-) TimerEvent: {}
[103.480800] (-) TimerEvent: {}
[103.581019] (-) TimerEvent: {}
[103.681256] (-) TimerEvent: {}
[103.781507] (-) TimerEvent: {}
[103.881740] (-) TimerEvent: {}
[103.981974] (-) TimerEvent: {}
[104.082197] (-) TimerEvent: {}
[104.182421] (-) TimerEvent: {}
[104.282640] (-) TimerEvent: {}
[104.382875] (-) TimerEvent: {}
[104.483081] (-) TimerEvent: {}
[104.583303] (-) TimerEvent: {}
[104.683534] (-) TimerEvent: {}
[104.783783] (-) TimerEvent: {}
[104.884038] (-) TimerEvent: {}
[104.984259] (-) TimerEvent: {}
[105.084467] (-) TimerEvent: {}
[105.184681] (-) TimerEvent: {}
[105.284925] (-) TimerEvent: {}
[105.385172] (-) TimerEvent: {}
[105.485394] (-) TimerEvent: {}
[105.585597] (-) TimerEvent: {}
[105.685823] (-) TimerEvent: {}
[105.786053] (-) TimerEvent: {}
[105.886400] (-) TimerEvent: {}
[105.986668] (-) TimerEvent: {}
[106.086917] (-) TimerEvent: {}
[106.187143] (-) TimerEvent: {}
[106.287394] (-) TimerEvent: {}
[106.387630] (-) TimerEvent: {}
[106.487848] (-) TimerEvent: {}
[106.588137] (-) TimerEvent: {}
[106.688508] (-) TimerEvent: {}
[106.788739] (-) TimerEvent: {}
[106.888999] (-) TimerEvent: {}
[106.989224] (-) TimerEvent: {}
[107.089456] (-) TimerEvent: {}
[107.189682] (-) TimerEvent: {}
[107.289917] (-) TimerEvent: {}
[107.390167] (-) TimerEvent: {}
[107.490399] (-) TimerEvent: {}
[107.590643] (-) TimerEvent: {}
[107.690906] (-) TimerEvent: {}
[107.791142] (-) TimerEvent: {}
[107.891389] (-) TimerEvent: {}
[107.991627] (-) TimerEvent: {}
[108.091878] (-) TimerEvent: {}
[108.192115] (-) TimerEvent: {}
[108.292348] (-) TimerEvent: {}
[108.392591] (-) TimerEvent: {}
[108.492821] (-) TimerEvent: {}
[108.593046] (-) TimerEvent: {}
[108.693284] (-) TimerEvent: {}
[108.793511] (-) TimerEvent: {}
[108.893729] (-) TimerEvent: {}
[108.993961] (-) TimerEvent: {}
[109.094234] (-) TimerEvent: {}
[109.194510] (-) TimerEvent: {}
[109.294800] (-) TimerEvent: {}
[109.395055] (-) TimerEvent: {}
[109.495338] (-) TimerEvent: {}
[109.595613] (-) TimerEvent: {}
[109.695906] (-) TimerEvent: {}
[109.796190] (-) TimerEvent: {}
[109.896503] (-) TimerEvent: {}
[109.996764] (-) TimerEvent: {}
[110.097042] (-) TimerEvent: {}
[110.197321] (-) TimerEvent: {}
[110.297585] (-) TimerEvent: {}
[110.397854] (-) TimerEvent: {}
[110.498106] (-) TimerEvent: {}
[110.598368] (-) TimerEvent: {}
[110.698585] (-) TimerEvent: {}
[110.798833] (-) TimerEvent: {}
[110.899059] (-) TimerEvent: {}
[110.999284] (-) TimerEvent: {}
[111.099517] (-) TimerEvent: {}
[111.199740] (-) TimerEvent: {}
[111.299983] (-) TimerEvent: {}
[111.400210] (-) TimerEvent: {}
[111.500419] (-) TimerEvent: {}
[111.600649] (-) TimerEvent: {}
[111.700918] (-) TimerEvent: {}
[111.801170] (-) TimerEvent: {}
[111.901418] (-) TimerEvent: {}
[112.001622] (-) TimerEvent: {}
[112.101832] (-) TimerEvent: {}
[112.202062] (-) TimerEvent: {}
[112.302293] (-) TimerEvent: {}
[112.402522] (-) TimerEvent: {}
[112.502781] (-) TimerEvent: {}
[112.603082] (-) TimerEvent: {}
[112.703315] (-) TimerEvent: {}
[112.803531] (-) TimerEvent: {}
[112.903774] (-) TimerEvent: {}
[113.004263] (-) TimerEvent: {}
[113.104480] (-) TimerEvent: {}
[113.204698] (-) TimerEvent: {}
[113.304933] (-) TimerEvent: {}
[113.405145] (-) TimerEvent: {}
[113.505449] (-) TimerEvent: {}
[113.605819] (-) TimerEvent: {}
[113.706190] (-) TimerEvent: {}
[113.806448] (-) TimerEvent: {}
[113.906668] (-) TimerEvent: {}
[114.006899] (-) TimerEvent: {}
[114.107152] (-) TimerEvent: {}
[114.207373] (-) TimerEvent: {}
[114.307589] (-) TimerEvent: {}
[114.407820] (-) TimerEvent: {}
[114.508048] (-) TimerEvent: {}
[114.608277] (-) TimerEvent: {}
[114.708501] (-) TimerEvent: {}
[114.808740] (-) TimerEvent: {}
[114.908980] (-) TimerEvent: {}
[115.009223] (-) TimerEvent: {}
[115.109474] (-) TimerEvent: {}
[115.209718] (-) TimerEvent: {}
[115.309951] (-) TimerEvent: {}
[115.410168] (-) TimerEvent: {}
[115.510403] (-) TimerEvent: {}
[115.610652] (-) TimerEvent: {}
[115.710918] (-) TimerEvent: {}
[115.811139] (-) TimerEvent: {}
[115.911348] (-) TimerEvent: {}
[116.011588] (-) TimerEvent: {}
[116.111835] (-) TimerEvent: {}
[116.212070] (-) TimerEvent: {}
[116.312311] (-) TimerEvent: {}
[116.412541] (-) TimerEvent: {}
[116.512808] (-) TimerEvent: {}
[116.613087] (-) TimerEvent: {}
[116.713331] (-) TimerEvent: {}
[116.813617] (-) TimerEvent: {}
[116.913837] (-) TimerEvent: {}
[117.014075] (-) TimerEvent: {}
[117.114334] (-) TimerEvent: {}
[117.214565] (-) TimerEvent: {}
[117.314815] (-) TimerEvent: {}
[117.415039] (-) TimerEvent: {}
[117.515277] (-) TimerEvent: {}
[117.615506] (-) TimerEvent: {}
[117.715733] (-) TimerEvent: {}
[117.815984] (-) TimerEvent: {}
[117.916222] (-) TimerEvent: {}
[118.016536] (-) TimerEvent: {}
[118.116910] (-) TimerEvent: {}
[118.217158] (-) TimerEvent: {}
[118.317396] (-) TimerEvent: {}
[118.417635] (-) TimerEvent: {}
[118.517863] (-) TimerEvent: {}
[118.618086] (-) TimerEvent: {}
[118.718306] (-) TimerEvent: {}
[118.818527] (-) TimerEvent: {}
[118.918777] (-) TimerEvent: {}
[119.019006] (-) TimerEvent: {}
[119.119249] (-) TimerEvent: {}
[119.219482] (-) TimerEvent: {}
[119.319704] (-) TimerEvent: {}
[119.420140] (-) TimerEvent: {}
[119.520382] (-) TimerEvent: {}
[119.620602] (-) TimerEvent: {}
[119.720841] (-) TimerEvent: {}
[119.821058] (-) TimerEvent: {}
[119.921410] (-) TimerEvent: {}
[120.021736] (-) TimerEvent: {}
[120.121958] (-) TimerEvent: {}
[120.222183] (-) TimerEvent: {}
[120.322406] (-) TimerEvent: {}
[120.422634] (-) TimerEvent: {}
[120.522851] (-) TimerEvent: {}
[120.623058] (-) TimerEvent: {}
[120.723291] (-) TimerEvent: {}
[120.823507] (-) TimerEvent: {}
[120.923732] (-) TimerEvent: {}
[121.023995] (-) TimerEvent: {}
[121.124215] (-) TimerEvent: {}
[121.224461] (-) TimerEvent: {}
[121.324678] (-) TimerEvent: {}
[121.424918] (-) TimerEvent: {}
[121.525153] (-) TimerEvent: {}
[121.625369] (-) TimerEvent: {}
[121.725589] (-) TimerEvent: {}
[121.825816] (-) TimerEvent: {}
[121.926050] (-) TimerEvent: {}
[122.026291] (-) TimerEvent: {}
[122.126528] (-) TimerEvent: {}
[122.226777] (-) TimerEvent: {}
[122.326996] (-) TimerEvent: {}
[122.427231] (-) TimerEvent: {}
[122.527478] (-) TimerEvent: {}
[122.627700] (-) TimerEvent: {}
[122.727952] (-) TimerEvent: {}
[122.828161] (-) TimerEvent: {}
[122.928400] (-) TimerEvent: {}
[123.028644] (-) TimerEvent: {}
[123.128865] (-) TimerEvent: {}
[123.229092] (-) TimerEvent: {}
[123.329318] (-) TimerEvent: {}
[123.429542] (-) TimerEvent: {}
[123.529785] (-) TimerEvent: {}
[123.629999] (-) TimerEvent: {}
[123.730208] (-) TimerEvent: {}
[123.830432] (-) TimerEvent: {}
[123.930658] (-) TimerEvent: {}
[124.030912] (-) TimerEvent: {}
[124.131145] (-) TimerEvent: {}
[124.231375] (-) TimerEvent: {}
[124.331588] (-) TimerEvent: {}
[124.431813] (-) TimerEvent: {}
[124.532033] (-) TimerEvent: {}
[124.632269] (-) TimerEvent: {}
[124.732530] (-) TimerEvent: {}
[124.832781] (-) TimerEvent: {}
[124.933117] (-) TimerEvent: {}
[125.033382] (-) TimerEvent: {}
[125.133616] (-) TimerEvent: {}
[125.233840] (-) TimerEvent: {}
[125.334061] (-) TimerEvent: {}
[125.434284] (-) TimerEvent: {}
[125.534513] (-) TimerEvent: {}
[125.634765] (-) TimerEvent: {}
[125.735003] (-) TimerEvent: {}
[125.835263] (-) TimerEvent: {}
[125.935486] (-) TimerEvent: {}
[126.035702] (-) TimerEvent: {}
[126.135956] (-) TimerEvent: {}
[126.236176] (-) TimerEvent: {}
[126.336429] (-) TimerEvent: {}
[126.436649] (-) TimerEvent: {}
[126.536871] (-) TimerEvent: {}
[126.637103] (-) TimerEvent: {}
[126.737329] (-) TimerEvent: {}
[126.837682] (-) TimerEvent: {}
[126.938057] (-) TimerEvent: {}
[127.038291] (-) TimerEvent: {}
[127.138514] (-) TimerEvent: {}
[127.238730] (-) TimerEvent: {}
[127.338981] (-) TimerEvent: {}
[127.439200] (-) TimerEvent: {}
[127.539423] (-) TimerEvent: {}
[127.639653] (-) TimerEvent: {}
[127.739899] (-) TimerEvent: {}
[127.840139] (-) TimerEvent: {}
[127.940382] (-) TimerEvent: {}
[128.040607] (-) TimerEvent: {}
[128.140828] (-) TimerEvent: {}
[128.241051] (-) TimerEvent: {}
[128.341281] (-) TimerEvent: {}
[128.441524] (-) TimerEvent: {}
[128.541767] (-) TimerEvent: {}
[128.641988] (-) TimerEvent: {}
[128.742207] (-) TimerEvent: {}
[128.842433] (-) TimerEvent: {}
[128.942677] (-) TimerEvent: {}
[129.042924] (-) TimerEvent: {}
[129.143161] (-) TimerEvent: {}
[129.243377] (-) TimerEvent: {}
[129.343591] (-) TimerEvent: {}
[129.443836] (-) TimerEvent: {}
[129.544060] (-) TimerEvent: {}
[129.644292] (-) TimerEvent: {}
[129.744510] (-) TimerEvent: {}
[129.844745] (-) TimerEvent: {}
[129.945013] (-) TimerEvent: {}
[130.045242] (-) TimerEvent: {}
[130.145471] (-) TimerEvent: {}
[130.245705] (-) TimerEvent: {}
[130.345954] (-) TimerEvent: {}
[130.446190] (-) TimerEvent: {}
[130.546416] (-) TimerEvent: {}
[130.646636] (-) TimerEvent: {}
[130.746839] (-) TimerEvent: {}
[130.847058] (-) TimerEvent: {}
[130.947298] (-) TimerEvent: {}
[131.047522] (-) TimerEvent: {}
[131.147734] (-) TimerEvent: {}
[131.247980] (-) TimerEvent: {}
[131.348210] (-) TimerEvent: {}
[131.448425] (-) TimerEvent: {}
[131.548640] (-) TimerEvent: {}
[131.648867] (-) TimerEvent: {}
[131.749085] (-) TimerEvent: {}
[131.849291] (-) TimerEvent: {}
[131.949510] (-) TimerEvent: {}
[132.049742] (-) TimerEvent: {}
[132.150001] (-) TimerEvent: {}
[132.250232] (-) TimerEvent: {}
[132.350453] (-) TimerEvent: {}
[132.450682] (-) TimerEvent: {}
[132.550935] (-) TimerEvent: {}
[132.651169] (-) TimerEvent: {}
[132.751402] (-) TimerEvent: {}
[132.851622] (-) TimerEvent: {}
[132.951851] (-) TimerEvent: {}
[133.052091] (-) TimerEvent: {}
[133.152304] (-) TimerEvent: {}
[133.252530] (-) TimerEvent: {}
[133.352771] (-) TimerEvent: {}
[133.453005] (-) TimerEvent: {}
[133.553243] (-) TimerEvent: {}
[133.653474] (-) TimerEvent: {}
[133.753719] (-) TimerEvent: {}
[133.853987] (-) TimerEvent: {}
[133.954221] (-) TimerEvent: {}
[134.054460] (-) TimerEvent: {}
[134.154706] (-) TimerEvent: {}
[134.255045] (-) TimerEvent: {}
[134.355396] (-) TimerEvent: {}
[134.455643] (-) TimerEvent: {}
[134.555908] (-) TimerEvent: {}
[134.656140] (-) TimerEvent: {}
[134.756374] (-) TimerEvent: {}
[134.856607] (-) TimerEvent: {}
[134.956841] (-) TimerEvent: {}
[135.057084] (-) TimerEvent: {}
[135.157318] (-) TimerEvent: {}
[135.257573] (-) TimerEvent: {}
[135.357829] (-) TimerEvent: {}
[135.458057] (-) TimerEvent: {}
[135.558297] (-) TimerEvent: {}
[135.599451] (deptrum-ros-driver-aurora930) StderrLine: {'line': b'CMake Error at cmake/Download.cmake:29 (message):\n'}
[135.599994] (deptrum-ros-driver-aurora930) StderrLine: {'line': b'  \n'}
[135.600175] (deptrum-ros-driver-aurora930) StderrLine: {'line': b'  http://192.168.104.3/data/ci_release/deptrum-stream/stellar400/release/-/deptrum-stream-stellar400---v1.1.2-18.04.tar.gz\n'}
[135.600318] (deptrum-ros-driver-aurora930) StderrLine: {'line': b"  doesn't exist.\n"}
[135.600434] (deptrum-ros-driver-aurora930) StderrLine: {'line': b'Call Stack (most recent call first):\n'}
[135.600528] (deptrum-ros-driver-aurora930) StderrLine: {'line': b'  cmake/Download.cmake:71 (download)\n'}
[135.600646] (deptrum-ros-driver-aurora930) StderrLine: {'line': b'  CMakeLists.txt:119 (download_sdk)\n'}
[135.600741] (deptrum-ros-driver-aurora930) StderrLine: {'line': b'\n'}
[135.600891] (deptrum-ros-driver-aurora930) StderrLine: {'line': b'\n'}
[135.600991] (deptrum-ros-driver-aurora930) StdoutLine: {'line': b'-- Configuring incomplete, errors occurred!\n'}
[135.616356] (deptrum-ros-driver-aurora930) CommandEnded: {'returncode': 1}
[135.652403] (deptrum-ros-driver-aurora930) JobEnded: {'identifier': 'deptrum-ros-driver-aurora930', 'rc': 1}
[135.658374] (-) TimerEvent: {}
[135.662948] (-) EventReactorShutdown: {}
