[0.000000] (-) TimerEvent: {}
[0.000341] (-) JobUnselected: {'identifier': 'deptrum-ros-driver-aurora930'}
[0.000768] (-) JobUnselected: {'identifier': 'my_launch_pkg'}
[0.000816] (-) JobUnselected: {'identifier': 'my_srv'}
[0.000840] (-) JobUnselected: {'identifier': 'py_pkg'}
[0.001078] (-) JobUnselected: {'identifier': 'rplidar_ros'}
[0.001456] (voice_interaction) JobQueued: {'identifier': 'voice_interaction', 'dependencies': OrderedDict()}
[0.001569] (voice_interaction) JobStarted: {'identifier': 'voice_interaction'}
[0.099272] (-) TimerEvent: {}
[0.199757] (-) TimerEvent: {}
[0.300023] (-) TimerEvent: {}
[0.400261] (-) TimerEvent: {}
[0.501227] (-) TimerEvent: {}
[0.601502] (-) TimerEvent: {}
[0.701928] (-) TimerEvent: {}
[0.802371] (-) TimerEvent: {}
[0.902934] (-) TimerEvent: {}
[1.004119] (-) TimerEvent: {}
[1.104366] (-) TimerEvent: {}
[1.204652] (-) TimerEvent: {}
[1.304911] (-) TimerEvent: {}
[1.405430] (-) TimerEvent: {}
[1.505654] (-) TimerEvent: {}
[1.605933] (-) TimerEvent: {}
[1.707409] (-) TimerEvent: {}
[1.807806] (-) TimerEvent: {}
[1.908177] (-) TimerEvent: {}
[2.008525] (-) TimerEvent: {}
[2.108983] (-) TimerEvent: {}
[2.209369] (-) TimerEvent: {}
[2.309782] (-) TimerEvent: {}
[2.410144] (-) TimerEvent: {}
[2.513586] (-) TimerEvent: {}
[2.613890] (-) TimerEvent: {}
[2.714126] (-) TimerEvent: {}
[2.815234] (-) TimerEvent: {}
[2.915981] (-) TimerEvent: {}
[3.021708] (-) TimerEvent: {}
[3.122437] (-) TimerEvent: {}
[3.222828] (-) TimerEvent: {}
[3.323437] (-) TimerEvent: {}
[3.423759] (-) TimerEvent: {}
[3.524275] (-) TimerEvent: {}
[3.624752] (-) TimerEvent: {}
[3.726839] (-) TimerEvent: {}
[3.827410] (-) TimerEvent: {}
[3.864835] (voice_interaction) Command: {'cmd': ['/usr/bin/python3', '-W', 'ignore:setup.py install is deprecated', '-W', 'ignore:easy_install command is deprecated', 'setup.py', 'develop', '--editable', '--build-directory', '/home/webotpi/ros2_ws/build/voice_interaction/build', '--no-deps', 'symlink_data', '--force'], 'cwd': '/home/webotpi/ros2_ws/build/voice_interaction', 'env': {'LANGUAGE': 'zh_CN:en', 'USER': 'webotpi', 'SSH_CLIENT': '192.168.0.111 57540 22', 'LC_TIME': 'zh_CN.UTF-8', 'XDG_SESSION_TYPE': 'tty', 'SHLVL': '1', 'LD_LIBRARY_PATH': '/opt/ros/jazzy/opt/rviz_ogre_vendor/lib:/opt/ros/jazzy/lib/aarch64-linux-gnu:/opt/ros/jazzy/opt/gz_math_vendor/lib:/opt/ros/jazzy/opt/gz_utils_vendor/lib:/opt/ros/jazzy/opt/gz_cmake_vendor/lib:/opt/ros/jazzy/lib', 'HOME': '/home/webotpi', 'OLDPWD': '/home/webotpi', 'ROS_PYTHON_VERSION': '3', 'LC_MONETARY': 'zh_CN.UTF-8', 'DBUS_SESSION_BUS_ADDRESS': 'unix:path=/run/user/1000/bus', 'ROS_DISTRO': 'jazzy', 'LOGNAME': 'webotpi', '_': '/usr/bin/colcon', 'ROS_VERSION': '2', 'XDG_SESSION_CLASS': 'user', 'XDG_SESSION_ID': '300', 'PATH': '/opt/ros/jazzy/bin:/usr/local/sbin:/usr/local/bin:/usr/sbin:/usr/bin:/sbin:/bin:/usr/games:/usr/local/games:/snap/bin', 'PAPERSIZE': 'a4', 'LC_ADDRESS': 'zh_CN.UTF-8', 'XDG_RUNTIME_DIR': '/run/user/1000', 'LANG': 'zh_CN.UTF-8', 'LC_TELEPHONE': 'zh_CN.UTF-8', 'AMENT_PREFIX_PATH': '/opt/ros/jazzy', 'SHELL': '/bin/bash', 'LC_NAME': 'zh_CN.UTF-8', 'LC_MEASUREMENT': 'zh_CN.UTF-8', 'LC_IDENTIFICATION': 'zh_CN.UTF-8', 'ROS_AUTOMATIC_DISCOVERY_RANGE': 'SUBNET', 'PWD': '/home/webotpi/ros2_ws/build/voice_interaction', 'SSH_CONNECTION': '192.168.0.111 57540 192.168.0.119 22', 'PYTHONPATH': '/home/webotpi/ros2_ws/build/voice_interaction/prefix_override:/usr/lib/python3/dist-packages/colcon_core/task/python/colcon_distutils_commands:/home/webotpi/ros2_ws/install/voice_interaction/lib/python3.12/site-packages:/opt/ros/jazzy/lib/python3.12/site-packages', 'LC_NUMERIC': 'zh_CN.UTF-8', 'LC_PAPER': 'zh_CN.UTF-8', 'COLCON': '1', 'CMAKE_PREFIX_PATH': '/opt/ros/jazzy/opt/gz_math_vendor:/opt/ros/jazzy/opt/gz_utils_vendor:/opt/ros/jazzy/opt/gz_cmake_vendor'}, 'shell': False}
[3.927537] (-) TimerEvent: {}
[4.028964] (-) TimerEvent: {}
[4.130107] (-) TimerEvent: {}
[4.230901] (-) TimerEvent: {}
[4.333260] (-) TimerEvent: {}
[4.433498] (-) TimerEvent: {}
[4.533773] (-) TimerEvent: {}
[4.634046] (-) TimerEvent: {}
[4.734663] (-) TimerEvent: {}
[4.835987] (-) TimerEvent: {}
[4.864885] (voice_interaction) StdoutLine: {'line': b'running develop\n'}
[4.936732] (-) TimerEvent: {}
[5.037008] (-) TimerEvent: {}
[5.137285] (-) TimerEvent: {}
[5.237547] (-) TimerEvent: {}
[5.337802] (-) TimerEvent: {}
[5.438085] (-) TimerEvent: {}
[5.526254] (voice_interaction) StdoutLine: {'line': b'running egg_info\n'}
[5.538326] (-) TimerEvent: {}
[5.595113] (voice_interaction) StdoutLine: {'line': b'writing voice_interaction.egg-info/PKG-INFO\n'}
[5.596728] (voice_interaction) StdoutLine: {'line': b'writing dependency_links to voice_interaction.egg-info/dependency_links.txt\n'}
[5.600387] (voice_interaction) StdoutLine: {'line': b'writing entry points to voice_interaction.egg-info/entry_points.txt\n'}
[5.601944] (voice_interaction) StdoutLine: {'line': b'writing requirements to voice_interaction.egg-info/requires.txt\n'}
[5.602706] (voice_interaction) StdoutLine: {'line': b'writing top-level names to voice_interaction.egg-info/top_level.txt\n'}
[5.638450] (-) TimerEvent: {}
[5.738713] (-) TimerEvent: {}
[5.828082] (voice_interaction) StdoutLine: {'line': b"reading manifest file 'voice_interaction.egg-info/SOURCES.txt'\n"}
[5.831283] (voice_interaction) StdoutLine: {'line': b"writing manifest file 'voice_interaction.egg-info/SOURCES.txt'\n"}
[5.838836] (-) TimerEvent: {}
[5.939098] (-) TimerEvent: {}
[5.971994] (voice_interaction) StdoutLine: {'line': b'running build_ext\n'}
[5.972504] (voice_interaction) StdoutLine: {'line': b'Creating /home/webotpi/ros2_ws/install/voice_interaction/lib/python3.12/site-packages/voice-interaction.egg-link (link to .)\n'}
[5.973135] (voice_interaction) StdoutLine: {'line': b'Installing arm_executor_node script to /home/webotpi/ros2_ws/install/voice_interaction/lib/voice_interaction\n'}
[5.973705] (voice_interaction) StdoutLine: {'line': b'Installing intent_parser_node script to /home/webotpi/ros2_ws/install/voice_interaction/lib/voice_interaction\n'}
[5.975492] (voice_interaction) StdoutLine: {'line': b'Installing voice_recognition_node script to /home/webotpi/ros2_ws/install/voice_interaction/lib/voice_interaction\n'}
[5.978462] (voice_interaction) StdoutLine: {'line': b'Installing voice_synthesis_node script to /home/webotpi/ros2_ws/install/voice_interaction/lib/voice_interaction\n'}
[5.980543] (voice_interaction) StdoutLine: {'line': b'\n'}
[5.981296] (voice_interaction) StdoutLine: {'line': b'Installed /home/webotpi/ros2_ws/build/voice_interaction\n'}
[5.982876] (voice_interaction) StdoutLine: {'line': b'running symlink_data\n'}
[5.989293] (voice_interaction) StdoutLine: {'line': b'symbolically linking /home/webotpi/ros2_ws/build/voice_interaction/resource/voice_interaction -> /home/webotpi/ros2_ws/install/voice_interaction/share/ament_index/resource_index/packages\n'}
[5.993271] (voice_interaction) StdoutLine: {'line': b'symbolically linking /home/webotpi/ros2_ws/build/voice_interaction/package.xml -> /home/webotpi/ros2_ws/install/voice_interaction/share/voice_interaction\n'}
[5.995420] (voice_interaction) StdoutLine: {'line': b'symbolically linking /home/webotpi/ros2_ws/build/voice_interaction/launch/voice_interaction_launch.py -> /home/webotpi/ros2_ws/install/voice_interaction/share/voice_interaction/launch\n'}
[5.997475] (voice_interaction) StdoutLine: {'line': b'symbolically linking /home/webotpi/ros2_ws/build/voice_interaction/config/voice_params.yaml -> /home/webotpi/ros2_ws/install/voice_interaction/share/voice_interaction/config\n'}
[6.040512] (-) TimerEvent: {}
[6.141355] (-) TimerEvent: {}
[6.171825] (voice_interaction) CommandEnded: {'returncode': 0}
[6.241546] (-) TimerEvent: {}
[6.247474] (voice_interaction) JobEnded: {'identifier': 'voice_interaction', 'rc': 0}
[6.250058] (-) EventReactorShutdown: {}
