[0.569s] DEBUG:colcon:Command line arguments: ['/usr/bin/colcon', 'build', '--packages-select', 'voice_interaction', '--symlink-install']
[0.570s] DEBUG:colcon:Parsed command line arguments: Namespace(log_base=None, log_level=None, verb_name='build', build_base='build', install_base='install', merge_install=False, symlink_install=True, test_result_base=None, continue_on_error=False, executor='parallel', parallel_workers=4, event_handlers=None, ignore_user_meta=False, metas=['./colcon.meta'], base_paths=['.'], packages_ignore=None, packages_ignore_regex=None, paths=None, packages_up_to=None, packages_up_to_regex=None, packages_above=None, packages_above_and_dependencies=None, packages_above_depth=None, packages_select_by_dep=None, packages_skip_by_dep=None, packages_skip_up_to=None, packages_select_build_failed=False, packages_skip_build_finished=False, packages_select_test_failures=False, packages_skip_test_passed=False, packages_select=['voice_interaction'], packages_skip=None, packages_select_regex=None, packages_skip_regex=None, packages_start=None, packages_end=None, allow_overriding=[], cmake_args=None, cmake_target=None, cmake_target_skip_unavailable=False, cmake_clean_cache=False, cmake_clean_first=False, cmake_force_configure=False, ament_cmake_args=None, catkin_cmake_args=None, catkin_skip_building_tests=False, verb_parser=<colcon_defaults.argument_parser.defaults.DefaultArgumentsDecorator object at 0xffff8b6962a0>, verb_extension=<colcon_core.verb.build.BuildVerb object at 0xffff8b84ef90>, main=<bound method BuildVerb.main of <colcon_core.verb.build.BuildVerb object at 0xffff8b84ef90>>)
[0.755s] Level 1:colcon.colcon_core.package_discovery:discover_packages(colcon_meta) check parameters
[0.756s] Level 1:colcon.colcon_core.package_discovery:discover_packages(recursive) check parameters
[0.756s] Level 1:colcon.colcon_core.package_discovery:discover_packages(ignore) check parameters
[0.756s] Level 1:colcon.colcon_core.package_discovery:discover_packages(path) check parameters
[0.756s] Level 1:colcon.colcon_core.package_discovery:discover_packages(colcon_meta) discover
[0.756s] Level 1:colcon.colcon_core.package_discovery:discover_packages(recursive) discover
[0.756s] INFO:colcon.colcon_core.package_discovery:Crawling recursively for packages in '/home/webotpi/ros2_ws'
[0.757s] Level 1:colcon.colcon_core.package_identification:_identify(.) by extensions ['ignore', 'ignore_ament_install']
[0.757s] Level 1:colcon.colcon_core.package_identification:_identify(.) by extension 'ignore'
[0.757s] Level 1:colcon.colcon_core.package_identification:_identify(.) by extension 'ignore_ament_install'
[0.757s] Level 1:colcon.colcon_core.package_identification:_identify(.) by extensions ['colcon_pkg']
[0.757s] Level 1:colcon.colcon_core.package_identification:_identify(.) by extension 'colcon_pkg'
[0.757s] Level 1:colcon.colcon_core.package_identification:_identify(.) by extensions ['colcon_meta']
[0.758s] Level 1:colcon.colcon_core.package_identification:_identify(.) by extension 'colcon_meta'
[0.758s] Level 1:colcon.colcon_core.package_identification:_identify(.) by extensions ['ros']
[0.758s] Level 1:colcon.colcon_core.package_identification:_identify(.) by extension 'ros'
[0.892s] Level 1:colcon.colcon_core.package_identification:_identify(.) by extensions ['cmake', 'python']
[0.892s] Level 1:colcon.colcon_core.package_identification:_identify(.) by extension 'cmake'
[0.892s] Level 1:colcon.colcon_core.package_identification:_identify(.) by extension 'python'
[0.892s] Level 1:colcon.colcon_core.package_identification:_identify(.) by extensions ['python_setup_py']
[0.892s] Level 1:colcon.colcon_core.package_identification:_identify(.) by extension 'python_setup_py'
[0.895s] Level 1:colcon.colcon_core.package_identification:_identify(build) by extensions ['ignore', 'ignore_ament_install']
[0.895s] Level 1:colcon.colcon_core.package_identification:_identify(build) by extension 'ignore'
[0.896s] Level 1:colcon.colcon_core.package_identification:_identify(build) ignored
[0.896s] Level 1:colcon.colcon_core.package_identification:_identify(install) by extensions ['ignore', 'ignore_ament_install']
[0.897s] Level 1:colcon.colcon_core.package_identification:_identify(install) by extension 'ignore'
[0.897s] Level 1:colcon.colcon_core.package_identification:_identify(install) ignored
[0.897s] Level 1:colcon.colcon_core.package_identification:_identify(log) by extensions ['ignore', 'ignore_ament_install']
[0.898s] Level 1:colcon.colcon_core.package_identification:_identify(log) by extension 'ignore'
[0.898s] Level 1:colcon.colcon_core.package_identification:_identify(log) ignored
[0.899s] Level 1:colcon.colcon_core.package_identification:_identify(src) by extensions ['ignore', 'ignore_ament_install']
[0.899s] Level 1:colcon.colcon_core.package_identification:_identify(src) by extension 'ignore'
[0.899s] Level 1:colcon.colcon_core.package_identification:_identify(src) by extension 'ignore_ament_install'
[0.899s] Level 1:colcon.colcon_core.package_identification:_identify(src) by extensions ['colcon_pkg']
[0.899s] Level 1:colcon.colcon_core.package_identification:_identify(src) by extension 'colcon_pkg'
[0.900s] Level 1:colcon.colcon_core.package_identification:_identify(src) by extensions ['colcon_meta']
[0.900s] Level 1:colcon.colcon_core.package_identification:_identify(src) by extension 'colcon_meta'
[0.900s] Level 1:colcon.colcon_core.package_identification:_identify(src) by extensions ['ros']
[0.900s] Level 1:colcon.colcon_core.package_identification:_identify(src) by extension 'ros'
[0.900s] Level 1:colcon.colcon_core.package_identification:_identify(src) by extensions ['cmake', 'python']
[0.900s] Level 1:colcon.colcon_core.package_identification:_identify(src) by extension 'cmake'
[0.900s] Level 1:colcon.colcon_core.package_identification:_identify(src) by extension 'python'
[0.900s] Level 1:colcon.colcon_core.package_identification:_identify(src) by extensions ['python_setup_py']
[0.900s] Level 1:colcon.colcon_core.package_identification:_identify(src) by extension 'python_setup_py'
[0.901s] Level 1:colcon.colcon_core.package_identification:_identify(src/deptrum-ros-driver) by extensions ['ignore', 'ignore_ament_install']
[0.901s] Level 1:colcon.colcon_core.package_identification:_identify(src/deptrum-ros-driver) by extension 'ignore'
[0.901s] Level 1:colcon.colcon_core.package_identification:_identify(src/deptrum-ros-driver) by extension 'ignore_ament_install'
[0.901s] Level 1:colcon.colcon_core.package_identification:_identify(src/deptrum-ros-driver) by extensions ['colcon_pkg']
[0.901s] Level 1:colcon.colcon_core.package_identification:_identify(src/deptrum-ros-driver) by extension 'colcon_pkg'
[0.901s] Level 1:colcon.colcon_core.package_identification:_identify(src/deptrum-ros-driver) by extensions ['colcon_meta']
[0.901s] Level 1:colcon.colcon_core.package_identification:_identify(src/deptrum-ros-driver) by extension 'colcon_meta'
[0.902s] Level 1:colcon.colcon_core.package_identification:_identify(src/deptrum-ros-driver) by extensions ['ros']
[0.902s] Level 1:colcon.colcon_core.package_identification:_identify(src/deptrum-ros-driver) by extension 'ros'
[0.913s] DEBUG:colcon.colcon_core.package_identification:Package 'src/deptrum-ros-driver' with type 'ros.ament_cmake' and name 'deptrum-ros-driver-aurora930'
[0.914s] Level 1:colcon.colcon_core.package_identification:_identify(src/my_launch_pkg) by extensions ['ignore', 'ignore_ament_install']
[0.914s] Level 1:colcon.colcon_core.package_identification:_identify(src/my_launch_pkg) by extension 'ignore'
[0.914s] Level 1:colcon.colcon_core.package_identification:_identify(src/my_launch_pkg) by extension 'ignore_ament_install'
[0.915s] Level 1:colcon.colcon_core.package_identification:_identify(src/my_launch_pkg) by extensions ['colcon_pkg']
[0.915s] Level 1:colcon.colcon_core.package_identification:_identify(src/my_launch_pkg) by extension 'colcon_pkg'
[0.915s] Level 1:colcon.colcon_core.package_identification:_identify(src/my_launch_pkg) by extensions ['colcon_meta']
[0.915s] Level 1:colcon.colcon_core.package_identification:_identify(src/my_launch_pkg) by extension 'colcon_meta'
[0.915s] Level 1:colcon.colcon_core.package_identification:_identify(src/my_launch_pkg) by extensions ['ros']
[0.915s] Level 1:colcon.colcon_core.package_identification:_identify(src/my_launch_pkg) by extension 'ros'
[0.916s] DEBUG:colcon.colcon_core.package_identification:Package 'src/my_launch_pkg' with type 'ros.ament_python' and name 'my_launch_pkg'
[0.917s] Level 1:colcon.colcon_core.package_identification:_identify(src/my_srv) by extensions ['ignore', 'ignore_ament_install']
[0.918s] Level 1:colcon.colcon_core.package_identification:_identify(src/my_srv) by extension 'ignore'
[0.918s] Level 1:colcon.colcon_core.package_identification:_identify(src/my_srv) by extension 'ignore_ament_install'
[0.918s] Level 1:colcon.colcon_core.package_identification:_identify(src/my_srv) by extensions ['colcon_pkg']
[0.918s] Level 1:colcon.colcon_core.package_identification:_identify(src/my_srv) by extension 'colcon_pkg'
[0.918s] Level 1:colcon.colcon_core.package_identification:_identify(src/my_srv) by extensions ['colcon_meta']
[0.918s] Level 1:colcon.colcon_core.package_identification:_identify(src/my_srv) by extension 'colcon_meta'
[0.918s] Level 1:colcon.colcon_core.package_identification:_identify(src/my_srv) by extensions ['ros']
[0.918s] Level 1:colcon.colcon_core.package_identification:_identify(src/my_srv) by extension 'ros'
[0.919s] DEBUG:colcon.colcon_core.package_identification:Package 'src/my_srv' with type 'ros.ament_cmake' and name 'my_srv'
[0.920s] Level 1:colcon.colcon_core.package_identification:_identify(src/py_pkg) by extensions ['ignore', 'ignore_ament_install']
[0.920s] Level 1:colcon.colcon_core.package_identification:_identify(src/py_pkg) by extension 'ignore'
[0.920s] Level 1:colcon.colcon_core.package_identification:_identify(src/py_pkg) by extension 'ignore_ament_install'
[0.920s] Level 1:colcon.colcon_core.package_identification:_identify(src/py_pkg) by extensions ['colcon_pkg']
[0.920s] Level 1:colcon.colcon_core.package_identification:_identify(src/py_pkg) by extension 'colcon_pkg'
[0.920s] Level 1:colcon.colcon_core.package_identification:_identify(src/py_pkg) by extensions ['colcon_meta']
[0.920s] Level 1:colcon.colcon_core.package_identification:_identify(src/py_pkg) by extension 'colcon_meta'
[0.920s] Level 1:colcon.colcon_core.package_identification:_identify(src/py_pkg) by extensions ['ros']
[0.920s] Level 1:colcon.colcon_core.package_identification:_identify(src/py_pkg) by extension 'ros'
[0.921s] DEBUG:colcon.colcon_core.package_identification:Package 'src/py_pkg' with type 'ros.ament_python' and name 'py_pkg'
[0.922s] Level 1:colcon.colcon_core.package_identification:_identify(src/rplidar_ros) by extensions ['ignore', 'ignore_ament_install']
[0.922s] Level 1:colcon.colcon_core.package_identification:_identify(src/rplidar_ros) by extension 'ignore'
[0.922s] Level 1:colcon.colcon_core.package_identification:_identify(src/rplidar_ros) by extension 'ignore_ament_install'
[0.922s] Level 1:colcon.colcon_core.package_identification:_identify(src/rplidar_ros) by extensions ['colcon_pkg']
[0.922s] Level 1:colcon.colcon_core.package_identification:_identify(src/rplidar_ros) by extension 'colcon_pkg'
[0.922s] Level 1:colcon.colcon_core.package_identification:_identify(src/rplidar_ros) by extensions ['colcon_meta']
[0.922s] Level 1:colcon.colcon_core.package_identification:_identify(src/rplidar_ros) by extension 'colcon_meta'
[0.922s] Level 1:colcon.colcon_core.package_identification:_identify(src/rplidar_ros) by extensions ['ros']
[0.922s] Level 1:colcon.colcon_core.package_identification:_identify(src/rplidar_ros) by extension 'ros'
[0.923s] DEBUG:colcon.colcon_core.package_identification:Package 'src/rplidar_ros' with type 'ros.ament_cmake' and name 'rplidar_ros'
[0.923s] Level 1:colcon.colcon_core.package_identification:_identify(src/voice_interaction) by extensions ['ignore', 'ignore_ament_install']
[0.924s] Level 1:colcon.colcon_core.package_identification:_identify(src/voice_interaction) by extension 'ignore'
[0.924s] Level 1:colcon.colcon_core.package_identification:_identify(src/voice_interaction) by extension 'ignore_ament_install'
[0.924s] Level 1:colcon.colcon_core.package_identification:_identify(src/voice_interaction) by extensions ['colcon_pkg']
[0.924s] Level 1:colcon.colcon_core.package_identification:_identify(src/voice_interaction) by extension 'colcon_pkg'
[0.924s] Level 1:colcon.colcon_core.package_identification:_identify(src/voice_interaction) by extensions ['colcon_meta']
[0.924s] Level 1:colcon.colcon_core.package_identification:_identify(src/voice_interaction) by extension 'colcon_meta'
[0.924s] Level 1:colcon.colcon_core.package_identification:_identify(src/voice_interaction) by extensions ['ros']
[0.924s] Level 1:colcon.colcon_core.package_identification:_identify(src/voice_interaction) by extension 'ros'
[0.925s] DEBUG:colcon.colcon_core.package_identification:Package 'src/voice_interaction' with type 'ros.ament_python' and name 'voice_interaction'
[0.925s] Level 1:colcon.colcon_core.package_discovery:discover_packages(recursive) using defaults
[0.925s] Level 1:colcon.colcon_core.package_discovery:discover_packages(ignore) discover
[0.925s] Level 1:colcon.colcon_core.package_discovery:discover_packages(ignore) using defaults
[0.925s] Level 1:colcon.colcon_core.package_discovery:discover_packages(path) discover
[0.925s] Level 1:colcon.colcon_core.package_discovery:discover_packages(path) using defaults
[1.016s] INFO:colcon.colcon_core.package_selection:Skipping not selected package 'deptrum-ros-driver-aurora930' in 'src/deptrum-ros-driver'
[1.016s] INFO:colcon.colcon_core.package_selection:Skipping not selected package 'my_launch_pkg' in 'src/my_launch_pkg'
[1.016s] INFO:colcon.colcon_core.package_selection:Skipping not selected package 'my_srv' in 'src/my_srv'
[1.016s] INFO:colcon.colcon_core.package_selection:Skipping not selected package 'py_pkg' in 'src/py_pkg'
[1.016s] INFO:colcon.colcon_core.package_selection:Skipping not selected package 'rplidar_ros' in 'src/rplidar_ros'
[1.020s] Level 1:colcon.colcon_core.package_discovery:discover_packages(prefix_path) check parameters
[1.021s] Level 1:colcon.colcon_core.package_discovery:discover_packages(prefix_path) discover
[1.043s] DEBUG:colcon.colcon_installed_package_information.package_discovery:Found 296 installed packages in /opt/ros/jazzy
[1.045s] Level 1:colcon.colcon_core.package_discovery:discover_packages(prefix_path) using defaults
[1.183s] Level 5:colcon.colcon_core.verb:set package 'voice_interaction' build argument 'cmake_args' from command line to 'None'
[1.184s] Level 5:colcon.colcon_core.verb:set package 'voice_interaction' build argument 'cmake_target' from command line to 'None'
[1.184s] Level 5:colcon.colcon_core.verb:set package 'voice_interaction' build argument 'cmake_target_skip_unavailable' from command line to 'False'
[1.184s] Level 5:colcon.colcon_core.verb:set package 'voice_interaction' build argument 'cmake_clean_cache' from command line to 'False'
[1.184s] Level 5:colcon.colcon_core.verb:set package 'voice_interaction' build argument 'cmake_clean_first' from command line to 'False'
[1.184s] Level 5:colcon.colcon_core.verb:set package 'voice_interaction' build argument 'cmake_force_configure' from command line to 'False'
[1.184s] Level 5:colcon.colcon_core.verb:set package 'voice_interaction' build argument 'ament_cmake_args' from command line to 'None'
[1.184s] Level 5:colcon.colcon_core.verb:set package 'voice_interaction' build argument 'catkin_cmake_args' from command line to 'None'
[1.184s] Level 5:colcon.colcon_core.verb:set package 'voice_interaction' build argument 'catkin_skip_building_tests' from command line to 'False'
[1.184s] DEBUG:colcon.colcon_core.verb:Building package 'voice_interaction' with the following arguments: {'ament_cmake_args': None, 'build_base': '/home/webotpi/ros2_ws/build/voice_interaction', 'catkin_cmake_args': None, 'catkin_skip_building_tests': False, 'cmake_args': None, 'cmake_clean_cache': False, 'cmake_clean_first': False, 'cmake_force_configure': False, 'cmake_target': None, 'cmake_target_skip_unavailable': False, 'install_base': '/home/webotpi/ros2_ws/install/voice_interaction', 'merge_install': False, 'path': '/home/webotpi/ros2_ws/src/voice_interaction', 'symlink_install': True, 'test_result_base': None}
[1.185s] INFO:colcon.colcon_core.executor:Executing jobs using 'parallel' executor
[1.187s] DEBUG:colcon.colcon_parallel_executor.executor.parallel:run_until_complete
[1.187s] INFO:colcon.colcon_ros.task.ament_python.build:Building ROS package in '/home/webotpi/ros2_ws/src/voice_interaction' with build type 'ament_python'
[1.188s] Level 1:colcon.colcon_core.shell:create_environment_hook('voice_interaction', 'ament_prefix_path')
[1.208s] INFO:colcon.colcon_core.plugin_system:Skipping extension 'colcon_core.shell.bat': Not used on non-Windows systems
[1.209s] INFO:colcon.colcon_core.shell:Creating environment hook '/home/webotpi/ros2_ws/install/voice_interaction/share/voice_interaction/hook/ament_prefix_path.ps1'
[1.215s] INFO:colcon.colcon_core.shell:Creating environment descriptor '/home/webotpi/ros2_ws/install/voice_interaction/share/voice_interaction/hook/ament_prefix_path.dsv'
[1.219s] INFO:colcon.colcon_core.shell:Creating environment hook '/home/webotpi/ros2_ws/install/voice_interaction/share/voice_interaction/hook/ament_prefix_path.sh'
[1.225s] INFO:colcon.colcon_core.shell:Skip shell extension 'powershell' for command environment: Not usable outside of PowerShell
[1.225s] DEBUG:colcon.colcon_core.shell:Skip shell extension 'dsv' for command environment
[2.062s] INFO:colcon.colcon_core.task.python.build:Building Python package in '/home/webotpi/ros2_ws/src/voice_interaction'
[2.062s] INFO:colcon.colcon_core.shell:Skip shell extension 'powershell' for command environment: Not usable outside of PowerShell
[2.063s] DEBUG:colcon.colcon_core.shell:Skip shell extension 'dsv' for command environment
[5.040s] DEBUG:colcon.colcon_core.task.python.build:While undoing a previous installation files outside the Python library path are being ignored: /home/webotpi/ros2_ws/install/voice_interaction/share/ament_index/resource_index/packages/voice_interaction
[5.041s] DEBUG:colcon.colcon_core.task.python.build:While undoing a previous installation files outside the Python library path are being ignored: /home/webotpi/ros2_ws/install/voice_interaction/share/voice_interaction/package.xml
[5.041s] DEBUG:colcon.colcon_core.task.python.build:While undoing a previous installation files outside the Python library path are being ignored: /home/webotpi/ros2_ws/install/voice_interaction/share/voice_interaction/launch/voice_interaction_launch.py
[5.041s] DEBUG:colcon.colcon_core.task.python.build:While undoing a previous installation files outside the Python library path are being ignored: /home/webotpi/ros2_ws/install/voice_interaction/share/voice_interaction/config/voice_params.yaml
[5.047s] DEBUG:colcon.colcon_core.task.python.build:While undoing a previous installation files outside the Python library path are being ignored: /home/webotpi/ros2_ws/install/voice_interaction/lib/voice_interaction/arm_executor_node
[5.047s] DEBUG:colcon.colcon_core.task.python.build:While undoing a previous installation files outside the Python library path are being ignored: /home/webotpi/ros2_ws/install/voice_interaction/lib/voice_interaction/intent_parser_node
[5.047s] DEBUG:colcon.colcon_core.task.python.build:While undoing a previous installation files outside the Python library path are being ignored: /home/webotpi/ros2_ws/install/voice_interaction/lib/voice_interaction/voice_recognition_node
[5.047s] DEBUG:colcon.colcon_core.task.python.build:While undoing a previous installation files outside the Python library path are being ignored: /home/webotpi/ros2_ws/install/voice_interaction/lib/voice_interaction/voice_synthesis_node
[5.055s] DEBUG:colcon.colcon_core.event_handler.log_command:Invoking command in '/home/webotpi/ros2_ws/build/voice_interaction': PYTHONPATH=/home/webotpi/ros2_ws/build/voice_interaction/prefix_override:/usr/lib/python3/dist-packages/colcon_core/task/python/colcon_distutils_commands:/home/webotpi/ros2_ws/install/voice_interaction/lib/python3.12/site-packages:${PYTHONPATH} /usr/bin/python3 -W ignore:setup.py install is deprecated -W ignore:easy_install command is deprecated setup.py develop --editable --build-directory /home/webotpi/ros2_ws/build/voice_interaction/build --no-deps symlink_data --force
[7.358s] Level 1:colcon.colcon_core.shell:create_environment_hook('voice_interaction', 'pythonpath_develop')
[7.360s] INFO:colcon.colcon_core.shell:Creating environment hook '/home/webotpi/ros2_ws/build/voice_interaction/share/voice_interaction/hook/pythonpath_develop.ps1'
[7.360s] DEBUG:colcon.colcon_core.event_handler.log_command:Invoked command in '/home/webotpi/ros2_ws/build/voice_interaction' returned '0': PYTHONPATH=/home/webotpi/ros2_ws/build/voice_interaction/prefix_override:/usr/lib/python3/dist-packages/colcon_core/task/python/colcon_distutils_commands:/home/webotpi/ros2_ws/install/voice_interaction/lib/python3.12/site-packages:${PYTHONPATH} /usr/bin/python3 -W ignore:setup.py install is deprecated -W ignore:easy_install command is deprecated setup.py develop --editable --build-directory /home/webotpi/ros2_ws/build/voice_interaction/build --no-deps symlink_data --force
[7.365s] INFO:colcon.colcon_core.shell:Creating environment descriptor '/home/webotpi/ros2_ws/build/voice_interaction/share/voice_interaction/hook/pythonpath_develop.dsv'
[7.368s] INFO:colcon.colcon_core.shell:Creating environment hook '/home/webotpi/ros2_ws/build/voice_interaction/share/voice_interaction/hook/pythonpath_develop.sh'
[7.395s] Level 1:colcon.colcon_core.environment:checking '/home/webotpi/ros2_ws/install/voice_interaction' for CMake module files
[7.396s] Level 1:colcon.colcon_core.environment:checking '/home/webotpi/ros2_ws/install/voice_interaction' for CMake config files
[7.403s] Level 1:colcon.colcon_core.environment:checking '/home/webotpi/ros2_ws/install/voice_interaction/lib'
[7.403s] Level 1:colcon.colcon_core.environment:checking '/home/webotpi/ros2_ws/install/voice_interaction/bin'
[7.405s] Level 1:colcon.colcon_core.environment:checking '/home/webotpi/ros2_ws/install/voice_interaction/lib/pkgconfig/voice_interaction.pc'
[7.406s] Level 1:colcon.colcon_core.environment:checking '/home/webotpi/ros2_ws/install/voice_interaction/lib/python3.12/site-packages'
[7.406s] Level 1:colcon.colcon_core.shell:create_environment_hook('voice_interaction', 'pythonpath')
[7.407s] INFO:colcon.colcon_core.shell:Creating environment hook '/home/webotpi/ros2_ws/install/voice_interaction/share/voice_interaction/hook/pythonpath.ps1'
[7.410s] INFO:colcon.colcon_core.shell:Creating environment descriptor '/home/webotpi/ros2_ws/install/voice_interaction/share/voice_interaction/hook/pythonpath.dsv'
[7.411s] INFO:colcon.colcon_core.shell:Creating environment hook '/home/webotpi/ros2_ws/install/voice_interaction/share/voice_interaction/hook/pythonpath.sh'
[7.414s] Level 1:colcon.colcon_core.environment:checking '/home/webotpi/ros2_ws/install/voice_interaction/bin'
[7.415s] Level 1:colcon.colcon_core.environment:create_environment_scripts_only(voice_interaction)
[7.415s] INFO:colcon.colcon_core.shell:Creating package script '/home/webotpi/ros2_ws/install/voice_interaction/share/voice_interaction/package.ps1'
[7.420s] INFO:colcon.colcon_core.shell:Creating package descriptor '/home/webotpi/ros2_ws/install/voice_interaction/share/voice_interaction/package.dsv'
[7.423s] INFO:colcon.colcon_core.shell:Creating package script '/home/webotpi/ros2_ws/install/voice_interaction/share/voice_interaction/package.sh'
[7.426s] INFO:colcon.colcon_core.shell:Creating package script '/home/webotpi/ros2_ws/install/voice_interaction/share/voice_interaction/package.bash'
[7.429s] INFO:colcon.colcon_core.shell:Creating package script '/home/webotpi/ros2_ws/install/voice_interaction/share/voice_interaction/package.zsh'
[7.432s] Level 1:colcon.colcon_core.environment:create_file_with_runtime_dependencies(/home/webotpi/ros2_ws/install/voice_interaction/share/colcon-core/packages/voice_interaction)
[7.434s] DEBUG:colcon.colcon_parallel_executor.executor.parallel:closing loop
[7.435s] DEBUG:colcon.colcon_parallel_executor.executor.parallel:loop closed
[7.435s] DEBUG:colcon.colcon_parallel_executor.executor.parallel:run_until_complete finished with '0'
[7.435s] DEBUG:colcon.colcon_core.event_reactor:joining thread
[7.437s] DEBUG:colcon.colcon_core.event_reactor:joined thread
[7.439s] INFO:colcon.colcon_core.shell:Creating prefix script '/home/webotpi/ros2_ws/install/local_setup.ps1'
[7.447s] INFO:colcon.colcon_core.shell:Creating prefix util module '/home/webotpi/ros2_ws/install/_local_setup_util_ps1.py'
[7.453s] INFO:colcon.colcon_core.shell:Creating prefix chain script '/home/webotpi/ros2_ws/install/setup.ps1'
[7.459s] INFO:colcon.colcon_core.shell:Creating prefix script '/home/webotpi/ros2_ws/install/local_setup.sh'
[7.463s] INFO:colcon.colcon_core.shell:Creating prefix util module '/home/webotpi/ros2_ws/install/_local_setup_util_sh.py'
[7.466s] INFO:colcon.colcon_core.shell:Creating prefix chain script '/home/webotpi/ros2_ws/install/setup.sh'
[7.470s] INFO:colcon.colcon_core.shell:Creating prefix script '/home/webotpi/ros2_ws/install/local_setup.bash'
[7.473s] INFO:colcon.colcon_core.shell:Creating prefix chain script '/home/webotpi/ros2_ws/install/setup.bash'
[7.478s] INFO:colcon.colcon_core.shell:Creating prefix script '/home/webotpi/ros2_ws/install/local_setup.zsh'
[7.481s] INFO:colcon.colcon_core.shell:Creating prefix chain script '/home/webotpi/ros2_ws/install/setup.zsh'
