[0.000000] (-) TimerEvent: {}
[0.000146] (-) JobUnselected: {'identifier': 'deptrum-ros-driver-aurora930'}
[0.000327] (-) JobUnselected: {'identifier': 'my_launch_pkg'}
[0.000411] (-) JobUnselected: {'identifier': 'py_pkg'}
[0.000631] (-) JobUnselected: {'identifier': 'rplidar_ros'}
[0.000651] (-) JobUnselected: {'identifier': 'voice_interaction'}
[0.000807] (my_srv) JobQueued: {'identifier': 'my_srv', 'dependencies': OrderedDict()}
[0.001000] (my_srv) JobStarted: {'identifier': 'my_srv'}
[0.009918] (my_srv) JobProgress: {'identifier': 'my_srv', 'progress': 'cmake'}
[0.010839] (my_srv) JobProgress: {'identifier': 'my_srv', 'progress': 'build'}
[0.011711] (my_srv) Command: {'cmd': ['/usr/bin/cmake', '--build', '/home/webotpi/ros2_ws/build/my_srv', '--', '-j4', '-l4'], 'cwd': '/home/webotpi/ros2_ws/build/my_srv', 'env': OrderedDict({'LANGUAGE': 'zh_CN:en', 'USER': 'webotpi', 'SSH_CLIENT': '192.168.0.111 51028 22', 'LC_TIME': 'zh_CN.UTF-8', 'XDG_SESSION_TYPE': 'tty', 'SHLVL': '1', 'LD_LIBRARY_PATH': '/opt/ros/jazzy/opt/rviz_ogre_vendor/lib:/opt/ros/jazzy/lib/aarch64-linux-gnu:/opt/ros/jazzy/opt/gz_math_vendor/lib:/opt/ros/jazzy/opt/gz_utils_vendor/lib:/opt/ros/jazzy/opt/gz_cmake_vendor/lib:/opt/ros/jazzy/lib', 'HOME': '/home/webotpi', 'OLDPWD': '/home/webotpi', 'ROS_PYTHON_VERSION': '3', 'LC_MONETARY': 'zh_CN.UTF-8', 'DBUS_SESSION_BUS_ADDRESS': 'unix:path=/run/user/1000/bus', 'ROS_DISTRO': 'jazzy', 'LOGNAME': 'webotpi', '_': '/usr/bin/colcon', 'ROS_VERSION': '2', 'XDG_SESSION_CLASS': 'user', 'XDG_SESSION_ID': '102', 'PATH': '/opt/ros/jazzy/bin:/usr/local/sbin:/usr/local/bin:/usr/sbin:/usr/bin:/sbin:/bin:/usr/games:/usr/local/games:/snap/bin', 'PAPERSIZE': 'a4', 'LC_ADDRESS': 'zh_CN.UTF-8', 'XDG_RUNTIME_DIR': '/run/user/1000', 'LANG': 'zh_CN.UTF-8', 'LC_TELEPHONE': 'zh_CN.UTF-8', 'AMENT_PREFIX_PATH': '/opt/ros/jazzy', 'SHELL': '/bin/bash', 'LC_NAME': 'zh_CN.UTF-8', 'LC_MEASUREMENT': 'zh_CN.UTF-8', 'LC_IDENTIFICATION': 'zh_CN.UTF-8', 'ROS_AUTOMATIC_DISCOVERY_RANGE': 'SUBNET', 'PWD': '/home/webotpi/ros2_ws/build/my_srv', 'SSH_CONNECTION': '192.168.0.111 51028 192.168.0.119 22', 'PYTHONPATH': '/opt/ros/jazzy/lib/python3.12/site-packages', 'LC_NUMERIC': 'zh_CN.UTF-8', 'LC_PAPER': 'zh_CN.UTF-8', 'COLCON': '1', 'CMAKE_PREFIX_PATH': '/opt/ros/jazzy/opt/gz_math_vendor:/opt/ros/jazzy/opt/gz_utils_vendor:/opt/ros/jazzy/opt/gz_cmake_vendor:/opt/ros/jazzy'}), 'shell': False}
[0.099712] (-) TimerEvent: {}
[0.101723] (my_srv) StdoutLine: {'line': b'[  5%] Built target my_srv__rs\n'}
[0.102172] (my_srv) StdoutLine: {'line': b'[  5%] Built target my_srv__rosidl_generator_type_description\n'}
[0.119978] (my_srv) StdoutLine: {'line': b'[  5%] Built target ament_cmake_python_symlink_my_srv\n'}
[0.137614] (my_srv) StdoutLine: {'line': b'[  8%] Built target my_srv__cpp\n'}
[0.141121] (my_srv) StdoutLine: {'line': b'[ 22%] Built target my_srv__rosidl_generator_c\n'}
[0.186330] (my_srv) StdoutLine: {'line': b'[ 40%] Built target my_srv__rosidl_typesupport_fastrtps_cpp\n'}
[0.186702] (my_srv) StdoutLine: {'line': b'[ 40%] Built target my_srv__rosidl_typesupport_fastrtps_c\n'}
[0.186948] (my_srv) StdoutLine: {'line': b'[ 48%] Built target my_srv__rosidl_typesupport_introspection_c\n'}
[0.200734] (-) TimerEvent: {}
[0.229991] (my_srv) StdoutLine: {'line': b'[ 57%] Built target my_srv__rosidl_typesupport_c\n'}
[0.233823] (my_srv) StdoutLine: {'line': b'[ 74%] Built target my_srv__rosidl_typesupport_cpp\n'}
[0.234470] (my_srv) StdoutLine: {'line': b'[ 74%] Built target my_srv__rosidl_typesupport_introspection_cpp\n'}
[0.269127] (my_srv) StdoutLine: {'line': b'[ 74%] Built target my_srv\n'}
[0.300826] (-) TimerEvent: {}
[0.304530] (my_srv) StdoutLine: {'line': b'[ 77%] Built target my_srv__py\n'}
[0.342185] (my_srv) StdoutLine: {'line': b'[ 82%] Built target my_srv__rosidl_generator_py\n'}
[0.383952] (my_srv) StdoutLine: {'line': b'[ 94%] Built target my_srv_s__rosidl_typesupport_fastrtps_c\n'}
[0.384212] (my_srv) StdoutLine: {'line': b'[ 97%] Built target my_srv_s__rosidl_typesupport_introspection_c\n'}
[0.384309] (my_srv) StdoutLine: {'line': b'[100%] Built target my_srv_s__rosidl_typesupport_c\n'}
[0.400889] (-) TimerEvent: {}
[0.476766] (my_srv) StdoutLine: {'line': b'running egg_info\n'}
[0.500990] (-) TimerEvent: {}
[0.504360] (my_srv) StdoutLine: {'line': b'writing my_srv.egg-info/PKG-INFO\n'}
[0.504879] (my_srv) StdoutLine: {'line': b'writing dependency_links to my_srv.egg-info/dependency_links.txt\n'}
[0.507611] (my_srv) StdoutLine: {'line': b'writing top-level names to my_srv.egg-info/top_level.txt\n'}
[0.590852] (my_srv) StdoutLine: {'line': b"reading manifest file 'my_srv.egg-info/SOURCES.txt'\n"}
[0.591613] (my_srv) StdoutLine: {'line': b"writing manifest file 'my_srv.egg-info/SOURCES.txt'\n"}
[0.601153] (-) TimerEvent: {}
[0.660776] (my_srv) StdoutLine: {'line': b'[100%] Built target ament_cmake_python_build_my_srv_egg\n'}
[0.680510] (my_srv) CommandEnded: {'returncode': 0}
[0.681326] (my_srv) JobProgress: {'identifier': 'my_srv', 'progress': 'install'}
[0.697732] (my_srv) Command: {'cmd': ['/usr/bin/cmake', '--install', '/home/webotpi/ros2_ws/build/my_srv'], 'cwd': '/home/webotpi/ros2_ws/build/my_srv', 'env': OrderedDict({'LANGUAGE': 'zh_CN:en', 'USER': 'webotpi', 'SSH_CLIENT': '192.168.0.111 51028 22', 'LC_TIME': 'zh_CN.UTF-8', 'XDG_SESSION_TYPE': 'tty', 'SHLVL': '1', 'LD_LIBRARY_PATH': '/opt/ros/jazzy/opt/rviz_ogre_vendor/lib:/opt/ros/jazzy/lib/aarch64-linux-gnu:/opt/ros/jazzy/opt/gz_math_vendor/lib:/opt/ros/jazzy/opt/gz_utils_vendor/lib:/opt/ros/jazzy/opt/gz_cmake_vendor/lib:/opt/ros/jazzy/lib', 'HOME': '/home/webotpi', 'OLDPWD': '/home/webotpi', 'ROS_PYTHON_VERSION': '3', 'LC_MONETARY': 'zh_CN.UTF-8', 'DBUS_SESSION_BUS_ADDRESS': 'unix:path=/run/user/1000/bus', 'ROS_DISTRO': 'jazzy', 'LOGNAME': 'webotpi', '_': '/usr/bin/colcon', 'ROS_VERSION': '2', 'XDG_SESSION_CLASS': 'user', 'XDG_SESSION_ID': '102', 'PATH': '/opt/ros/jazzy/bin:/usr/local/sbin:/usr/local/bin:/usr/sbin:/usr/bin:/sbin:/bin:/usr/games:/usr/local/games:/snap/bin', 'PAPERSIZE': 'a4', 'LC_ADDRESS': 'zh_CN.UTF-8', 'XDG_RUNTIME_DIR': '/run/user/1000', 'LANG': 'zh_CN.UTF-8', 'LC_TELEPHONE': 'zh_CN.UTF-8', 'AMENT_PREFIX_PATH': '/opt/ros/jazzy', 'SHELL': '/bin/bash', 'LC_NAME': 'zh_CN.UTF-8', 'LC_MEASUREMENT': 'zh_CN.UTF-8', 'LC_IDENTIFICATION': 'zh_CN.UTF-8', 'ROS_AUTOMATIC_DISCOVERY_RANGE': 'SUBNET', 'PWD': '/home/webotpi/ros2_ws/build/my_srv', 'SSH_CONNECTION': '192.168.0.111 51028 192.168.0.119 22', 'PYTHONPATH': '/opt/ros/jazzy/lib/python3.12/site-packages', 'LC_NUMERIC': 'zh_CN.UTF-8', 'LC_PAPER': 'zh_CN.UTF-8', 'COLCON': '1', 'CMAKE_PREFIX_PATH': '/opt/ros/jazzy/opt/gz_math_vendor:/opt/ros/jazzy/opt/gz_utils_vendor:/opt/ros/jazzy/opt/gz_cmake_vendor:/opt/ros/jazzy'}), 'shell': False}
[0.701208] (-) TimerEvent: {}
[0.711583] (my_srv) StdoutLine: {'line': b'-- Install configuration: ""\n'}
[0.712404] (my_srv) StdoutLine: {'line': b'-- Execute custom install script\n'}
[0.712732] (my_srv) StdoutLine: {'line': b'-- Up-to-date symlink: /home/webotpi/ros2_ws/install/my_srv/share/ament_index/resource_index/rosidl_interfaces/my_srv\n'}
[0.712971] (my_srv) StdoutLine: {'line': b'-- Up-to-date symlink: /home/webotpi/ros2_ws/install/my_srv/share/my_srv/srv/Add.json\n'}
[0.713556] (my_srv) StdoutLine: {'line': b'-- Up-to-date symlink: /home/webotpi/ros2_ws/install/my_srv/include/my_srv/my_srv/msg/rosidl_generator_c__visibility_control.h\n'}
[0.713738] (my_srv) StdoutLine: {'line': b'-- Up-to-date symlink: /home/webotpi/ros2_ws/install/my_srv/include/my_srv/my_srv/srv/add.h\n'}
[0.713936] (my_srv) StdoutLine: {'line': b'-- Up-to-date symlink: /home/webotpi/ros2_ws/install/my_srv/include/my_srv/my_srv/srv/detail/add__functions.h\n'}
[0.714863] (my_srv) StdoutLine: {'line': b'-- Up-to-date symlink: /home/webotpi/ros2_ws/install/my_srv/include/my_srv/my_srv/srv/detail/add__struct.h\n'}
[0.715031] (my_srv) StdoutLine: {'line': b'-- Up-to-date symlink: /home/webotpi/ros2_ws/install/my_srv/include/my_srv/my_srv/srv/detail/add__type_support.h\n'}
[0.715133] (my_srv) StdoutLine: {'line': b'-- Up-to-date symlink: /home/webotpi/ros2_ws/install/my_srv/share/my_srv/environment/library_path.sh\n'}
[0.715394] (my_srv) StdoutLine: {'line': b'-- Up-to-date symlink: /home/webotpi/ros2_ws/install/my_srv/share/my_srv/environment/library_path.dsv\n'}
[0.715509] (my_srv) StdoutLine: {'line': b'-- Up-to-date symlink: /home/webotpi/ros2_ws/install/my_srv/include/my_srv/my_srv/msg/rosidl_typesupport_fastrtps_c__visibility_control.h\n'}
[0.715594] (my_srv) StdoutLine: {'line': b'-- Up-to-date symlink: /home/webotpi/ros2_ws/install/my_srv/include/my_srv/my_srv/srv/detail/add__rosidl_typesupport_fastrtps_c.h\n'}
[0.715765] (my_srv) StdoutLine: {'line': b'-- Up-to-date symlink: /home/webotpi/ros2_ws/install/my_srv/include/my_srv/my_srv/msg/rosidl_generator_cpp__visibility_control.hpp\n'}
[0.715972] (my_srv) StdoutLine: {'line': b'-- Up-to-date symlink: /home/webotpi/ros2_ws/install/my_srv/include/my_srv/my_srv/srv/add.hpp\n'}
[0.716182] (my_srv) StdoutLine: {'line': b'-- Up-to-date symlink: /home/webotpi/ros2_ws/install/my_srv/include/my_srv/my_srv/srv/detail/add__builder.hpp\n'}
[0.716274] (my_srv) StdoutLine: {'line': b'-- Up-to-date symlink: /home/webotpi/ros2_ws/install/my_srv/include/my_srv/my_srv/srv/detail/add__struct.hpp\n'}
[0.716847] (my_srv) StdoutLine: {'line': b'-- Up-to-date symlink: /home/webotpi/ros2_ws/install/my_srv/include/my_srv/my_srv/srv/detail/add__traits.hpp\n'}
[0.716974] (my_srv) StdoutLine: {'line': b'-- Up-to-date symlink: /home/webotpi/ros2_ws/install/my_srv/include/my_srv/my_srv/srv/detail/add__type_support.hpp\n'}
[0.717286] (my_srv) StdoutLine: {'line': b'-- Up-to-date symlink: /home/webotpi/ros2_ws/install/my_srv/include/my_srv/my_srv/msg/rosidl_typesupport_fastrtps_cpp__visibility_control.h\n'}
[0.717445] (my_srv) StdoutLine: {'line': b'-- Up-to-date symlink: /home/webotpi/ros2_ws/install/my_srv/include/my_srv/my_srv/srv/detail/add__rosidl_typesupport_fastrtps_cpp.hpp\n'}
[0.717850] (my_srv) StdoutLine: {'line': b'-- Up-to-date symlink: /home/webotpi/ros2_ws/install/my_srv/include/my_srv/my_srv/msg/rosidl_typesupport_introspection_c__visibility_control.h\n'}
[0.718024] (my_srv) StdoutLine: {'line': b'-- Up-to-date symlink: /home/webotpi/ros2_ws/install/my_srv/include/my_srv/my_srv/srv/detail/add__rosidl_typesupport_introspection_c.h\n'}
[0.718384] (my_srv) StdoutLine: {'line': b'-- Up-to-date symlink: /home/webotpi/ros2_ws/install/my_srv/include/my_srv/my_srv/srv/detail/add__rosidl_typesupport_introspection_cpp.hpp\n'}
[0.718582] (my_srv) StdoutLine: {'line': b'-- Up-to-date symlink: /home/webotpi/ros2_ws/install/my_srv/share/my_srv/environment/pythonpath.sh\n'}
[0.718777] (my_srv) StdoutLine: {'line': b'-- Up-to-date symlink: /home/webotpi/ros2_ws/install/my_srv/share/my_srv/environment/pythonpath.dsv\n'}
[0.719160] (my_srv) StdoutLine: {'line': b'-- Up-to-date symlink: /home/webotpi/ros2_ws/install/my_srv/lib/python3.12/site-packages/my_srv-0.0.0-py3.12.egg-info/PKG-INFO\n'}
[0.719355] (my_srv) StdoutLine: {'line': b'-- Up-to-date symlink: /home/webotpi/ros2_ws/install/my_srv/lib/python3.12/site-packages/my_srv-0.0.0-py3.12.egg-info/SOURCES.txt\n'}
[0.719586] (my_srv) StdoutLine: {'line': b'-- Up-to-date symlink: /home/webotpi/ros2_ws/install/my_srv/lib/python3.12/site-packages/my_srv-0.0.0-py3.12.egg-info/dependency_links.txt\n'}
[0.719707] (my_srv) StdoutLine: {'line': b'-- Up-to-date symlink: /home/webotpi/ros2_ws/install/my_srv/lib/python3.12/site-packages/my_srv-0.0.0-py3.12.egg-info/top_level.txt\n'}
[0.720225] (my_srv) StdoutLine: {'line': b'-- Up-to-date symlink: /home/webotpi/ros2_ws/install/my_srv/lib/python3.12/site-packages/my_srv/__init__.py\n'}
[0.720391] (my_srv) StdoutLine: {'line': b'-- Up-to-date symlink: /home/webotpi/ros2_ws/install/my_srv/lib/python3.12/site-packages/my_srv/_my_srv_s.ep.rosidl_typesupport_c.c\n'}
[0.720548] (my_srv) StdoutLine: {'line': b'-- Up-to-date symlink: /home/webotpi/ros2_ws/install/my_srv/lib/python3.12/site-packages/my_srv/_my_srv_s.ep.rosidl_typesupport_fastrtps_c.c\n'}
[0.720739] (my_srv) StdoutLine: {'line': b'-- Up-to-date symlink: /home/webotpi/ros2_ws/install/my_srv/lib/python3.12/site-packages/my_srv/_my_srv_s.ep.rosidl_typesupport_introspection_c.c\n'}
[0.720842] (my_srv) StdoutLine: {'line': b'-- Up-to-date symlink: /home/webotpi/ros2_ws/install/my_srv/lib/python3.12/site-packages/my_srv/my_srv_s__rosidl_typesupport_c.so\n'}
[0.721053] (my_srv) StdoutLine: {'line': b'-- Up-to-date symlink: /home/webotpi/ros2_ws/install/my_srv/lib/python3.12/site-packages/my_srv/my_srv_s__rosidl_typesupport_fastrtps_c.so\n'}
[0.721243] (my_srv) StdoutLine: {'line': b'-- Up-to-date symlink: /home/webotpi/ros2_ws/install/my_srv/lib/python3.12/site-packages/my_srv/my_srv_s__rosidl_typesupport_introspection_c.so\n'}
[0.721450] (my_srv) StdoutLine: {'line': b'-- Up-to-date symlink: /home/webotpi/ros2_ws/install/my_srv/lib/python3.12/site-packages/my_srv/srv/__init__.py\n'}
[0.721544] (my_srv) StdoutLine: {'line': b'-- Up-to-date symlink: /home/webotpi/ros2_ws/install/my_srv/lib/python3.12/site-packages/my_srv/srv/_add.py\n'}
[0.721627] (my_srv) StdoutLine: {'line': b'-- Up-to-date symlink: /home/webotpi/ros2_ws/install/my_srv/lib/python3.12/site-packages/my_srv/srv/_add_s.c\n'}
[0.721799] (my_srv) StdoutLine: {'line': b'-- Up-to-date symlink: /home/webotpi/ros2_ws/install/my_srv/lib/python3.12/site-packages/my_srv/my_srv_s__rosidl_typesupport_fastrtps_c.so\n'}
[0.722099] (my_srv) StdoutLine: {'line': b'-- Up-to-date symlink: /home/webotpi/ros2_ws/install/my_srv/lib/python3.12/site-packages/my_srv/my_srv_s__rosidl_typesupport_introspection_c.so\n'}
[0.722390] (my_srv) StdoutLine: {'line': b'-- Up-to-date symlink: /home/webotpi/ros2_ws/install/my_srv/lib/python3.12/site-packages/my_srv/my_srv_s__rosidl_typesupport_c.so\n'}
[0.722622] (my_srv) StdoutLine: {'line': b'-- Up-to-date symlink: /home/webotpi/ros2_ws/install/my_srv/share/ament_index/resource_index/rust_packages/my_srv\n'}
[0.723068] (my_srv) StdoutLine: {'line': b'-- Up-to-date symlink: /home/webotpi/ros2_ws/install/my_srv/share/my_srv/rust/Cargo.toml\n'}
[0.723249] (my_srv) StdoutLine: {'line': b'-- Up-to-date symlink: /home/webotpi/ros2_ws/install/my_srv/share/my_srv/rust/build.rs\n'}
[0.723437] (my_srv) StdoutLine: {'line': b'-- Up-to-date symlink: /home/webotpi/ros2_ws/install/my_srv/share/my_srv/rust/src/lib.rs\n'}
[0.723655] (my_srv) StdoutLine: {'line': b'-- Up-to-date symlink: /home/webotpi/ros2_ws/install/my_srv/share/my_srv/rust/src/srv.rs\n'}
[0.723738] (my_srv) StdoutLine: {'line': b'-- Up-to-date symlink: /home/webotpi/ros2_ws/install/my_srv/share/my_srv/rust/src/srv/rmw.rs\n'}
[0.724595] (my_srv) StdoutLine: {'line': b'-- Up-to-date symlink: /home/webotpi/ros2_ws/install/my_srv/share/my_srv/srv/Add.idl\n'}
[0.724700] (my_srv) StdoutLine: {'line': b'-- Up-to-date symlink: /home/webotpi/ros2_ws/install/my_srv/share/my_srv/srv/Add.srv\n'}
[0.724824] (my_srv) StdoutLine: {'line': b'-- Up-to-date symlink: /home/webotpi/ros2_ws/install/my_srv/lib/my_srv/arm_fk.py\n'}
[0.724976] (my_srv) StdoutLine: {'line': b'-- Up-to-date symlink: /home/webotpi/ros2_ws/install/my_srv/lib/my_srv/arm_rviz_bridge.py\n'}
[0.725066] (my_srv) StdoutLine: {'line': b'-- Up-to-date symlink: /home/webotpi/ros2_ws/install/my_srv/lib/my_srv/arm_teach.py\n'}
[0.725145] (my_srv) StdoutLine: {'line': b'-- Up-to-date symlink: /home/webotpi/ros2_ws/install/my_srv/lib/my_srv/asr_node.py\n'}
[0.726921] (my_srv) StdoutLine: {'line': b'-- Up-to-date symlink: /home/webotpi/ros2_ws/install/my_srv/lib/my_srv/color_set_node.py\n'}
[0.727066] (my_srv) StdoutLine: {'line': b'-- Up-to-date symlink: /home/webotpi/ros2_ws/install/my_srv/lib/my_srv/color_sorting_node.py\n'}
[0.727155] (my_srv) StdoutLine: {'line': b'-- Up-to-date symlink: /home/webotpi/ros2_ws/install/my_srv/lib/my_srv/color_stack_node.py\n'}
[0.727235] (my_srv) StdoutLine: {'line': b'-- Up-to-date symlink: /home/webotpi/ros2_ws/install/my_srv/lib/my_srv/color_track_node.py\n'}
[0.727313] (my_srv) StdoutLine: {'line': b'-- Up-to-date symlink: /home/webotpi/ros2_ws/install/my_srv/lib/my_srv/depth_arm.launch.py\n'}
[0.727391] (my_srv) StdoutLine: {'line': b'-- Up-to-date symlink: /home/webotpi/ros2_ws/install/my_srv/lib/my_srv/depth_color_sorting_node.py\n'}
[0.727468] (my_srv) StdoutLine: {'line': b'-- Up-to-date symlink: /home/webotpi/ros2_ws/install/my_srv/lib/my_srv/depth_color_stack_node.py\n'}
[0.727565] (my_srv) StdoutLine: {'line': b'-- Up-to-date symlink: /home/webotpi/ros2_ws/install/my_srv/lib/my_srv/depth_color_track_node.py\n'}
[0.727644] (my_srv) StdoutLine: {'line': b'-- Up-to-date symlink: /home/webotpi/ros2_ws/install/my_srv/lib/my_srv/depth_distance_node.py\n'}
[0.727721] (my_srv) StdoutLine: {'line': b'-- Up-to-date symlink: /home/webotpi/ros2_ws/install/my_srv/lib/my_srv/depth_label_sorting_node.py\n'}
[0.727842] (my_srv) StdoutLine: {'line': b'-- Up-to-date symlink: /home/webotpi/ros2_ws/install/my_srv/lib/my_srv/depth_label_stack_node.py\n'}
[0.727925] (my_srv) StdoutLine: {'line': b'-- Up-to-date symlink: /home/webotpi/ros2_ws/install/my_srv/lib/my_srv/depth_label_track_node.py\n'}
[0.728006] (my_srv) StdoutLine: {'line': b'-- Up-to-date symlink: /home/webotpi/ros2_ws/install/my_srv/lib/my_srv/depth_num_sorting_node.py\n'}
[0.728100] (my_srv) StdoutLine: {'line': b'-- Up-to-date symlink: /home/webotpi/ros2_ws/install/my_srv/lib/my_srv/depth_num_stack_node.py\n'}
[0.728191] (my_srv) StdoutLine: {'line': b'-- Up-to-date symlink: /home/webotpi/ros2_ws/install/my_srv/lib/my_srv/depth_num_track_node.py\n'}
[0.729964] (my_srv) StdoutLine: {'line': b'-- Up-to-date symlink: /home/webotpi/ros2_ws/install/my_srv/lib/my_srv/depth_utils.py\n'}
[0.730133] (my_srv) StdoutLine: {'line': b'-- Up-to-date symlink: /home/webotpi/ros2_ws/install/my_srv/lib/my_srv/diagnose_hand_eye.py\n'}
[0.730365] (my_srv) StdoutLine: {'line': b'-- Up-to-date symlink: /home/webotpi/ros2_ws/install/my_srv/lib/my_srv/eye_in_hand_calib_node.py\n'}
[0.730462] (my_srv) StdoutLine: {'line': b'-- Up-to-date symlink: /home/webotpi/ros2_ws/install/my_srv/lib/my_srv/face_track_node.py\n'}
[0.730617] (my_srv) StdoutLine: {'line': b'-- Up-to-date symlink: /home/webotpi/ros2_ws/install/my_srv/lib/my_srv/glove_node.py\n'}
[0.730701] (my_srv) StdoutLine: {'line': b'-- Up-to-date symlink: /home/webotpi/ros2_ws/install/my_srv/lib/my_srv/hand_gesture_arm_node.py\n'}
[0.730930] (my_srv) StdoutLine: {'line': b'-- Up-to-date symlink: /home/webotpi/ros2_ws/install/my_srv/lib/my_srv/joy_arm_node.py\n'}
[0.731107] (my_srv) StdoutLine: {'line': b'-- Up-to-date symlink: /home/webotpi/ros2_ws/install/my_srv/lib/my_srv/lab_tuner.py\n'}
[0.731250] (my_srv) StdoutLine: {'line': b'-- Up-to-date symlink: /home/webotpi/ros2_ws/install/my_srv/lib/my_srv/label_sorting_node.py\n'}
[0.731334] (my_srv) StdoutLine: {'line': b'-- Up-to-date symlink: /home/webotpi/ros2_ws/install/my_srv/lib/my_srv/label_stack_node.py\n'}
[0.731412] (my_srv) StdoutLine: {'line': b'-- Up-to-date symlink: /home/webotpi/ros2_ws/install/my_srv/lib/my_srv/label_track_node.py\n'}
[0.731491] (my_srv) StdoutLine: {'line': b'-- Up-to-date symlink: /home/webotpi/ros2_ws/install/my_srv/lib/my_srv/num_sorting_node.py\n'}
[0.731569] (my_srv) StdoutLine: {'line': b'-- Up-to-date symlink: /home/webotpi/ros2_ws/install/my_srv/lib/my_srv/num_stack_node.py\n'}
[0.731646] (my_srv) StdoutLine: {'line': b'-- Up-to-date symlink: /home/webotpi/ros2_ws/install/my_srv/lib/my_srv/num_track_node.py\n'}
[0.731724] (my_srv) StdoutLine: {'line': b'-- Up-to-date symlink: /home/webotpi/ros2_ws/install/my_srv/lib/my_srv/servo_node.py\n'}
[0.731836] (my_srv) StdoutLine: {'line': b'-- Up-to-date symlink: /home/webotpi/ros2_ws/install/my_srv/lib/my_srv/test.py\n'}
[0.731921] (my_srv) StdoutLine: {'line': b'-- Up-to-date symlink: /home/webotpi/ros2_ws/install/my_srv/lib/my_srv/z_move.py\n'}
[0.732000] (my_srv) StdoutLine: {'line': b'-- Up-to-date symlink: /home/webotpi/ros2_ws/install/my_srv/lib/my_srv/z_uart.py\n'}
[0.732077] (my_srv) StdoutLine: {'line': b'-- Up-to-date symlink: /home/webotpi/ros2_ws/install/my_srv/share/my_srv/launch/depth_arm.launch.py\n'}
[0.732154] (my_srv) StdoutLine: {'line': b'-- Up-to-date symlink: /home/webotpi/ros2_ws/install/my_srv/share/my_srv/launch/function.launch.py\n'}
[0.732232] (my_srv) StdoutLine: {'line': b'-- Up-to-date symlink: /home/webotpi/ros2_ws/install/my_srv/share/my_srv/launch/slave.launch.py\n'}
[0.732333] (my_srv) StdoutLine: {'line': b'-- Up-to-date symlink: /home/webotpi/ros2_ws/install/my_srv/share/my_srv/web/index.html\n'}
[0.732422] (my_srv) StdoutLine: {'line': b'-- Up-to-date symlink: /home/webotpi/ros2_ws/install/my_srv/share/ament_index/resource_index/package_run_dependencies/my_srv\n'}
[0.732504] (my_srv) StdoutLine: {'line': b'-- Up-to-date symlink: /home/webotpi/ros2_ws/install/my_srv/share/ament_index/resource_index/parent_prefix_path/my_srv\n'}
[0.732582] (my_srv) StdoutLine: {'line': b'-- Up-to-date symlink: /home/webotpi/ros2_ws/install/my_srv/share/my_srv/environment/ament_prefix_path.sh\n'}
[0.732868] (my_srv) StdoutLine: {'line': b'-- Up-to-date symlink: /home/webotpi/ros2_ws/install/my_srv/share/my_srv/environment/ament_prefix_path.dsv\n'}
[0.732968] (my_srv) StdoutLine: {'line': b'-- Up-to-date symlink: /home/webotpi/ros2_ws/install/my_srv/share/my_srv/environment/path.sh\n'}
[0.733048] (my_srv) StdoutLine: {'line': b'-- Up-to-date symlink: /home/webotpi/ros2_ws/install/my_srv/share/my_srv/environment/path.dsv\n'}
[0.733125] (my_srv) StdoutLine: {'line': b'-- Up-to-date symlink: /home/webotpi/ros2_ws/install/my_srv/share/my_srv/local_setup.bash\n'}
[0.733202] (my_srv) StdoutLine: {'line': b'-- Up-to-date symlink: /home/webotpi/ros2_ws/install/my_srv/share/my_srv/local_setup.sh\n'}
[0.733278] (my_srv) StdoutLine: {'line': b'-- Up-to-date symlink: /home/webotpi/ros2_ws/install/my_srv/share/my_srv/local_setup.zsh\n'}
[0.733355] (my_srv) StdoutLine: {'line': b'-- Up-to-date symlink: /home/webotpi/ros2_ws/install/my_srv/share/my_srv/local_setup.dsv\n'}
[0.733431] (my_srv) StdoutLine: {'line': b'-- Symlinking: /home/webotpi/ros2_ws/install/my_srv/share/my_srv/package.dsv\n'}
[0.749999] (my_srv) StdoutLine: {'line': b'-- Up-to-date symlink: /home/webotpi/ros2_ws/install/my_srv/share/ament_index/resource_index/packages/my_srv\n'}
[0.750374] (my_srv) StdoutLine: {'line': b'-- Up-to-date symlink: /home/webotpi/ros2_ws/install/my_srv/share/my_srv/cmake/rosidl_cmake-extras.cmake\n'}
[0.750490] (my_srv) StdoutLine: {'line': b'-- Up-to-date symlink: /home/webotpi/ros2_ws/install/my_srv/share/my_srv/cmake/ament_cmake_export_dependencies-extras.cmake\n'}
[0.750685] (my_srv) StdoutLine: {'line': b'-- Up-to-date symlink: /home/webotpi/ros2_ws/install/my_srv/share/my_srv/cmake/ament_cmake_export_include_directories-extras.cmake\n'}
[0.750892] (my_srv) StdoutLine: {'line': b'-- Up-to-date symlink: /home/webotpi/ros2_ws/install/my_srv/share/my_srv/cmake/ament_cmake_export_libraries-extras.cmake\n'}
[0.751115] (my_srv) StdoutLine: {'line': b'-- Up-to-date symlink: /home/webotpi/ros2_ws/install/my_srv/share/my_srv/cmake/ament_cmake_export_targets-extras.cmake\n'}
[0.751289] (my_srv) StdoutLine: {'line': b'-- Up-to-date symlink: /home/webotpi/ros2_ws/install/my_srv/share/my_srv/cmake/rosidl_cmake_export_typesupport_targets-extras.cmake\n'}
[0.751471] (my_srv) StdoutLine: {'line': b'-- Up-to-date symlink: /home/webotpi/ros2_ws/install/my_srv/share/my_srv/cmake/rosidl_cmake_export_typesupport_libraries-extras.cmake\n'}
[0.751625] (my_srv) StdoutLine: {'line': b'-- Up-to-date symlink: /home/webotpi/ros2_ws/install/my_srv/share/my_srv/cmake/my_srvConfig.cmake\n'}
[0.751802] (my_srv) StdoutLine: {'line': b'-- Up-to-date symlink: /home/webotpi/ros2_ws/install/my_srv/share/my_srv/cmake/my_srvConfig-version.cmake\n'}
[0.752019] (my_srv) StdoutLine: {'line': b'-- Up-to-date symlink: /home/webotpi/ros2_ws/install/my_srv/share/my_srv/package.xml\n'}
[0.752404] (my_srv) StdoutLine: {'line': b'-- Up-to-date: /home/webotpi/ros2_ws/install/my_srv/lib/libmy_srv__rosidl_generator_c.so\n'}
[0.752900] (my_srv) StdoutLine: {'line': b'-- Up-to-date: /home/webotpi/ros2_ws/install/my_srv/lib/libmy_srv__rosidl_typesupport_fastrtps_c.so\n'}
[0.753386] (my_srv) StdoutLine: {'line': b'-- Up-to-date: /home/webotpi/ros2_ws/install/my_srv/lib/libmy_srv__rosidl_typesupport_fastrtps_cpp.so\n'}
[0.753831] (my_srv) StdoutLine: {'line': b'-- Up-to-date: /home/webotpi/ros2_ws/install/my_srv/lib/libmy_srv__rosidl_typesupport_introspection_c.so\n'}
[0.754226] (my_srv) StdoutLine: {'line': b'-- Up-to-date: /home/webotpi/ros2_ws/install/my_srv/lib/libmy_srv__rosidl_typesupport_c.so\n'}
[0.754645] (my_srv) StdoutLine: {'line': b'-- Up-to-date: /home/webotpi/ros2_ws/install/my_srv/lib/libmy_srv__rosidl_typesupport_introspection_cpp.so\n'}
[0.755102] (my_srv) StdoutLine: {'line': b'-- Up-to-date: /home/webotpi/ros2_ws/install/my_srv/lib/libmy_srv__rosidl_typesupport_cpp.so\n'}
[0.801301] (-) TimerEvent: {}
[0.805295] (my_srv) StdoutLine: {'line': b"Listing '/home/webotpi/ros2_ws/install/my_srv/lib/python3.12/site-packages/my_srv'...\n"}
[0.805532] (my_srv) StdoutLine: {'line': b"Listing '/home/webotpi/ros2_ws/install/my_srv/lib/python3.12/site-packages/my_srv/srv'...\n"}
[0.816522] (my_srv) StdoutLine: {'line': b'-- Up-to-date: /home/webotpi/ros2_ws/install/my_srv/lib/libmy_srv__rosidl_generator_py.so\n'}
[0.816834] (my_srv) StdoutLine: {'line': b'-- Up-to-date: /home/webotpi/ros2_ws/install/my_srv/share/my_srv/cmake/export_my_srv__rosidl_generator_cExport.cmake\n'}
[0.817171] (my_srv) StdoutLine: {'line': b'-- Up-to-date: /home/webotpi/ros2_ws/install/my_srv/share/my_srv/cmake/export_my_srv__rosidl_generator_cExport-noconfig.cmake\n'}
[0.817271] (my_srv) StdoutLine: {'line': b'-- Up-to-date: /home/webotpi/ros2_ws/install/my_srv/share/my_srv/cmake/export_my_srv__rosidl_typesupport_fastrtps_cExport.cmake\n'}
[0.817375] (my_srv) StdoutLine: {'line': b'-- Up-to-date: /home/webotpi/ros2_ws/install/my_srv/share/my_srv/cmake/export_my_srv__rosidl_typesupport_fastrtps_cExport-noconfig.cmake\n'}
[0.817617] (my_srv) StdoutLine: {'line': b'-- Up-to-date: /home/webotpi/ros2_ws/install/my_srv/share/my_srv/cmake/export_my_srv__rosidl_generator_cppExport.cmake\n'}
[0.817822] (my_srv) StdoutLine: {'line': b'-- Up-to-date: /home/webotpi/ros2_ws/install/my_srv/share/my_srv/cmake/export_my_srv__rosidl_typesupport_fastrtps_cppExport.cmake\n'}
[0.818167] (my_srv) StdoutLine: {'line': b'-- Up-to-date: /home/webotpi/ros2_ws/install/my_srv/share/my_srv/cmake/export_my_srv__rosidl_typesupport_fastrtps_cppExport-noconfig.cmake\n'}
[0.818278] (my_srv) StdoutLine: {'line': b'-- Up-to-date: /home/webotpi/ros2_ws/install/my_srv/share/my_srv/cmake/my_srv__rosidl_typesupport_introspection_cExport.cmake\n'}
[0.818374] (my_srv) StdoutLine: {'line': b'-- Up-to-date: /home/webotpi/ros2_ws/install/my_srv/share/my_srv/cmake/my_srv__rosidl_typesupport_introspection_cExport-noconfig.cmake\n'}
[0.818468] (my_srv) StdoutLine: {'line': b'-- Up-to-date: /home/webotpi/ros2_ws/install/my_srv/share/my_srv/cmake/my_srv__rosidl_typesupport_cExport.cmake\n'}
[0.818557] (my_srv) StdoutLine: {'line': b'-- Up-to-date: /home/webotpi/ros2_ws/install/my_srv/share/my_srv/cmake/my_srv__rosidl_typesupport_cExport-noconfig.cmake\n'}
[0.818653] (my_srv) StdoutLine: {'line': b'-- Up-to-date: /home/webotpi/ros2_ws/install/my_srv/share/my_srv/cmake/my_srv__rosidl_typesupport_introspection_cppExport.cmake\n'}
[0.818747] (my_srv) StdoutLine: {'line': b'-- Up-to-date: /home/webotpi/ros2_ws/install/my_srv/share/my_srv/cmake/my_srv__rosidl_typesupport_introspection_cppExport-noconfig.cmake\n'}
[0.818856] (my_srv) StdoutLine: {'line': b'-- Up-to-date: /home/webotpi/ros2_ws/install/my_srv/share/my_srv/cmake/my_srv__rosidl_typesupport_cppExport.cmake\n'}
[0.818948] (my_srv) StdoutLine: {'line': b'-- Up-to-date: /home/webotpi/ros2_ws/install/my_srv/share/my_srv/cmake/my_srv__rosidl_typesupport_cppExport-noconfig.cmake\n'}
[0.819136] (my_srv) StdoutLine: {'line': b'-- Up-to-date: /home/webotpi/ros2_ws/install/my_srv/share/my_srv/cmake/export_my_srv__rosidl_generator_pyExport.cmake\n'}
[0.819253] (my_srv) StdoutLine: {'line': b'-- Up-to-date: /home/webotpi/ros2_ws/install/my_srv/share/my_srv/cmake/export_my_srv__rosidl_generator_pyExport-noconfig.cmake\n'}
[0.821483] (my_srv) CommandEnded: {'returncode': 0}
[0.862077] (my_srv) JobEnded: {'identifier': 'my_srv', 'rc': 0}
[0.862789] (-) EventReactorShutdown: {}
