[3.866s] Invoking command in '/home/webotpi/ros2_ws/build/voice_interaction': PYTHONPATH=/home/webotpi/ros2_ws/build/voice_interaction/prefix_override:/usr/lib/python3/dist-packages/colcon_core/task/python/colcon_distutils_commands:/home/webotpi/ros2_ws/install/voice_interaction/lib/python3.12/site-packages:${PYTHONPATH} /usr/bin/python3 -W ignore:setup.py install is deprecated -W ignore:easy_install command is deprecated setup.py develop --editable --build-directory /home/webotpi/ros2_ws/build/voice_interaction/build --no-deps symlink_data --force
[4.865s] running develop
[5.525s] running egg_info
[5.594s] writing voice_interaction.egg-info/PKG-INFO
[5.595s] writing dependency_links to voice_interaction.egg-info/dependency_links.txt
[5.599s] writing entry points to voice_interaction.egg-info/entry_points.txt
[5.601s] writing requirements to voice_interaction.egg-info/requires.txt
[5.601s] writing top-level names to voice_interaction.egg-info/top_level.txt
[5.827s] reading manifest file 'voice_interaction.egg-info/SOURCES.txt'
[5.830s] writing manifest file 'voice_interaction.egg-info/SOURCES.txt'
[5.971s] running build_ext
[5.971s] Creating /home/webotpi/ros2_ws/install/voice_interaction/lib/python3.12/site-packages/voice-interaction.egg-link (link to .)
[5.972s] Installing arm_executor_node script to /home/webotpi/ros2_ws/install/voice_interaction/lib/voice_interaction
[5.973s] Installing intent_parser_node script to /home/webotpi/ros2_ws/install/voice_interaction/lib/voice_interaction
[5.974s] Installing voice_recognition_node script to /home/webotpi/ros2_ws/install/voice_interaction/lib/voice_interaction
[5.977s] Installing voice_synthesis_node script to /home/webotpi/ros2_ws/install/voice_interaction/lib/voice_interaction
[5.979s] 
[5.980s] Installed /home/webotpi/ros2_ws/build/voice_interaction
[5.982s] running symlink_data
[5.988s] symbolically linking /home/webotpi/ros2_ws/build/voice_interaction/resource/voice_interaction -> /home/webotpi/ros2_ws/install/voice_interaction/share/ament_index/resource_index/packages
[5.993s] symbolically linking /home/webotpi/ros2_ws/build/voice_interaction/package.xml -> /home/webotpi/ros2_ws/install/voice_interaction/share/voice_interaction
[5.996s] symbolically linking /home/webotpi/ros2_ws/build/voice_interaction/launch/voice_interaction_launch.py -> /home/webotpi/ros2_ws/install/voice_interaction/share/voice_interaction/launch
[5.996s] symbolically linking /home/webotpi/ros2_ws/build/voice_interaction/config/voice_params.yaml -> /home/webotpi/ros2_ws/install/voice_interaction/share/voice_interaction/config
[6.172s] Invoked command in '/home/webotpi/ros2_ws/build/voice_interaction' returned '0': PYTHONPATH=/home/webotpi/ros2_ws/build/voice_interaction/prefix_override:/usr/lib/python3/dist-packages/colcon_core/task/python/colcon_distutils_commands:/home/webotpi/ros2_ws/install/voice_interaction/lib/python3.12/site-packages:${PYTHONPATH} /usr/bin/python3 -W ignore:setup.py install is deprecated -W ignore:easy_install command is deprecated setup.py develop --editable --build-directory /home/webotpi/ros2_ws/build/voice_interaction/build --no-deps symlink_data --force
