[0.024s] Invoking command in '/home/webotpi/ros2_ws/build/my_srv': CMAKE_PREFIX_PATH=${CMAKE_PREFIX_PATH}:/opt/ros/jazzy /usr/bin/cmake --build /home/webotpi/ros2_ws/build/my_srv -- -j4 -l4
[0.344s] [  2%] Built target my_srv__rs
[0.401s] [  2%] Built target ament_cmake_python_symlink_my_srv
[0.444s] [  5%] Built target my_srv__rosidl_generator_type_description
[0.768s] running egg_info
[0.797s] writing my_srv.egg-info/PKG-INFO
[0.797s] writing dependency_links to my_srv.egg-info/dependency_links.txt
[0.800s] writing top-level names to my_srv.egg-info/top_level.txt
[0.885s] reading manifest file 'my_srv.egg-info/SOURCES.txt'
[0.888s] writing manifest file 'my_srv.egg-info/SOURCES.txt'
[0.959s] [  5%] Built target ament_cmake_python_build_my_srv_egg
[1.004s] [  8%] Built target my_srv__cpp
[1.096s] [ 22%] Built target my_srv__rosidl_generator_c
[1.176s] [ 31%] Built target my_srv__rosidl_typesupport_fastrtps_c
[1.229s] [ 40%] Built target my_srv__rosidl_typesupport_c
[1.284s] [ 48%] Built target my_srv__rosidl_typesupport_introspection_cpp
[1.337s] [ 57%] Built target my_srv__rosidl_typesupport_cpp
[1.388s] [ 65%] Built target my_srv__rosidl_typesupport_introspection_c
[1.442s] [ 74%] Built target my_srv__rosidl_typesupport_fastrtps_cpp
[1.484s] [ 74%] Built target my_srv
[1.527s] [ 77%] Built target my_srv__py
[1.598s] [ 82%] Built target my_srv__rosidl_generator_py
[1.646s] [ 88%] Built target my_srv_s__rosidl_typesupport_fastrtps_c
[1.695s] [ 94%] Built target my_srv_s__rosidl_typesupport_c
[1.744s] [100%] Built target my_srv_s__rosidl_typesupport_introspection_c
[1.764s] Invoked command in '/home/webotpi/ros2_ws/build/my_srv' returned '0': CMAKE_PREFIX_PATH=${CMAKE_PREFIX_PATH}:/opt/ros/jazzy /usr/bin/cmake --build /home/webotpi/ros2_ws/build/my_srv -- -j4 -l4
[1.790s] Invoking command in '/home/webotpi/ros2_ws/build/my_srv': CMAKE_PREFIX_PATH=${CMAKE_PREFIX_PATH}:/opt/ros/jazzy /usr/bin/cmake --install /home/webotpi/ros2_ws/build/my_srv
[1.808s] -- Install configuration: ""
[1.810s] -- Execute custom install script
[1.811s] -- Up-to-date symlink: /home/webotpi/ros2_ws/install/my_srv/share/ament_index/resource_index/rosidl_interfaces/my_srv
[1.812s] -- Up-to-date symlink: /home/webotpi/ros2_ws/install/my_srv/share/my_srv/srv/Add.json
[1.816s] -- Up-to-date symlink: /home/webotpi/ros2_ws/install/my_srv/include/my_srv/my_srv/msg/rosidl_generator_c__visibility_control.h
[1.817s] -- Up-to-date symlink: /home/webotpi/ros2_ws/install/my_srv/include/my_srv/my_srv/srv/add.h
[1.818s] -- Up-to-date symlink: /home/webotpi/ros2_ws/install/my_srv/include/my_srv/my_srv/srv/detail/add__functions.h
[1.819s] -- Up-to-date symlink: /home/webotpi/ros2_ws/install/my_srv/include/my_srv/my_srv/srv/detail/add__struct.h
[1.819s] -- Up-to-date symlink: /home/webotpi/ros2_ws/install/my_srv/include/my_srv/my_srv/srv/detail/add__type_support.h
[1.819s] -- Up-to-date symlink: /home/webotpi/ros2_ws/install/my_srv/share/my_srv/environment/library_path.sh
[1.820s] -- Up-to-date symlink: /home/webotpi/ros2_ws/install/my_srv/share/my_srv/environment/library_path.dsv
[1.821s] -- Up-to-date symlink: /home/webotpi/ros2_ws/install/my_srv/include/my_srv/my_srv/msg/rosidl_typesupport_fastrtps_c__visibility_control.h
[1.821s] -- Up-to-date symlink: /home/webotpi/ros2_ws/install/my_srv/include/my_srv/my_srv/srv/detail/add__rosidl_typesupport_fastrtps_c.h
[1.822s] -- Up-to-date symlink: /home/webotpi/ros2_ws/install/my_srv/include/my_srv/my_srv/msg/rosidl_generator_cpp__visibility_control.hpp
[1.822s] -- Up-to-date symlink: /home/webotpi/ros2_ws/install/my_srv/include/my_srv/my_srv/srv/add.hpp
[1.823s] -- Up-to-date symlink: /home/webotpi/ros2_ws/install/my_srv/include/my_srv/my_srv/srv/detail/add__builder.hpp
[1.823s] -- Up-to-date symlink: /home/webotpi/ros2_ws/install/my_srv/include/my_srv/my_srv/srv/detail/add__struct.hpp
[1.824s] -- Up-to-date symlink: /home/webotpi/ros2_ws/install/my_srv/include/my_srv/my_srv/srv/detail/add__traits.hpp
[1.825s] -- Up-to-date symlink: /home/webotpi/ros2_ws/install/my_srv/include/my_srv/my_srv/srv/detail/add__type_support.hpp
[1.826s] -- Up-to-date symlink: /home/webotpi/ros2_ws/install/my_srv/include/my_srv/my_srv/msg/rosidl_typesupport_fastrtps_cpp__visibility_control.h
[1.826s] -- Up-to-date symlink: /home/webotpi/ros2_ws/install/my_srv/include/my_srv/my_srv/srv/detail/add__rosidl_typesupport_fastrtps_cpp.hpp
[1.827s] -- Up-to-date symlink: /home/webotpi/ros2_ws/install/my_srv/include/my_srv/my_srv/msg/rosidl_typesupport_introspection_c__visibility_control.h
[1.827s] -- Up-to-date symlink: /home/webotpi/ros2_ws/install/my_srv/include/my_srv/my_srv/srv/detail/add__rosidl_typesupport_introspection_c.h
[1.828s] -- Up-to-date symlink: /home/webotpi/ros2_ws/install/my_srv/include/my_srv/my_srv/srv/detail/add__rosidl_typesupport_introspection_cpp.hpp
[1.829s] -- Up-to-date symlink: /home/webotpi/ros2_ws/install/my_srv/share/my_srv/environment/pythonpath.sh
[1.829s] -- Up-to-date symlink: /home/webotpi/ros2_ws/install/my_srv/share/my_srv/environment/pythonpath.dsv
[1.830s] -- Up-to-date symlink: /home/webotpi/ros2_ws/install/my_srv/lib/python3.12/site-packages/my_srv-0.0.0-py3.12.egg-info/PKG-INFO
[1.830s] -- Up-to-date symlink: /home/webotpi/ros2_ws/install/my_srv/lib/python3.12/site-packages/my_srv-0.0.0-py3.12.egg-info/SOURCES.txt
[1.831s] -- Up-to-date symlink: /home/webotpi/ros2_ws/install/my_srv/lib/python3.12/site-packages/my_srv-0.0.0-py3.12.egg-info/dependency_links.txt
[1.831s] -- Up-to-date symlink: /home/webotpi/ros2_ws/install/my_srv/lib/python3.12/site-packages/my_srv-0.0.0-py3.12.egg-info/top_level.txt
[1.832s] -- Up-to-date symlink: /home/webotpi/ros2_ws/install/my_srv/lib/python3.12/site-packages/my_srv/__init__.py
[1.833s] -- Up-to-date symlink: /home/webotpi/ros2_ws/install/my_srv/lib/python3.12/site-packages/my_srv/_my_srv_s.ep.rosidl_typesupport_c.c
[1.833s] -- Up-to-date symlink: /home/webotpi/ros2_ws/install/my_srv/lib/python3.12/site-packages/my_srv/_my_srv_s.ep.rosidl_typesupport_fastrtps_c.c
[1.834s] -- Up-to-date symlink: /home/webotpi/ros2_ws/install/my_srv/lib/python3.12/site-packages/my_srv/_my_srv_s.ep.rosidl_typesupport_introspection_c.c
[1.834s] -- Up-to-date symlink: /home/webotpi/ros2_ws/install/my_srv/lib/python3.12/site-packages/my_srv/my_srv_s__rosidl_typesupport_c.so
[1.834s] -- Up-to-date symlink: /home/webotpi/ros2_ws/install/my_srv/lib/python3.12/site-packages/my_srv/my_srv_s__rosidl_typesupport_fastrtps_c.so
[1.835s] -- Up-to-date symlink: /home/webotpi/ros2_ws/install/my_srv/lib/python3.12/site-packages/my_srv/my_srv_s__rosidl_typesupport_introspection_c.so
[1.835s] -- Up-to-date symlink: /home/webotpi/ros2_ws/install/my_srv/lib/python3.12/site-packages/my_srv/srv/__init__.py
[1.835s] -- Up-to-date symlink: /home/webotpi/ros2_ws/install/my_srv/lib/python3.12/site-packages/my_srv/srv/_add.py
[1.836s] -- Up-to-date symlink: /home/webotpi/ros2_ws/install/my_srv/lib/python3.12/site-packages/my_srv/srv/_add_s.c
[1.836s] -- Up-to-date symlink: /home/webotpi/ros2_ws/install/my_srv/lib/python3.12/site-packages/my_srv/my_srv_s__rosidl_typesupport_fastrtps_c.so
[1.837s] -- Up-to-date symlink: /home/webotpi/ros2_ws/install/my_srv/lib/python3.12/site-packages/my_srv/my_srv_s__rosidl_typesupport_introspection_c.so
[1.838s] -- Up-to-date symlink: /home/webotpi/ros2_ws/install/my_srv/lib/python3.12/site-packages/my_srv/my_srv_s__rosidl_typesupport_c.so
[1.839s] -- Up-to-date symlink: /home/webotpi/ros2_ws/install/my_srv/share/ament_index/resource_index/rust_packages/my_srv
[1.839s] -- Up-to-date symlink: /home/webotpi/ros2_ws/install/my_srv/share/my_srv/rust/Cargo.toml
[1.839s] -- Up-to-date symlink: /home/webotpi/ros2_ws/install/my_srv/share/my_srv/rust/build.rs
[1.840s] -- Up-to-date symlink: /home/webotpi/ros2_ws/install/my_srv/share/my_srv/rust/src/lib.rs
[1.840s] -- Up-to-date symlink: /home/webotpi/ros2_ws/install/my_srv/share/my_srv/rust/src/srv.rs
[1.840s] -- Up-to-date symlink: /home/webotpi/ros2_ws/install/my_srv/share/my_srv/rust/src/srv/rmw.rs
[1.840s] -- Up-to-date symlink: /home/webotpi/ros2_ws/install/my_srv/share/my_srv/srv/Add.idl
[1.840s] -- Up-to-date symlink: /home/webotpi/ros2_ws/install/my_srv/share/my_srv/srv/Add.srv
[1.841s] -- Up-to-date symlink: /home/webotpi/ros2_ws/install/my_srv/lib/my_srv/arm_fk.py
[1.841s] -- Up-to-date symlink: /home/webotpi/ros2_ws/install/my_srv/lib/my_srv/arm_rviz_bridge.py
[1.841s] -- Up-to-date symlink: /home/webotpi/ros2_ws/install/my_srv/lib/my_srv/arm_teach.py
[1.841s] -- Up-to-date symlink: /home/webotpi/ros2_ws/install/my_srv/lib/my_srv/asr_node.py
[1.841s] -- Up-to-date symlink: /home/webotpi/ros2_ws/install/my_srv/lib/my_srv/color_set_node.py
[1.842s] -- Up-to-date symlink: /home/webotpi/ros2_ws/install/my_srv/lib/my_srv/color_sorting_node.py
[1.842s] -- Up-to-date symlink: /home/webotpi/ros2_ws/install/my_srv/lib/my_srv/color_stack_node.py
[1.842s] -- Up-to-date symlink: /home/webotpi/ros2_ws/install/my_srv/lib/my_srv/color_track_node.py
[1.842s] -- Up-to-date symlink: /home/webotpi/ros2_ws/install/my_srv/lib/my_srv/depth_arm.launch.py
[1.842s] -- Up-to-date symlink: /home/webotpi/ros2_ws/install/my_srv/lib/my_srv/depth_color_sorting_node.py
[1.843s] -- Up-to-date symlink: /home/webotpi/ros2_ws/install/my_srv/lib/my_srv/depth_color_stack_node.py
[1.843s] -- Up-to-date symlink: /home/webotpi/ros2_ws/install/my_srv/lib/my_srv/depth_color_track_node.py
[1.843s] -- Up-to-date symlink: /home/webotpi/ros2_ws/install/my_srv/lib/my_srv/depth_distance_node.py
[1.843s] -- Up-to-date symlink: /home/webotpi/ros2_ws/install/my_srv/lib/my_srv/depth_label_sorting_node.py
[1.844s] -- Up-to-date symlink: /home/webotpi/ros2_ws/install/my_srv/lib/my_srv/depth_label_stack_node.py
[1.844s] -- Up-to-date symlink: /home/webotpi/ros2_ws/install/my_srv/lib/my_srv/depth_label_track_node.py
[1.844s] -- Up-to-date symlink: /home/webotpi/ros2_ws/install/my_srv/lib/my_srv/depth_num_sorting_node.py
[1.844s] -- Up-to-date symlink: /home/webotpi/ros2_ws/install/my_srv/lib/my_srv/depth_num_stack_node.py
[1.844s] -- Up-to-date symlink: /home/webotpi/ros2_ws/install/my_srv/lib/my_srv/depth_num_track_node.py
[1.844s] -- Up-to-date symlink: /home/webotpi/ros2_ws/install/my_srv/lib/my_srv/depth_utils.py
[1.845s] -- Up-to-date symlink: /home/webotpi/ros2_ws/install/my_srv/lib/my_srv/diagnose_hand_eye.py
[1.845s] -- Up-to-date symlink: /home/webotpi/ros2_ws/install/my_srv/lib/my_srv/eye_in_hand_calib_node.py
[1.845s] -- Up-to-date symlink: /home/webotpi/ros2_ws/install/my_srv/lib/my_srv/face_track_node.py
[1.846s] -- Up-to-date symlink: /home/webotpi/ros2_ws/install/my_srv/lib/my_srv/glove_node.py
[1.846s] -- Up-to-date symlink: /home/webotpi/ros2_ws/install/my_srv/lib/my_srv/hand_gesture_arm_node.py
[1.846s] -- Up-to-date symlink: /home/webotpi/ros2_ws/install/my_srv/lib/my_srv/joy_arm_node.py
[1.846s] -- Up-to-date symlink: /home/webotpi/ros2_ws/install/my_srv/lib/my_srv/lab_tuner.py
[1.846s] -- Up-to-date symlink: /home/webotpi/ros2_ws/install/my_srv/lib/my_srv/label_sorting_node.py
[1.847s] -- Up-to-date symlink: /home/webotpi/ros2_ws/install/my_srv/lib/my_srv/label_stack_node.py
[1.847s] -- Up-to-date symlink: /home/webotpi/ros2_ws/install/my_srv/lib/my_srv/label_track_node.py
[1.847s] -- Up-to-date symlink: /home/webotpi/ros2_ws/install/my_srv/lib/my_srv/num_sorting_node.py
[1.847s] -- Up-to-date symlink: /home/webotpi/ros2_ws/install/my_srv/lib/my_srv/num_stack_node.py
[1.847s] -- Up-to-date symlink: /home/webotpi/ros2_ws/install/my_srv/lib/my_srv/num_track_node.py
[1.847s] -- Up-to-date symlink: /home/webotpi/ros2_ws/install/my_srv/lib/my_srv/servo_node.py
[1.847s] -- Up-to-date symlink: /home/webotpi/ros2_ws/install/my_srv/lib/my_srv/test.py
[1.848s] -- Up-to-date symlink: /home/webotpi/ros2_ws/install/my_srv/lib/my_srv/z_move.py
[1.848s] -- Up-to-date symlink: /home/webotpi/ros2_ws/install/my_srv/lib/my_srv/z_uart.py
[1.848s] -- Up-to-date symlink: /home/webotpi/ros2_ws/install/my_srv/share/my_srv/launch/depth_arm.launch.py
[1.848s] -- Up-to-date symlink: /home/webotpi/ros2_ws/install/my_srv/share/my_srv/launch/function.launch.py
[1.849s] -- Up-to-date symlink: /home/webotpi/ros2_ws/install/my_srv/share/my_srv/launch/slave.launch.py
[1.849s] -- Up-to-date symlink: /home/webotpi/ros2_ws/install/my_srv/share/my_srv/web/index.html
[1.850s] -- Up-to-date symlink: /home/webotpi/ros2_ws/install/my_srv/share/ament_index/resource_index/package_run_dependencies/my_srv
[1.851s] -- Up-to-date symlink: /home/webotpi/ros2_ws/install/my_srv/share/ament_index/resource_index/parent_prefix_path/my_srv
[1.851s] -- Up-to-date symlink: /home/webotpi/ros2_ws/install/my_srv/share/my_srv/environment/ament_prefix_path.sh
[1.851s] -- Up-to-date symlink: /home/webotpi/ros2_ws/install/my_srv/share/my_srv/environment/ament_prefix_path.dsv
[1.851s] -- Up-to-date symlink: /home/webotpi/ros2_ws/install/my_srv/share/my_srv/environment/path.sh
[1.852s] -- Up-to-date symlink: /home/webotpi/ros2_ws/install/my_srv/share/my_srv/environment/path.dsv
[1.852s] -- Up-to-date symlink: /home/webotpi/ros2_ws/install/my_srv/share/my_srv/local_setup.bash
[1.852s] -- Up-to-date symlink: /home/webotpi/ros2_ws/install/my_srv/share/my_srv/local_setup.sh
[1.852s] -- Up-to-date symlink: /home/webotpi/ros2_ws/install/my_srv/share/my_srv/local_setup.zsh
[1.852s] -- Up-to-date symlink: /home/webotpi/ros2_ws/install/my_srv/share/my_srv/local_setup.dsv
[1.853s] -- Symlinking: /home/webotpi/ros2_ws/install/my_srv/share/my_srv/package.dsv
[1.870s] -- Up-to-date symlink: /home/webotpi/ros2_ws/install/my_srv/share/ament_index/resource_index/packages/my_srv
[1.871s] -- Up-to-date symlink: /home/webotpi/ros2_ws/install/my_srv/share/my_srv/cmake/rosidl_cmake-extras.cmake
[1.871s] -- Up-to-date symlink: /home/webotpi/ros2_ws/install/my_srv/share/my_srv/cmake/ament_cmake_export_dependencies-extras.cmake
[1.871s] -- Up-to-date symlink: /home/webotpi/ros2_ws/install/my_srv/share/my_srv/cmake/ament_cmake_export_include_directories-extras.cmake
[1.871s] -- Up-to-date symlink: /home/webotpi/ros2_ws/install/my_srv/share/my_srv/cmake/ament_cmake_export_libraries-extras.cmake
[1.871s] -- Up-to-date symlink: /home/webotpi/ros2_ws/install/my_srv/share/my_srv/cmake/ament_cmake_export_targets-extras.cmake
[1.872s] -- Up-to-date symlink: /home/webotpi/ros2_ws/install/my_srv/share/my_srv/cmake/rosidl_cmake_export_typesupport_targets-extras.cmake
[1.872s] -- Up-to-date symlink: /home/webotpi/ros2_ws/install/my_srv/share/my_srv/cmake/rosidl_cmake_export_typesupport_libraries-extras.cmake
[1.872s] -- Up-to-date symlink: /home/webotpi/ros2_ws/install/my_srv/share/my_srv/cmake/my_srvConfig.cmake
[1.872s] -- Up-to-date symlink: /home/webotpi/ros2_ws/install/my_srv/share/my_srv/cmake/my_srvConfig-version.cmake
[1.872s] -- Up-to-date symlink: /home/webotpi/ros2_ws/install/my_srv/share/my_srv/package.xml
[1.873s] -- Up-to-date: /home/webotpi/ros2_ws/install/my_srv/lib/libmy_srv__rosidl_generator_c.so
[1.873s] -- Up-to-date: /home/webotpi/ros2_ws/install/my_srv/lib/libmy_srv__rosidl_typesupport_fastrtps_c.so
[1.877s] -- Up-to-date: /home/webotpi/ros2_ws/install/my_srv/lib/libmy_srv__rosidl_typesupport_fastrtps_cpp.so
[1.879s] -- Up-to-date: /home/webotpi/ros2_ws/install/my_srv/lib/libmy_srv__rosidl_typesupport_introspection_c.so
[1.879s] -- Up-to-date: /home/webotpi/ros2_ws/install/my_srv/lib/libmy_srv__rosidl_typesupport_c.so
[1.881s] -- Up-to-date: /home/webotpi/ros2_ws/install/my_srv/lib/libmy_srv__rosidl_typesupport_introspection_cpp.so
[1.883s] -- Up-to-date: /home/webotpi/ros2_ws/install/my_srv/lib/libmy_srv__rosidl_typesupport_cpp.so
[1.942s] Listing '/home/webotpi/ros2_ws/install/my_srv/lib/python3.12/site-packages/my_srv'...
[1.942s] Listing '/home/webotpi/ros2_ws/install/my_srv/lib/python3.12/site-packages/my_srv/srv'...
[1.954s] -- Up-to-date: /home/webotpi/ros2_ws/install/my_srv/lib/libmy_srv__rosidl_generator_py.so
[1.959s] -- Up-to-date: /home/webotpi/ros2_ws/install/my_srv/share/my_srv/cmake/export_my_srv__rosidl_generator_cExport.cmake
[1.959s] -- Up-to-date: /home/webotpi/ros2_ws/install/my_srv/share/my_srv/cmake/export_my_srv__rosidl_generator_cExport-noconfig.cmake
[1.960s] -- Up-to-date: /home/webotpi/ros2_ws/install/my_srv/share/my_srv/cmake/export_my_srv__rosidl_typesupport_fastrtps_cExport.cmake
[1.960s] -- Up-to-date: /home/webotpi/ros2_ws/install/my_srv/share/my_srv/cmake/export_my_srv__rosidl_typesupport_fastrtps_cExport-noconfig.cmake
[1.961s] -- Up-to-date: /home/webotpi/ros2_ws/install/my_srv/share/my_srv/cmake/export_my_srv__rosidl_generator_cppExport.cmake
[1.963s] -- Up-to-date: /home/webotpi/ros2_ws/install/my_srv/share/my_srv/cmake/export_my_srv__rosidl_typesupport_fastrtps_cppExport.cmake
[1.963s] -- Up-to-date: /home/webotpi/ros2_ws/install/my_srv/share/my_srv/cmake/export_my_srv__rosidl_typesupport_fastrtps_cppExport-noconfig.cmake
[1.964s] -- Up-to-date: /home/webotpi/ros2_ws/install/my_srv/share/my_srv/cmake/my_srv__rosidl_typesupport_introspection_cExport.cmake
[1.964s] -- Up-to-date: /home/webotpi/ros2_ws/install/my_srv/share/my_srv/cmake/my_srv__rosidl_typesupport_introspection_cExport-noconfig.cmake
[1.966s] -- Up-to-date: /home/webotpi/ros2_ws/install/my_srv/share/my_srv/cmake/my_srv__rosidl_typesupport_cExport.cmake
[1.966s] -- Up-to-date: /home/webotpi/ros2_ws/install/my_srv/share/my_srv/cmake/my_srv__rosidl_typesupport_cExport-noconfig.cmake
[1.967s] -- Up-to-date: /home/webotpi/ros2_ws/install/my_srv/share/my_srv/cmake/my_srv__rosidl_typesupport_introspection_cppExport.cmake
[1.967s] -- Up-to-date: /home/webotpi/ros2_ws/install/my_srv/share/my_srv/cmake/my_srv__rosidl_typesupport_introspection_cppExport-noconfig.cmake
[1.968s] -- Up-to-date: /home/webotpi/ros2_ws/install/my_srv/share/my_srv/cmake/my_srv__rosidl_typesupport_cppExport.cmake
[1.969s] -- Up-to-date: /home/webotpi/ros2_ws/install/my_srv/share/my_srv/cmake/my_srv__rosidl_typesupport_cppExport-noconfig.cmake
[1.970s] -- Up-to-date: /home/webotpi/ros2_ws/install/my_srv/share/my_srv/cmake/export_my_srv__rosidl_generator_pyExport.cmake
[1.970s] -- Up-to-date: /home/webotpi/ros2_ws/install/my_srv/share/my_srv/cmake/export_my_srv__rosidl_generator_pyExport-noconfig.cmake
[1.975s] Invoked command in '/home/webotpi/ros2_ws/build/my_srv' returned '0': CMAKE_PREFIX_PATH=${CMAKE_PREFIX_PATH}:/opt/ros/jazzy /usr/bin/cmake --install /home/webotpi/ros2_ws/build/my_srv
