[0.038s] Invoking command in '/home/webotpi/ros2_ws/build/rplidar_ros': CMAKE_PREFIX_PATH=${CMAKE_PREFIX_PATH}:/home/webotpi/ros2_ws/install/py_pkg:/home/webotpi/ros2_ws/install/my_launch_pkg:/opt/ros/jazzy DEBUGINFOD_URLS=https://debuginfod.ubuntu.com /usr/bin/cmake /home/webotpi/ros2_ws/src/rplidar_ros -DCMAKE_INSTALL_PREFIX=/home/webotpi/ros2_ws/install/rplidar_ros
[0.078s] -- Found ament_cmake: 2.5.6 (/opt/ros/jazzy/share/ament_cmake/cmake)
[0.610s] -- Override CMake install command with custom implementation using symlinks instead of copying resources
[0.630s] -- Found rclcpp: 28.1.18 (/opt/ros/jazzy/share/rclcpp/cmake)
[0.673s] -- Found rosidl_generator_c: 4.6.7 (/opt/ros/jazzy/share/rosidl_generator_c/cmake)
[0.690s] -- Found rosidl_generator_cpp: 4.6.7 (/opt/ros/jazzy/share/rosidl_generator_cpp/cmake)
[0.712s] -- Using all available rosidl_typesupport_c: rosidl_typesupport_fastrtps_c;rosidl_typesupport_introspection_c
[0.737s] -- Using all available rosidl_typesupport_cpp: rosidl_typesupport_fastrtps_cpp;rosidl_typesupport_introspection_cpp
[0.856s] -- Found rmw_implementation_cmake: 7.3.3 (/opt/ros/jazzy/share/rmw_implementation_cmake/cmake)
[0.860s] -- Found rmw_fastrtps_cpp: 8.4.3 (/opt/ros/jazzy/share/rmw_fastrtps_cpp/cmake)
[0.979s] -- Using RMW implementation 'rmw_fastrtps_cpp' as default
[1.123s] -- Found sensor_msgs: 5.3.7 (/opt/ros/jazzy/share/sensor_msgs/cmake)
[1.409s] -- Found std_srvs: 5.3.7 (/opt/ros/jazzy/share/std_srvs/cmake)
[1.780s] -- Configuring done (1.7s)
[1.867s] -- Generating done (0.1s)
[1.901s] -- Build files have been written to: /home/webotpi/ros2_ws/build/rplidar_ros
[1.924s] Invoked command in '/home/webotpi/ros2_ws/build/rplidar_ros' returned '0': CMAKE_PREFIX_PATH=${CMAKE_PREFIX_PATH}:/home/webotpi/ros2_ws/install/py_pkg:/home/webotpi/ros2_ws/install/my_launch_pkg:/opt/ros/jazzy DEBUGINFOD_URLS=https://debuginfod.ubuntu.com /usr/bin/cmake /home/webotpi/ros2_ws/src/rplidar_ros -DCMAKE_INSTALL_PREFIX=/home/webotpi/ros2_ws/install/rplidar_ros
[1.928s] Invoking command in '/home/webotpi/ros2_ws/build/rplidar_ros': CMAKE_PREFIX_PATH=${CMAKE_PREFIX_PATH}:/home/webotpi/ros2_ws/install/py_pkg:/home/webotpi/ros2_ws/install/my_launch_pkg:/opt/ros/jazzy DEBUGINFOD_URLS=https://debuginfod.ubuntu.com /usr/bin/cmake --build /home/webotpi/ros2_ws/build/rplidar_ros -- -j4 -l4
[2.095s] [  5%] Built target rplidar_client
[2.136s] [ 52%] Built target rplidar_node
[2.165s] [100%] Built target rplidar_composition
[2.192s] Invoked command in '/home/webotpi/ros2_ws/build/rplidar_ros' returned '0': CMAKE_PREFIX_PATH=${CMAKE_PREFIX_PATH}:/home/webotpi/ros2_ws/install/py_pkg:/home/webotpi/ros2_ws/install/my_launch_pkg:/opt/ros/jazzy DEBUGINFOD_URLS=https://debuginfod.ubuntu.com /usr/bin/cmake --build /home/webotpi/ros2_ws/build/rplidar_ros -- -j4 -l4
[2.196s] Invoking command in '/home/webotpi/ros2_ws/build/rplidar_ros': CMAKE_PREFIX_PATH=${CMAKE_PREFIX_PATH}:/home/webotpi/ros2_ws/install/py_pkg:/home/webotpi/ros2_ws/install/my_launch_pkg:/opt/ros/jazzy DEBUGINFOD_URLS=https://debuginfod.ubuntu.com /usr/bin/cmake --install /home/webotpi/ros2_ws/build/rplidar_ros
[2.214s] -- Install configuration: ""
[2.215s] -- Execute custom install script
[2.216s] -- Up-to-date symlink: /home/webotpi/ros2_ws/install/rplidar_ros/share/rplidar_ros/launch/rplidar_a1_launch.py
[2.217s] -- Up-to-date symlink: /home/webotpi/ros2_ws/install/rplidar_ros/share/rplidar_ros/launch/rplidar_a2m12_launch.py
[2.217s] -- Up-to-date symlink: /home/webotpi/ros2_ws/install/rplidar_ros/share/rplidar_ros/launch/rplidar_a2m7_launch.py
[2.217s] -- Up-to-date symlink: /home/webotpi/ros2_ws/install/rplidar_ros/share/rplidar_ros/launch/rplidar_a2m8_launch.py
[2.218s] -- Up-to-date symlink: /home/webotpi/ros2_ws/install/rplidar_ros/share/rplidar_ros/launch/rplidar_a3_launch.py
[2.218s] -- Up-to-date symlink: /home/webotpi/ros2_ws/install/rplidar_ros/share/rplidar_ros/launch/rplidar_c1_launch.py
[2.219s] -- Up-to-date symlink: /home/webotpi/ros2_ws/install/rplidar_ros/share/rplidar_ros/launch/rplidar_s1_launch.py
[2.220s] -- Up-to-date symlink: /home/webotpi/ros2_ws/install/rplidar_ros/share/rplidar_ros/launch/rplidar_s1_tcp_launch.py
[2.221s] -- Up-to-date symlink: /home/webotpi/ros2_ws/install/rplidar_ros/share/rplidar_ros/launch/rplidar_s2_launch.py
[2.221s] -- Up-to-date symlink: /home/webotpi/ros2_ws/install/rplidar_ros/share/rplidar_ros/launch/rplidar_s2e_launch.py
[2.222s] -- Up-to-date symlink: /home/webotpi/ros2_ws/install/rplidar_ros/share/rplidar_ros/launch/rplidar_s3_launch.py
[2.223s] -- Up-to-date symlink: /home/webotpi/ros2_ws/install/rplidar_ros/share/rplidar_ros/launch/rplidar_t1_launch.py
[2.223s] -- Up-to-date symlink: /home/webotpi/ros2_ws/install/rplidar_ros/share/rplidar_ros/launch/view_rplidar_a1_launch.py
[2.224s] -- Up-to-date symlink: /home/webotpi/ros2_ws/install/rplidar_ros/share/rplidar_ros/launch/view_rplidar_a2m12_launch.py
[2.224s] -- Up-to-date symlink: /home/webotpi/ros2_ws/install/rplidar_ros/share/rplidar_ros/launch/view_rplidar_a2m7_launch.py
[2.225s] -- Up-to-date symlink: /home/webotpi/ros2_ws/install/rplidar_ros/share/rplidar_ros/launch/view_rplidar_a2m8_launch.py
[2.225s] -- Up-to-date symlink: /home/webotpi/ros2_ws/install/rplidar_ros/share/rplidar_ros/launch/view_rplidar_a3_launch.py
[2.226s] -- Up-to-date symlink: /home/webotpi/ros2_ws/install/rplidar_ros/share/rplidar_ros/launch/view_rplidar_c1_launch.py
[2.226s] -- Up-to-date symlink: /home/webotpi/ros2_ws/install/rplidar_ros/share/rplidar_ros/launch/view_rplidar_s1_launch.py
[2.227s] -- Up-to-date symlink: /home/webotpi/ros2_ws/install/rplidar_ros/share/rplidar_ros/launch/view_rplidar_s1_tcp_launch.py
[2.228s] -- Up-to-date symlink: /home/webotpi/ros2_ws/install/rplidar_ros/share/rplidar_ros/launch/view_rplidar_s2_launch.py
[2.228s] -- Up-to-date symlink: /home/webotpi/ros2_ws/install/rplidar_ros/share/rplidar_ros/launch/view_rplidar_s2e_launch.py
[2.229s] -- Up-to-date symlink: /home/webotpi/ros2_ws/install/rplidar_ros/share/rplidar_ros/launch/view_rplidar_s3_launch.py
[2.230s] -- Up-to-date symlink: /home/webotpi/ros2_ws/install/rplidar_ros/share/rplidar_ros/launch/view_rplidar_t1_launch.py
[2.231s] -- Up-to-date symlink: /home/webotpi/ros2_ws/install/rplidar_ros/share/rplidar_ros/rviz/rplidar_ros.rviz
[2.231s] -- Up-to-date symlink: /home/webotpi/ros2_ws/install/rplidar_ros/lib/rplidar_ros/rplidar_node
[2.232s] -- Up-to-date symlink: /home/webotpi/ros2_ws/install/rplidar_ros/lib/rplidar_ros/rplidar_composition
[2.232s] -- Up-to-date symlink: /home/webotpi/ros2_ws/install/rplidar_ros/lib/rplidar_ros/rplidar_client
[2.233s] -- Up-to-date symlink: /home/webotpi/ros2_ws/install/rplidar_ros/share/ament_index/resource_index/package_run_dependencies/rplidar_ros
[2.233s] -- Up-to-date symlink: /home/webotpi/ros2_ws/install/rplidar_ros/share/ament_index/resource_index/parent_prefix_path/rplidar_ros
[2.233s] -- Up-to-date symlink: /home/webotpi/ros2_ws/install/rplidar_ros/share/rplidar_ros/environment/ament_prefix_path.sh
[2.234s] -- Up-to-date symlink: /home/webotpi/ros2_ws/install/rplidar_ros/share/rplidar_ros/environment/ament_prefix_path.dsv
[2.234s] -- Up-to-date symlink: /home/webotpi/ros2_ws/install/rplidar_ros/share/rplidar_ros/environment/path.sh
[2.235s] -- Up-to-date symlink: /home/webotpi/ros2_ws/install/rplidar_ros/share/rplidar_ros/environment/path.dsv
[2.235s] -- Up-to-date symlink: /home/webotpi/ros2_ws/install/rplidar_ros/share/rplidar_ros/local_setup.bash
[2.235s] -- Up-to-date symlink: /home/webotpi/ros2_ws/install/rplidar_ros/share/rplidar_ros/local_setup.sh
[2.236s] -- Up-to-date symlink: /home/webotpi/ros2_ws/install/rplidar_ros/share/rplidar_ros/local_setup.zsh
[2.236s] -- Up-to-date symlink: /home/webotpi/ros2_ws/install/rplidar_ros/share/rplidar_ros/local_setup.dsv
[2.237s] -- Symlinking: /home/webotpi/ros2_ws/install/rplidar_ros/share/rplidar_ros/package.dsv
[2.252s] -- Up-to-date symlink: /home/webotpi/ros2_ws/install/rplidar_ros/share/ament_index/resource_index/packages/rplidar_ros
[2.252s] -- Up-to-date symlink: /home/webotpi/ros2_ws/install/rplidar_ros/share/rplidar_ros/cmake/ament_cmake_export_dependencies-extras.cmake
[2.252s] -- Up-to-date symlink: /home/webotpi/ros2_ws/install/rplidar_ros/share/rplidar_ros/cmake/ament_cmake_export_include_directories-extras.cmake
[2.252s] -- Up-to-date symlink: /home/webotpi/ros2_ws/install/rplidar_ros/share/rplidar_ros/cmake/rplidar_rosConfig.cmake
[2.252s] -- Up-to-date symlink: /home/webotpi/ros2_ws/install/rplidar_ros/share/rplidar_ros/cmake/rplidar_rosConfig-version.cmake
[2.252s] -- Up-to-date symlink: /home/webotpi/ros2_ws/install/rplidar_ros/share/rplidar_ros/package.xml
[2.323s] Invoked command in '/home/webotpi/ros2_ws/build/rplidar_ros' returned '0': CMAKE_PREFIX_PATH=${CMAKE_PREFIX_PATH}:/home/webotpi/ros2_ws/install/py_pkg:/home/webotpi/ros2_ws/install/my_launch_pkg:/opt/ros/jazzy DEBUGINFOD_URLS=https://debuginfod.ubuntu.com /usr/bin/cmake --install /home/webotpi/ros2_ws/build/rplidar_ros
