[0.141s] DEBUG:colcon:Command line arguments: ['/usr/bin/colcon', 'build', '--symlink-install', '--packages-select', 'deptrum-ros-driver-aurora930', '--cmake-args', '-DSTREAM_SDK_TYPE=AURORA930']
[0.141s] DEBUG:colcon:Parsed command line arguments: Namespace(log_base=None, log_level=None, verb_name='build', build_base='build', install_base='install', merge_install=False, symlink_install=True, test_result_base=None, continue_on_error=False, executor='parallel', parallel_workers=4, event_handlers=None, ignore_user_meta=False, metas=['./colcon.meta'], base_paths=['.'], packages_ignore=None, packages_ignore_regex=None, paths=None, packages_up_to=None, packages_up_to_regex=None, packages_above=None, packages_above_and_dependencies=None, packages_above_depth=None, packages_select_by_dep=None, packages_skip_by_dep=None, packages_skip_up_to=None, packages_select_build_failed=False, packages_skip_build_finished=False, packages_select_test_failures=False, packages_skip_test_passed=False, packages_select=['deptrum-ros-driver-aurora930'], packages_skip=None, packages_select_regex=None, packages_skip_regex=None, packages_start=None, packages_end=None, allow_overriding=[], cmake_args=['-DSTREAM_SDK_TYPE=AURORA930'], cmake_target=None, cmake_target_skip_unavailable=False, cmake_clean_cache=False, cmake_clean_first=False, cmake_force_configure=False, ament_cmake_args=None, catkin_cmake_args=None, catkin_skip_building_tests=False, verb_parser=<colcon_defaults.argument_parser.defaults.DefaultArgumentsDecorator object at 0xffff9c701430>, verb_extension=<colcon_core.verb.build.BuildVerb object at 0xffff9d3be0f0>, main=<bound method BuildVerb.main of <colcon_core.verb.build.BuildVerb object at 0xffff9d3be0f0>>)
[0.196s] Level 1:colcon.colcon_core.package_discovery:discover_packages(colcon_meta) check parameters
[0.196s] Level 1:colcon.colcon_core.package_discovery:discover_packages(recursive) check parameters
[0.196s] Level 1:colcon.colcon_core.package_discovery:discover_packages(ignore) check parameters
[0.196s] Level 1:colcon.colcon_core.package_discovery:discover_packages(path) check parameters
[0.196s] Level 1:colcon.colcon_core.package_discovery:discover_packages(colcon_meta) discover
[0.196s] Level 1:colcon.colcon_core.package_discovery:discover_packages(recursive) discover
[0.196s] INFO:colcon.colcon_core.package_discovery:Crawling recursively for packages in '/home/webotpi/ros2_ws'
[0.196s] Level 1:colcon.colcon_core.package_identification:_identify(.) by extensions ['ignore', 'ignore_ament_install']
[0.196s] Level 1:colcon.colcon_core.package_identification:_identify(.) by extension 'ignore'
[0.196s] Level 1:colcon.colcon_core.package_identification:_identify(.) by extension 'ignore_ament_install'
[0.196s] Level 1:colcon.colcon_core.package_identification:_identify(.) by extensions ['colcon_pkg']
[0.196s] Level 1:colcon.colcon_core.package_identification:_identify(.) by extension 'colcon_pkg'
[0.196s] Level 1:colcon.colcon_core.package_identification:_identify(.) by extensions ['colcon_meta']
[0.197s] Level 1:colcon.colcon_core.package_identification:_identify(.) by extension 'colcon_meta'
[0.197s] Level 1:colcon.colcon_core.package_identification:_identify(.) by extensions ['ros']
[0.197s] Level 1:colcon.colcon_core.package_identification:_identify(.) by extension 'ros'
[0.232s] Level 1:colcon.colcon_core.package_identification:_identify(.) by extensions ['cmake', 'python']
[0.232s] Level 1:colcon.colcon_core.package_identification:_identify(.) by extension 'cmake'
[0.232s] Level 1:colcon.colcon_core.package_identification:_identify(.) by extension 'python'
[0.232s] Level 1:colcon.colcon_core.package_identification:_identify(.) by extensions ['python_setup_py']
[0.232s] Level 1:colcon.colcon_core.package_identification:_identify(.) by extension 'python_setup_py'
[0.232s] Level 1:colcon.colcon_core.package_identification:_identify(build) by extensions ['ignore', 'ignore_ament_install']
[0.233s] Level 1:colcon.colcon_core.package_identification:_identify(build) by extension 'ignore'
[0.233s] Level 1:colcon.colcon_core.package_identification:_identify(build) ignored
[0.233s] Level 1:colcon.colcon_core.package_identification:_identify(install) by extensions ['ignore', 'ignore_ament_install']
[0.233s] Level 1:colcon.colcon_core.package_identification:_identify(install) by extension 'ignore'
[0.233s] Level 1:colcon.colcon_core.package_identification:_identify(install) ignored
[0.233s] Level 1:colcon.colcon_core.package_identification:_identify(log) by extensions ['ignore', 'ignore_ament_install']
[0.233s] Level 1:colcon.colcon_core.package_identification:_identify(log) by extension 'ignore'
[0.233s] Level 1:colcon.colcon_core.package_identification:_identify(log) ignored
[0.233s] Level 1:colcon.colcon_core.package_identification:_identify(src) by extensions ['ignore', 'ignore_ament_install']
[0.233s] Level 1:colcon.colcon_core.package_identification:_identify(src) by extension 'ignore'
[0.233s] Level 1:colcon.colcon_core.package_identification:_identify(src) by extension 'ignore_ament_install'
[0.233s] Level 1:colcon.colcon_core.package_identification:_identify(src) by extensions ['colcon_pkg']
[0.233s] Level 1:colcon.colcon_core.package_identification:_identify(src) by extension 'colcon_pkg'
[0.234s] Level 1:colcon.colcon_core.package_identification:_identify(src) by extensions ['colcon_meta']
[0.234s] Level 1:colcon.colcon_core.package_identification:_identify(src) by extension 'colcon_meta'
[0.234s] Level 1:colcon.colcon_core.package_identification:_identify(src) by extensions ['ros']
[0.234s] Level 1:colcon.colcon_core.package_identification:_identify(src) by extension 'ros'
[0.234s] Level 1:colcon.colcon_core.package_identification:_identify(src) by extensions ['cmake', 'python']
[0.234s] Level 1:colcon.colcon_core.package_identification:_identify(src) by extension 'cmake'
[0.234s] Level 1:colcon.colcon_core.package_identification:_identify(src) by extension 'python'
[0.234s] Level 1:colcon.colcon_core.package_identification:_identify(src) by extensions ['python_setup_py']
[0.234s] Level 1:colcon.colcon_core.package_identification:_identify(src) by extension 'python_setup_py'
[0.234s] Level 1:colcon.colcon_core.package_identification:_identify(src/deptrum-ros-driver) by extensions ['ignore', 'ignore_ament_install']
[0.234s] Level 1:colcon.colcon_core.package_identification:_identify(src/deptrum-ros-driver) by extension 'ignore'
[0.234s] Level 1:colcon.colcon_core.package_identification:_identify(src/deptrum-ros-driver) by extension 'ignore_ament_install'
[0.234s] Level 1:colcon.colcon_core.package_identification:_identify(src/deptrum-ros-driver) by extensions ['colcon_pkg']
[0.234s] Level 1:colcon.colcon_core.package_identification:_identify(src/deptrum-ros-driver) by extension 'colcon_pkg'
[0.234s] Level 1:colcon.colcon_core.package_identification:_identify(src/deptrum-ros-driver) by extensions ['colcon_meta']
[0.234s] Level 1:colcon.colcon_core.package_identification:_identify(src/deptrum-ros-driver) by extension 'colcon_meta'
[0.234s] Level 1:colcon.colcon_core.package_identification:_identify(src/deptrum-ros-driver) by extensions ['ros']
[0.234s] Level 1:colcon.colcon_core.package_identification:_identify(src/deptrum-ros-driver) by extension 'ros'
[0.240s] DEBUG:colcon.colcon_core.package_identification:Package 'src/deptrum-ros-driver' with type 'ros.ament_cmake' and name 'deptrum-ros-driver-aurora930'
[0.240s] Level 1:colcon.colcon_core.package_identification:_identify(src/my_launch_pkg) by extensions ['ignore', 'ignore_ament_install']
[0.240s] Level 1:colcon.colcon_core.package_identification:_identify(src/my_launch_pkg) by extension 'ignore'
[0.240s] Level 1:colcon.colcon_core.package_identification:_identify(src/my_launch_pkg) by extension 'ignore_ament_install'
[0.240s] Level 1:colcon.colcon_core.package_identification:_identify(src/my_launch_pkg) by extensions ['colcon_pkg']
[0.240s] Level 1:colcon.colcon_core.package_identification:_identify(src/my_launch_pkg) by extension 'colcon_pkg'
[0.240s] Level 1:colcon.colcon_core.package_identification:_identify(src/my_launch_pkg) by extensions ['colcon_meta']
[0.240s] Level 1:colcon.colcon_core.package_identification:_identify(src/my_launch_pkg) by extension 'colcon_meta'
[0.240s] Level 1:colcon.colcon_core.package_identification:_identify(src/my_launch_pkg) by extensions ['ros']
[0.240s] Level 1:colcon.colcon_core.package_identification:_identify(src/my_launch_pkg) by extension 'ros'
[0.241s] DEBUG:colcon.colcon_core.package_identification:Package 'src/my_launch_pkg' with type 'ros.ament_python' and name 'my_launch_pkg'
[0.241s] Level 1:colcon.colcon_core.package_identification:_identify(src/my_srv) by extensions ['ignore', 'ignore_ament_install']
[0.241s] Level 1:colcon.colcon_core.package_identification:_identify(src/my_srv) by extension 'ignore'
[0.241s] Level 1:colcon.colcon_core.package_identification:_identify(src/my_srv) by extension 'ignore_ament_install'
[0.241s] Level 1:colcon.colcon_core.package_identification:_identify(src/my_srv) by extensions ['colcon_pkg']
[0.241s] Level 1:colcon.colcon_core.package_identification:_identify(src/my_srv) by extension 'colcon_pkg'
[0.241s] Level 1:colcon.colcon_core.package_identification:_identify(src/my_srv) by extensions ['colcon_meta']
[0.241s] Level 1:colcon.colcon_core.package_identification:_identify(src/my_srv) by extension 'colcon_meta'
[0.241s] Level 1:colcon.colcon_core.package_identification:_identify(src/my_srv) by extensions ['ros']
[0.242s] Level 1:colcon.colcon_core.package_identification:_identify(src/my_srv) by extension 'ros'
[0.242s] DEBUG:colcon.colcon_core.package_identification:Package 'src/my_srv' with type 'ros.ament_cmake' and name 'my_srv'
[0.242s] Level 1:colcon.colcon_core.package_identification:_identify(src/py_pkg) by extensions ['ignore', 'ignore_ament_install']
[0.243s] Level 1:colcon.colcon_core.package_identification:_identify(src/py_pkg) by extension 'ignore'
[0.243s] Level 1:colcon.colcon_core.package_identification:_identify(src/py_pkg) by extension 'ignore_ament_install'
[0.243s] Level 1:colcon.colcon_core.package_identification:_identify(src/py_pkg) by extensions ['colcon_pkg']
[0.243s] Level 1:colcon.colcon_core.package_identification:_identify(src/py_pkg) by extension 'colcon_pkg'
[0.243s] Level 1:colcon.colcon_core.package_identification:_identify(src/py_pkg) by extensions ['colcon_meta']
[0.243s] Level 1:colcon.colcon_core.package_identification:_identify(src/py_pkg) by extension 'colcon_meta'
[0.243s] Level 1:colcon.colcon_core.package_identification:_identify(src/py_pkg) by extensions ['ros']
[0.243s] Level 1:colcon.colcon_core.package_identification:_identify(src/py_pkg) by extension 'ros'
[0.244s] DEBUG:colcon.colcon_core.package_identification:Package 'src/py_pkg' with type 'ros.ament_python' and name 'py_pkg'
[0.244s] Level 1:colcon.colcon_core.package_identification:_identify(src/rplidar_ros) by extensions ['ignore', 'ignore_ament_install']
[0.244s] Level 1:colcon.colcon_core.package_identification:_identify(src/rplidar_ros) by extension 'ignore'
[0.244s] Level 1:colcon.colcon_core.package_identification:_identify(src/rplidar_ros) by extension 'ignore_ament_install'
[0.244s] Level 1:colcon.colcon_core.package_identification:_identify(src/rplidar_ros) by extensions ['colcon_pkg']
[0.244s] Level 1:colcon.colcon_core.package_identification:_identify(src/rplidar_ros) by extension 'colcon_pkg'
[0.244s] Level 1:colcon.colcon_core.package_identification:_identify(src/rplidar_ros) by extensions ['colcon_meta']
[0.244s] Level 1:colcon.colcon_core.package_identification:_identify(src/rplidar_ros) by extension 'colcon_meta'
[0.244s] Level 1:colcon.colcon_core.package_identification:_identify(src/rplidar_ros) by extensions ['ros']
[0.244s] Level 1:colcon.colcon_core.package_identification:_identify(src/rplidar_ros) by extension 'ros'
[0.245s] DEBUG:colcon.colcon_core.package_identification:Package 'src/rplidar_ros' with type 'ros.ament_cmake' and name 'rplidar_ros'
[0.245s] Level 1:colcon.colcon_core.package_discovery:discover_packages(recursive) using defaults
[0.245s] Level 1:colcon.colcon_core.package_discovery:discover_packages(ignore) discover
[0.245s] Level 1:colcon.colcon_core.package_discovery:discover_packages(ignore) using defaults
[0.245s] Level 1:colcon.colcon_core.package_discovery:discover_packages(path) discover
[0.245s] Level 1:colcon.colcon_core.package_discovery:discover_packages(path) using defaults
[0.268s] INFO:colcon.colcon_core.package_selection:Skipping not selected package 'my_launch_pkg' in 'src/my_launch_pkg'
[0.269s] INFO:colcon.colcon_core.package_selection:Skipping not selected package 'my_srv' in 'src/my_srv'
[0.269s] INFO:colcon.colcon_core.package_selection:Skipping not selected package 'py_pkg' in 'src/py_pkg'
[0.269s] INFO:colcon.colcon_core.package_selection:Skipping not selected package 'rplidar_ros' in 'src/rplidar_ros'
[0.269s] Level 1:colcon.colcon_core.package_discovery:discover_packages(prefix_path) check parameters
[0.269s] Level 1:colcon.colcon_core.package_discovery:discover_packages(prefix_path) discover
[0.273s] DEBUG:colcon.colcon_installed_package_information.package_discovery:Found 294 installed packages in /opt/ros/jazzy
[0.274s] Level 1:colcon.colcon_core.package_discovery:discover_packages(prefix_path) using defaults
[0.334s] Level 5:colcon.colcon_core.verb:set package 'deptrum-ros-driver-aurora930' build argument 'cmake_args' from command line to '['-DSTREAM_SDK_TYPE=AURORA930']'
[0.335s] Level 5:colcon.colcon_core.verb:set package 'deptrum-ros-driver-aurora930' build argument 'cmake_target' from command line to 'None'
[0.335s] Level 5:colcon.colcon_core.verb:set package 'deptrum-ros-driver-aurora930' build argument 'cmake_target_skip_unavailable' from command line to 'False'
[0.335s] Level 5:colcon.colcon_core.verb:set package 'deptrum-ros-driver-aurora930' build argument 'cmake_clean_cache' from command line to 'False'
[0.335s] Level 5:colcon.colcon_core.verb:set package 'deptrum-ros-driver-aurora930' build argument 'cmake_clean_first' from command line to 'False'
[0.335s] Level 5:colcon.colcon_core.verb:set package 'deptrum-ros-driver-aurora930' build argument 'cmake_force_configure' from command line to 'False'
[0.335s] Level 5:colcon.colcon_core.verb:set package 'deptrum-ros-driver-aurora930' build argument 'ament_cmake_args' from command line to 'None'
[0.335s] Level 5:colcon.colcon_core.verb:set package 'deptrum-ros-driver-aurora930' build argument 'catkin_cmake_args' from command line to 'None'
[0.335s] Level 5:colcon.colcon_core.verb:set package 'deptrum-ros-driver-aurora930' build argument 'catkin_skip_building_tests' from command line to 'False'
[0.335s] DEBUG:colcon.colcon_core.verb:Building package 'deptrum-ros-driver-aurora930' with the following arguments: {'ament_cmake_args': None, 'build_base': '/home/webotpi/ros2_ws/build/deptrum-ros-driver-aurora930', 'catkin_cmake_args': None, 'catkin_skip_building_tests': False, 'cmake_args': ['-DSTREAM_SDK_TYPE=AURORA930'], 'cmake_clean_cache': False, 'cmake_clean_first': False, 'cmake_force_configure': False, 'cmake_target': None, 'cmake_target_skip_unavailable': False, 'install_base': '/home/webotpi/ros2_ws/install/deptrum-ros-driver-aurora930', 'merge_install': False, 'path': '/home/webotpi/ros2_ws/src/deptrum-ros-driver', 'symlink_install': True, 'test_result_base': None}
[0.335s] INFO:colcon.colcon_core.executor:Executing jobs using 'parallel' executor
[0.336s] DEBUG:colcon.colcon_parallel_executor.executor.parallel:run_until_complete
[0.337s] INFO:colcon.colcon_ros.task.ament_cmake.build:Building ROS package in '/home/webotpi/ros2_ws/src/deptrum-ros-driver' with build type 'ament_cmake'
[0.337s] INFO:colcon.colcon_cmake.task.cmake.build:Building CMake package in '/home/webotpi/ros2_ws/src/deptrum-ros-driver'
[0.339s] INFO:colcon.colcon_core.plugin_system:Skipping extension 'colcon_core.shell.bat': Not used on non-Windows systems
[0.339s] INFO:colcon.colcon_core.shell:Skip shell extension 'powershell' for command environment: Not usable outside of PowerShell
[0.339s] DEBUG:colcon.colcon_core.shell:Skip shell extension 'dsv' for command environment
[0.347s] DEBUG:colcon.colcon_core.event_handler.log_command:Invoking command in '/home/webotpi/ros2_ws/build/deptrum-ros-driver-aurora930': CMAKE_PREFIX_PATH=${CMAKE_PREFIX_PATH}:/opt/ros/jazzy /usr/bin/cmake /home/webotpi/ros2_ws/src/deptrum-ros-driver -DSTREAM_SDK_TYPE=AURORA930 -DAMENT_CMAKE_SYMLINK_INSTALL=1 -DCMAKE_INSTALL_PREFIX=/home/webotpi/ros2_ws/install/deptrum-ros-driver-aurora930
[2.546s] DEBUG:colcon.colcon_core.event_handler.log_command:Invoked command in '/home/webotpi/ros2_ws/build/deptrum-ros-driver-aurora930' returned '0': CMAKE_PREFIX_PATH=${CMAKE_PREFIX_PATH}:/opt/ros/jazzy /usr/bin/cmake /home/webotpi/ros2_ws/src/deptrum-ros-driver -DSTREAM_SDK_TYPE=AURORA930 -DAMENT_CMAKE_SYMLINK_INSTALL=1 -DCMAKE_INSTALL_PREFIX=/home/webotpi/ros2_ws/install/deptrum-ros-driver-aurora930
[2.548s] DEBUG:colcon.colcon_core.event_handler.log_command:Invoking command in '/home/webotpi/ros2_ws/build/deptrum-ros-driver-aurora930': CMAKE_PREFIX_PATH=${CMAKE_PREFIX_PATH}:/opt/ros/jazzy /usr/bin/cmake --build /home/webotpi/ros2_ws/build/deptrum-ros-driver-aurora930 -- -j4 -l4
[3.167s] DEBUG:colcon.colcon_core.event_handler.log_command:Invoked command in '/home/webotpi/ros2_ws/build/deptrum-ros-driver-aurora930' returned '2': CMAKE_PREFIX_PATH=${CMAKE_PREFIX_PATH}:/opt/ros/jazzy /usr/bin/cmake --build /home/webotpi/ros2_ws/build/deptrum-ros-driver-aurora930 -- -j4 -l4
[3.168s] Level 1:colcon.colcon_core.environment:create_environment_scripts_only(deptrum-ros-driver-aurora930)
[3.170s] Level 1:colcon.colcon_core.environment:checking '/home/webotpi/ros2_ws/install/deptrum-ros-driver-aurora930' for CMake module files
[3.171s] Level 1:colcon.colcon_core.environment:checking '/home/webotpi/ros2_ws/install/deptrum-ros-driver-aurora930' for CMake config files
[3.171s] Level 1:colcon.colcon_core.environment:checking '/home/webotpi/ros2_ws/install/deptrum-ros-driver-aurora930/bin'
[3.171s] Level 1:colcon.colcon_core.environment:checking '/home/webotpi/ros2_ws/install/deptrum-ros-driver-aurora930/lib/pkgconfig/deptrum-ros-driver-aurora930.pc'
[3.172s] Level 1:colcon.colcon_core.environment:checking '/home/webotpi/ros2_ws/install/deptrum-ros-driver-aurora930/lib/python3.12/site-packages'
[3.172s] Level 1:colcon.colcon_core.environment:checking '/home/webotpi/ros2_ws/install/deptrum-ros-driver-aurora930/bin'
[3.172s] INFO:colcon.colcon_core.shell:Creating package script '/home/webotpi/ros2_ws/install/deptrum-ros-driver-aurora930/share/deptrum-ros-driver-aurora930/package.ps1'
[3.174s] INFO:colcon.colcon_core.shell:Creating package descriptor '/home/webotpi/ros2_ws/install/deptrum-ros-driver-aurora930/share/deptrum-ros-driver-aurora930/package.dsv'
[3.175s] INFO:colcon.colcon_core.shell:Creating package script '/home/webotpi/ros2_ws/install/deptrum-ros-driver-aurora930/share/deptrum-ros-driver-aurora930/package.sh'
[3.176s] INFO:colcon.colcon_core.shell:Creating package script '/home/webotpi/ros2_ws/install/deptrum-ros-driver-aurora930/share/deptrum-ros-driver-aurora930/package.bash'
[3.176s] INFO:colcon.colcon_core.shell:Creating package script '/home/webotpi/ros2_ws/install/deptrum-ros-driver-aurora930/share/deptrum-ros-driver-aurora930/package.zsh'
[3.177s] Level 1:colcon.colcon_core.environment:create_file_with_runtime_dependencies(/home/webotpi/ros2_ws/install/deptrum-ros-driver-aurora930/share/colcon-core/packages/deptrum-ros-driver-aurora930)
[3.188s] DEBUG:colcon.colcon_parallel_executor.executor.parallel:closing loop
[3.188s] DEBUG:colcon.colcon_parallel_executor.executor.parallel:loop closed
[3.188s] DEBUG:colcon.colcon_parallel_executor.executor.parallel:run_until_complete finished with '2'
[3.188s] DEBUG:colcon.colcon_core.event_reactor:joining thread
[3.189s] DEBUG:colcon.colcon_core.event_reactor:joined thread
[3.189s] INFO:colcon.colcon_core.shell:Creating prefix script '/home/webotpi/ros2_ws/install/local_setup.ps1'
[3.190s] INFO:colcon.colcon_core.shell:Creating prefix util module '/home/webotpi/ros2_ws/install/_local_setup_util_ps1.py'
[3.193s] INFO:colcon.colcon_core.shell:Creating prefix chain script '/home/webotpi/ros2_ws/install/setup.ps1'
[3.194s] INFO:colcon.colcon_core.shell:Creating prefix script '/home/webotpi/ros2_ws/install/local_setup.sh'
[3.195s] INFO:colcon.colcon_core.shell:Creating prefix util module '/home/webotpi/ros2_ws/install/_local_setup_util_sh.py'
[3.196s] INFO:colcon.colcon_core.shell:Creating prefix chain script '/home/webotpi/ros2_ws/install/setup.sh'
[3.197s] INFO:colcon.colcon_core.shell:Creating prefix script '/home/webotpi/ros2_ws/install/local_setup.bash'
[3.198s] INFO:colcon.colcon_core.shell:Creating prefix chain script '/home/webotpi/ros2_ws/install/setup.bash'
[3.199s] INFO:colcon.colcon_core.shell:Creating prefix script '/home/webotpi/ros2_ws/install/local_setup.zsh'
[3.200s] INFO:colcon.colcon_core.shell:Creating prefix chain script '/home/webotpi/ros2_ws/install/setup.zsh'
