[0.025s] Invoking command in '/home/webotpi/ros2_ws/build/my_srv': CMAKE_PREFIX_PATH=${CMAKE_PREFIX_PATH}:/opt/ros/jazzy /usr/bin/cmake --build /home/webotpi/ros2_ws/build/my_srv -- -j4 -l4
[0.345s] [  2%] Built target my_srv__rosidl_generator_type_description
[0.349s] [  5%] Built target my_srv__rs
[0.378s] [  5%] Built target ament_cmake_python_copy_my_srv
[0.397s] [  8%] Built target my_srv__cpp
[0.429s] [ 22%] Built target my_srv__rosidl_generator_c
[0.493s] [ 31%] Built target my_srv__rosidl_typesupport_introspection_c
[0.532s] [ 40%] Built target my_srv__rosidl_typesupport_fastrtps_cpp
[0.532s] [ 48%] Built target my_srv__rosidl_typesupport_fastrtps_c
[0.547s] [ 57%] Built target my_srv__rosidl_typesupport_c
[0.613s] [ 65%] Built target my_srv__rosidl_typesupport_cpp
[0.617s] [ 74%] Built target my_srv__rosidl_typesupport_introspection_cpp
[0.655s] [ 74%] Built target my_srv
[0.696s] [ 77%] Built target my_srv__py
[0.737s] running egg_info
[0.760s] [ 82%] Built target my_srv__rosidl_generator_py
[0.767s] writing my_srv.egg-info/PKG-INFO
[0.767s] writing dependency_links to my_srv.egg-info/dependency_links.txt
[0.767s] writing top-level names to my_srv.egg-info/top_level.txt
[0.827s] [ 94%] Built target my_srv_s__rosidl_typesupport_introspection_c
[0.827s] [ 94%] Built target my_srv_s__rosidl_typesupport_fastrtps_c
[0.828s] [100%] Built target my_srv_s__rosidl_typesupport_c
[0.859s] reading manifest file 'my_srv.egg-info/SOURCES.txt'
[0.863s] writing manifest file 'my_srv.egg-info/SOURCES.txt'
[0.928s] [100%] Built target ament_cmake_python_build_my_srv_egg
[0.948s] Invoked command in '/home/webotpi/ros2_ws/build/my_srv' returned '0': CMAKE_PREFIX_PATH=${CMAKE_PREFIX_PATH}:/opt/ros/jazzy /usr/bin/cmake --build /home/webotpi/ros2_ws/build/my_srv -- -j4 -l4
[0.974s] Invoking command in '/home/webotpi/ros2_ws/build/my_srv': CMAKE_PREFIX_PATH=${CMAKE_PREFIX_PATH}:/opt/ros/jazzy /usr/bin/cmake --install /home/webotpi/ros2_ws/build/my_srv
[0.993s] -- Install configuration: ""
[0.994s] -- Up-to-date: /home/webotpi/ros2_ws/install/my_srv/share/ament_index/resource_index/rosidl_interfaces/my_srv
[0.994s] -- Up-to-date: /home/webotpi/ros2_ws/install/my_srv/share/my_srv/srv/Add.json
[0.995s] -- Up-to-date: /home/webotpi/ros2_ws/install/my_srv/include/my_srv/my_srv
[0.995s] -- Up-to-date: /home/webotpi/ros2_ws/install/my_srv/include/my_srv/my_srv/msg
[0.996s] -- Up-to-date: /home/webotpi/ros2_ws/install/my_srv/include/my_srv/my_srv/msg/rosidl_generator_c__visibility_control.h
[0.996s] -- Up-to-date: /home/webotpi/ros2_ws/install/my_srv/include/my_srv/my_srv/srv
[0.996s] -- Up-to-date: /home/webotpi/ros2_ws/install/my_srv/include/my_srv/my_srv/srv/add.h
[0.996s] -- Up-to-date: /home/webotpi/ros2_ws/install/my_srv/include/my_srv/my_srv/srv/detail
[0.996s] -- Up-to-date: /home/webotpi/ros2_ws/install/my_srv/include/my_srv/my_srv/srv/detail/add__functions.c
[0.996s] -- Up-to-date: /home/webotpi/ros2_ws/install/my_srv/include/my_srv/my_srv/srv/detail/add__type_support.h
[0.997s] -- Up-to-date: /home/webotpi/ros2_ws/install/my_srv/include/my_srv/my_srv/srv/detail/add__type_support.c
[0.997s] -- Up-to-date: /home/webotpi/ros2_ws/install/my_srv/include/my_srv/my_srv/srv/detail/add__struct.h
[0.997s] -- Up-to-date: /home/webotpi/ros2_ws/install/my_srv/include/my_srv/my_srv/srv/detail/add__functions.h
[0.997s] -- Up-to-date: /home/webotpi/ros2_ws/install/my_srv/include/my_srv/my_srv/srv/detail/add__description.c
[0.997s] -- Up-to-date: /home/webotpi/ros2_ws/install/my_srv/share/my_srv/environment/library_path.sh
[0.997s] -- Up-to-date: /home/webotpi/ros2_ws/install/my_srv/share/my_srv/environment/library_path.dsv
[1.000s] -- Up-to-date: /home/webotpi/ros2_ws/install/my_srv/lib/libmy_srv__rosidl_generator_c.so
[1.000s] -- Up-to-date: /home/webotpi/ros2_ws/install/my_srv/include/my_srv/my_srv
[1.000s] -- Up-to-date: /home/webotpi/ros2_ws/install/my_srv/include/my_srv/my_srv/msg
[1.000s] -- Up-to-date: /home/webotpi/ros2_ws/install/my_srv/include/my_srv/my_srv/msg/rosidl_typesupport_fastrtps_c__visibility_control.h
[1.000s] -- Up-to-date: /home/webotpi/ros2_ws/install/my_srv/include/my_srv/my_srv/srv
[1.000s] -- Up-to-date: /home/webotpi/ros2_ws/install/my_srv/include/my_srv/my_srv/srv/detail
[1.000s] -- Up-to-date: /home/webotpi/ros2_ws/install/my_srv/include/my_srv/my_srv/srv/detail/add__rosidl_typesupport_fastrtps_c.h
[1.002s] -- Up-to-date: /home/webotpi/ros2_ws/install/my_srv/lib/libmy_srv__rosidl_typesupport_fastrtps_c.so
[1.002s] -- Up-to-date: /home/webotpi/ros2_ws/install/my_srv/include/my_srv/my_srv
[1.002s] -- Up-to-date: /home/webotpi/ros2_ws/install/my_srv/include/my_srv/my_srv/msg
[1.002s] -- Up-to-date: /home/webotpi/ros2_ws/install/my_srv/include/my_srv/my_srv/msg/rosidl_generator_cpp__visibility_control.hpp
[1.002s] -- Up-to-date: /home/webotpi/ros2_ws/install/my_srv/include/my_srv/my_srv/srv
[1.002s] -- Up-to-date: /home/webotpi/ros2_ws/install/my_srv/include/my_srv/my_srv/srv/add.hpp
[1.003s] -- Up-to-date: /home/webotpi/ros2_ws/install/my_srv/include/my_srv/my_srv/srv/detail
[1.003s] -- Up-to-date: /home/webotpi/ros2_ws/install/my_srv/include/my_srv/my_srv/srv/detail/add__type_support.hpp
[1.003s] -- Up-to-date: /home/webotpi/ros2_ws/install/my_srv/include/my_srv/my_srv/srv/detail/add__struct.hpp
[1.003s] -- Up-to-date: /home/webotpi/ros2_ws/install/my_srv/include/my_srv/my_srv/srv/detail/add__traits.hpp
[1.003s] -- Up-to-date: /home/webotpi/ros2_ws/install/my_srv/include/my_srv/my_srv/srv/detail/add__builder.hpp
[1.003s] -- Up-to-date: /home/webotpi/ros2_ws/install/my_srv/include/my_srv/my_srv
[1.003s] -- Up-to-date: /home/webotpi/ros2_ws/install/my_srv/include/my_srv/my_srv/msg
[1.003s] -- Up-to-date: /home/webotpi/ros2_ws/install/my_srv/include/my_srv/my_srv/msg/rosidl_typesupport_fastrtps_cpp__visibility_control.h
[1.003s] -- Up-to-date: /home/webotpi/ros2_ws/install/my_srv/include/my_srv/my_srv/srv
[1.003s] -- Up-to-date: /home/webotpi/ros2_ws/install/my_srv/include/my_srv/my_srv/srv/detail
[1.004s] -- Up-to-date: /home/webotpi/ros2_ws/install/my_srv/include/my_srv/my_srv/srv/detail/add__rosidl_typesupport_fastrtps_cpp.hpp
[1.004s] -- Up-to-date: /home/webotpi/ros2_ws/install/my_srv/include/my_srv/my_srv/srv/detail/dds_fastrtps
[1.004s] -- Up-to-date: /home/webotpi/ros2_ws/install/my_srv/lib/libmy_srv__rosidl_typesupport_fastrtps_cpp.so
[1.004s] -- Up-to-date: /home/webotpi/ros2_ws/install/my_srv/include/my_srv/my_srv
[1.005s] -- Up-to-date: /home/webotpi/ros2_ws/install/my_srv/include/my_srv/my_srv/msg
[1.005s] -- Up-to-date: /home/webotpi/ros2_ws/install/my_srv/include/my_srv/my_srv/msg/rosidl_typesupport_introspection_c__visibility_control.h
[1.005s] -- Up-to-date: /home/webotpi/ros2_ws/install/my_srv/include/my_srv/my_srv/srv
[1.005s] -- Up-to-date: /home/webotpi/ros2_ws/install/my_srv/include/my_srv/my_srv/srv/detail
[1.005s] -- Up-to-date: /home/webotpi/ros2_ws/install/my_srv/include/my_srv/my_srv/srv/detail/add__type_support.c
[1.005s] -- Up-to-date: /home/webotpi/ros2_ws/install/my_srv/include/my_srv/my_srv/srv/detail/add__rosidl_typesupport_introspection_c.h
[1.006s] -- Up-to-date: /home/webotpi/ros2_ws/install/my_srv/lib/libmy_srv__rosidl_typesupport_introspection_c.so
[1.008s] -- Up-to-date: /home/webotpi/ros2_ws/install/my_srv/lib/libmy_srv__rosidl_typesupport_c.so
[1.008s] -- Up-to-date: /home/webotpi/ros2_ws/install/my_srv/include/my_srv/my_srv
[1.008s] -- Up-to-date: /home/webotpi/ros2_ws/install/my_srv/include/my_srv/my_srv/srv
[1.009s] -- Up-to-date: /home/webotpi/ros2_ws/install/my_srv/include/my_srv/my_srv/srv/detail
[1.009s] -- Up-to-date: /home/webotpi/ros2_ws/install/my_srv/include/my_srv/my_srv/srv/detail/add__type_support.cpp
[1.009s] -- Up-to-date: /home/webotpi/ros2_ws/install/my_srv/include/my_srv/my_srv/srv/detail/add__rosidl_typesupport_introspection_cpp.hpp
[1.010s] -- Up-to-date: /home/webotpi/ros2_ws/install/my_srv/lib/libmy_srv__rosidl_typesupport_introspection_cpp.so
[1.012s] -- Up-to-date: /home/webotpi/ros2_ws/install/my_srv/lib/libmy_srv__rosidl_typesupport_cpp.so
[1.012s] -- Up-to-date: /home/webotpi/ros2_ws/install/my_srv/share/my_srv/environment/pythonpath.sh
[1.012s] -- Up-to-date: /home/webotpi/ros2_ws/install/my_srv/share/my_srv/environment/pythonpath.dsv
[1.013s] -- Up-to-date: /home/webotpi/ros2_ws/install/my_srv/lib/python3.12/site-packages/my_srv-0.0.0-py3.12.egg-info
[1.013s] -- Installing: /home/webotpi/ros2_ws/install/my_srv/lib/python3.12/site-packages/my_srv-0.0.0-py3.12.egg-info/top_level.txt
[1.013s] -- Installing: /home/webotpi/ros2_ws/install/my_srv/lib/python3.12/site-packages/my_srv-0.0.0-py3.12.egg-info/PKG-INFO
[1.013s] -- Installing: /home/webotpi/ros2_ws/install/my_srv/lib/python3.12/site-packages/my_srv-0.0.0-py3.12.egg-info/SOURCES.txt
[1.013s] -- Installing: /home/webotpi/ros2_ws/install/my_srv/lib/python3.12/site-packages/my_srv-0.0.0-py3.12.egg-info/dependency_links.txt
[1.013s] -- Up-to-date: /home/webotpi/ros2_ws/install/my_srv/lib/python3.12/site-packages/my_srv
[1.014s] -- Up-to-date: /home/webotpi/ros2_ws/install/my_srv/lib/python3.12/site-packages/my_srv/_my_srv_s.ep.rosidl_typesupport_c.c
[1.014s] -- Up-to-date: /home/webotpi/ros2_ws/install/my_srv/lib/python3.12/site-packages/my_srv/_my_srv_s.ep.rosidl_typesupport_introspection_c.c
[1.014s] -- Up-to-date: /home/webotpi/ros2_ws/install/my_srv/lib/python3.12/site-packages/my_srv/my_srv_s__rosidl_typesupport_c.so
[1.014s] -- Up-to-date: /home/webotpi/ros2_ws/install/my_srv/lib/python3.12/site-packages/my_srv/__init__.py
[1.014s] -- Up-to-date: /home/webotpi/ros2_ws/install/my_srv/lib/python3.12/site-packages/my_srv/srv
[1.015s] -- Up-to-date: /home/webotpi/ros2_ws/install/my_srv/lib/python3.12/site-packages/my_srv/srv/__init__.py
[1.015s] -- Up-to-date: /home/webotpi/ros2_ws/install/my_srv/lib/python3.12/site-packages/my_srv/srv/_add.py
[1.015s] -- Up-to-date: /home/webotpi/ros2_ws/install/my_srv/lib/python3.12/site-packages/my_srv/srv/_add_s.c
[1.015s] -- Up-to-date: /home/webotpi/ros2_ws/install/my_srv/lib/python3.12/site-packages/my_srv/_my_srv_s.ep.rosidl_typesupport_fastrtps_c.c
[1.015s] -- Up-to-date: /home/webotpi/ros2_ws/install/my_srv/lib/python3.12/site-packages/my_srv/my_srv_s__rosidl_typesupport_fastrtps_c.so
[1.015s] -- Up-to-date: /home/webotpi/ros2_ws/install/my_srv/lib/python3.12/site-packages/my_srv/my_srv_s__rosidl_typesupport_introspection_c.so
[1.077s] Listing '/home/webotpi/ros2_ws/install/my_srv/lib/python3.12/site-packages/my_srv'...
[1.077s] Listing '/home/webotpi/ros2_ws/install/my_srv/lib/python3.12/site-packages/my_srv/srv'...
[1.093s] -- Up-to-date: /home/webotpi/ros2_ws/install/my_srv/lib/python3.12/site-packages/my_srv/my_srv_s__rosidl_typesupport_fastrtps_c.so
[1.094s] -- Up-to-date: /home/webotpi/ros2_ws/install/my_srv/lib/python3.12/site-packages/my_srv/my_srv_s__rosidl_typesupport_introspection_c.so
[1.096s] -- Up-to-date: /home/webotpi/ros2_ws/install/my_srv/lib/python3.12/site-packages/my_srv/my_srv_s__rosidl_typesupport_c.so
[1.098s] -- Up-to-date: /home/webotpi/ros2_ws/install/my_srv/lib/libmy_srv__rosidl_generator_py.so
[1.099s] -- Up-to-date: /home/webotpi/ros2_ws/install/my_srv/share/ament_index/resource_index/rust_packages/my_srv
[1.099s] -- Up-to-date: /home/webotpi/ros2_ws/install/my_srv/share/my_srv/rust
[1.099s] -- Up-to-date: /home/webotpi/ros2_ws/install/my_srv/share/my_srv/rust/build.rs
[1.099s] -- Up-to-date: /home/webotpi/ros2_ws/install/my_srv/share/my_srv/rust/src
[1.099s] -- Up-to-date: /home/webotpi/ros2_ws/install/my_srv/share/my_srv/rust/src/lib.rs
[1.100s] -- Up-to-date: /home/webotpi/ros2_ws/install/my_srv/share/my_srv/rust/src/srv
[1.100s] -- Up-to-date: /home/webotpi/ros2_ws/install/my_srv/share/my_srv/rust/src/srv/rmw.rs
[1.100s] -- Up-to-date: /home/webotpi/ros2_ws/install/my_srv/share/my_srv/rust/src/srv.rs
[1.100s] -- Up-to-date: /home/webotpi/ros2_ws/install/my_srv/share/my_srv/rust/Cargo.toml
[1.100s] -- Up-to-date: /home/webotpi/ros2_ws/install/my_srv/share/my_srv/srv/Add.idl
[1.100s] -- Up-to-date: /home/webotpi/ros2_ws/install/my_srv/share/my_srv/srv/Add.srv
[1.101s] -- Up-to-date: /home/webotpi/ros2_ws/install/my_srv/lib/my_srv/arm_fk.py
[1.101s] -- Up-to-date: /home/webotpi/ros2_ws/install/my_srv/lib/my_srv/arm_rviz_bridge.py
[1.101s] -- Up-to-date: /home/webotpi/ros2_ws/install/my_srv/lib/my_srv/arm_teach.py
[1.101s] -- Up-to-date: /home/webotpi/ros2_ws/install/my_srv/lib/my_srv/asr_node.py
[1.101s] -- Up-to-date: /home/webotpi/ros2_ws/install/my_srv/lib/my_srv/color_set_node.py
[1.101s] -- Up-to-date: /home/webotpi/ros2_ws/install/my_srv/lib/my_srv/color_sorting_node.py
[1.102s] -- Up-to-date: /home/webotpi/ros2_ws/install/my_srv/lib/my_srv/color_stack_node.py
[1.102s] -- Up-to-date: /home/webotpi/ros2_ws/install/my_srv/lib/my_srv/color_track_node.py
[1.102s] -- Up-to-date: /home/webotpi/ros2_ws/install/my_srv/lib/my_srv/depth_arm.launch.py
[1.102s] -- Installing: /home/webotpi/ros2_ws/install/my_srv/lib/my_srv/depth_color_sorting_node.py
[1.102s] -- Installing: /home/webotpi/ros2_ws/install/my_srv/lib/my_srv/depth_color_stack_node.py
[1.102s] -- Installing: /home/webotpi/ros2_ws/install/my_srv/lib/my_srv/depth_color_track_node.py
[1.102s] -- Up-to-date: /home/webotpi/ros2_ws/install/my_srv/lib/my_srv/depth_distance_node.py
[1.102s] -- Installing: /home/webotpi/ros2_ws/install/my_srv/lib/my_srv/depth_label_sorting_node.py
[1.103s] -- Installing: /home/webotpi/ros2_ws/install/my_srv/lib/my_srv/depth_label_stack_node.py
[1.103s] -- Installing: /home/webotpi/ros2_ws/install/my_srv/lib/my_srv/depth_label_track_node.py
[1.103s] -- Installing: /home/webotpi/ros2_ws/install/my_srv/lib/my_srv/depth_num_sorting_node.py
[1.103s] -- Installing: /home/webotpi/ros2_ws/install/my_srv/lib/my_srv/depth_num_stack_node.py
[1.103s] -- Installing: /home/webotpi/ros2_ws/install/my_srv/lib/my_srv/depth_num_track_node.py
[1.104s] -- Up-to-date: /home/webotpi/ros2_ws/install/my_srv/lib/my_srv/depth_utils.py
[1.104s] -- Up-to-date: /home/webotpi/ros2_ws/install/my_srv/lib/my_srv/diagnose_hand_eye.py
[1.104s] -- Up-to-date: /home/webotpi/ros2_ws/install/my_srv/lib/my_srv/eye_in_hand_calib_node.py
[1.104s] -- Up-to-date: /home/webotpi/ros2_ws/install/my_srv/lib/my_srv/face_track_node.py
[1.104s] -- Up-to-date: /home/webotpi/ros2_ws/install/my_srv/lib/my_srv/glove_node.py
[1.104s] -- Up-to-date: /home/webotpi/ros2_ws/install/my_srv/lib/my_srv/hand_gesture_arm_node.py
[1.104s] -- Up-to-date: /home/webotpi/ros2_ws/install/my_srv/lib/my_srv/joy_arm_node.py
[1.104s] -- Up-to-date: /home/webotpi/ros2_ws/install/my_srv/lib/my_srv/lab_tuner.py
[1.105s] -- Up-to-date: /home/webotpi/ros2_ws/install/my_srv/lib/my_srv/label_sorting_node.py
[1.105s] -- Up-to-date: /home/webotpi/ros2_ws/install/my_srv/lib/my_srv/label_stack_node.py
[1.105s] -- Up-to-date: /home/webotpi/ros2_ws/install/my_srv/lib/my_srv/label_track_node.py
[1.105s] -- Up-to-date: /home/webotpi/ros2_ws/install/my_srv/lib/my_srv/num_sorting_node.py
[1.105s] -- Up-to-date: /home/webotpi/ros2_ws/install/my_srv/lib/my_srv/num_stack_node.py
[1.105s] -- Up-to-date: /home/webotpi/ros2_ws/install/my_srv/lib/my_srv/num_track_node.py
[1.105s] -- Up-to-date: /home/webotpi/ros2_ws/install/my_srv/lib/my_srv/servo_node.py
[1.105s] -- Up-to-date: /home/webotpi/ros2_ws/install/my_srv/lib/my_srv/test.py
[1.105s] -- Up-to-date: /home/webotpi/ros2_ws/install/my_srv/lib/my_srv/z_move.py
[1.106s] -- Up-to-date: /home/webotpi/ros2_ws/install/my_srv/lib/my_srv/z_uart.py
[1.106s] -- Up-to-date: /home/webotpi/ros2_ws/install/my_srv/share/my_srv/launch
[1.106s] -- Up-to-date: /home/webotpi/ros2_ws/install/my_srv/share/my_srv/launch/slave.launch.py
[1.106s] -- Up-to-date: /home/webotpi/ros2_ws/install/my_srv/share/my_srv/launch/function.launch.py
[1.106s] -- Up-to-date: /home/webotpi/ros2_ws/install/my_srv/share/my_srv/launch/depth_arm.launch.py
[1.106s] -- Up-to-date: /home/webotpi/ros2_ws/install/my_srv/share/my_srv/web
[1.106s] -- Up-to-date: /home/webotpi/ros2_ws/install/my_srv/share/my_srv/web/index.html
[1.106s] -- Up-to-date: /home/webotpi/ros2_ws/install/my_srv/share/ament_index/resource_index/package_run_dependencies/my_srv
[1.106s] -- Up-to-date: /home/webotpi/ros2_ws/install/my_srv/share/ament_index/resource_index/parent_prefix_path/my_srv
[1.107s] -- Up-to-date: /home/webotpi/ros2_ws/install/my_srv/share/my_srv/environment/ament_prefix_path.sh
[1.107s] -- Up-to-date: /home/webotpi/ros2_ws/install/my_srv/share/my_srv/environment/ament_prefix_path.dsv
[1.107s] -- Up-to-date: /home/webotpi/ros2_ws/install/my_srv/share/my_srv/environment/path.sh
[1.107s] -- Up-to-date: /home/webotpi/ros2_ws/install/my_srv/share/my_srv/environment/path.dsv
[1.107s] -- Up-to-date: /home/webotpi/ros2_ws/install/my_srv/share/my_srv/local_setup.bash
[1.107s] -- Up-to-date: /home/webotpi/ros2_ws/install/my_srv/share/my_srv/local_setup.sh
[1.107s] -- Up-to-date: /home/webotpi/ros2_ws/install/my_srv/share/my_srv/local_setup.zsh
[1.108s] -- Up-to-date: /home/webotpi/ros2_ws/install/my_srv/share/my_srv/local_setup.dsv
[1.108s] -- Installing: /home/webotpi/ros2_ws/install/my_srv/share/my_srv/package.dsv
[1.108s] -- Up-to-date: /home/webotpi/ros2_ws/install/my_srv/share/ament_index/resource_index/packages/my_srv
[1.111s] -- Up-to-date: /home/webotpi/ros2_ws/install/my_srv/share/my_srv/cmake/export_my_srv__rosidl_generator_cExport.cmake
[1.111s] -- Up-to-date: /home/webotpi/ros2_ws/install/my_srv/share/my_srv/cmake/export_my_srv__rosidl_generator_cExport-noconfig.cmake
[1.112s] -- Up-to-date: /home/webotpi/ros2_ws/install/my_srv/share/my_srv/cmake/export_my_srv__rosidl_typesupport_fastrtps_cExport.cmake
[1.112s] -- Up-to-date: /home/webotpi/ros2_ws/install/my_srv/share/my_srv/cmake/export_my_srv__rosidl_typesupport_fastrtps_cExport-noconfig.cmake
[1.114s] -- Up-to-date: /home/webotpi/ros2_ws/install/my_srv/share/my_srv/cmake/export_my_srv__rosidl_generator_cppExport.cmake
[1.115s] -- Up-to-date: /home/webotpi/ros2_ws/install/my_srv/share/my_srv/cmake/export_my_srv__rosidl_typesupport_fastrtps_cppExport.cmake
[1.115s] -- Up-to-date: /home/webotpi/ros2_ws/install/my_srv/share/my_srv/cmake/export_my_srv__rosidl_typesupport_fastrtps_cppExport-noconfig.cmake
[1.116s] -- Up-to-date: /home/webotpi/ros2_ws/install/my_srv/share/my_srv/cmake/my_srv__rosidl_typesupport_introspection_cExport.cmake
[1.117s] -- Up-to-date: /home/webotpi/ros2_ws/install/my_srv/share/my_srv/cmake/my_srv__rosidl_typesupport_introspection_cExport-noconfig.cmake
[1.118s] -- Up-to-date: /home/webotpi/ros2_ws/install/my_srv/share/my_srv/cmake/my_srv__rosidl_typesupport_cExport.cmake
[1.118s] -- Up-to-date: /home/webotpi/ros2_ws/install/my_srv/share/my_srv/cmake/my_srv__rosidl_typesupport_cExport-noconfig.cmake
[1.119s] -- Up-to-date: /home/webotpi/ros2_ws/install/my_srv/share/my_srv/cmake/my_srv__rosidl_typesupport_introspection_cppExport.cmake
[1.120s] -- Up-to-date: /home/webotpi/ros2_ws/install/my_srv/share/my_srv/cmake/my_srv__rosidl_typesupport_introspection_cppExport-noconfig.cmake
[1.121s] -- Up-to-date: /home/webotpi/ros2_ws/install/my_srv/share/my_srv/cmake/my_srv__rosidl_typesupport_cppExport.cmake
[1.121s] -- Up-to-date: /home/webotpi/ros2_ws/install/my_srv/share/my_srv/cmake/my_srv__rosidl_typesupport_cppExport-noconfig.cmake
[1.122s] -- Up-to-date: /home/webotpi/ros2_ws/install/my_srv/share/my_srv/cmake/export_my_srv__rosidl_generator_pyExport.cmake
[1.122s] -- Up-to-date: /home/webotpi/ros2_ws/install/my_srv/share/my_srv/cmake/export_my_srv__rosidl_generator_pyExport-noconfig.cmake
[1.123s] -- Up-to-date: /home/webotpi/ros2_ws/install/my_srv/share/my_srv/cmake/rosidl_cmake-extras.cmake
[1.124s] -- Up-to-date: /home/webotpi/ros2_ws/install/my_srv/share/my_srv/cmake/ament_cmake_export_dependencies-extras.cmake
[1.124s] -- Up-to-date: /home/webotpi/ros2_ws/install/my_srv/share/my_srv/cmake/ament_cmake_export_include_directories-extras.cmake
[1.124s] -- Up-to-date: /home/webotpi/ros2_ws/install/my_srv/share/my_srv/cmake/ament_cmake_export_libraries-extras.cmake
[1.124s] -- Up-to-date: /home/webotpi/ros2_ws/install/my_srv/share/my_srv/cmake/ament_cmake_export_targets-extras.cmake
[1.124s] -- Up-to-date: /home/webotpi/ros2_ws/install/my_srv/share/my_srv/cmake/rosidl_cmake_export_typesupport_targets-extras.cmake
[1.124s] -- Up-to-date: /home/webotpi/ros2_ws/install/my_srv/share/my_srv/cmake/rosidl_cmake_export_typesupport_libraries-extras.cmake
[1.125s] -- Up-to-date: /home/webotpi/ros2_ws/install/my_srv/share/my_srv/cmake/my_srvConfig.cmake
[1.125s] -- Up-to-date: /home/webotpi/ros2_ws/install/my_srv/share/my_srv/cmake/my_srvConfig-version.cmake
[1.125s] -- Up-to-date: /home/webotpi/ros2_ws/install/my_srv/share/my_srv/package.xml
[1.131s] Invoked command in '/home/webotpi/ros2_ws/build/my_srv' returned '0': CMAKE_PREFIX_PATH=${CMAKE_PREFIX_PATH}:/opt/ros/jazzy /usr/bin/cmake --install /home/webotpi/ros2_ws/build/my_srv
