[1.197s] Invoking command in '/home/webotpi/ros2_ws/src/voice_interaction': PYTHONPATH=/home/webotpi/ros2_ws/build/voice_interaction/prefix_override:/usr/lib/python3/dist-packages/colcon_core/task/python/colcon_distutils_commands:/home/webotpi/ros2_ws/install/voice_interaction/lib/python3.12/site-packages:${PYTHONPATH} /usr/bin/python3 -W ignore:setup.py install is deprecated -W ignore:easy_install command is deprecated setup.py egg_info --egg-base ../../build/voice_interaction build --build-base /home/webotpi/ros2_ws/build/voice_interaction/build install --record /home/webotpi/ros2_ws/build/voice_interaction/install.log --single-version-externally-managed install_data
[1.563s] running egg_info
[1.590s] writing ../../build/voice_interaction/voice_interaction.egg-info/PKG-INFO
[1.590s] writing dependency_links to ../../build/voice_interaction/voice_interaction.egg-info/dependency_links.txt
[1.593s] writing entry points to ../../build/voice_interaction/voice_interaction.egg-info/entry_points.txt
[1.593s] writing requirements to ../../build/voice_interaction/voice_interaction.egg-info/requires.txt
[1.594s] writing top-level names to ../../build/voice_interaction/voice_interaction.egg-info/top_level.txt
[1.650s] reading manifest file '../../build/voice_interaction/voice_interaction.egg-info/SOURCES.txt'
[1.651s] writing manifest file '../../build/voice_interaction/voice_interaction.egg-info/SOURCES.txt'
[1.652s] running build
[1.652s] running build_py
[1.652s] copying voice_interaction/voice_synthesis_node.py -> /home/webotpi/ros2_ws/build/voice_interaction/build/lib/voice_interaction
[1.652s] running install
[1.662s] running install_lib
[1.689s] copying /home/webotpi/ros2_ws/build/voice_interaction/build/lib/voice_interaction/voice_synthesis_node.py -> /home/webotpi/ros2_ws/install/voice_interaction/lib/python3.12/site-packages/voice_interaction
[1.689s] byte-compiling /home/webotpi/ros2_ws/install/voice_interaction/lib/python3.12/site-packages/voice_interaction/voice_synthesis_node.py to voice_synthesis_node.cpython-312.pyc
[1.691s] running install_data
[1.691s] running install_egg_info
[1.721s] removing '/home/webotpi/ros2_ws/install/voice_interaction/lib/python3.12/site-packages/voice_interaction-0.1.0-py3.12.egg-info' (and everything under it)
[1.721s] Copying ../../build/voice_interaction/voice_interaction.egg-info to /home/webotpi/ros2_ws/install/voice_interaction/lib/python3.12/site-packages/voice_interaction-0.1.0-py3.12.egg-info
[1.723s] running install_scripts
[1.906s] Installing intent_parser_node script to /home/webotpi/ros2_ws/install/voice_interaction/lib/voice_interaction
[1.906s] Installing voice_recognition_node script to /home/webotpi/ros2_ws/install/voice_interaction/lib/voice_interaction
[1.909s] Installing voice_synthesis_node script to /home/webotpi/ros2_ws/install/voice_interaction/lib/voice_interaction
[1.910s] writing list of installed files to '/home/webotpi/ros2_ws/build/voice_interaction/install.log'
[1.986s] Invoked command in '/home/webotpi/ros2_ws/src/voice_interaction' returned '0': PYTHONPATH=/home/webotpi/ros2_ws/build/voice_interaction/prefix_override:/usr/lib/python3/dist-packages/colcon_core/task/python/colcon_distutils_commands:/home/webotpi/ros2_ws/install/voice_interaction/lib/python3.12/site-packages:${PYTHONPATH} /usr/bin/python3 -W ignore:setup.py install is deprecated -W ignore:easy_install command is deprecated setup.py egg_info --egg-base ../../build/voice_interaction build --build-base /home/webotpi/ros2_ws/build/voice_interaction/build install --record /home/webotpi/ros2_ws/build/voice_interaction/install.log --single-version-externally-managed install_data
