running egg_info
writing ../../build/voice_interaction/voice_interaction.egg-info/PKG-INFO
writing dependency_links to ../../build/voice_interaction/voice_interaction.egg-info/dependency_links.txt
writing entry points to ../../build/voice_interaction/voice_interaction.egg-info/entry_points.txt
writing requirements to ../../build/voice_interaction/voice_interaction.egg-info/requires.txt
writing top-level names to ../../build/voice_interaction/voice_interaction.egg-info/top_level.txt
reading manifest file '../../build/voice_interaction/voice_interaction.egg-info/SOURCES.txt'
writing manifest file '../../build/voice_interaction/voice_interaction.egg-info/SOURCES.txt'
running build
running build_py
copying voice_interaction/voice_synthesis_node.py -> /home/webotpi/ros2_ws/build/voice_interaction/build/lib/voice_interaction
running install
running install_lib
copying /home/webotpi/ros2_ws/build/voice_interaction/build/lib/voice_interaction/voice_synthesis_node.py -> /home/webotpi/ros2_ws/install/voice_interaction/lib/python3.12/site-packages/voice_interaction
byte-compiling /home/webotpi/ros2_ws/install/voice_interaction/lib/python3.12/site-packages/voice_interaction/voice_synthesis_node.py to voice_synthesis_node.cpython-312.pyc
running install_data
copying config/voice_params.yaml -> /home/webotpi/ros2_ws/install/voice_interaction/share/voice_interaction/config
running install_egg_info
removing '/home/webotpi/ros2_ws/install/voice_interaction/lib/python3.12/site-packages/voice_interaction-0.1.0-py3.12.egg-info' (and everything under it)
Copying ../../build/voice_interaction/voice_interaction.egg-info to /home/webotpi/ros2_ws/install/voice_interaction/lib/python3.12/site-packages/voice_interaction-0.1.0-py3.12.egg-info
running install_scripts
Installing intent_parser_node script to /home/webotpi/ros2_ws/install/voice_interaction/lib/voice_interaction
Installing voice_recognition_node script to /home/webotpi/ros2_ws/install/voice_interaction/lib/voice_interaction
Installing voice_synthesis_node script to /home/webotpi/ros2_ws/install/voice_interaction/lib/voice_interaction
writing list of installed files to '/home/webotpi/ros2_ws/build/voice_interaction/install.log'
