[0.011s] Invoking command in '/home/webotpi/ros2_ws/build/deptrum-ros-driver-aurora930': CMAKE_PREFIX_PATH=${CMAKE_PREFIX_PATH}:/opt/ros/jazzy /usr/bin/cmake /home/webotpi/ros2_ws/src/deptrum-ros-driver -DAMENT_CMAKE_SYMLINK_INSTALL=1 -DCMAKE_INSTALL_PREFIX=/home/webotpi/ros2_ws/install/deptrum-ros-driver-aurora930
[0.034s] -- Found ament_cmake: 2.5.6 (/opt/ros/jazzy/share/ament_cmake/cmake)
[0.380s] -- Override CMake install command with custom implementation using symlinks instead of copying resources
[0.390s] -- Found rclcpp: 28.1.18 (/opt/ros/jazzy/share/rclcpp/cmake)
[0.427s] -- Found rosidl_generator_c: 4.6.7 (/opt/ros/jazzy/share/rosidl_generator_c/cmake)
[0.441s] -- Found rosidl_generator_cpp: 4.6.7 (/opt/ros/jazzy/share/rosidl_generator_cpp/cmake)
[0.458s] -- Using all available rosidl_typesupport_c: rosidl_typesupport_fastrtps_c;rosidl_typesupport_introspection_c
[0.477s] -- Using all available rosidl_typesupport_cpp: rosidl_typesupport_fastrtps_cpp;rosidl_typesupport_introspection_cpp
[0.562s] -- Found rmw_implementation_cmake: 7.3.3 (/opt/ros/jazzy/share/rmw_implementation_cmake/cmake)
[0.565s] -- Found rmw_fastrtps_cpp: 8.4.3 (/opt/ros/jazzy/share/rmw_fastrtps_cpp/cmake)
[0.663s] -- Using RMW implementation 'rmw_fastrtps_cpp' as default
[0.745s] -- STREAM_SDK_TYPE: STELLAR400
[0.746s] -- SYSTEM_PLATFORM: -
[0.746s] -- Download deptrum-stream-stellar400---v1.1.2-18.04.tar.gz from http://192.168.104.3/data/ci_release/deptrum-stream/stellar400/release/-/deptrum-stream-stellar400---v1.1.2-18.04.tar.gz
[135.779s] CMake Error at cmake/Download.cmake:29 (message):
[135.780s]   
[135.780s]   http://192.168.104.3/data/ci_release/deptrum-stream/stellar400/release/-/deptrum-stream-stellar400---v1.1.2-18.04.tar.gz
[135.780s]   doesn't exist.
[135.780s] Call Stack (most recent call first):
[135.780s]   cmake/Download.cmake:71 (download)
[135.780s]   CMakeLists.txt:119 (download_sdk)
[135.780s] 
[135.781s] 
[135.781s] -- Configuring incomplete, errors occurred!
[135.794s] Invoked command in '/home/webotpi/ros2_ws/build/deptrum-ros-driver-aurora930' returned '1': CMAKE_PREFIX_PATH=${CMAKE_PREFIX_PATH}:/opt/ros/jazzy /usr/bin/cmake /home/webotpi/ros2_ws/src/deptrum-ros-driver -DAMENT_CMAKE_SYMLINK_INSTALL=1 -DCMAKE_INSTALL_PREFIX=/home/webotpi/ros2_ws/install/deptrum-ros-driver-aurora930
