[0.010s] Invoking command in '/home/webotpi/ros2_ws/build/deptrum-ros-driver-aurora930': CMAKE_PREFIX_PATH=${CMAKE_PREFIX_PATH}:/opt/ros/jazzy /usr/bin/cmake /home/webotpi/ros2_ws/src/deptrum-ros-driver -DSTREAM_SDK_TYPE=AURORA930 -DAMENT_CMAKE_SYMLINK_INSTALL=1 -DCMAKE_INSTALL_PREFIX=/home/webotpi/ros2_ws/install/deptrum-ros-driver-aurora930
[0.107s] -- The C compiler identification is GNU 13.3.0
[0.206s] -- The CXX compiler identification is GNU 13.3.0
[0.234s] -- Detecting C compiler ABI info
[0.389s] -- Detecting C compiler ABI info - done
[0.405s] -- Check for working C compiler: /usr/bin/cc - skipped
[0.405s] -- Detecting C compile features
[0.406s] -- Detecting C compile features - done
[0.419s] -- Detecting CXX compiler ABI info
[0.587s] -- Detecting CXX compiler ABI info - done
[0.604s] -- Check for working CXX compiler: /usr/bin/c++ - skipped
[0.604s] -- Detecting CXX compile features
[0.605s] -- Detecting CXX compile features - done
[0.608s] -- Found ament_cmake: 2.5.6 (/opt/ros/jazzy/share/ament_cmake/cmake)
[0.816s] -- Found Python3: /usr/bin/python3 (found version "3.12.3") found components: Interpreter 
[0.930s] -- Override CMake install command with custom implementation using symlinks instead of copying resources
[0.970s] -- Found rclcpp: 28.1.18 (/opt/ros/jazzy/share/rclcpp/cmake)
[1.019s] -- Found rosidl_generator_c: 4.6.7 (/opt/ros/jazzy/share/rosidl_generator_c/cmake)
[1.037s] -- Found rosidl_generator_cpp: 4.6.7 (/opt/ros/jazzy/share/rosidl_generator_cpp/cmake)
[1.058s] -- Using all available rosidl_typesupport_c: rosidl_typesupport_fastrtps_c;rosidl_typesupport_introspection_c
[1.082s] -- Using all available rosidl_typesupport_cpp: rosidl_typesupport_fastrtps_cpp;rosidl_typesupport_introspection_cpp
[1.181s] -- Found rmw_implementation_cmake: 7.3.3 (/opt/ros/jazzy/share/rmw_implementation_cmake/cmake)
[1.185s] -- Found rmw_fastrtps_cpp: 8.4.3 (/opt/ros/jazzy/share/rmw_fastrtps_cpp/cmake)
[1.311s] -- Found OpenSSL: /usr/lib/aarch64-linux-gnu/libcrypto.so (found version "3.0.13")  
[1.338s] -- Found FastRTPS: /opt/ros/jazzy/include (Required is at least version "2.13") 
[1.372s] -- Using RMW implementation 'rmw_fastrtps_cpp' as default
[1.463s] -- STREAM_SDK_TYPE: AURORA930
[1.463s] -- SYSTEM_PLATFORM: -
[1.464s] -- Download deptrum-stream-aurora900---v1.1.19-18.04.tar.gz from http://192.168.104.3/data/ci_release/deptrum-stream/aurora900/release/-/deptrum-stream-aurora900---v1.1.19-18.04.tar.gz
[133.918s] CMake Error at cmake/Download.cmake:29 (message):
[133.918s]   
[133.919s]   http://192.168.104.3/data/ci_release/deptrum-stream/aurora900/release/-/deptrum-stream-aurora900---v1.1.19-18.04.tar.gz
[133.919s]   doesn't exist.
[133.919s] Call Stack (most recent call first):
[133.919s]   cmake/Download.cmake:71 (download)
[133.919s]   CMakeLists.txt:124 (download_sdk)
[133.919s] 
[133.919s] 
[133.919s] -- Configuring incomplete, errors occurred!
[133.938s] Invoked command in '/home/webotpi/ros2_ws/build/deptrum-ros-driver-aurora930' returned '1': CMAKE_PREFIX_PATH=${CMAKE_PREFIX_PATH}:/opt/ros/jazzy /usr/bin/cmake /home/webotpi/ros2_ws/src/deptrum-ros-driver -DSTREAM_SDK_TYPE=AURORA930 -DAMENT_CMAKE_SYMLINK_INSTALL=1 -DCMAKE_INSTALL_PREFIX=/home/webotpi/ros2_ws/install/deptrum-ros-driver-aurora930
