[0.015s] Invoking command in '/home/webotpi/ros2_ws/build/deptrum-ros-driver-aurora930': CMAKE_PREFIX_PATH=${CMAKE_PREFIX_PATH}:/opt/ros/jazzy /usr/bin/cmake --build /home/webotpi/ros2_ws/build/deptrum-ros-driver-aurora930 -- -j4 -l4
[0.287s] [ 55%] Built target aurora930_node
[0.338s] [100%] Built target sub_node_ci
[0.339s] [100%] Built target sub_node
[0.357s] Invoked command in '/home/webotpi/ros2_ws/build/deptrum-ros-driver-aurora930' returned '0': CMAKE_PREFIX_PATH=${CMAKE_PREFIX_PATH}:/opt/ros/jazzy /usr/bin/cmake --build /home/webotpi/ros2_ws/build/deptrum-ros-driver-aurora930 -- -j4 -l4
[0.379s] Invoking command in '/home/webotpi/ros2_ws/build/deptrum-ros-driver-aurora930': CMAKE_PREFIX_PATH=${CMAKE_PREFIX_PATH}:/opt/ros/jazzy /usr/bin/cmake --install /home/webotpi/ros2_ws/build/deptrum-ros-driver-aurora930
[0.395s] -- Install configuration: ""
[0.396s] -- Execute custom install script
[0.397s] -- Up-to-date symlink: /home/webotpi/ros2_ws/install/deptrum-ros-driver-aurora930/share/deptrum-ros-driver-aurora930/environment/library_path.sh
[0.397s] -- Up-to-date symlink: /home/webotpi/ros2_ws/install/deptrum-ros-driver-aurora930/share/deptrum-ros-driver-aurora930/environment/library_path.dsv
[0.398s] -- Up-to-date symlink: /home/webotpi/ros2_ws/install/deptrum-ros-driver-aurora930/lib/deptrum-ros-driver-aurora930/aurora930_node
[0.399s] -- Up-to-date symlink: /home/webotpi/ros2_ws/install/deptrum-ros-driver-aurora930/lib/deptrum-ros-driver-aurora930/sub_node
[0.399s] -- Up-to-date symlink: /home/webotpi/ros2_ws/install/deptrum-ros-driver-aurora930/lib/deptrum-ros-driver-aurora930/aurora930_node
[0.400s] -- Up-to-date symlink: /home/webotpi/ros2_ws/install/deptrum-ros-driver-aurora930/lib/deptrum-ros-driver-aurora930/sub_node_ci
[0.401s] -- Up-to-date symlink: /home/webotpi/ros2_ws/install/deptrum-ros-driver-aurora930/share/deptrum-ros-driver-aurora930/99-deptrum-libusb.rules
[0.401s] -- Up-to-date symlink: /home/webotpi/ros2_ws/install/deptrum-ros-driver-aurora930/lib/libdeptrum_stream_aurora900.so.1.1.19
[0.402s] -- Up-to-date symlink: /home/webotpi/ros2_ws/install/deptrum-ros-driver-aurora930/share/deptrum-ros-driver-aurora930/doc/usage_aurora930.md
[0.402s] -- Up-to-date symlink: /home/webotpi/ros2_ws/install/deptrum-ros-driver-aurora930/share/deptrum-ros-driver-aurora930/doc/RELEASE_AURORA930.md
[0.403s] -- Up-to-date symlink: /home/webotpi/ros2_ws/install/deptrum-ros-driver-aurora930/share/deptrum-ros-driver-aurora930/rviz/aurora930-ros2.rviz
[0.403s] -- Up-to-date symlink: /home/webotpi/ros2_ws/install/deptrum-ros-driver-aurora930/share/ament_index/resource_index/package_run_dependencies/deptrum-ros-driver-aurora930
[0.404s] -- Up-to-date symlink: /home/webotpi/ros2_ws/install/deptrum-ros-driver-aurora930/share/ament_index/resource_index/parent_prefix_path/deptrum-ros-driver-aurora930
[0.404s] -- Up-to-date symlink: /home/webotpi/ros2_ws/install/deptrum-ros-driver-aurora930/share/deptrum-ros-driver-aurora930/environment/ament_prefix_path.sh
[0.405s] -- Up-to-date symlink: /home/webotpi/ros2_ws/install/deptrum-ros-driver-aurora930/share/deptrum-ros-driver-aurora930/environment/ament_prefix_path.dsv
[0.405s] -- Up-to-date symlink: /home/webotpi/ros2_ws/install/deptrum-ros-driver-aurora930/share/deptrum-ros-driver-aurora930/environment/path.sh
[0.405s] -- Up-to-date symlink: /home/webotpi/ros2_ws/install/deptrum-ros-driver-aurora930/share/deptrum-ros-driver-aurora930/environment/path.dsv
[0.406s] -- Up-to-date symlink: /home/webotpi/ros2_ws/install/deptrum-ros-driver-aurora930/share/deptrum-ros-driver-aurora930/local_setup.bash
[0.406s] -- Up-to-date symlink: /home/webotpi/ros2_ws/install/deptrum-ros-driver-aurora930/share/deptrum-ros-driver-aurora930/local_setup.sh
[0.407s] -- Up-to-date symlink: /home/webotpi/ros2_ws/install/deptrum-ros-driver-aurora930/share/deptrum-ros-driver-aurora930/local_setup.zsh
[0.407s] -- Up-to-date symlink: /home/webotpi/ros2_ws/install/deptrum-ros-driver-aurora930/share/deptrum-ros-driver-aurora930/local_setup.dsv
[0.407s] -- Symlinking: /home/webotpi/ros2_ws/install/deptrum-ros-driver-aurora930/share/deptrum-ros-driver-aurora930/package.dsv
[0.426s] -- Up-to-date symlink: /home/webotpi/ros2_ws/install/deptrum-ros-driver-aurora930/share/ament_index/resource_index/packages/deptrum-ros-driver-aurora930
[0.428s] -- Up-to-date symlink: /home/webotpi/ros2_ws/install/deptrum-ros-driver-aurora930/share/deptrum-ros-driver-aurora930/cmake/ament_cmake_export_libraries-extras.cmake
[0.429s] -- Up-to-date symlink: /home/webotpi/ros2_ws/install/deptrum-ros-driver-aurora930/share/deptrum-ros-driver-aurora930/cmake/deptrum-ros-driver-aurora930Config.cmake
[0.429s] -- Up-to-date symlink: /home/webotpi/ros2_ws/install/deptrum-ros-driver-aurora930/share/deptrum-ros-driver-aurora930/cmake/deptrum-ros-driver-aurora930Config-version.cmake
[0.429s] -- Up-to-date symlink: /home/webotpi/ros2_ws/install/deptrum-ros-driver-aurora930/share/deptrum-ros-driver-aurora930/package.xml
[0.429s] -- Up-to-date: /home/webotpi/ros2_ws/install/deptrum-ros-driver-aurora930/share/deptrum-ros-driver-aurora930/launch
[0.430s] -- Up-to-date: /home/webotpi/ros2_ws/install/deptrum-ros-driver-aurora930/share/deptrum-ros-driver-aurora930/launch/viewer930_launch.py
[0.430s] -- Up-to-date: /home/webotpi/ros2_ws/install/deptrum-ros-driver-aurora930/share/deptrum-ros-driver-aurora930/launch/aurora930_multi_launch.py
[0.430s] -- Up-to-date: /home/webotpi/ros2_ws/install/deptrum-ros-driver-aurora930/share/deptrum-ros-driver-aurora930/launch/sub_node_ci_aurora930_launch.py
[0.430s] -- Installing: /home/webotpi/ros2_ws/install/deptrum-ros-driver-aurora930/share/deptrum-ros-driver-aurora930/launch/aurora930_launch.py
[0.434s] Invoked command in '/home/webotpi/ros2_ws/build/deptrum-ros-driver-aurora930' returned '0': CMAKE_PREFIX_PATH=${CMAKE_PREFIX_PATH}:/opt/ros/jazzy /usr/bin/cmake --install /home/webotpi/ros2_ws/build/deptrum-ros-driver-aurora930
