[0.000000] (-) TimerEvent: {}
[0.000149] (-) JobUnselected: {'identifier': 'my_launch_pkg'}
[0.000311] (-) JobUnselected: {'identifier': 'my_srv'}
[0.000333] (-) JobUnselected: {'identifier': 'py_pkg'}
[0.000350] (-) JobUnselected: {'identifier': 'rplidar_ros'}
[0.000368] (deptrum-ros-driver-aurora930) JobQueued: {'identifier': 'deptrum-ros-driver-aurora930', 'dependencies': OrderedDict()}
[0.000630] (deptrum-ros-driver-aurora930) JobStarted: {'identifier': 'deptrum-ros-driver-aurora930'}
[0.009457] (deptrum-ros-driver-aurora930) JobProgress: {'identifier': 'deptrum-ros-driver-aurora930', 'progress': 'cmake'}
[0.010109] (deptrum-ros-driver-aurora930) Command: {'cmd': ['/usr/bin/cmake', '/home/webotpi/ros2_ws/src/deptrum-ros-driver', '-DSTREAM_SDK_TYPE=AURORA930', '-DAMENT_CMAKE_SYMLINK_INSTALL=1', '-DCMAKE_INSTALL_PREFIX=/home/webotpi/ros2_ws/install/deptrum-ros-driver-aurora930'], 'cwd': '/home/webotpi/ros2_ws/build/deptrum-ros-driver-aurora930', 'env': OrderedDict({'LANGUAGE': 'zh_CN:en', 'USER': 'webotpi', 'SSH_CLIENT': '192.168.0.108 36852 22', 'LC_TIME': 'zh_CN.UTF-8', 'XDG_SESSION_TYPE': 'tty', 'SHLVL': '1', 'LD_LIBRARY_PATH': '/opt/ros/jazzy/opt/rviz_ogre_vendor/lib:/opt/ros/jazzy/lib/aarch64-linux-gnu:/opt/ros/jazzy/opt/gz_math_vendor/lib:/opt/ros/jazzy/opt/gz_utils_vendor/lib:/opt/ros/jazzy/opt/gz_cmake_vendor/lib:/opt/ros/jazzy/lib', 'HOME': '/home/webotpi', 'OLDPWD': '/home/webotpi', 'ROS_PYTHON_VERSION': '3', 'LC_MONETARY': 'zh_CN.UTF-8', 'DBUS_SESSION_BUS_ADDRESS': 'unix:path=/run/user/1000/bus', 'ROS_DISTRO': 'jazzy', 'LOGNAME': 'webotpi', '_': '/usr/bin/colcon', 'ROS_VERSION': '2', 'XDG_SESSION_CLASS': 'user', 'XDG_SESSION_ID': '92', 'PATH': '/opt/ros/jazzy/bin:/usr/local/sbin:/usr/local/bin:/usr/sbin:/usr/bin:/sbin:/bin:/usr/games:/usr/local/games:/snap/bin', 'PAPERSIZE': 'a4', 'LC_ADDRESS': 'zh_CN.UTF-8', 'XDG_RUNTIME_DIR': '/run/user/1000', 'LANG': 'zh_CN.UTF-8', 'LC_TELEPHONE': 'zh_CN.UTF-8', 'AMENT_PREFIX_PATH': '/opt/ros/jazzy', 'SHELL': '/bin/bash', 'LC_NAME': 'zh_CN.UTF-8', 'LC_MEASUREMENT': 'zh_CN.UTF-8', 'LC_IDENTIFICATION': 'zh_CN.UTF-8', 'ROS_AUTOMATIC_DISCOVERY_RANGE': 'SUBNET', 'PWD': '/home/webotpi/ros2_ws/build/deptrum-ros-driver-aurora930', 'SSH_CONNECTION': '192.168.0.108 36852 192.168.0.119 22', 'PYTHONPATH': '/opt/ros/jazzy/lib/python3.12/site-packages', 'LC_NUMERIC': 'zh_CN.UTF-8', 'LC_PAPER': 'zh_CN.UTF-8', 'COLCON': '1', 'CMAKE_PREFIX_PATH': '/opt/ros/jazzy/opt/gz_math_vendor:/opt/ros/jazzy/opt/gz_utils_vendor:/opt/ros/jazzy/opt/gz_cmake_vendor:/opt/ros/jazzy'}), 'shell': False}
[0.099708] (-) TimerEvent: {}
[0.110141] (deptrum-ros-driver-aurora930) StdoutLine: {'line': b'-- The C compiler identification is GNU 13.3.0\n'}
[0.199826] (-) TimerEvent: {}
[0.208406] (deptrum-ros-driver-aurora930) StdoutLine: {'line': b'-- The CXX compiler identification is GNU 13.3.0\n'}
[0.235322] (deptrum-ros-driver-aurora930) StdoutLine: {'line': b'-- Detecting C compiler ABI info\n'}
[0.299940] (-) TimerEvent: {}
[0.392764] (deptrum-ros-driver-aurora930) StdoutLine: {'line': b'-- Detecting C compiler ABI info - done\n'}
[0.400002] (-) TimerEvent: {}
[0.408319] (deptrum-ros-driver-aurora930) StdoutLine: {'line': b'-- Check for working C compiler: /usr/bin/cc - skipped\n'}
[0.408650] (deptrum-ros-driver-aurora930) StdoutLine: {'line': b'-- Detecting C compile features\n'}
[0.409197] (deptrum-ros-driver-aurora930) StdoutLine: {'line': b'-- Detecting C compile features - done\n'}
[0.423130] (deptrum-ros-driver-aurora930) StdoutLine: {'line': b'-- Detecting CXX compiler ABI info\n'}
[0.500143] (-) TimerEvent: {}
[0.600358] (-) TimerEvent: {}
[0.647454] (deptrum-ros-driver-aurora930) StdoutLine: {'line': b'-- Detecting CXX compiler ABI info - done\n'}
[0.664112] (deptrum-ros-driver-aurora930) StdoutLine: {'line': b'-- Check for working CXX compiler: /usr/bin/c++ - skipped\n'}
[0.664485] (deptrum-ros-driver-aurora930) StdoutLine: {'line': b'-- Detecting CXX compile features\n'}
[0.665162] (deptrum-ros-driver-aurora930) StdoutLine: {'line': b'-- Detecting CXX compile features - done\n'}
[0.668309] (deptrum-ros-driver-aurora930) StdoutLine: {'line': b'-- Found ament_cmake: 2.5.6 (/opt/ros/jazzy/share/ament_cmake/cmake)\n'}
[0.700427] (-) TimerEvent: {}
[0.800597] (-) TimerEvent: {}
[0.884982] (deptrum-ros-driver-aurora930) StdoutLine: {'line': b'-- Found Python3: /usr/bin/python3 (found version "3.12.3") found components: Interpreter \n'}
[0.900714] (-) TimerEvent: {}
[1.000957] (-) TimerEvent: {}
[1.005099] (deptrum-ros-driver-aurora930) StdoutLine: {'line': b'-- Override CMake install command with custom implementation using symlinks instead of copying resources\n'}
[1.045450] (deptrum-ros-driver-aurora930) StdoutLine: {'line': b'-- Found rclcpp: 28.1.18 (/opt/ros/jazzy/share/rclcpp/cmake)\n'}
[1.094932] (deptrum-ros-driver-aurora930) StdoutLine: {'line': b'-- Found rosidl_generator_c: 4.6.7 (/opt/ros/jazzy/share/rosidl_generator_c/cmake)\n'}
[1.101014] (-) TimerEvent: {}
[1.113311] (deptrum-ros-driver-aurora930) StdoutLine: {'line': b'-- Found rosidl_generator_cpp: 4.6.7 (/opt/ros/jazzy/share/rosidl_generator_cpp/cmake)\n'}
[1.134941] (deptrum-ros-driver-aurora930) StdoutLine: {'line': b'-- Using all available rosidl_typesupport_c: rosidl_typesupport_fastrtps_c;rosidl_typesupport_introspection_c\n'}
[1.159377] (deptrum-ros-driver-aurora930) StdoutLine: {'line': b'-- Using all available rosidl_typesupport_cpp: rosidl_typesupport_fastrtps_cpp;rosidl_typesupport_introspection_cpp\n'}
[1.201096] (-) TimerEvent: {}
[1.259901] (deptrum-ros-driver-aurora930) StdoutLine: {'line': b'-- Found rmw_implementation_cmake: 7.3.3 (/opt/ros/jazzy/share/rmw_implementation_cmake/cmake)\n'}
[1.263616] (deptrum-ros-driver-aurora930) StdoutLine: {'line': b'-- Found rmw_fastrtps_cpp: 8.4.3 (/opt/ros/jazzy/share/rmw_fastrtps_cpp/cmake)\n'}
[1.301170] (-) TimerEvent: {}
[1.392451] (deptrum-ros-driver-aurora930) StdoutLine: {'line': b'-- Found OpenSSL: /usr/lib/aarch64-linux-gnu/libcrypto.so (found version "3.0.13")  \n'}
[1.401256] (-) TimerEvent: {}
[1.419021] (deptrum-ros-driver-aurora930) StdoutLine: {'line': b'-- Found FastRTPS: /opt/ros/jazzy/include (Required is at least version "2.13") \n'}
[1.453507] (deptrum-ros-driver-aurora930) StdoutLine: {'line': b"-- Using RMW implementation 'rmw_fastrtps_cpp' as default\n"}
[1.501337] (-) TimerEvent: {}
[1.545948] (deptrum-ros-driver-aurora930) StdoutLine: {'line': b'-- STREAM_SDK_TYPE: AURORA930\n'}
[1.546105] (deptrum-ros-driver-aurora930) StdoutLine: {'line': b'-- SYSTEM_PLATFORM: -\n'}
[1.548662] (deptrum-ros-driver-aurora930) StdoutLine: {'line': b'-- Found std_msgs: 5.3.7 (/opt/ros/jazzy/share/std_msgs/cmake)\n'}
[1.568055] (deptrum-ros-driver-aurora930) StdoutLine: {'line': b'-- Found sensor_msgs: 5.3.7 (/opt/ros/jazzy/share/sensor_msgs/cmake)\n'}
[1.601450] (-) TimerEvent: {}
[1.619097] (deptrum-ros-driver-aurora930) StdoutLine: {'line': b'-- Found cv_bridge: 4.1.0 (/opt/ros/jazzy/share/cv_bridge/cmake)\n'}
[1.638768] (deptrum-ros-driver-aurora930) StdoutLine: {'line': b'-- Found OpenCV: /usr (found version "4.6.0") found components: core highgui imgproc videoio \n'}
[1.641393] (deptrum-ros-driver-aurora930) StdoutLine: {'line': b'-- Found tf2: 0.36.20 (/opt/ros/jazzy/share/tf2/cmake)\n'}
[1.648230] (deptrum-ros-driver-aurora930) StdoutLine: {'line': b'-- Found tf2_ros: 0.36.20 (/opt/ros/jazzy/share/tf2_ros/cmake)\n'}
[1.701518] (-) TimerEvent: {}
[1.801676] (-) TimerEvent: {}
[1.806967] (deptrum-ros-driver-aurora930) StdoutLine: {'line': b'-- Found tf2_geometry_msgs: 0.36.20 (/opt/ros/jazzy/share/tf2_geometry_msgs/cmake)\n'}
[1.823151] (deptrum-ros-driver-aurora930) StdoutLine: {'line': b'-- Found eigen3_cmake_module: 0.3.0 (/opt/ros/jazzy/share/eigen3_cmake_module/cmake)\n'}
[1.824892] (deptrum-ros-driver-aurora930) StdoutLine: {'line': b'-- Found Eigen3: TRUE (found version "3.4.0") \n'}
[1.825057] (deptrum-ros-driver-aurora930) StdoutLine: {'line': b'-- Ensuring Eigen3 include directory is part of orocos-kdl CMake target\n'}
[1.828982] (deptrum-ros-driver-aurora930) StdoutLine: {'line': b'-- Found angles: 1.16.1 (/opt/ros/jazzy/share/angles/cmake)\n'}
[1.831043] (deptrum-ros-driver-aurora930) StdoutLine: {'line': b'-- GLog library status:\n'}
[1.831168] (deptrum-ros-driver-aurora930) StdoutLine: {'line': b'--     include path: /home/webotpi/ros2_ws/src/deptrum-ros-driver/ext/glog-0.4.0/include\n'}
[1.831248] (deptrum-ros-driver-aurora930) StdoutLine: {'line': b'--     library path: /home/webotpi/ros2_ws/src/deptrum-ros-driver/ext/glog-0.4.0/lib-static\n'}
[1.831327] (deptrum-ros-driver-aurora930) StdoutLine: {'line': b'--     libraries: glog\n'}
[1.831465] (deptrum-ros-driver-aurora930) StdoutLine: {'line': b'-- GFlags library status:\n'}
[1.831541] (deptrum-ros-driver-aurora930) StdoutLine: {'line': b'--     include path: /home/webotpi/ros2_ws/src/deptrum-ros-driver/ext/gflags-2.2.2/include\n'}
[1.831611] (deptrum-ros-driver-aurora930) StdoutLine: {'line': b'--     library path: /home/webotpi/ros2_ws/src/deptrum-ros-driver/ext/gflags-2.2.2/lib-static\n'}
[1.831681] (deptrum-ros-driver-aurora930) StdoutLine: {'line': b'--     libraries: gflags\n'}
[1.833345] (deptrum-ros-driver-aurora930) StdoutLine: {'line': b'-- Found ament_lint_auto: 0.17.5 (/opt/ros/jazzy/share/ament_lint_auto/cmake)\n'}
[1.901753] (-) TimerEvent: {}
[2.001952] (-) TimerEvent: {}
[2.016629] (deptrum-ros-driver-aurora930) StderrLine: {'line': b'CMake Deprecation Warning at subscribe_node/CMakeLists.txt:1 (cmake_minimum_required):\n'}
[2.016856] (deptrum-ros-driver-aurora930) StderrLine: {'line': b'  Compatibility with CMake < 3.5 will be removed from a future version of\n'}
[2.016941] (deptrum-ros-driver-aurora930) StderrLine: {'line': b'  CMake.\n'}
[2.017013] (deptrum-ros-driver-aurora930) StderrLine: {'line': b'\n'}
[2.017082] (deptrum-ros-driver-aurora930) StderrLine: {'line': b'  Update the VERSION argument <min> value or use a ...<max> suffix to tell\n'}
[2.017178] (deptrum-ros-driver-aurora930) StderrLine: {'line': b'  CMake that the project does not need compatibility with older versions.\n'}
[2.017266] (deptrum-ros-driver-aurora930) StderrLine: {'line': b'\n'}
[2.017337] (deptrum-ros-driver-aurora930) StderrLine: {'line': b'\n'}
[2.041946] (deptrum-ros-driver-aurora930) StdoutLine: {'line': b'-- Found Boost: /usr/lib/aarch64-linux-gnu/cmake/Boost-1.83.0/BoostConfig.cmake (found version "1.83.0") found components: system filesystem \n'}
[2.053580] (deptrum-ros-driver-aurora930) StdoutLine: {'line': b"-- Added test 'copyright' to check source files copyright and LICENSE\n"}
[2.076936] (deptrum-ros-driver-aurora930) StdoutLine: {'line': b"-- Added test 'cppcheck' to perform static code analysis on C / C++ code\n"}
[2.077594] (deptrum-ros-driver-aurora930) StdoutLine: {'line': b'-- Configured cppcheck include dirs: /home/webotpi/ros2_ws/src/deptrum-ros-driver/include;/home/webotpi/ros2_ws/src/deptrum-ros-driver/ext/deptrum-stream-aurora900-linux-aarch64-v1.1.19-18.04/include;/home/webotpi/ros2_ws/src/deptrum-ros-driver/ext/glog-0.4.0/include;/home/webotpi/ros2_ws/src/deptrum-ros-driver/ext/gflags-2.2.2/include\n'}
[2.077692] (deptrum-ros-driver-aurora930) StdoutLine: {'line': b'-- Configured cppcheck exclude dirs and/or files: \n'}
[2.100238] (deptrum-ros-driver-aurora930) StdoutLine: {'line': b"-- Added test 'cpplint' to check C / C++ code against the Google style\n"}
[2.100356] (deptrum-ros-driver-aurora930) StdoutLine: {'line': b'-- Configured cpplint exclude dirs and/or files: \n'}
[2.102004] (-) TimerEvent: {}
[2.103755] (deptrum-ros-driver-aurora930) StdoutLine: {'line': b"-- Added test 'flake8' to check Python code syntax and style conventions\n"}
[2.103863] (deptrum-ros-driver-aurora930) StdoutLine: {'line': b"-- Configured 'flake8' exclude dirs and/or files: \n"}
[2.109897] (deptrum-ros-driver-aurora930) StdoutLine: {'line': b"-- Added test 'lint_cmake' to check CMake code style\n"}
[2.113292] (deptrum-ros-driver-aurora930) StdoutLine: {'line': b"-- Added test 'pep257' to check Python code against some of the docstring style conventions in PEP 257\n"}
[2.135790] (deptrum-ros-driver-aurora930) StdoutLine: {'line': b"-- Added test 'uncrustify' to check C / C++ code style\n"}
[2.135935] (deptrum-ros-driver-aurora930) StdoutLine: {'line': b'-- Configured uncrustify additional arguments: \n'}
[2.139288] (deptrum-ros-driver-aurora930) StdoutLine: {'line': b"-- Added test 'xmllint' to check XML markup files\n"}
[2.142424] (deptrum-ros-driver-aurora930) StdoutLine: {'line': b'-- Configuring done (2.1s)\n'}
[2.183459] (deptrum-ros-driver-aurora930) StdoutLine: {'line': b'-- Generating done (0.0s)\n'}
[2.195536] (deptrum-ros-driver-aurora930) StdoutLine: {'line': b'-- Build files have been written to: /home/webotpi/ros2_ws/build/deptrum-ros-driver-aurora930\n'}
[2.202091] (-) TimerEvent: {}
[2.223742] (deptrum-ros-driver-aurora930) CommandEnded: {'returncode': 0}
[2.224433] (deptrum-ros-driver-aurora930) JobProgress: {'identifier': 'deptrum-ros-driver-aurora930', 'progress': 'build'}
[2.225310] (deptrum-ros-driver-aurora930) Command: {'cmd': ['/usr/bin/cmake', '--build', '/home/webotpi/ros2_ws/build/deptrum-ros-driver-aurora930', '--', '-j4', '-l4'], 'cwd': '/home/webotpi/ros2_ws/build/deptrum-ros-driver-aurora930', 'env': OrderedDict({'LANGUAGE': 'zh_CN:en', 'USER': 'webotpi', 'SSH_CLIENT': '192.168.0.108 36852 22', 'LC_TIME': 'zh_CN.UTF-8', 'XDG_SESSION_TYPE': 'tty', 'SHLVL': '1', 'LD_LIBRARY_PATH': '/opt/ros/jazzy/opt/rviz_ogre_vendor/lib:/opt/ros/jazzy/lib/aarch64-linux-gnu:/opt/ros/jazzy/opt/gz_math_vendor/lib:/opt/ros/jazzy/opt/gz_utils_vendor/lib:/opt/ros/jazzy/opt/gz_cmake_vendor/lib:/opt/ros/jazzy/lib', 'HOME': '/home/webotpi', 'OLDPWD': '/home/webotpi', 'ROS_PYTHON_VERSION': '3', 'LC_MONETARY': 'zh_CN.UTF-8', 'DBUS_SESSION_BUS_ADDRESS': 'unix:path=/run/user/1000/bus', 'ROS_DISTRO': 'jazzy', 'LOGNAME': 'webotpi', '_': '/usr/bin/colcon', 'ROS_VERSION': '2', 'XDG_SESSION_CLASS': 'user', 'XDG_SESSION_ID': '92', 'PATH': '/opt/ros/jazzy/bin:/usr/local/sbin:/usr/local/bin:/usr/sbin:/usr/bin:/sbin:/bin:/usr/games:/usr/local/games:/snap/bin', 'PAPERSIZE': 'a4', 'LC_ADDRESS': 'zh_CN.UTF-8', 'XDG_RUNTIME_DIR': '/run/user/1000', 'LANG': 'zh_CN.UTF-8', 'LC_TELEPHONE': 'zh_CN.UTF-8', 'AMENT_PREFIX_PATH': '/opt/ros/jazzy', 'SHELL': '/bin/bash', 'LC_NAME': 'zh_CN.UTF-8', 'LC_MEASUREMENT': 'zh_CN.UTF-8', 'LC_IDENTIFICATION': 'zh_CN.UTF-8', 'ROS_AUTOMATIC_DISCOVERY_RANGE': 'SUBNET', 'PWD': '/home/webotpi/ros2_ws/build/deptrum-ros-driver-aurora930', 'SSH_CONNECTION': '192.168.0.108 36852 192.168.0.119 22', 'PYTHONPATH': '/opt/ros/jazzy/lib/python3.12/site-packages', 'LC_NUMERIC': 'zh_CN.UTF-8', 'LC_PAPER': 'zh_CN.UTF-8', 'COLCON': '1', 'CMAKE_PREFIX_PATH': '/opt/ros/jazzy/opt/gz_math_vendor:/opt/ros/jazzy/opt/gz_utils_vendor:/opt/ros/jazzy/opt/gz_cmake_vendor:/opt/ros/jazzy'}), 'shell': False}
[2.302284] (-) TimerEvent: {}
[2.319463] (deptrum-ros-driver-aurora930) StdoutLine: {'line': b'[ 44%] Building CXX object subscribe_node/CMakeFiles/sub_node.dir/src/sub_node.cc.o\n'}
[2.319982] (deptrum-ros-driver-aurora930) StdoutLine: {'line': b'[ 44%] Building CXX object CMakeFiles/aurora930_node.dir/src/ros2_device.cc.o\n'}
[2.320094] (deptrum-ros-driver-aurora930) StdoutLine: {'line': b'[ 44%] Building CXX object subscribe_node/CMakeFiles/sub_node_ci.dir/src/sub_node_ci.cc.o\n'}
[2.320222] (deptrum-ros-driver-aurora930) StdoutLine: {'line': b'[ 44%] Building CXX object CMakeFiles/aurora930_node.dir/src/ros2_node.cc.o\n'}
[2.404225] (-) TimerEvent: {}
[2.504561] (-) TimerEvent: {}
[2.604823] (-) TimerEvent: {}
[2.705083] (-) TimerEvent: {}
[2.805367] (-) TimerEvent: {}
[2.905636] (-) TimerEvent: {}
[3.006723] (-) TimerEvent: {}
[3.107049] (-) TimerEvent: {}
[3.210332] (-) TimerEvent: {}
[3.267081] (deptrum-ros-driver-aurora930) StderrLine: {'line': b'In file included from /home/webotpi/ros2_ws/src/deptrum-ros-driver/include/deptrum_ros_driver/ros2_device.h:20,\n'}
[3.267515] (deptrum-ros-driver-aurora930) StderrLine: {'line': b'                 from /home/webotpi/ros2_ws/src/deptrum-ros-driver/src/ros2_node.cc:6:\n'}
[3.267701] (deptrum-ros-driver-aurora930) StderrLine: {'line': b'/opt/ros/jazzy/include/sensor_msgs/sensor_msgs/point_cloud_conversion.hpp:47:6: warning: #warning POINT_CLOUD_DEPRECATION_MESSAGE [-Wcpp]\n'}
[3.267823] (deptrum-ros-driver-aurora930) StderrLine: {'line': b'   47 | #    warning POINT_CLOUD_DEPRECATION_MESSAGE\n'}
[3.267985] (deptrum-ros-driver-aurora930) StderrLine: {'line': b'      |      ^~~~~~~\n'}
[3.268446] (deptrum-ros-driver-aurora930) StderrLine: {'line': b'In file included from /home/webotpi/ros2_ws/src/deptrum-ros-driver/include/deptrum_ros_driver/ros2_device.h:20,\n'}
[3.268634] (deptrum-ros-driver-aurora930) StderrLine: {'line': b'                 from /home/webotpi/ros2_ws/src/deptrum-ros-driver/src/ros2_device.cc:5:\n'}
[3.268723] (deptrum-ros-driver-aurora930) StderrLine: {'line': b'/opt/ros/jazzy/include/sensor_msgs/sensor_msgs/point_cloud_conversion.hpp:47:6: warning: #warning POINT_CLOUD_DEPRECATION_MESSAGE [-Wcpp]\n'}
[3.268803] (deptrum-ros-driver-aurora930) StderrLine: {'line': b'   47 | #    warning POINT_CLOUD_DEPRECATION_MESSAGE\n'}
[3.268884] (deptrum-ros-driver-aurora930) StderrLine: {'line': b'      |      ^~~~~~~\n'}
[3.310458] (-) TimerEvent: {}
[3.412215] (-) TimerEvent: {}
[3.512486] (-) TimerEvent: {}
[3.612750] (-) TimerEvent: {}
[3.713027] (-) TimerEvent: {}
[3.813235] (-) TimerEvent: {}
[3.913492] (-) TimerEvent: {}
[4.013855] (-) TimerEvent: {}
[4.117249] (-) TimerEvent: {}
[4.217529] (-) TimerEvent: {}
[4.317808] (-) TimerEvent: {}
[4.418093] (-) TimerEvent: {}
[4.518441] (-) TimerEvent: {}
[4.618715] (-) TimerEvent: {}
[4.719025] (-) TimerEvent: {}
[4.819322] (-) TimerEvent: {}
[4.919589] (-) TimerEvent: {}
[5.019839] (-) TimerEvent: {}
[5.120164] (-) TimerEvent: {}
[5.220411] (-) TimerEvent: {}
[5.322248] (-) TimerEvent: {}
[5.422511] (-) TimerEvent: {}
[5.522788] (-) TimerEvent: {}
[5.623055] (-) TimerEvent: {}
[5.723315] (-) TimerEvent: {}
[5.823576] (-) TimerEvent: {}
[5.923845] (-) TimerEvent: {}
[6.026229] (-) TimerEvent: {}
[6.126488] (-) TimerEvent: {}
[6.226732] (-) TimerEvent: {}
[6.327001] (-) TimerEvent: {}
[6.427257] (-) TimerEvent: {}
[6.527521] (-) TimerEvent: {}
[6.627778] (-) TimerEvent: {}
[6.728054] (-) TimerEvent: {}
[6.828347] (-) TimerEvent: {}
[6.928614] (-) TimerEvent: {}
[7.031223] (-) TimerEvent: {}
[7.131481] (-) TimerEvent: {}
[7.231744] (-) TimerEvent: {}
[7.332012] (-) TimerEvent: {}
[7.432285] (-) TimerEvent: {}
[7.532543] (-) TimerEvent: {}
[7.632818] (-) TimerEvent: {}
[7.733080] (-) TimerEvent: {}
[7.833359] (-) TimerEvent: {}
[7.933620] (-) TimerEvent: {}
[8.033883] (-) TimerEvent: {}
[8.137378] (-) TimerEvent: {}
[8.237820] (-) TimerEvent: {}
[8.338086] (-) TimerEvent: {}
[8.438371] (-) TimerEvent: {}
[8.538625] (-) TimerEvent: {}
[8.638873] (-) TimerEvent: {}
[8.739168] (-) TimerEvent: {}
[8.839425] (-) TimerEvent: {}
[8.939683] (-) TimerEvent: {}
[9.039934] (-) TimerEvent: {}
[9.140213] (-) TimerEvent: {}
[9.240474] (-) TimerEvent: {}
[9.342253] (-) TimerEvent: {}
[9.442521] (-) TimerEvent: {}
[9.542781] (-) TimerEvent: {}
[9.643047] (-) TimerEvent: {}
[9.743331] (-) TimerEvent: {}
[9.843600] (-) TimerEvent: {}
[9.943879] (-) TimerEvent: {}
[10.045225] (-) TimerEvent: {}
[10.145484] (-) TimerEvent: {}
[10.245735] (-) TimerEvent: {}
[10.345997] (-) TimerEvent: {}
[10.446238] (-) TimerEvent: {}
[10.548218] (-) TimerEvent: {}
[10.648475] (-) TimerEvent: {}
[10.748727] (-) TimerEvent: {}
[10.848992] (-) TimerEvent: {}
[10.949251] (-) TimerEvent: {}
[11.049507] (-) TimerEvent: {}
[11.149787] (-) TimerEvent: {}
[11.250050] (-) TimerEvent: {}
[11.350312] (-) TimerEvent: {}
[11.452223] (-) TimerEvent: {}
[11.552463] (-) TimerEvent: {}
[11.652713] (-) TimerEvent: {}
[11.752977] (-) TimerEvent: {}
[11.853233] (-) TimerEvent: {}
[11.954551] (-) TimerEvent: {}
[12.054810] (-) TimerEvent: {}
[12.155068] (-) TimerEvent: {}
[12.258231] (-) TimerEvent: {}
[12.358489] (-) TimerEvent: {}
[12.458755] (-) TimerEvent: {}
[12.559024] (-) TimerEvent: {}
[12.659298] (-) TimerEvent: {}
[12.759530] (-) TimerEvent: {}
[12.859792] (-) TimerEvent: {}
[12.960070] (-) TimerEvent: {}
[13.060369] (-) TimerEvent: {}
[13.160621] (-) TimerEvent: {}
[13.260915] (-) TimerEvent: {}
[13.361217] (-) TimerEvent: {}
[13.461486] (-) TimerEvent: {}
[13.563227] (-) TimerEvent: {}
[13.663485] (-) TimerEvent: {}
[13.763746] (-) TimerEvent: {}
[13.864055] (-) TimerEvent: {}
[13.964338] (-) TimerEvent: {}
[14.064619] (-) TimerEvent: {}
[14.164911] (-) TimerEvent: {}
[14.268228] (-) TimerEvent: {}
[14.368479] (-) TimerEvent: {}
[14.468711] (-) TimerEvent: {}
[14.584276] (-) TimerEvent: {}
[14.684777] (-) TimerEvent: {}
[14.785056] (-) TimerEvent: {}
[14.885385] (-) TimerEvent: {}
[14.947398] (deptrum-ros-driver-aurora930) StdoutLine: {'line': b'[ 55%] Building CXX object CMakeFiles/aurora930_node.dir/src/aurora900_ros2_device.cc.o\n'}
[14.986051] (-) TimerEvent: {}
[15.086314] (-) TimerEvent: {}
[15.187390] (-) TimerEvent: {}
[15.288242] (-) TimerEvent: {}
[15.388518] (-) TimerEvent: {}
[15.488801] (-) TimerEvent: {}
[15.589229] (-) TimerEvent: {}
[15.689455] (-) TimerEvent: {}
[15.792251] (-) TimerEvent: {}
[15.892645] (-) TimerEvent: {}
[15.993065] (-) TimerEvent: {}
[16.063247] (deptrum-ros-driver-aurora930) StderrLine: {'line': b'In file included from /home/webotpi/ros2_ws/src/deptrum-ros-driver/include/deptrum_ros_driver/ros2_device.h:20,\n'}
[16.063586] (deptrum-ros-driver-aurora930) StderrLine: {'line': b'                 from /home/webotpi/ros2_ws/src/deptrum-ros-driver/include/deptrum_ros_driver/aurora900_ros2_device.h:4,\n'}
[16.063742] (deptrum-ros-driver-aurora930) StderrLine: {'line': b'                 from /home/webotpi/ros2_ws/src/deptrum-ros-driver/src/aurora900_ros2_device.cc:2:\n'}
[16.063869] (deptrum-ros-driver-aurora930) StderrLine: {'line': b'/opt/ros/jazzy/include/sensor_msgs/sensor_msgs/point_cloud_conversion.hpp:47:6: warning: #warning POINT_CLOUD_DEPRECATION_MESSAGE [-Wcpp]\n'}
[16.063980] (deptrum-ros-driver-aurora930) StderrLine: {'line': b'   47 | #    warning POINT_CLOUD_DEPRECATION_MESSAGE\n'}
[16.064107] (deptrum-ros-driver-aurora930) StderrLine: {'line': b'      |      ^~~~~~~\n'}
[16.093221] (-) TimerEvent: {}
[16.193484] (-) TimerEvent: {}
[16.293755] (-) TimerEvent: {}
[16.396235] (-) TimerEvent: {}
[16.496499] (-) TimerEvent: {}
[16.596768] (-) TimerEvent: {}
[16.697035] (-) TimerEvent: {}
[16.797309] (-) TimerEvent: {}
[16.897574] (-) TimerEvent: {}
[16.997842] (-) TimerEvent: {}
[17.098135] (-) TimerEvent: {}
[17.198387] (-) TimerEvent: {}
[17.298635] (-) TimerEvent: {}
[17.401226] (-) TimerEvent: {}
[17.501479] (-) TimerEvent: {}
[17.601744] (-) TimerEvent: {}
[17.702005] (-) TimerEvent: {}
[17.802238] (-) TimerEvent: {}
[17.902499] (-) TimerEvent: {}
[18.002759] (-) TimerEvent: {}
[18.103032] (-) TimerEvent: {}
[18.203295] (-) TimerEvent: {}
[18.303533] (-) TimerEvent: {}
[18.403808] (-) TimerEvent: {}
[18.506301] (-) TimerEvent: {}
[18.606548] (-) TimerEvent: {}
[18.706843] (-) TimerEvent: {}
[18.807199] (-) TimerEvent: {}
[18.907503] (-) TimerEvent: {}
[19.007796] (-) TimerEvent: {}
[19.108195] (-) TimerEvent: {}
[19.217228] (-) TimerEvent: {}
[19.317782] (-) TimerEvent: {}
[19.418344] (-) TimerEvent: {}
[19.518601] (-) TimerEvent: {}
[19.618894] (-) TimerEvent: {}
[19.719211] (-) TimerEvent: {}
[19.822224] (-) TimerEvent: {}
[19.893074] (deptrum-ros-driver-aurora930) StdoutLine: {'line': b'[ 66%] Building CXX object CMakeFiles/aurora930_node.dir/src/camera_parameters.cc.o\n'}
[19.922373] (-) TimerEvent: {}
[20.022637] (-) TimerEvent: {}
[20.122886] (-) TimerEvent: {}
[20.223179] (-) TimerEvent: {}
[20.323436] (-) TimerEvent: {}
[20.423714] (-) TimerEvent: {}
[20.523984] (-) TimerEvent: {}
[20.624415] (-) TimerEvent: {}
[20.724693] (-) TimerEvent: {}
[20.824982] (-) TimerEvent: {}
[20.928229] (-) TimerEvent: {}
[21.028502] (-) TimerEvent: {}
[21.128772] (-) TimerEvent: {}
[21.229040] (-) TimerEvent: {}
[21.329334] (-) TimerEvent: {}
[21.429599] (-) TimerEvent: {}
[21.529880] (-) TimerEvent: {}
[21.630153] (-) TimerEvent: {}
[21.730397] (-) TimerEvent: {}
[21.830656] (-) TimerEvent: {}
[21.930913] (-) TimerEvent: {}
[22.031199] (-) TimerEvent: {}
[22.131465] (-) TimerEvent: {}
[22.231719] (-) TimerEvent: {}
[22.334226] (-) TimerEvent: {}
[22.434489] (-) TimerEvent: {}
[22.534743] (-) TimerEvent: {}
[22.635004] (-) TimerEvent: {}
[22.735239] (-) TimerEvent: {}
[22.835485] (-) TimerEvent: {}
[22.935748] (-) TimerEvent: {}
[23.036036] (-) TimerEvent: {}
[23.136311] (-) TimerEvent: {}
[23.236558] (-) TimerEvent: {}
[23.336838] (-) TimerEvent: {}
[23.439254] (-) TimerEvent: {}
[23.539522] (-) TimerEvent: {}
[23.639778] (-) TimerEvent: {}
[23.740041] (-) TimerEvent: {}
[23.840330] (-) TimerEvent: {}
[23.940602] (-) TimerEvent: {}
[24.040855] (-) TimerEvent: {}
[24.141136] (-) TimerEvent: {}
[24.241411] (-) TimerEvent: {}
[24.341688] (-) TimerEvent: {}
[24.443231] (-) TimerEvent: {}
[24.543483] (-) TimerEvent: {}
[24.643750] (-) TimerEvent: {}
[24.744015] (-) TimerEvent: {}
[24.844209] (-) TimerEvent: {}
[24.946026] (-) TimerEvent: {}
[25.049218] (-) TimerEvent: {}
[25.149462] (-) TimerEvent: {}
[25.249710] (-) TimerEvent: {}
[25.349959] (-) TimerEvent: {}
[25.450224] (-) TimerEvent: {}
[25.550466] (-) TimerEvent: {}
[25.650762] (-) TimerEvent: {}
[25.751046] (-) TimerEvent: {}
[25.851306] (-) TimerEvent: {}
[25.951558] (-) TimerEvent: {}
[26.051809] (-) TimerEvent: {}
[26.152073] (-) TimerEvent: {}
[26.252471] (-) TimerEvent: {}
[26.352711] (-) TimerEvent: {}
[26.455216] (-) TimerEvent: {}
[26.555454] (-) TimerEvent: {}
[26.655689] (-) TimerEvent: {}
[26.755934] (-) TimerEvent: {}
[26.856194] (-) TimerEvent: {}
[26.956439] (-) TimerEvent: {}
[27.056713] (-) TimerEvent: {}
[27.156969] (-) TimerEvent: {}
[27.257226] (-) TimerEvent: {}
[27.357465] (-) TimerEvent: {}
[27.457703] (-) TimerEvent: {}
[27.560229] (-) TimerEvent: {}
[27.660480] (-) TimerEvent: {}
[27.760723] (-) TimerEvent: {}
[27.860954] (-) TimerEvent: {}
[27.961212] (-) TimerEvent: {}
[28.061457] (-) TimerEvent: {}
[28.161680] (-) TimerEvent: {}
[28.261947] (-) TimerEvent: {}
[28.362251] (-) TimerEvent: {}
[28.462553] (-) TimerEvent: {}
[28.562804] (-) TimerEvent: {}
[28.663005] (-) TimerEvent: {}
[28.763195] (-) TimerEvent: {}
[28.863403] (-) TimerEvent: {}
[28.963597] (-) TimerEvent: {}
[29.063812] (-) TimerEvent: {}
[29.163985] (-) TimerEvent: {}
[29.264169] (-) TimerEvent: {}
[29.364364] (-) TimerEvent: {}
[29.464527] (-) TimerEvent: {}
[29.564674] (-) TimerEvent: {}
[29.664817] (-) TimerEvent: {}
[29.765074] (-) TimerEvent: {}
[29.865314] (-) TimerEvent: {}
[30.407959] (-) TimerEvent: {}
[30.508177] (-) TimerEvent: {}
[30.608381] (-) TimerEvent: {}
[30.708588] (-) TimerEvent: {}
[30.808860] (-) TimerEvent: {}
[30.909155] (-) TimerEvent: {}
[31.009387] (-) TimerEvent: {}
[31.109622] (-) TimerEvent: {}
[31.209829] (-) TimerEvent: {}
[31.310015] (-) TimerEvent: {}
[31.410175] (-) TimerEvent: {}
[31.510323] (-) TimerEvent: {}
[31.610560] (-) TimerEvent: {}
[31.694423] (deptrum-ros-driver-aurora930) StdoutLine: {'line': b'[ 77%] Linking CXX executable sub_node\n'}
[31.710689] (-) TimerEvent: {}
[31.813395] (-) TimerEvent: {}
[31.913634] (-) TimerEvent: {}
[32.022268] (-) TimerEvent: {}
[32.122555] (-) TimerEvent: {}
[32.222808] (-) TimerEvent: {}
[32.324247] (-) TimerEvent: {}
[32.424479] (-) TimerEvent: {}
[32.524692] (-) TimerEvent: {}
[32.624959] (-) TimerEvent: {}
[32.725299] (-) TimerEvent: {}
[32.825619] (-) TimerEvent: {}
[32.925872] (-) TimerEvent: {}
[33.026092] (-) TimerEvent: {}
[33.126379] (-) TimerEvent: {}
[33.143263] (deptrum-ros-driver-aurora930) StdoutLine: {'line': b'[ 88%] Linking CXX executable aurora930_node\n'}
[33.226534] (-) TimerEvent: {}
[33.326880] (-) TimerEvent: {}
[33.429423] (-) TimerEvent: {}
[33.453682] (deptrum-ros-driver-aurora930) StdoutLine: {'line': b'[100%] Linking CXX executable sub_node_ci\n'}
[33.529844] (-) TimerEvent: {}
[33.630830] (-) TimerEvent: {}
[33.733497] (-) TimerEvent: {}
[33.834517] (-) TimerEvent: {}
[33.935536] (-) TimerEvent: {}
[34.036459] (-) TimerEvent: {}
[34.137283] (-) TimerEvent: {}
[34.238020] (-) TimerEvent: {}
[34.338969] (-) TimerEvent: {}
[34.439950] (-) TimerEvent: {}
[34.540675] (-) TimerEvent: {}
[34.641426] (-) TimerEvent: {}
[34.742330] (-) TimerEvent: {}
[34.843216] (-) TimerEvent: {}
[34.944311] (-) TimerEvent: {}
[35.045074] (-) TimerEvent: {}
[35.145715] (-) TimerEvent: {}
[35.246469] (-) TimerEvent: {}
[35.347303] (-) TimerEvent: {}
[35.448186] (-) TimerEvent: {}
[35.548531] (-) TimerEvent: {}
[35.651340] (-) TimerEvent: {}
[35.751869] (-) TimerEvent: {}
[35.852506] (-) TimerEvent: {}
[35.953168] (-) TimerEvent: {}
[36.053659] (-) TimerEvent: {}
[36.154033] (-) TimerEvent: {}
[36.254385] (-) TimerEvent: {}
[36.354644] (-) TimerEvent: {}
[36.454923] (-) TimerEvent: {}
[36.555191] (-) TimerEvent: {}
[36.593434] (deptrum-ros-driver-aurora930) StdoutLine: {'line': b'[100%] Built target sub_node\n'}
[36.655359] (-) TimerEvent: {}
[36.749646] (deptrum-ros-driver-aurora930) StdoutLine: {'line': b'[100%] Built target sub_node_ci\n'}
[36.755478] (-) TimerEvent: {}
[36.855695] (-) TimerEvent: {}
[36.937838] (deptrum-ros-driver-aurora930) StdoutLine: {'line': b'[100%] Built target aurora930_node\n'}
[36.955848] (-) TimerEvent: {}
[36.958794] (deptrum-ros-driver-aurora930) CommandEnded: {'returncode': 0}
[36.959595] (deptrum-ros-driver-aurora930) JobProgress: {'identifier': 'deptrum-ros-driver-aurora930', 'progress': 'install'}
[36.979537] (deptrum-ros-driver-aurora930) Command: {'cmd': ['/usr/bin/cmake', '--install', '/home/webotpi/ros2_ws/build/deptrum-ros-driver-aurora930'], 'cwd': '/home/webotpi/ros2_ws/build/deptrum-ros-driver-aurora930', 'env': OrderedDict({'LANGUAGE': 'zh_CN:en', 'USER': 'webotpi', 'SSH_CLIENT': '192.168.0.108 36852 22', 'LC_TIME': 'zh_CN.UTF-8', 'XDG_SESSION_TYPE': 'tty', 'SHLVL': '1', 'LD_LIBRARY_PATH': '/opt/ros/jazzy/opt/rviz_ogre_vendor/lib:/opt/ros/jazzy/lib/aarch64-linux-gnu:/opt/ros/jazzy/opt/gz_math_vendor/lib:/opt/ros/jazzy/opt/gz_utils_vendor/lib:/opt/ros/jazzy/opt/gz_cmake_vendor/lib:/opt/ros/jazzy/lib', 'HOME': '/home/webotpi', 'OLDPWD': '/home/webotpi', 'ROS_PYTHON_VERSION': '3', 'LC_MONETARY': 'zh_CN.UTF-8', 'DBUS_SESSION_BUS_ADDRESS': 'unix:path=/run/user/1000/bus', 'ROS_DISTRO': 'jazzy', 'LOGNAME': 'webotpi', '_': '/usr/bin/colcon', 'ROS_VERSION': '2', 'XDG_SESSION_CLASS': 'user', 'XDG_SESSION_ID': '92', 'PATH': '/opt/ros/jazzy/bin:/usr/local/sbin:/usr/local/bin:/usr/sbin:/usr/bin:/sbin:/bin:/usr/games:/usr/local/games:/snap/bin', 'PAPERSIZE': 'a4', 'LC_ADDRESS': 'zh_CN.UTF-8', 'XDG_RUNTIME_DIR': '/run/user/1000', 'LANG': 'zh_CN.UTF-8', 'LC_TELEPHONE': 'zh_CN.UTF-8', 'AMENT_PREFIX_PATH': '/opt/ros/jazzy', 'SHELL': '/bin/bash', 'LC_NAME': 'zh_CN.UTF-8', 'LC_MEASUREMENT': 'zh_CN.UTF-8', 'LC_IDENTIFICATION': 'zh_CN.UTF-8', 'ROS_AUTOMATIC_DISCOVERY_RANGE': 'SUBNET', 'PWD': '/home/webotpi/ros2_ws/build/deptrum-ros-driver-aurora930', 'SSH_CONNECTION': '192.168.0.108 36852 192.168.0.119 22', 'PYTHONPATH': '/opt/ros/jazzy/lib/python3.12/site-packages', 'LC_NUMERIC': 'zh_CN.UTF-8', 'LC_PAPER': 'zh_CN.UTF-8', 'COLCON': '1', 'CMAKE_PREFIX_PATH': '/opt/ros/jazzy/opt/gz_math_vendor:/opt/ros/jazzy/opt/gz_utils_vendor:/opt/ros/jazzy/opt/gz_cmake_vendor:/opt/ros/jazzy'}), 'shell': False}
[36.995207] (deptrum-ros-driver-aurora930) StdoutLine: {'line': b'-- Install configuration: ""\n'}
[36.995885] (deptrum-ros-driver-aurora930) StdoutLine: {'line': b'-- Execute custom install script\n'}
[36.996358] (deptrum-ros-driver-aurora930) StdoutLine: {'line': b'-- Symlinking: /home/webotpi/ros2_ws/install/deptrum-ros-driver-aurora930/share/deptrum-ros-driver-aurora930/environment/library_path.sh\n'}
[37.012643] (deptrum-ros-driver-aurora930) StdoutLine: {'line': b'-- Symlinking: /home/webotpi/ros2_ws/install/deptrum-ros-driver-aurora930/share/deptrum-ros-driver-aurora930/environment/library_path.dsv\n'}
[37.029557] (deptrum-ros-driver-aurora930) StdoutLine: {'line': b'-- Symlinking: /home/webotpi/ros2_ws/install/deptrum-ros-driver-aurora930/lib/deptrum-ros-driver-aurora930/aurora930_node\n'}
[37.045992] (deptrum-ros-driver-aurora930) StdoutLine: {'line': b'-- Symlinking: /home/webotpi/ros2_ws/install/deptrum-ros-driver-aurora930/lib/deptrum-ros-driver-aurora930/sub_node\n'}
[37.055927] (-) TimerEvent: {}
[37.063449] (deptrum-ros-driver-aurora930) StdoutLine: {'line': b'-- Up-to-date symlink: /home/webotpi/ros2_ws/install/deptrum-ros-driver-aurora930/lib/deptrum-ros-driver-aurora930/aurora930_node\n'}
[37.063710] (deptrum-ros-driver-aurora930) StdoutLine: {'line': b'-- Symlinking: /home/webotpi/ros2_ws/install/deptrum-ros-driver-aurora930/lib/deptrum-ros-driver-aurora930/sub_node_ci\n'}
[37.080886] (deptrum-ros-driver-aurora930) StdoutLine: {'line': b'-- Symlinking: /home/webotpi/ros2_ws/install/deptrum-ros-driver-aurora930/share/deptrum-ros-driver-aurora930/99-deptrum-libusb.rules\n'}
[37.097420] (deptrum-ros-driver-aurora930) StdoutLine: {'line': b'-- Symlinking: /home/webotpi/ros2_ws/install/deptrum-ros-driver-aurora930/lib/libdeptrum_stream_aurora900.so.1.1.19\n'}
[37.114411] (deptrum-ros-driver-aurora930) StdoutLine: {'line': b'-- Symlinking: /home/webotpi/ros2_ws/install/deptrum-ros-driver-aurora930/share/deptrum-ros-driver-aurora930/doc/usage_aurora930.md\n'}
[37.131365] (deptrum-ros-driver-aurora930) StdoutLine: {'line': b'-- Symlinking: /home/webotpi/ros2_ws/install/deptrum-ros-driver-aurora930/share/deptrum-ros-driver-aurora930/doc/RELEASE_AURORA930.md\n'}
[37.147450] (deptrum-ros-driver-aurora930) StdoutLine: {'line': b'-- Symlinking: /home/webotpi/ros2_ws/install/deptrum-ros-driver-aurora930/share/deptrum-ros-driver-aurora930/rviz/aurora930-ros2.rviz\n'}
[37.156016] (-) TimerEvent: {}
[37.164530] (deptrum-ros-driver-aurora930) StdoutLine: {'line': b'-- Symlinking: /home/webotpi/ros2_ws/install/deptrum-ros-driver-aurora930/share/ament_index/resource_index/package_run_dependencies/deptrum-ros-driver-aurora930\n'}
[37.181560] (deptrum-ros-driver-aurora930) StdoutLine: {'line': b'-- Symlinking: /home/webotpi/ros2_ws/install/deptrum-ros-driver-aurora930/share/ament_index/resource_index/parent_prefix_path/deptrum-ros-driver-aurora930\n'}
[37.197741] (deptrum-ros-driver-aurora930) StdoutLine: {'line': b'-- Symlinking: /home/webotpi/ros2_ws/install/deptrum-ros-driver-aurora930/share/deptrum-ros-driver-aurora930/environment/ament_prefix_path.sh\n'}
[37.214274] (deptrum-ros-driver-aurora930) StdoutLine: {'line': b'-- Symlinking: /home/webotpi/ros2_ws/install/deptrum-ros-driver-aurora930/share/deptrum-ros-driver-aurora930/environment/ament_prefix_path.dsv\n'}
[37.229949] (deptrum-ros-driver-aurora930) StdoutLine: {'line': b'-- Symlinking: /home/webotpi/ros2_ws/install/deptrum-ros-driver-aurora930/share/deptrum-ros-driver-aurora930/environment/path.sh\n'}
[37.247709] (deptrum-ros-driver-aurora930) StdoutLine: {'line': b'-- Symlinking: /home/webotpi/ros2_ws/install/deptrum-ros-driver-aurora930/share/deptrum-ros-driver-aurora930/environment/path.dsv\n'}
[37.256097] (-) TimerEvent: {}
[37.264592] (deptrum-ros-driver-aurora930) StdoutLine: {'line': b'-- Symlinking: /home/webotpi/ros2_ws/install/deptrum-ros-driver-aurora930/share/deptrum-ros-driver-aurora930/local_setup.bash\n'}
[37.280849] (deptrum-ros-driver-aurora930) StdoutLine: {'line': b'-- Symlinking: /home/webotpi/ros2_ws/install/deptrum-ros-driver-aurora930/share/deptrum-ros-driver-aurora930/local_setup.sh\n'}
[37.298427] (deptrum-ros-driver-aurora930) StdoutLine: {'line': b'-- Symlinking: /home/webotpi/ros2_ws/install/deptrum-ros-driver-aurora930/share/deptrum-ros-driver-aurora930/local_setup.zsh\n'}
[37.314566] (deptrum-ros-driver-aurora930) StdoutLine: {'line': b'-- Symlinking: /home/webotpi/ros2_ws/install/deptrum-ros-driver-aurora930/share/deptrum-ros-driver-aurora930/local_setup.dsv\n'}
[37.332193] (deptrum-ros-driver-aurora930) StdoutLine: {'line': b'-- Symlinking: /home/webotpi/ros2_ws/install/deptrum-ros-driver-aurora930/share/deptrum-ros-driver-aurora930/package.dsv\n'}
[37.348843] (deptrum-ros-driver-aurora930) StdoutLine: {'line': b'-- Symlinking: /home/webotpi/ros2_ws/install/deptrum-ros-driver-aurora930/share/ament_index/resource_index/packages/deptrum-ros-driver-aurora930\n'}
[37.356201] (-) TimerEvent: {}
[37.365187] (deptrum-ros-driver-aurora930) StdoutLine: {'line': b'-- Symlinking: /home/webotpi/ros2_ws/install/deptrum-ros-driver-aurora930/share/deptrum-ros-driver-aurora930/cmake/ament_cmake_export_libraries-extras.cmake\n'}
[37.382764] (deptrum-ros-driver-aurora930) StdoutLine: {'line': b'-- Symlinking: /home/webotpi/ros2_ws/install/deptrum-ros-driver-aurora930/share/deptrum-ros-driver-aurora930/cmake/deptrum-ros-driver-aurora930Config.cmake\n'}
[37.398924] (deptrum-ros-driver-aurora930) StdoutLine: {'line': b'-- Symlinking: /home/webotpi/ros2_ws/install/deptrum-ros-driver-aurora930/share/deptrum-ros-driver-aurora930/cmake/deptrum-ros-driver-aurora930Config-version.cmake\n'}
[37.416180] (deptrum-ros-driver-aurora930) StdoutLine: {'line': b'-- Symlinking: /home/webotpi/ros2_ws/install/deptrum-ros-driver-aurora930/share/deptrum-ros-driver-aurora930/package.xml\n'}
[37.435005] (deptrum-ros-driver-aurora930) StdoutLine: {'line': b'-- Installing: /home/webotpi/ros2_ws/install/deptrum-ros-driver-aurora930/share/deptrum-ros-driver-aurora930/launch\n'}
[37.435241] (deptrum-ros-driver-aurora930) StdoutLine: {'line': b'-- Installing: /home/webotpi/ros2_ws/install/deptrum-ros-driver-aurora930/share/deptrum-ros-driver-aurora930/launch/viewer930_launch.py\n'}
[37.435878] (deptrum-ros-driver-aurora930) StdoutLine: {'line': b'-- Installing: /home/webotpi/ros2_ws/install/deptrum-ros-driver-aurora930/share/deptrum-ros-driver-aurora930/launch/aurora930_multi_launch.py\n'}
[37.436382] (deptrum-ros-driver-aurora930) StdoutLine: {'line': b'-- Installing: /home/webotpi/ros2_ws/install/deptrum-ros-driver-aurora930/share/deptrum-ros-driver-aurora930/launch/sub_node_ci_aurora930_launch.py\n'}
[37.436800] (deptrum-ros-driver-aurora930) StdoutLine: {'line': b'-- Installing: /home/webotpi/ros2_ws/install/deptrum-ros-driver-aurora930/share/deptrum-ros-driver-aurora930/launch/aurora930_launch.py\n'}
[37.440061] (deptrum-ros-driver-aurora930) CommandEnded: {'returncode': 0}
[37.456271] (-) TimerEvent: {}
[37.472317] (deptrum-ros-driver-aurora930) JobEnded: {'identifier': 'deptrum-ros-driver-aurora930', 'rc': 0}
[37.473048] (-) EventReactorShutdown: {}
