running develop
running egg_info
creating py_pkg.egg-info
writing py_pkg.egg-info/PKG-INFO
writing dependency_links to py_pkg.egg-info/dependency_links.txt
writing entry points to py_pkg.egg-info/entry_points.txt
writing requirements to py_pkg.egg-info/requires.txt
writing top-level names to py_pkg.egg-info/top_level.txt
writing manifest file 'py_pkg.egg-info/SOURCES.txt'
reading manifest file 'py_pkg.egg-info/SOURCES.txt'
writing manifest file 'py_pkg.egg-info/SOURCES.txt'
running build_ext
Creating /home/webotpi/ros2_ws/install/py_pkg/lib/python3.12/site-packages/py-pkg.egg-link (link to .)
Installing carnode script to /home/webotpi/ros2_ws/install/py_pkg/lib/py_pkg
Installing serial_bridge script to /home/webotpi/ros2_ws/install/py_pkg/lib/py_pkg
Installing teleop_control_node script to /home/webotpi/ros2_ws/install/py_pkg/lib/py_pkg
Installing usbcar script to /home/webotpi/ros2_ws/install/py_pkg/lib/py_pkg

Installed /home/webotpi/ros2_ws/build/py_pkg
running symlink_data
creating /home/webotpi/ros2_ws/install/py_pkg/share/ament_index
creating /home/webotpi/ros2_ws/install/py_pkg/share/ament_index/resource_index
creating /home/webotpi/ros2_ws/install/py_pkg/share/ament_index/resource_index/packages
symbolically linking /home/webotpi/ros2_ws/build/py_pkg/resource/py_pkg -> /home/webotpi/ros2_ws/install/py_pkg/share/ament_index/resource_index/packages
symbolically linking /home/webotpi/ros2_ws/build/py_pkg/package.xml -> /home/webotpi/ros2_ws/install/py_pkg/share/py_pkg
