[2.393s] Invoking command in '/home/webotpi/ros2_ws/build/py_pkg': PYTHONPATH=/home/webotpi/ros2_ws/build/py_pkg/prefix_override:/usr/lib/python3/dist-packages/colcon_core/task/python/colcon_distutils_commands:/home/webotpi/ros2_ws/install/py_pkg/lib/python3.12/site-packages:${PYTHONPATH} /usr/bin/python3 -W ignore:setup.py install is deprecated -W ignore:easy_install command is deprecated setup.py develop --editable --build-directory /home/webotpi/ros2_ws/build/py_pkg/build --no-deps symlink_data
[2.920s] running develop
[3.209s] running egg_info
[3.210s] creating py_pkg.egg-info
[3.238s] writing py_pkg.egg-info/PKG-INFO
[3.238s] writing dependency_links to py_pkg.egg-info/dependency_links.txt
[3.238s] writing entry points to py_pkg.egg-info/entry_points.txt
[3.239s] writing requirements to py_pkg.egg-info/requires.txt
[3.239s] writing top-level names to py_pkg.egg-info/top_level.txt
[3.239s] writing manifest file 'py_pkg.egg-info/SOURCES.txt'
[3.296s] reading manifest file 'py_pkg.egg-info/SOURCES.txt'
[3.296s] writing manifest file 'py_pkg.egg-info/SOURCES.txt'
[3.327s] running build_ext
[3.327s] Creating /home/webotpi/ros2_ws/install/py_pkg/lib/python3.12/site-packages/py-pkg.egg-link (link to .)
[3.328s] Installing carnode script to /home/webotpi/ros2_ws/install/py_pkg/lib/py_pkg
[3.329s] Installing serial_bridge script to /home/webotpi/ros2_ws/install/py_pkg/lib/py_pkg
[3.329s] Installing teleop_control_node script to /home/webotpi/ros2_ws/install/py_pkg/lib/py_pkg
[3.329s] Installing usbcar script to /home/webotpi/ros2_ws/install/py_pkg/lib/py_pkg
[3.330s] 
[3.330s] Installed /home/webotpi/ros2_ws/build/py_pkg
[3.330s] running symlink_data
[3.330s] creating /home/webotpi/ros2_ws/install/py_pkg/share/ament_index
[3.330s] creating /home/webotpi/ros2_ws/install/py_pkg/share/ament_index/resource_index
[3.331s] creating /home/webotpi/ros2_ws/install/py_pkg/share/ament_index/resource_index/packages
[3.333s] symbolically linking /home/webotpi/ros2_ws/build/py_pkg/resource/py_pkg -> /home/webotpi/ros2_ws/install/py_pkg/share/ament_index/resource_index/packages
[3.333s] symbolically linking /home/webotpi/ros2_ws/build/py_pkg/package.xml -> /home/webotpi/ros2_ws/install/py_pkg/share/py_pkg
[3.515s] Invoked command in '/home/webotpi/ros2_ws/build/py_pkg' returned '0': PYTHONPATH=/home/webotpi/ros2_ws/build/py_pkg/prefix_override:/usr/lib/python3/dist-packages/colcon_core/task/python/colcon_distutils_commands:/home/webotpi/ros2_ws/install/py_pkg/lib/python3.12/site-packages:${PYTHONPATH} /usr/bin/python3 -W ignore:setup.py install is deprecated -W ignore:easy_install command is deprecated setup.py develop --editable --build-directory /home/webotpi/ros2_ws/build/py_pkg/build --no-deps symlink_data
