[0.000000] (-) TimerEvent: {}
[0.000208] (-) JobUnselected: {'identifier': 'deptrum-ros-driver-aurora930'}
[0.000502] (-) JobUnselected: {'identifier': 'my_launch_pkg'}
[0.000674] (-) JobUnselected: {'identifier': 'py_pkg'}
[0.000865] (-) JobUnselected: {'identifier': 'rplidar_ros'}
[0.001002] (my_srv) JobQueued: {'identifier': 'my_srv', 'dependencies': OrderedDict()}
[0.001042] (my_srv) JobStarted: {'identifier': 'my_srv'}
[0.009527] (my_srv) JobProgress: {'identifier': 'my_srv', 'progress': 'cmake'}
[0.010295] (my_srv) Command: {'cmd': ['/usr/bin/cmake', '/home/webotpi/ros2_ws/src/my_srv', '-DAMENT_CMAKE_SYMLINK_INSTALL=1', '-DCMAKE_INSTALL_PREFIX=/home/webotpi/ros2_ws/install/my_srv'], 'cwd': '/home/webotpi/ros2_ws/build/my_srv', 'env': OrderedDict({'LANGUAGE': 'zh_CN:en', 'USER': 'webotpi', 'SSH_CLIENT': '192.168.0.111 37270 22', 'LC_TIME': 'zh_CN.UTF-8', 'XDG_SESSION_TYPE': 'tty', 'SHLVL': '1', 'LD_LIBRARY_PATH': '/opt/ros/jazzy/opt/rviz_ogre_vendor/lib:/opt/ros/jazzy/lib/aarch64-linux-gnu:/opt/ros/jazzy/opt/gz_math_vendor/lib:/opt/ros/jazzy/opt/gz_utils_vendor/lib:/opt/ros/jazzy/opt/gz_cmake_vendor/lib:/opt/ros/jazzy/lib', 'HOME': '/home/webotpi', 'OLDPWD': '/home/webotpi', 'ROS_PYTHON_VERSION': '3', 'LC_MONETARY': 'zh_CN.UTF-8', 'DBUS_SESSION_BUS_ADDRESS': 'unix:path=/run/user/1000/bus', 'ROS_DISTRO': 'jazzy', 'LOGNAME': 'webotpi', '_': '/usr/bin/colcon', 'ROS_VERSION': '2', 'XDG_SESSION_CLASS': 'user', 'XDG_SESSION_ID': '142', 'PATH': '/opt/ros/jazzy/bin:/usr/local/sbin:/usr/local/bin:/usr/sbin:/usr/bin:/sbin:/bin:/usr/games:/usr/local/games:/snap/bin', 'PAPERSIZE': 'a4', 'LC_ADDRESS': 'zh_CN.UTF-8', 'XDG_RUNTIME_DIR': '/run/user/1000', 'LANG': 'zh_CN.UTF-8', 'LC_TELEPHONE': 'zh_CN.UTF-8', 'AMENT_PREFIX_PATH': '/opt/ros/jazzy', 'SHELL': '/bin/bash', 'LC_NAME': 'zh_CN.UTF-8', 'LC_MEASUREMENT': 'zh_CN.UTF-8', 'LC_IDENTIFICATION': 'zh_CN.UTF-8', 'ROS_AUTOMATIC_DISCOVERY_RANGE': 'SUBNET', 'PWD': '/home/webotpi/ros2_ws/build/my_srv', 'SSH_CONNECTION': '192.168.0.111 37270 192.168.0.119 22', 'PYTHONPATH': '/opt/ros/jazzy/lib/python3.12/site-packages', 'LC_NUMERIC': 'zh_CN.UTF-8', 'LC_PAPER': 'zh_CN.UTF-8', 'COLCON': '1', 'CMAKE_PREFIX_PATH': '/opt/ros/jazzy/opt/gz_math_vendor:/opt/ros/jazzy/opt/gz_utils_vendor:/opt/ros/jazzy/opt/gz_cmake_vendor:/opt/ros/jazzy'}), 'shell': False}
[0.099642] (-) TimerEvent: {}
[0.107872] (my_srv) StdoutLine: {'line': b'-- The C compiler identification is GNU 13.3.0\n'}
[0.199763] (-) TimerEvent: {}
[0.206158] (my_srv) StdoutLine: {'line': b'-- The CXX compiler identification is GNU 13.3.0\n'}
[0.234428] (my_srv) StdoutLine: {'line': b'-- Detecting C compiler ABI info\n'}
[0.299880] (-) TimerEvent: {}
[0.390470] (my_srv) StdoutLine: {'line': b'-- Detecting C compiler ABI info - done\n'}
[0.399977] (-) TimerEvent: {}
[0.406018] (my_srv) StdoutLine: {'line': b'-- Check for working C compiler: /usr/bin/cc - skipped\n'}
[0.406357] (my_srv) StdoutLine: {'line': b'-- Detecting C compile features\n'}
[0.406972] (my_srv) StdoutLine: {'line': b'-- Detecting C compile features - done\n'}
[0.421530] (my_srv) StdoutLine: {'line': b'-- Detecting CXX compiler ABI info\n'}
[0.500105] (-) TimerEvent: {}
[0.590673] (my_srv) StdoutLine: {'line': b'-- Detecting CXX compiler ABI info - done\n'}
[0.600169] (-) TimerEvent: {}
[0.607036] (my_srv) StdoutLine: {'line': b'-- Check for working CXX compiler: /usr/bin/c++ - skipped\n'}
[0.607422] (my_srv) StdoutLine: {'line': b'-- Detecting CXX compile features\n'}
[0.608126] (my_srv) StdoutLine: {'line': b'-- Detecting CXX compile features - done\n'}
[0.611329] (my_srv) StdoutLine: {'line': b'-- Found ament_cmake: 2.5.6 (/opt/ros/jazzy/share/ament_cmake/cmake)\n'}
[0.700275] (-) TimerEvent: {}
[0.800487] (-) TimerEvent: {}
[0.823828] (my_srv) StdoutLine: {'line': b'-- Found Python3: /usr/bin/python3 (found version "3.12.3") found components: Interpreter \n'}
[0.900602] (-) TimerEvent: {}
[0.942274] (my_srv) StdoutLine: {'line': b'-- Override CMake install command with custom implementation using symlinks instead of copying resources\n'}
[0.980788] (my_srv) StdoutLine: {'line': b'-- Found cv_bridge: 4.1.0 (/opt/ros/jazzy/share/cv_bridge/cmake)\n'}
[1.000682] (-) TimerEvent: {}
[1.043191] (my_srv) StdoutLine: {'line': b'-- Found rosidl_generator_c: 4.6.7 (/opt/ros/jazzy/share/rosidl_generator_c/cmake)\n'}
[1.061046] (my_srv) StdoutLine: {'line': b'-- Found rosidl_generator_cpp: 4.6.7 (/opt/ros/jazzy/share/rosidl_generator_cpp/cmake)\n'}
[1.081952] (my_srv) StdoutLine: {'line': b'-- Using all available rosidl_typesupport_c: rosidl_typesupport_fastrtps_c;rosidl_typesupport_introspection_c\n'}
[1.100756] (-) TimerEvent: {}
[1.105621] (my_srv) StdoutLine: {'line': b'-- Using all available rosidl_typesupport_cpp: rosidl_typesupport_fastrtps_cpp;rosidl_typesupport_introspection_cpp\n'}
[1.200854] (-) TimerEvent: {}
[1.277702] (my_srv) StdoutLine: {'line': b'-- Found rmw_implementation_cmake: 7.3.3 (/opt/ros/jazzy/share/rmw_implementation_cmake/cmake)\n'}
[1.281222] (my_srv) StdoutLine: {'line': b'-- Found rmw_fastrtps_cpp: 8.4.3 (/opt/ros/jazzy/share/rmw_fastrtps_cpp/cmake)\n'}
[1.300928] (-) TimerEvent: {}
[1.401117] (-) TimerEvent: {}
[1.410804] (my_srv) StdoutLine: {'line': b'-- Found OpenSSL: /usr/lib/aarch64-linux-gnu/libcrypto.so (found version "3.0.13")  \n'}
[1.437688] (my_srv) StdoutLine: {'line': b'-- Found FastRTPS: /opt/ros/jazzy/include (Required is at least version "2.13") \n'}
[1.473104] (my_srv) StdoutLine: {'line': b"-- Using RMW implementation 'rmw_fastrtps_cpp' as default\n"}
[1.501202] (-) TimerEvent: {}
[1.565989] (my_srv) StdoutLine: {'line': b'-- Found rosbridge_suite: 2.6.0 (/opt/ros/jazzy/share/rosbridge_suite/cmake)\n'}
[1.567878] (my_srv) StdoutLine: {'line': b'-- Found rosidl_default_generators: 1.6.0 (/opt/ros/jazzy/share/rosidl_default_generators/cmake)\n'}
[1.591334] (my_srv) StdoutLine: {'line': b'-- Found rosidl_adapter: 4.6.7 (/opt/ros/jazzy/share/rosidl_adapter/cmake)\n'}
[1.601274] (-) TimerEvent: {}
[1.701444] (-) TimerEvent: {}
[1.801681] (-) TimerEvent: {}
[1.901912] (-) TimerEvent: {}
[2.002138] (-) TimerEvent: {}
[2.102337] (-) TimerEvent: {}
[2.202536] (-) TimerEvent: {}
[2.302734] (-) TimerEvent: {}
[2.402938] (-) TimerEvent: {}
[2.462337] (my_srv) StdoutLine: {'line': b'-- Found ament_cmake_ros: 0.12.0 (/opt/ros/jazzy/share/ament_cmake_ros/cmake)\n'}
[2.503068] (-) TimerEvent: {}
[2.603293] (-) TimerEvent: {}
[2.703529] (-) TimerEvent: {}
[2.803748] (-) TimerEvent: {}
[2.903956] (-) TimerEvent: {}
[3.004166] (-) TimerEvent: {}
[3.104384] (-) TimerEvent: {}
[3.204587] (-) TimerEvent: {}
[3.304824] (-) TimerEvent: {}
[3.405056] (-) TimerEvent: {}
[3.522279] (my_srv) StdoutLine: {'line': b'-- Using all available rosidl_typesupport_c: rosidl_typesupport_fastrtps_c;rosidl_typesupport_introspection_c\n'}
[3.522560] (-) TimerEvent: {}
[3.622716] (-) TimerEvent: {}
[3.722960] (-) TimerEvent: {}
[3.823156] (-) TimerEvent: {}
[3.923373] (-) TimerEvent: {}
[3.940162] (my_srv) StdoutLine: {'line': b'-- Using all available rosidl_typesupport_cpp: rosidl_typesupport_fastrtps_cpp;rosidl_typesupport_introspection_cpp\n'}
[3.943686] (my_srv) StdoutLine: {'line': b'-- Found python_cmake_module: 0.11.1 (/opt/ros/jazzy/share/python_cmake_module/cmake)\n'}
[4.023483] (-) TimerEvent: {}
[4.123705] (-) TimerEvent: {}
[4.147097] (my_srv) StdoutLine: {'line': b'-- Found PythonExtra: /usr/bin/python3  \n'}
[4.223832] (-) TimerEvent: {}
[4.324096] (-) TimerEvent: {}
[4.424292] (-) TimerEvent: {}
[4.524487] (-) TimerEvent: {}
[4.624718] (-) TimerEvent: {}
[4.724942] (-) TimerEvent: {}
[4.825167] (-) TimerEvent: {}
[4.831532] (my_srv) StdoutLine: {'line': b'-- Found Python3: /usr/bin/python3 (found version "3.12.3") found components: Interpreter Development NumPy Development.Module Development.Embed \n'}
[4.925283] (-) TimerEvent: {}
[4.927331] (my_srv) StdoutLine: {'line': b'-- Found Python3: /usr/bin/python3 (found version "3.12.3") found components: Interpreter \n'}
[4.933000] (my_srv) StdoutLine: {'line': b'-- Found ament_lint_auto: 0.17.5 (/opt/ros/jazzy/share/ament_lint_auto/cmake)\n'}
[4.964381] (my_srv) StdoutLine: {'line': b"-- Added test 'flake8' to check Python code syntax and style conventions\n"}
[4.964621] (my_srv) StdoutLine: {'line': b"-- Configured 'flake8' exclude dirs and/or files: \n"}
[4.965704] (my_srv) StdoutLine: {'line': b"-- Added test 'lint_cmake' to check CMake code style\n"}
[4.966695] (my_srv) StdoutLine: {'line': b"-- Added test 'pep257' to check Python code against some of the docstring style conventions in PEP 257\n"}
[4.970362] (my_srv) StdoutLine: {'line': b"-- Added test 'xmllint' to check XML markup files\n"}
[4.976061] (my_srv) StdoutLine: {'line': b'-- Configuring done (5.0s)\n'}
[5.025390] (-) TimerEvent: {}
[5.029661] (my_srv) StdoutLine: {'line': b'-- Generating done (0.0s)\n'}
[5.053924] (my_srv) StdoutLine: {'line': b'-- Build files have been written to: /home/webotpi/ros2_ws/build/my_srv\n'}
[5.082609] (my_srv) CommandEnded: {'returncode': 0}
[5.083433] (my_srv) JobProgress: {'identifier': 'my_srv', 'progress': 'build'}
[5.084288] (my_srv) Command: {'cmd': ['/usr/bin/cmake', '--build', '/home/webotpi/ros2_ws/build/my_srv', '--', '-j4', '-l4'], 'cwd': '/home/webotpi/ros2_ws/build/my_srv', 'env': OrderedDict({'LANGUAGE': 'zh_CN:en', 'USER': 'webotpi', 'SSH_CLIENT': '192.168.0.111 37270 22', 'LC_TIME': 'zh_CN.UTF-8', 'XDG_SESSION_TYPE': 'tty', 'SHLVL': '1', 'LD_LIBRARY_PATH': '/opt/ros/jazzy/opt/rviz_ogre_vendor/lib:/opt/ros/jazzy/lib/aarch64-linux-gnu:/opt/ros/jazzy/opt/gz_math_vendor/lib:/opt/ros/jazzy/opt/gz_utils_vendor/lib:/opt/ros/jazzy/opt/gz_cmake_vendor/lib:/opt/ros/jazzy/lib', 'HOME': '/home/webotpi', 'OLDPWD': '/home/webotpi', 'ROS_PYTHON_VERSION': '3', 'LC_MONETARY': 'zh_CN.UTF-8', 'DBUS_SESSION_BUS_ADDRESS': 'unix:path=/run/user/1000/bus', 'ROS_DISTRO': 'jazzy', 'LOGNAME': 'webotpi', '_': '/usr/bin/colcon', 'ROS_VERSION': '2', 'XDG_SESSION_CLASS': 'user', 'XDG_SESSION_ID': '142', 'PATH': '/opt/ros/jazzy/bin:/usr/local/sbin:/usr/local/bin:/usr/sbin:/usr/bin:/sbin:/bin:/usr/games:/usr/local/games:/snap/bin', 'PAPERSIZE': 'a4', 'LC_ADDRESS': 'zh_CN.UTF-8', 'XDG_RUNTIME_DIR': '/run/user/1000', 'LANG': 'zh_CN.UTF-8', 'LC_TELEPHONE': 'zh_CN.UTF-8', 'AMENT_PREFIX_PATH': '/opt/ros/jazzy', 'SHELL': '/bin/bash', 'LC_NAME': 'zh_CN.UTF-8', 'LC_MEASUREMENT': 'zh_CN.UTF-8', 'LC_IDENTIFICATION': 'zh_CN.UTF-8', 'ROS_AUTOMATIC_DISCOVERY_RANGE': 'SUBNET', 'PWD': '/home/webotpi/ros2_ws/build/my_srv', 'SSH_CONNECTION': '192.168.0.111 37270 192.168.0.119 22', 'PYTHONPATH': '/opt/ros/jazzy/lib/python3.12/site-packages', 'LC_NUMERIC': 'zh_CN.UTF-8', 'LC_PAPER': 'zh_CN.UTF-8', 'COLCON': '1', 'CMAKE_PREFIX_PATH': '/opt/ros/jazzy/opt/gz_math_vendor:/opt/ros/jazzy/opt/gz_utils_vendor:/opt/ros/jazzy/opt/gz_cmake_vendor:/opt/ros/jazzy'}), 'shell': False}
[5.125504] (-) TimerEvent: {}
[5.172002] (my_srv) StdoutLine: {'line': b'[  5%] Generating type hashes for ROS interfaces\n'}
[5.172689] (my_srv) StdoutLine: {'line': b'[  5%] Generating Rust code for ROS interfaces\n'}
[5.189149] (my_srv) StdoutLine: {'line': b'[  5%] Built target ament_cmake_python_symlink_my_srv\n'}
[5.225615] (-) TimerEvent: {}
[5.325953] (-) TimerEvent: {}
[5.426309] (-) TimerEvent: {}
[5.529326] (my_srv) StdoutLine: {'line': b'[  5%] Built target my_srv__rosidl_generator_type_description\n'}
[5.529646] (-) TimerEvent: {}
[5.554325] (my_srv) StdoutLine: {'line': b'[  8%] Generating C code for ROS interfaces\n'}
[5.569605] (my_srv) StdoutLine: {'line': b'running egg_info\n'}
[5.571527] (my_srv) StdoutLine: {'line': b'creating my_srv.egg-info\n'}
[5.580294] (my_srv) StdoutLine: {'line': b'[ 11%] Generating C++ code for ROS interfaces\n'}
[5.614127] (my_srv) StdoutLine: {'line': b'writing my_srv.egg-info/PKG-INFO\n'}
[5.614974] (my_srv) StdoutLine: {'line': b'writing dependency_links to my_srv.egg-info/dependency_links.txt\n'}
[5.618257] (my_srv) StdoutLine: {'line': b'writing top-level names to my_srv.egg-info/top_level.txt\n'}
[5.618584] (my_srv) StdoutLine: {'line': b"writing manifest file 'my_srv.egg-info/SOURCES.txt'\n"}
[5.631204] (-) TimerEvent: {}
[5.650363] (my_srv) StdoutLine: {'line': b'[ 11%] Built target my_srv__rs\n'}
[5.712402] (my_srv) StdoutLine: {'line': b"reading manifest file 'my_srv.egg-info/SOURCES.txt'\n"}
[5.713502] (my_srv) StdoutLine: {'line': b"writing manifest file 'my_srv.egg-info/SOURCES.txt'\n"}
[5.731376] (-) TimerEvent: {}
[5.797326] (my_srv) StdoutLine: {'line': b'[ 11%] Built target ament_cmake_python_build_my_srv_egg\n'}
[5.831446] (-) TimerEvent: {}
[5.931642] (-) TimerEvent: {}
[6.031847] (-) TimerEvent: {}
[6.086183] (my_srv) StdoutLine: {'line': b'[ 11%] Built target my_srv__cpp\n'}
[6.104146] (my_srv) StdoutLine: {'line': b'[ 17%] Building C object CMakeFiles/my_srv__rosidl_generator_c.dir/rosidl_generator_c/my_srv/srv/detail/add__description.c.o\n'}
[6.104470] (my_srv) StdoutLine: {'line': b'[ 20%] Building C object CMakeFiles/my_srv__rosidl_generator_c.dir/rosidl_generator_c/my_srv/srv/detail/add__functions.c.o\n'}
[6.104737] (my_srv) StdoutLine: {'line': b'[ 20%] Building C object CMakeFiles/my_srv__rosidl_generator_c.dir/rosidl_generator_c/my_srv/srv/detail/add__type_support.c.o\n'}
[6.131962] (-) TimerEvent: {}
[6.230094] (my_srv) StdoutLine: {'line': b'[ 22%] Linking C shared library libmy_srv__rosidl_generator_c.so\n'}
[6.232043] (-) TimerEvent: {}
[6.297437] (my_srv) StdoutLine: {'line': b'[ 22%] Built target my_srv__rosidl_generator_c\n'}
[6.318288] (my_srv) StdoutLine: {'line': b'[ 28%] Generating C type support for eProsima Fast-RTPS\n'}
[6.319071] (my_srv) StdoutLine: {'line': b'[ 31%] Generating C type support dispatch for ROS interfaces\n'}
[6.319546] (my_srv) StdoutLine: {'line': b'[ 31%] Generating C introspection for ROS interfaces\n'}
[6.319947] (my_srv) StdoutLine: {'line': b'[ 34%] Generating C++ type support for eProsima Fast-RTPS\n'}
[6.335185] (-) TimerEvent: {}
[6.435548] (-) TimerEvent: {}
[6.535934] (-) TimerEvent: {}
[6.636294] (-) TimerEvent: {}
[6.736659] (-) TimerEvent: {}
[6.786822] (my_srv) StdoutLine: {'line': b'[ 37%] Building CXX object CMakeFiles/my_srv__rosidl_typesupport_c.dir/rosidl_typesupport_c/my_srv/srv/add__type_support.cpp.o\n'}
[6.836835] (-) TimerEvent: {}
[6.850181] (my_srv) StdoutLine: {'line': b'[ 40%] Building C object CMakeFiles/my_srv__rosidl_typesupport_introspection_c.dir/rosidl_typesupport_introspection_c/my_srv/srv/detail/add__type_support.c.o\n'}
[6.911382] (my_srv) StdoutLine: {'line': b'[ 42%] Linking CXX shared library libmy_srv__rosidl_typesupport_c.so\n'}
[6.926819] (my_srv) StdoutLine: {'line': b'[ 45%] Building CXX object CMakeFiles/my_srv__rosidl_typesupport_fastrtps_cpp.dir/rosidl_typesupport_fastrtps_cpp/my_srv/srv/detail/dds_fastrtps/add__type_support.cpp.o\n'}
[6.936988] (-) TimerEvent: {}
[6.958916] (my_srv) StdoutLine: {'line': b'[ 51%] Building CXX object CMakeFiles/my_srv__rosidl_typesupport_fastrtps_c.dir/rosidl_typesupport_fastrtps_c/my_srv/srv/detail/add__type_support_c.cpp.o\n'}
[6.960883] (my_srv) StdoutLine: {'line': b'[ 51%] Linking C shared library libmy_srv__rosidl_typesupport_introspection_c.so\n'}
[6.999694] (my_srv) StdoutLine: {'line': b'[ 51%] Built target my_srv__rosidl_typesupport_c\n'}
[7.020014] (my_srv) StdoutLine: {'line': b'[ 54%] Generating C++ introspection for ROS interfaces\n'}
[7.025605] (my_srv) StdoutLine: {'line': b'[ 54%] Built target my_srv__rosidl_typesupport_introspection_c\n'}
[7.040174] (-) TimerEvent: {}
[7.051352] (my_srv) StdoutLine: {'line': b'[ 57%] Generating C++ type support dispatch for ROS interfaces\n'}
[7.140306] (-) TimerEvent: {}
[7.240686] (-) TimerEvent: {}
[7.341062] (-) TimerEvent: {}
[7.441464] (-) TimerEvent: {}
[7.541896] (-) TimerEvent: {}
[7.584414] (my_srv) StdoutLine: {'line': b'[ 60%] Building CXX object CMakeFiles/my_srv__rosidl_typesupport_cpp.dir/rosidl_typesupport_cpp/my_srv/srv/add__type_support.cpp.o\n'}
[7.621354] (my_srv) StdoutLine: {'line': b'[ 62%] Building CXX object CMakeFiles/my_srv__rosidl_typesupport_introspection_cpp.dir/rosidl_typesupport_introspection_cpp/my_srv/srv/detail/add__type_support.cpp.o\n'}
[7.642162] (-) TimerEvent: {}
[7.742579] (-) TimerEvent: {}
[7.842972] (-) TimerEvent: {}
[7.946683] (-) TimerEvent: {}
[8.047158] (-) TimerEvent: {}
[8.065894] (my_srv) StdoutLine: {'line': b'[ 65%] Linking CXX shared library libmy_srv__rosidl_typesupport_fastrtps_c.so\n'}
[8.147573] (-) TimerEvent: {}
[8.248590] (-) TimerEvent: {}
[8.293948] (my_srv) StdoutLine: {'line': b'[ 65%] Built target my_srv__rosidl_typesupport_fastrtps_c\n'}
[8.348711] (-) TimerEvent: {}
[8.383596] (my_srv) StdoutLine: {'line': b'[ 68%] Linking CXX shared library libmy_srv__rosidl_typesupport_fastrtps_cpp.so\n'}
[8.448859] (-) TimerEvent: {}
[8.507947] (my_srv) StdoutLine: {'line': b'[ 71%] Linking CXX shared library libmy_srv__rosidl_typesupport_cpp.so\n'}
[8.549019] (-) TimerEvent: {}
[8.599909] (my_srv) StdoutLine: {'line': b'[ 71%] Built target my_srv__rosidl_typesupport_fastrtps_cpp\n'}
[8.605109] (my_srv) StdoutLine: {'line': b'[ 74%] Linking CXX shared library libmy_srv__rosidl_typesupport_introspection_cpp.so\n'}
[8.649172] (-) TimerEvent: {}
[8.693003] (my_srv) StdoutLine: {'line': b'[ 74%] Built target my_srv__rosidl_typesupport_cpp\n'}
[8.749274] (-) TimerEvent: {}
[8.760330] (my_srv) StdoutLine: {'line': b'[ 74%] Built target my_srv__rosidl_typesupport_introspection_cpp\n'}
[8.796331] (my_srv) StdoutLine: {'line': b'[ 74%] Built target my_srv\n'}
[8.831454] (my_srv) StdoutLine: {'line': b'[ 77%] Generating Python code for ROS interfaces\n'}
[8.849370] (-) TimerEvent: {}
[8.949564] (-) TimerEvent: {}
[9.049753] (-) TimerEvent: {}
[9.149938] (-) TimerEvent: {}
[9.250127] (-) TimerEvent: {}
[9.350343] (-) TimerEvent: {}
[9.376602] (my_srv) StdoutLine: {'line': b'[ 77%] Built target my_srv__py\n'}
[9.411519] (my_srv) StdoutLine: {'line': b'[ 80%] Building C object CMakeFiles/my_srv__rosidl_generator_py.dir/rosidl_generator_py/my_srv/srv/_add_s.c.o\n'}
[9.450457] (-) TimerEvent: {}
[9.550685] (-) TimerEvent: {}
[9.643192] (my_srv) StdoutLine: {'line': b'[ 82%] Linking C shared library libmy_srv__rosidl_generator_py.so\n'}
[9.650795] (-) TimerEvent: {}
[9.723248] (my_srv) StdoutLine: {'line': b'[ 82%] Built target my_srv__rosidl_generator_py\n'}
[9.751585] (-) TimerEvent: {}
[9.758624] (my_srv) StdoutLine: {'line': b'[ 91%] Building C object CMakeFiles/my_srv_s__rosidl_typesupport_fastrtps_c.dir/rosidl_generator_py/my_srv/_my_srv_s.ep.rosidl_typesupport_fastrtps_c.c.o\n'}
[9.758975] (my_srv) StdoutLine: {'line': b'[ 91%] Building C object CMakeFiles/my_srv_s__rosidl_typesupport_c.dir/rosidl_generator_py/my_srv/_my_srv_s.ep.rosidl_typesupport_c.c.o\n'}
[9.759397] (my_srv) StdoutLine: {'line': b'[ 91%] Building C object CMakeFiles/my_srv_s__rosidl_typesupport_introspection_c.dir/rosidl_generator_py/my_srv/_my_srv_s.ep.rosidl_typesupport_introspection_c.c.o\n'}
[9.852204] (-) TimerEvent: {}
[9.950264] (my_srv) StdoutLine: {'line': b'[ 94%] Linking C shared module rosidl_generator_py/my_srv/my_srv_s__rosidl_typesupport_introspection_c.so\n'}
[9.951056] (my_srv) StdoutLine: {'line': b'[ 97%] Linking C shared module rosidl_generator_py/my_srv/my_srv_s__rosidl_typesupport_c.so\n'}
[9.952291] (-) TimerEvent: {}
[9.954970] (my_srv) StdoutLine: {'line': b'[100%] Linking C shared module rosidl_generator_py/my_srv/my_srv_s__rosidl_typesupport_fastrtps_c.so\n'}
[10.006985] (my_srv) StdoutLine: {'line': b'[100%] Built target my_srv_s__rosidl_typesupport_introspection_c\n'}
[10.010350] (my_srv) StdoutLine: {'line': b'[100%] Built target my_srv_s__rosidl_typesupport_c\n'}
[10.014362] (my_srv) StdoutLine: {'line': b'[100%] Built target my_srv_s__rosidl_typesupport_fastrtps_c\n'}
[10.034323] (my_srv) CommandEnded: {'returncode': 0}
[10.035119] (my_srv) JobProgress: {'identifier': 'my_srv', 'progress': 'install'}
[10.051646] (my_srv) Command: {'cmd': ['/usr/bin/cmake', '--install', '/home/webotpi/ros2_ws/build/my_srv'], 'cwd': '/home/webotpi/ros2_ws/build/my_srv', 'env': OrderedDict({'LANGUAGE': 'zh_CN:en', 'USER': 'webotpi', 'SSH_CLIENT': '192.168.0.111 37270 22', 'LC_TIME': 'zh_CN.UTF-8', 'XDG_SESSION_TYPE': 'tty', 'SHLVL': '1', 'LD_LIBRARY_PATH': '/opt/ros/jazzy/opt/rviz_ogre_vendor/lib:/opt/ros/jazzy/lib/aarch64-linux-gnu:/opt/ros/jazzy/opt/gz_math_vendor/lib:/opt/ros/jazzy/opt/gz_utils_vendor/lib:/opt/ros/jazzy/opt/gz_cmake_vendor/lib:/opt/ros/jazzy/lib', 'HOME': '/home/webotpi', 'OLDPWD': '/home/webotpi', 'ROS_PYTHON_VERSION': '3', 'LC_MONETARY': 'zh_CN.UTF-8', 'DBUS_SESSION_BUS_ADDRESS': 'unix:path=/run/user/1000/bus', 'ROS_DISTRO': 'jazzy', 'LOGNAME': 'webotpi', '_': '/usr/bin/colcon', 'ROS_VERSION': '2', 'XDG_SESSION_CLASS': 'user', 'XDG_SESSION_ID': '142', 'PATH': '/opt/ros/jazzy/bin:/usr/local/sbin:/usr/local/bin:/usr/sbin:/usr/bin:/sbin:/bin:/usr/games:/usr/local/games:/snap/bin', 'PAPERSIZE': 'a4', 'LC_ADDRESS': 'zh_CN.UTF-8', 'XDG_RUNTIME_DIR': '/run/user/1000', 'LANG': 'zh_CN.UTF-8', 'LC_TELEPHONE': 'zh_CN.UTF-8', 'AMENT_PREFIX_PATH': '/opt/ros/jazzy', 'SHELL': '/bin/bash', 'LC_NAME': 'zh_CN.UTF-8', 'LC_MEASUREMENT': 'zh_CN.UTF-8', 'LC_IDENTIFICATION': 'zh_CN.UTF-8', 'ROS_AUTOMATIC_DISCOVERY_RANGE': 'SUBNET', 'PWD': '/home/webotpi/ros2_ws/build/my_srv', 'SSH_CONNECTION': '192.168.0.111 37270 192.168.0.119 22', 'PYTHONPATH': '/opt/ros/jazzy/lib/python3.12/site-packages', 'LC_NUMERIC': 'zh_CN.UTF-8', 'LC_PAPER': 'zh_CN.UTF-8', 'COLCON': '1', 'CMAKE_PREFIX_PATH': '/opt/ros/jazzy/opt/gz_math_vendor:/opt/ros/jazzy/opt/gz_utils_vendor:/opt/ros/jazzy/opt/gz_cmake_vendor:/opt/ros/jazzy'}), 'shell': False}
[10.052337] (-) TimerEvent: {}
[10.065639] (my_srv) StdoutLine: {'line': b'-- Install configuration: ""\n'}
[10.066883] (my_srv) StdoutLine: {'line': b'-- Execute custom install script\n'}
[10.067378] (my_srv) StdoutLine: {'line': b'-- Symlinking: /home/webotpi/ros2_ws/install/my_srv/share/ament_index/resource_index/rosidl_interfaces/my_srv\n'}
[10.083375] (my_srv) StdoutLine: {'line': b'-- Symlinking: /home/webotpi/ros2_ws/install/my_srv/share/my_srv/srv/Add.json\n'}
[10.099706] (my_srv) StdoutLine: {'line': b'-- Symlinking: /home/webotpi/ros2_ws/install/my_srv/include/my_srv/my_srv/msg/rosidl_generator_c__visibility_control.h\n'}
[10.116159] (my_srv) StdoutLine: {'line': b'-- Symlinking: /home/webotpi/ros2_ws/install/my_srv/include/my_srv/my_srv/srv/add.h\n'}
[10.132675] (my_srv) StdoutLine: {'line': b'-- Symlinking: /home/webotpi/ros2_ws/install/my_srv/include/my_srv/my_srv/srv/detail/add__functions.h\n'}
[10.148698] (my_srv) StdoutLine: {'line': b'-- Symlinking: /home/webotpi/ros2_ws/install/my_srv/include/my_srv/my_srv/srv/detail/add__struct.h\n'}
[10.152426] (-) TimerEvent: {}
[10.165037] (my_srv) StdoutLine: {'line': b'-- Symlinking: /home/webotpi/ros2_ws/install/my_srv/include/my_srv/my_srv/srv/detail/add__type_support.h\n'}
[10.182003] (my_srv) StdoutLine: {'line': b'-- Symlinking: /home/webotpi/ros2_ws/install/my_srv/share/my_srv/environment/library_path.sh\n'}
[10.198190] (my_srv) StdoutLine: {'line': b'-- Symlinking: /home/webotpi/ros2_ws/install/my_srv/share/my_srv/environment/library_path.dsv\n'}
[10.215664] (my_srv) StdoutLine: {'line': b'-- Symlinking: /home/webotpi/ros2_ws/install/my_srv/include/my_srv/my_srv/msg/rosidl_typesupport_fastrtps_c__visibility_control.h\n'}
[10.232653] (my_srv) StdoutLine: {'line': b'-- Symlinking: /home/webotpi/ros2_ws/install/my_srv/include/my_srv/my_srv/srv/detail/add__rosidl_typesupport_fastrtps_c.h\n'}
[10.249276] (my_srv) StdoutLine: {'line': b'-- Symlinking: /home/webotpi/ros2_ws/install/my_srv/include/my_srv/my_srv/msg/rosidl_generator_cpp__visibility_control.hpp\n'}
[10.252499] (-) TimerEvent: {}
[10.266211] (my_srv) StdoutLine: {'line': b'-- Symlinking: /home/webotpi/ros2_ws/install/my_srv/include/my_srv/my_srv/srv/add.hpp\n'}
[10.282055] (my_srv) StdoutLine: {'line': b'-- Symlinking: /home/webotpi/ros2_ws/install/my_srv/include/my_srv/my_srv/srv/detail/add__builder.hpp\n'}
[10.298110] (my_srv) StdoutLine: {'line': b'-- Symlinking: /home/webotpi/ros2_ws/install/my_srv/include/my_srv/my_srv/srv/detail/add__struct.hpp\n'}
[10.313486] (my_srv) StdoutLine: {'line': b'-- Symlinking: /home/webotpi/ros2_ws/install/my_srv/include/my_srv/my_srv/srv/detail/add__traits.hpp\n'}
[10.330277] (my_srv) StdoutLine: {'line': b'-- Symlinking: /home/webotpi/ros2_ws/install/my_srv/include/my_srv/my_srv/srv/detail/add__type_support.hpp\n'}
[10.346561] (my_srv) StdoutLine: {'line': b'-- Symlinking: /home/webotpi/ros2_ws/install/my_srv/include/my_srv/my_srv/msg/rosidl_typesupport_fastrtps_cpp__visibility_control.h\n'}
[10.352594] (-) TimerEvent: {}
[10.363305] (my_srv) StdoutLine: {'line': b'-- Symlinking: /home/webotpi/ros2_ws/install/my_srv/include/my_srv/my_srv/srv/detail/add__rosidl_typesupport_fastrtps_cpp.hpp\n'}
[10.379604] (my_srv) StdoutLine: {'line': b'-- Symlinking: /home/webotpi/ros2_ws/install/my_srv/include/my_srv/my_srv/msg/rosidl_typesupport_introspection_c__visibility_control.h\n'}
[10.395358] (my_srv) StdoutLine: {'line': b'-- Symlinking: /home/webotpi/ros2_ws/install/my_srv/include/my_srv/my_srv/srv/detail/add__rosidl_typesupport_introspection_c.h\n'}
[10.411523] (my_srv) StdoutLine: {'line': b'-- Symlinking: /home/webotpi/ros2_ws/install/my_srv/include/my_srv/my_srv/srv/detail/add__rosidl_typesupport_introspection_cpp.hpp\n'}
[10.427291] (my_srv) StdoutLine: {'line': b'-- Symlinking: /home/webotpi/ros2_ws/install/my_srv/share/my_srv/environment/pythonpath.sh\n'}
[10.444879] (my_srv) StdoutLine: {'line': b'-- Symlinking: /home/webotpi/ros2_ws/install/my_srv/share/my_srv/environment/pythonpath.dsv\n'}
[10.452697] (-) TimerEvent: {}
[10.461290] (my_srv) StdoutLine: {'line': b'-- Symlinking: /home/webotpi/ros2_ws/install/my_srv/lib/python3.12/site-packages/my_srv-0.0.0-py3.12.egg-info/PKG-INFO\n'}
[10.478010] (my_srv) StdoutLine: {'line': b'-- Symlinking: /home/webotpi/ros2_ws/install/my_srv/lib/python3.12/site-packages/my_srv-0.0.0-py3.12.egg-info/SOURCES.txt\n'}
[10.493876] (my_srv) StdoutLine: {'line': b'-- Symlinking: /home/webotpi/ros2_ws/install/my_srv/lib/python3.12/site-packages/my_srv-0.0.0-py3.12.egg-info/dependency_links.txt\n'}
[10.509008] (my_srv) StdoutLine: {'line': b'-- Symlinking: /home/webotpi/ros2_ws/install/my_srv/lib/python3.12/site-packages/my_srv-0.0.0-py3.12.egg-info/top_level.txt\n'}
[10.527241] (my_srv) StdoutLine: {'line': b'-- Symlinking: /home/webotpi/ros2_ws/install/my_srv/lib/python3.12/site-packages/my_srv/__init__.py\n'}
[10.543456] (my_srv) StdoutLine: {'line': b'-- Symlinking: /home/webotpi/ros2_ws/install/my_srv/lib/python3.12/site-packages/my_srv/_my_srv_s.ep.rosidl_typesupport_c.c\n'}
[10.552805] (-) TimerEvent: {}
[10.559577] (my_srv) StdoutLine: {'line': b'-- Symlinking: /home/webotpi/ros2_ws/install/my_srv/lib/python3.12/site-packages/my_srv/_my_srv_s.ep.rosidl_typesupport_fastrtps_c.c\n'}
[10.575469] (my_srv) StdoutLine: {'line': b'-- Symlinking: /home/webotpi/ros2_ws/install/my_srv/lib/python3.12/site-packages/my_srv/_my_srv_s.ep.rosidl_typesupport_introspection_c.c\n'}
[10.591298] (my_srv) StdoutLine: {'line': b'-- Symlinking: /home/webotpi/ros2_ws/install/my_srv/lib/python3.12/site-packages/my_srv/my_srv_s__rosidl_typesupport_c.so\n'}
[10.607193] (my_srv) StdoutLine: {'line': b'-- Symlinking: /home/webotpi/ros2_ws/install/my_srv/lib/python3.12/site-packages/my_srv/my_srv_s__rosidl_typesupport_fastrtps_c.so\n'}
[10.623360] (my_srv) StdoutLine: {'line': b'-- Symlinking: /home/webotpi/ros2_ws/install/my_srv/lib/python3.12/site-packages/my_srv/my_srv_s__rosidl_typesupport_introspection_c.so\n'}
[10.639717] (my_srv) StdoutLine: {'line': b'-- Symlinking: /home/webotpi/ros2_ws/install/my_srv/lib/python3.12/site-packages/my_srv/srv/__init__.py\n'}
[10.652893] (-) TimerEvent: {}
[10.655014] (my_srv) StdoutLine: {'line': b'-- Symlinking: /home/webotpi/ros2_ws/install/my_srv/lib/python3.12/site-packages/my_srv/srv/_add.py\n'}
[10.671522] (my_srv) StdoutLine: {'line': b'-- Symlinking: /home/webotpi/ros2_ws/install/my_srv/lib/python3.12/site-packages/my_srv/srv/_add_s.c\n'}
[10.688037] (my_srv) StdoutLine: {'line': b'-- Up-to-date symlink: /home/webotpi/ros2_ws/install/my_srv/lib/python3.12/site-packages/my_srv/my_srv_s__rosidl_typesupport_fastrtps_c.so\n'}
[10.688444] (my_srv) StdoutLine: {'line': b'-- Up-to-date symlink: /home/webotpi/ros2_ws/install/my_srv/lib/python3.12/site-packages/my_srv/my_srv_s__rosidl_typesupport_introspection_c.so\n'}
[10.688784] (my_srv) StdoutLine: {'line': b'-- Up-to-date symlink: /home/webotpi/ros2_ws/install/my_srv/lib/python3.12/site-packages/my_srv/my_srv_s__rosidl_typesupport_c.so\n'}
[10.689149] (my_srv) StdoutLine: {'line': b'-- Symlinking: /home/webotpi/ros2_ws/install/my_srv/share/ament_index/resource_index/rust_packages/my_srv\n'}
[10.706386] (my_srv) StdoutLine: {'line': b'-- Symlinking: /home/webotpi/ros2_ws/install/my_srv/share/my_srv/rust/Cargo.toml\n'}
[10.723124] (my_srv) StdoutLine: {'line': b'-- Symlinking: /home/webotpi/ros2_ws/install/my_srv/share/my_srv/rust/build.rs\n'}
[10.739506] (my_srv) StdoutLine: {'line': b'-- Symlinking: /home/webotpi/ros2_ws/install/my_srv/share/my_srv/rust/src/lib.rs\n'}
[10.753005] (-) TimerEvent: {}
[10.754905] (my_srv) StdoutLine: {'line': b'-- Symlinking: /home/webotpi/ros2_ws/install/my_srv/share/my_srv/rust/src/srv.rs\n'}
[10.771116] (my_srv) StdoutLine: {'line': b'-- Symlinking: /home/webotpi/ros2_ws/install/my_srv/share/my_srv/rust/src/srv/rmw.rs\n'}
[10.787019] (my_srv) StdoutLine: {'line': b'-- Symlinking: /home/webotpi/ros2_ws/install/my_srv/share/my_srv/srv/Add.idl\n'}
[10.803460] (my_srv) StdoutLine: {'line': b'-- Symlinking: /home/webotpi/ros2_ws/install/my_srv/share/my_srv/srv/Add.srv\n'}
[10.819474] (my_srv) StdoutLine: {'line': b'-- Symlinking: /home/webotpi/ros2_ws/install/my_srv/lib/my_srv/arm_fk.py\n'}
[10.836186] (my_srv) StdoutLine: {'line': b'-- Symlinking: /home/webotpi/ros2_ws/install/my_srv/lib/my_srv/arm_rviz_bridge.py\n'}
[10.852148] (my_srv) StdoutLine: {'line': b'-- Symlinking: /home/webotpi/ros2_ws/install/my_srv/lib/my_srv/arm_teach.py\n'}
[10.853067] (-) TimerEvent: {}
[10.868763] (my_srv) StdoutLine: {'line': b'-- Symlinking: /home/webotpi/ros2_ws/install/my_srv/lib/my_srv/asr_node.py\n'}
[10.885801] (my_srv) StdoutLine: {'line': b'-- Symlinking: /home/webotpi/ros2_ws/install/my_srv/lib/my_srv/color_set_node.py\n'}
[10.901844] (my_srv) StdoutLine: {'line': b'-- Symlinking: /home/webotpi/ros2_ws/install/my_srv/lib/my_srv/color_sorting_node.py\n'}
[10.918722] (my_srv) StdoutLine: {'line': b'-- Symlinking: /home/webotpi/ros2_ws/install/my_srv/lib/my_srv/color_stack_node.py\n'}
[10.935603] (my_srv) StdoutLine: {'line': b'-- Symlinking: /home/webotpi/ros2_ws/install/my_srv/lib/my_srv/color_track_node.py\n'}
[10.951466] (my_srv) StdoutLine: {'line': b'-- Symlinking: /home/webotpi/ros2_ws/install/my_srv/lib/my_srv/depth_arm.launch.py\n'}
[10.953146] (-) TimerEvent: {}
[10.968647] (my_srv) StdoutLine: {'line': b'-- Symlinking: /home/webotpi/ros2_ws/install/my_srv/lib/my_srv/depth_color_sorting_node.py\n'}
[10.984649] (my_srv) StdoutLine: {'line': b'-- Symlinking: /home/webotpi/ros2_ws/install/my_srv/lib/my_srv/depth_distance_node.py\n'}
[11.000471] (my_srv) StdoutLine: {'line': b'-- Symlinking: /home/webotpi/ros2_ws/install/my_srv/lib/my_srv/depth_utils.py\n'}
[11.017251] (my_srv) StdoutLine: {'line': b'-- Symlinking: /home/webotpi/ros2_ws/install/my_srv/lib/my_srv/eye_in_hand_calib_node.py\n'}
[11.033720] (my_srv) StdoutLine: {'line': b'-- Symlinking: /home/webotpi/ros2_ws/install/my_srv/lib/my_srv/face_track_node.py\n'}
[11.050839] (my_srv) StdoutLine: {'line': b'-- Symlinking: /home/webotpi/ros2_ws/install/my_srv/lib/my_srv/glove_node.py\n'}
[11.053214] (-) TimerEvent: {}
[11.067102] (my_srv) StdoutLine: {'line': b'-- Symlinking: /home/webotpi/ros2_ws/install/my_srv/lib/my_srv/hand_gesture_arm_node.py\n'}
[11.083655] (my_srv) StdoutLine: {'line': b'-- Symlinking: /home/webotpi/ros2_ws/install/my_srv/lib/my_srv/joy_arm_node.py\n'}
[11.100528] (my_srv) StdoutLine: {'line': b'-- Symlinking: /home/webotpi/ros2_ws/install/my_srv/lib/my_srv/lab_tuner.py\n'}
[11.116552] (my_srv) StdoutLine: {'line': b'-- Symlinking: /home/webotpi/ros2_ws/install/my_srv/lib/my_srv/label_sorting_node.py\n'}
[11.133408] (my_srv) StdoutLine: {'line': b'-- Symlinking: /home/webotpi/ros2_ws/install/my_srv/lib/my_srv/label_stack_node.py\n'}
[11.149625] (my_srv) StdoutLine: {'line': b'-- Symlinking: /home/webotpi/ros2_ws/install/my_srv/lib/my_srv/label_track_node.py\n'}
[11.153295] (-) TimerEvent: {}
[11.166168] (my_srv) StdoutLine: {'line': b'-- Symlinking: /home/webotpi/ros2_ws/install/my_srv/lib/my_srv/num_sorting_node.py\n'}
[11.182514] (my_srv) StdoutLine: {'line': b'-- Symlinking: /home/webotpi/ros2_ws/install/my_srv/lib/my_srv/num_stack_node.py\n'}
[11.198693] (my_srv) StdoutLine: {'line': b'-- Symlinking: /home/webotpi/ros2_ws/install/my_srv/lib/my_srv/num_track_node.py\n'}
[11.214773] (my_srv) StdoutLine: {'line': b'-- Symlinking: /home/webotpi/ros2_ws/install/my_srv/lib/my_srv/servo_node.py\n'}
[11.231039] (my_srv) StdoutLine: {'line': b'-- Symlinking: /home/webotpi/ros2_ws/install/my_srv/lib/my_srv/test.py\n'}
[11.247858] (my_srv) StdoutLine: {'line': b'-- Symlinking: /home/webotpi/ros2_ws/install/my_srv/lib/my_srv/z_move.py\n'}
[11.253406] (-) TimerEvent: {}
[11.264015] (my_srv) StdoutLine: {'line': b'-- Symlinking: /home/webotpi/ros2_ws/install/my_srv/lib/my_srv/z_uart.py\n'}
[11.281508] (my_srv) StdoutLine: {'line': b'-- Symlinking: /home/webotpi/ros2_ws/install/my_srv/share/my_srv/launch/function.launch.py\n'}
[11.298118] (my_srv) StdoutLine: {'line': b'-- Symlinking: /home/webotpi/ros2_ws/install/my_srv/share/my_srv/launch/slave.launch.py\n'}
[11.314383] (my_srv) StdoutLine: {'line': b'-- Symlinking: /home/webotpi/ros2_ws/install/my_srv/share/my_srv/web/index.html\n'}
[11.331583] (my_srv) StdoutLine: {'line': b'-- Symlinking: /home/webotpi/ros2_ws/install/my_srv/share/ament_index/resource_index/package_run_dependencies/my_srv\n'}
[11.348425] (my_srv) StdoutLine: {'line': b'-- Symlinking: /home/webotpi/ros2_ws/install/my_srv/share/ament_index/resource_index/parent_prefix_path/my_srv\n'}
[11.353486] (-) TimerEvent: {}
[11.364673] (my_srv) StdoutLine: {'line': b'-- Symlinking: /home/webotpi/ros2_ws/install/my_srv/share/my_srv/environment/ament_prefix_path.sh\n'}
[11.382355] (my_srv) StdoutLine: {'line': b'-- Symlinking: /home/webotpi/ros2_ws/install/my_srv/share/my_srv/environment/ament_prefix_path.dsv\n'}
[11.398157] (my_srv) StdoutLine: {'line': b'-- Symlinking: /home/webotpi/ros2_ws/install/my_srv/share/my_srv/environment/path.sh\n'}
[11.415418] (my_srv) StdoutLine: {'line': b'-- Symlinking: /home/webotpi/ros2_ws/install/my_srv/share/my_srv/environment/path.dsv\n'}
[11.431909] (my_srv) StdoutLine: {'line': b'-- Symlinking: /home/webotpi/ros2_ws/install/my_srv/share/my_srv/local_setup.bash\n'}
[11.447838] (my_srv) StdoutLine: {'line': b'-- Symlinking: /home/webotpi/ros2_ws/install/my_srv/share/my_srv/local_setup.sh\n'}
[11.453559] (-) TimerEvent: {}
[11.465501] (my_srv) StdoutLine: {'line': b'-- Symlinking: /home/webotpi/ros2_ws/install/my_srv/share/my_srv/local_setup.zsh\n'}
[11.482750] (my_srv) StdoutLine: {'line': b'-- Symlinking: /home/webotpi/ros2_ws/install/my_srv/share/my_srv/local_setup.dsv\n'}
[11.500067] (my_srv) StdoutLine: {'line': b'-- Symlinking: /home/webotpi/ros2_ws/install/my_srv/share/my_srv/package.dsv\n'}
[11.516917] (my_srv) StdoutLine: {'line': b'-- Symlinking: /home/webotpi/ros2_ws/install/my_srv/share/ament_index/resource_index/packages/my_srv\n'}
[11.533217] (my_srv) StdoutLine: {'line': b'-- Symlinking: /home/webotpi/ros2_ws/install/my_srv/share/my_srv/cmake/rosidl_cmake-extras.cmake\n'}
[11.549472] (my_srv) StdoutLine: {'line': b'-- Symlinking: /home/webotpi/ros2_ws/install/my_srv/share/my_srv/cmake/ament_cmake_export_dependencies-extras.cmake\n'}
[11.553637] (-) TimerEvent: {}
[11.566494] (my_srv) StdoutLine: {'line': b'-- Symlinking: /home/webotpi/ros2_ws/install/my_srv/share/my_srv/cmake/ament_cmake_export_include_directories-extras.cmake\n'}
[11.582261] (my_srv) StdoutLine: {'line': b'-- Symlinking: /home/webotpi/ros2_ws/install/my_srv/share/my_srv/cmake/ament_cmake_export_libraries-extras.cmake\n'}
[11.600155] (my_srv) StdoutLine: {'line': b'-- Symlinking: /home/webotpi/ros2_ws/install/my_srv/share/my_srv/cmake/ament_cmake_export_targets-extras.cmake\n'}
[11.616379] (my_srv) StdoutLine: {'line': b'-- Symlinking: /home/webotpi/ros2_ws/install/my_srv/share/my_srv/cmake/rosidl_cmake_export_typesupport_targets-extras.cmake\n'}
[11.633407] (my_srv) StdoutLine: {'line': b'-- Symlinking: /home/webotpi/ros2_ws/install/my_srv/share/my_srv/cmake/rosidl_cmake_export_typesupport_libraries-extras.cmake\n'}
[11.650023] (my_srv) StdoutLine: {'line': b'-- Symlinking: /home/webotpi/ros2_ws/install/my_srv/share/my_srv/cmake/my_srvConfig.cmake\n'}
[11.653720] (-) TimerEvent: {}
[11.666348] (my_srv) StdoutLine: {'line': b'-- Symlinking: /home/webotpi/ros2_ws/install/my_srv/share/my_srv/cmake/my_srvConfig-version.cmake\n'}
[11.683683] (my_srv) StdoutLine: {'line': b'-- Symlinking: /home/webotpi/ros2_ws/install/my_srv/share/my_srv/package.xml\n'}
[11.699927] (my_srv) StdoutLine: {'line': b'-- Installing: /home/webotpi/ros2_ws/install/my_srv/lib/libmy_srv__rosidl_generator_c.so\n'}
[11.700767] (my_srv) StdoutLine: {'line': b'-- Set non-toolchain portion of runtime path of "/home/webotpi/ros2_ws/install/my_srv/lib/libmy_srv__rosidl_generator_c.so" to ""\n'}
[11.701045] (my_srv) StdoutLine: {'line': b'-- Installing: /home/webotpi/ros2_ws/install/my_srv/lib/libmy_srv__rosidl_typesupport_fastrtps_c.so\n'}
[11.701552] (my_srv) StdoutLine: {'line': b'-- Set non-toolchain portion of runtime path of "/home/webotpi/ros2_ws/install/my_srv/lib/libmy_srv__rosidl_typesupport_fastrtps_c.so" to ""\n'}
[11.701790] (my_srv) StdoutLine: {'line': b'-- Installing: /home/webotpi/ros2_ws/install/my_srv/lib/libmy_srv__rosidl_typesupport_fastrtps_cpp.so\n'}
[11.702566] (my_srv) StdoutLine: {'line': b'-- Set non-toolchain portion of runtime path of "/home/webotpi/ros2_ws/install/my_srv/lib/libmy_srv__rosidl_typesupport_fastrtps_cpp.so" to ""\n'}
[11.702748] (my_srv) StdoutLine: {'line': b'-- Installing: /home/webotpi/ros2_ws/install/my_srv/lib/libmy_srv__rosidl_typesupport_introspection_c.so\n'}
[11.703317] (my_srv) StdoutLine: {'line': b'-- Set non-toolchain portion of runtime path of "/home/webotpi/ros2_ws/install/my_srv/lib/libmy_srv__rosidl_typesupport_introspection_c.so" to ""\n'}
[11.703506] (my_srv) StdoutLine: {'line': b'-- Installing: /home/webotpi/ros2_ws/install/my_srv/lib/libmy_srv__rosidl_typesupport_c.so\n'}
[11.704041] (my_srv) StdoutLine: {'line': b'-- Set non-toolchain portion of runtime path of "/home/webotpi/ros2_ws/install/my_srv/lib/libmy_srv__rosidl_typesupport_c.so" to ""\n'}
[11.704239] (my_srv) StdoutLine: {'line': b'-- Installing: /home/webotpi/ros2_ws/install/my_srv/lib/libmy_srv__rosidl_typesupport_introspection_cpp.so\n'}
[11.704867] (my_srv) StdoutLine: {'line': b'-- Set non-toolchain portion of runtime path of "/home/webotpi/ros2_ws/install/my_srv/lib/libmy_srv__rosidl_typesupport_introspection_cpp.so" to ""\n'}
[11.705101] (my_srv) StdoutLine: {'line': b'-- Installing: /home/webotpi/ros2_ws/install/my_srv/lib/libmy_srv__rosidl_typesupport_cpp.so\n'}
[11.705682] (my_srv) StdoutLine: {'line': b'-- Set non-toolchain portion of runtime path of "/home/webotpi/ros2_ws/install/my_srv/lib/libmy_srv__rosidl_typesupport_cpp.so" to ""\n'}
[11.753817] (-) TimerEvent: {}
[11.763972] (my_srv) StdoutLine: {'line': b"Listing '/home/webotpi/ros2_ws/install/my_srv/lib/python3.12/site-packages/my_srv'...\n"}
[11.764294] (my_srv) StdoutLine: {'line': b"Compiling '/home/webotpi/ros2_ws/install/my_srv/lib/python3.12/site-packages/my_srv/__init__.py'...\n"}
[11.764404] (my_srv) StdoutLine: {'line': b"Listing '/home/webotpi/ros2_ws/install/my_srv/lib/python3.12/site-packages/my_srv/srv'...\n"}
[11.764513] (my_srv) StdoutLine: {'line': b"Compiling '/home/webotpi/ros2_ws/install/my_srv/lib/python3.12/site-packages/my_srv/srv/__init__.py'...\n"}
[11.764627] (my_srv) StdoutLine: {'line': b"Compiling '/home/webotpi/ros2_ws/install/my_srv/lib/python3.12/site-packages/my_srv/srv/_add.py'...\n"}
[11.776707] (my_srv) StdoutLine: {'line': b'-- Installing: /home/webotpi/ros2_ws/install/my_srv/lib/libmy_srv__rosidl_generator_py.so\n'}
[11.777433] (my_srv) StdoutLine: {'line': b'-- Set non-toolchain portion of runtime path of "/home/webotpi/ros2_ws/install/my_srv/lib/libmy_srv__rosidl_generator_py.so" to ""\n'}
[11.777649] (my_srv) StdoutLine: {'line': b'-- Installing: /home/webotpi/ros2_ws/install/my_srv/share/my_srv/cmake/export_my_srv__rosidl_generator_cExport.cmake\n'}
[11.777816] (my_srv) StdoutLine: {'line': b'-- Installing: /home/webotpi/ros2_ws/install/my_srv/share/my_srv/cmake/export_my_srv__rosidl_generator_cExport-noconfig.cmake\n'}
[11.778032] (my_srv) StdoutLine: {'line': b'-- Installing: /home/webotpi/ros2_ws/install/my_srv/share/my_srv/cmake/export_my_srv__rosidl_typesupport_fastrtps_cExport.cmake\n'}
[11.778270] (my_srv) StdoutLine: {'line': b'-- Installing: /home/webotpi/ros2_ws/install/my_srv/share/my_srv/cmake/export_my_srv__rosidl_typesupport_fastrtps_cExport-noconfig.cmake\n'}
[11.778461] (my_srv) StdoutLine: {'line': b'-- Installing: /home/webotpi/ros2_ws/install/my_srv/share/my_srv/cmake/export_my_srv__rosidl_generator_cppExport.cmake\n'}
[11.778670] (my_srv) StdoutLine: {'line': b'-- Installing: /home/webotpi/ros2_ws/install/my_srv/share/my_srv/cmake/export_my_srv__rosidl_typesupport_fastrtps_cppExport.cmake\n'}
[11.778902] (my_srv) StdoutLine: {'line': b'-- Installing: /home/webotpi/ros2_ws/install/my_srv/share/my_srv/cmake/export_my_srv__rosidl_typesupport_fastrtps_cppExport-noconfig.cmake\n'}
[11.779131] (my_srv) StdoutLine: {'line': b'-- Installing: /home/webotpi/ros2_ws/install/my_srv/share/my_srv/cmake/my_srv__rosidl_typesupport_introspection_cExport.cmake\n'}
[11.779352] (my_srv) StdoutLine: {'line': b'-- Installing: /home/webotpi/ros2_ws/install/my_srv/share/my_srv/cmake/my_srv__rosidl_typesupport_introspection_cExport-noconfig.cmake\n'}
[11.779583] (my_srv) StdoutLine: {'line': b'-- Installing: /home/webotpi/ros2_ws/install/my_srv/share/my_srv/cmake/my_srv__rosidl_typesupport_cExport.cmake\n'}
[11.779799] (my_srv) StdoutLine: {'line': b'-- Installing: /home/webotpi/ros2_ws/install/my_srv/share/my_srv/cmake/my_srv__rosidl_typesupport_cExport-noconfig.cmake\n'}
[11.780017] (my_srv) StdoutLine: {'line': b'-- Installing: /home/webotpi/ros2_ws/install/my_srv/share/my_srv/cmake/my_srv__rosidl_typesupport_introspection_cppExport.cmake\n'}
[11.780230] (my_srv) StdoutLine: {'line': b'-- Installing: /home/webotpi/ros2_ws/install/my_srv/share/my_srv/cmake/my_srv__rosidl_typesupport_introspection_cppExport-noconfig.cmake\n'}
[11.780448] (my_srv) StdoutLine: {'line': b'-- Installing: /home/webotpi/ros2_ws/install/my_srv/share/my_srv/cmake/my_srv__rosidl_typesupport_cppExport.cmake\n'}
[11.780656] (my_srv) StdoutLine: {'line': b'-- Installing: /home/webotpi/ros2_ws/install/my_srv/share/my_srv/cmake/my_srv__rosidl_typesupport_cppExport-noconfig.cmake\n'}
[11.780867] (my_srv) StdoutLine: {'line': b'-- Installing: /home/webotpi/ros2_ws/install/my_srv/share/my_srv/cmake/export_my_srv__rosidl_generator_pyExport.cmake\n'}
[11.781062] (my_srv) StdoutLine: {'line': b'-- Installing: /home/webotpi/ros2_ws/install/my_srv/share/my_srv/cmake/export_my_srv__rosidl_generator_pyExport-noconfig.cmake\n'}
[11.784302] (my_srv) CommandEnded: {'returncode': 0}
[11.821159] (my_srv) JobEnded: {'identifier': 'my_srv', 'rc': 0}
[11.821909] (-) EventReactorShutdown: {}
