[0.013s] Invoking command in '/home/webotpi/ros2_ws/build/my_srv': CMAKE_PREFIX_PATH=${CMAKE_PREFIX_PATH}:/home/webotpi/ros2_ws/install/py_pkg:/home/webotpi/ros2_ws/install/my_launch_pkg:/opt/ros/jazzy DEBUGINFOD_URLS=https://debuginfod.ubuntu.com /usr/bin/cmake /home/webotpi/ros2_ws/src/my_srv -DAMENT_CMAKE_SYMLINK_INSTALL=1 -DCMAKE_INSTALL_PREFIX=/home/webotpi/ros2_ws/install/my_srv
[0.474s] -- The C compiler identification is GNU 13.3.0
[0.850s] -- The CXX compiler identification is GNU 13.3.0
[0.887s] -- Detecting C compiler ABI info
[1.059s] -- Detecting C compiler ABI info - done
[1.075s] -- Check for working C compiler: /usr/bin/cc - skipped
[1.078s] -- Detecting C compile features
[1.079s] -- Detecting C compile features - done
[1.097s] -- Detecting CXX compiler ABI info
[1.274s] -- Detecting CXX compiler ABI info - done
[1.290s] -- Check for working CXX compiler: /usr/bin/c++ - skipped
[1.290s] -- Detecting CXX compile features
[1.291s] -- Detecting CXX compile features - done
[1.298s] -- Found ament_cmake: 2.5.6 (/opt/ros/jazzy/share/ament_cmake/cmake)
[1.523s] -- Found Python3: /usr/bin/python3 (found version "3.12.3") found components: Interpreter 
[1.641s] -- Override CMake install command with custom implementation using symlinks instead of copying resources
[1.691s] -- Found cv_bridge: 4.1.0 (/opt/ros/jazzy/share/cv_bridge/cmake)
[1.760s] -- Found rosidl_generator_c: 4.6.7 (/opt/ros/jazzy/share/rosidl_generator_c/cmake)
[1.780s] -- Found rosidl_generator_cpp: 4.6.7 (/opt/ros/jazzy/share/rosidl_generator_cpp/cmake)
[1.803s] -- Using all available rosidl_typesupport_c: rosidl_typesupport_fastrtps_c;rosidl_typesupport_introspection_c
[1.830s] -- Using all available rosidl_typesupport_cpp: rosidl_typesupport_fastrtps_cpp;rosidl_typesupport_introspection_cpp
[2.022s] -- Found rmw_implementation_cmake: 7.3.3 (/opt/ros/jazzy/share/rmw_implementation_cmake/cmake)
[2.026s] -- Found rmw_fastrtps_cpp: 8.4.3 (/opt/ros/jazzy/share/rmw_fastrtps_cpp/cmake)
[2.174s] -- Found OpenSSL: /usr/lib/aarch64-linux-gnu/libcrypto.so (found version "3.0.13")  
[2.201s] -- Found FastRTPS: /opt/ros/jazzy/include (Required is at least version "2.13") 
[2.236s] -- Using RMW implementation 'rmw_fastrtps_cpp' as default
[2.337s] -- Found rosbridge_suite: 2.6.0 (/opt/ros/jazzy/share/rosbridge_suite/cmake)
[2.339s] -- Found rosidl_default_generators: 1.6.0 (/opt/ros/jazzy/share/rosidl_default_generators/cmake)
[2.369s] -- Found rosidl_adapter: 4.6.7 (/opt/ros/jazzy/share/rosidl_adapter/cmake)
[3.265s] -- Found ament_cmake_ros: 0.12.0 (/opt/ros/jazzy/share/ament_cmake_ros/cmake)
[4.354s] -- Using all available rosidl_typesupport_c: rosidl_typesupport_fastrtps_c;rosidl_typesupport_introspection_c
[4.786s] -- Using all available rosidl_typesupport_cpp: rosidl_typesupport_fastrtps_cpp;rosidl_typesupport_introspection_cpp
[4.790s] -- Found python_cmake_module: 0.11.1 (/opt/ros/jazzy/share/python_cmake_module/cmake)
[5.000s] -- Found PythonExtra: /usr/bin/python3  
[5.701s] -- Found Python3: /usr/bin/python3 (found version "3.12.3") found components: Interpreter Development NumPy Development.Module Development.Embed 
[5.800s] -- Found Python3: /usr/bin/python3 (found version "3.12.3") found components: Interpreter 
[5.807s] -- Found ament_lint_auto: 0.17.5 (/opt/ros/jazzy/share/ament_lint_auto/cmake)
[5.843s] -- Added test 'flake8' to check Python code syntax and style conventions
[5.843s] -- Configured 'flake8' exclude dirs and/or files: 
[5.845s] -- Added test 'lint_cmake' to check CMake code style
[5.846s] -- Added test 'pep257' to check Python code against some of the docstring style conventions in PEP 257
[5.850s] -- Added test 'xmllint' to check XML markup files
[5.856s] -- Configuring done (5.8s)
[5.909s] -- Generating done (0.0s)
[5.927s] -- Build files have been written to: /home/webotpi/ros2_ws/build/my_srv
[5.955s] Invoked command in '/home/webotpi/ros2_ws/build/my_srv' returned '0': CMAKE_PREFIX_PATH=${CMAKE_PREFIX_PATH}:/home/webotpi/ros2_ws/install/py_pkg:/home/webotpi/ros2_ws/install/my_launch_pkg:/opt/ros/jazzy DEBUGINFOD_URLS=https://debuginfod.ubuntu.com /usr/bin/cmake /home/webotpi/ros2_ws/src/my_srv -DAMENT_CMAKE_SYMLINK_INSTALL=1 -DCMAKE_INSTALL_PREFIX=/home/webotpi/ros2_ws/install/my_srv
[5.957s] Invoking command in '/home/webotpi/ros2_ws/build/my_srv': CMAKE_PREFIX_PATH=${CMAKE_PREFIX_PATH}:/home/webotpi/ros2_ws/install/py_pkg:/home/webotpi/ros2_ws/install/my_launch_pkg:/opt/ros/jazzy DEBUGINFOD_URLS=https://debuginfod.ubuntu.com /usr/bin/cmake --build /home/webotpi/ros2_ws/build/my_srv -- -j4 -l4
[6.047s] [  2%] [34m[1mGenerating type hashes for ROS interfaces[0m
[6.049s] [  5%] [34m[1mGenerating Rust code for ROS interfaces[0m
[6.065s] [  5%] Built target ament_cmake_python_symlink_my_srv
[6.487s] running egg_info
[6.496s] creating my_srv.egg-info
[6.569s] writing my_srv.egg-info/PKG-INFO
[6.569s] writing dependency_links to my_srv.egg-info/dependency_links.txt
[6.572s] writing top-level names to my_srv.egg-info/top_level.txt
[6.572s] writing manifest file 'my_srv.egg-info/SOURCES.txt'
[6.595s] [  5%] Built target my_srv__rosidl_generator_type_description
[6.630s] [  8%] [34m[1mGenerating C code for ROS interfaces[0m
[6.647s] [  8%] Built target my_srv__rs
[6.659s] [ 11%] [34m[1mGenerating C++ code for ROS interfaces[0m
[6.691s] reading manifest file 'my_srv.egg-info/SOURCES.txt'
[6.692s] writing manifest file 'my_srv.egg-info/SOURCES.txt'
[6.797s] [ 11%] Built target ament_cmake_python_build_my_srv_egg
[7.183s] [ 11%] Built target my_srv__cpp
[7.203s] [ 20%] [32mBuilding C object CMakeFiles/my_srv__rosidl_generator_c.dir/rosidl_generator_c/my_srv/srv/detail/add__functions.c.o[0m
[7.203s] [ 20%] [32mBuilding C object CMakeFiles/my_srv__rosidl_generator_c.dir/rosidl_generator_c/my_srv/srv/detail/add__description.c.o[0m
[7.204s] [ 20%] [32mBuilding C object CMakeFiles/my_srv__rosidl_generator_c.dir/rosidl_generator_c/my_srv/srv/detail/add__type_support.c.o[0m
[7.407s] [ 22%] [32m[1mLinking C shared library libmy_srv__rosidl_generator_c.so[0m
[7.481s] [ 22%] Built target my_srv__rosidl_generator_c
[7.504s] [ 28%] [34m[1mGenerating C type support dispatch for ROS interfaces[0m
[7.504s] [ 28%] [34m[1mGenerating C++ type support for eProsima Fast-RTPS[0m
[7.505s] [ 34%] [34m[1mGenerating C type support for eProsima Fast-RTPS[0m
[7.505s] [ 34%] [34m[1mGenerating C introspection for ROS interfaces[0m
[7.981s] [ 37%] [32mBuilding CXX object CMakeFiles/my_srv__rosidl_typesupport_c.dir/rosidl_typesupport_c/my_srv/srv/add__type_support.cpp.o[0m
[8.062s] [ 40%] [32mBuilding C object CMakeFiles/my_srv__rosidl_typesupport_introspection_c.dir/rosidl_typesupport_introspection_c/my_srv/srv/detail/add__type_support.c.o[0m
[8.139s] [ 45%] [32mBuilding CXX object CMakeFiles/my_srv__rosidl_typesupport_fastrtps_cpp.dir/rosidl_typesupport_fastrtps_cpp/my_srv/srv/detail/dds_fastrtps/add__type_support.cpp.o[0m
[8.140s] [ 45%] [32m[1mLinking CXX shared library libmy_srv__rosidl_typesupport_c.so[0m
[8.162s] [ 48%] [32mBuilding CXX object CMakeFiles/my_srv__rosidl_typesupport_fastrtps_c.dir/rosidl_typesupport_fastrtps_c/my_srv/srv/detail/add__type_support_c.cpp.o[0m
[8.192s] [ 51%] [32m[1mLinking C shared library libmy_srv__rosidl_typesupport_introspection_c.so[0m
[8.224s] [ 51%] Built target my_srv__rosidl_typesupport_c
[8.249s] [ 54%] [34m[1mGenerating C++ introspection for ROS interfaces[0m
[8.256s] [ 54%] Built target my_srv__rosidl_typesupport_introspection_c
[8.279s] [ 57%] [34m[1mGenerating C++ type support dispatch for ROS interfaces[0m
[8.828s] [ 60%] [32mBuilding CXX object CMakeFiles/my_srv__rosidl_typesupport_cpp.dir/rosidl_typesupport_cpp/my_srv/srv/add__type_support.cpp.o[0m
[8.834s] [ 62%] [32mBuilding CXX object CMakeFiles/my_srv__rosidl_typesupport_introspection_cpp.dir/rosidl_typesupport_introspection_cpp/my_srv/srv/detail/add__type_support.cpp.o[0m
[9.455s] [ 65%] [32m[1mLinking CXX shared library libmy_srv__rosidl_typesupport_fastrtps_c.so[0m
[9.697s] [ 65%] Built target my_srv__rosidl_typesupport_fastrtps_c
[9.765s] [ 68%] [32m[1mLinking CXX shared library libmy_srv__rosidl_typesupport_fastrtps_cpp.so[0m
[9.779s] [ 71%] [32m[1mLinking CXX shared library libmy_srv__rosidl_typesupport_cpp.so[0m
[9.834s] [ 74%] [32m[1mLinking CXX shared library libmy_srv__rosidl_typesupport_introspection_cpp.so[0m
[10.012s] [ 74%] Built target my_srv__rosidl_typesupport_fastrtps_cpp
[10.017s] [ 74%] Built target my_srv__rosidl_typesupport_cpp
[10.053s] [ 74%] Built target my_srv__rosidl_typesupport_introspection_cpp
[10.090s] [ 74%] Built target my_srv
[10.125s] [ 77%] [34m[1mGenerating Python code for ROS interfaces[0m
[10.715s] [ 77%] Built target my_srv__py
[10.749s] [ 80%] [32mBuilding C object CMakeFiles/my_srv__rosidl_generator_py.dir/rosidl_generator_py/my_srv/srv/_add_s.c.o[0m
[11.097s] [ 82%] [32m[1mLinking C shared library libmy_srv__rosidl_generator_py.so[0m
[11.174s] [ 82%] Built target my_srv__rosidl_generator_py
[11.214s] [ 91%] [32mBuilding C object CMakeFiles/my_srv_s__rosidl_typesupport_introspection_c.dir/rosidl_generator_py/my_srv/_my_srv_s.ep.rosidl_typesupport_introspection_c.c.o[0m
[11.214s] [ 91%] [32mBuilding C object CMakeFiles/my_srv_s__rosidl_typesupport_c.dir/rosidl_generator_py/my_srv/_my_srv_s.ep.rosidl_typesupport_c.c.o[0m
[11.214s] [ 91%] [32mBuilding C object CMakeFiles/my_srv_s__rosidl_typesupport_fastrtps_c.dir/rosidl_generator_py/my_srv/_my_srv_s.ep.rosidl_typesupport_fastrtps_c.c.o[0m
[11.407s] [ 97%] [32m[1mLinking C shared module rosidl_generator_py/my_srv/my_srv_s__rosidl_typesupport_c.so[0m
[11.408s] [ 97%] [32m[1mLinking C shared module rosidl_generator_py/my_srv/my_srv_s__rosidl_typesupport_introspection_c.so[0m
[11.417s] [100%] [32m[1mLinking C shared module rosidl_generator_py/my_srv/my_srv_s__rosidl_typesupport_fastrtps_c.so[0m
[11.468s] [100%] Built target my_srv_s__rosidl_typesupport_introspection_c
[11.469s] [100%] Built target my_srv_s__rosidl_typesupport_c
[11.479s] [100%] Built target my_srv_s__rosidl_typesupport_fastrtps_c
[11.501s] Invoked command in '/home/webotpi/ros2_ws/build/my_srv' returned '0': CMAKE_PREFIX_PATH=${CMAKE_PREFIX_PATH}:/home/webotpi/ros2_ws/install/py_pkg:/home/webotpi/ros2_ws/install/my_launch_pkg:/opt/ros/jazzy DEBUGINFOD_URLS=https://debuginfod.ubuntu.com /usr/bin/cmake --build /home/webotpi/ros2_ws/build/my_srv -- -j4 -l4
[11.520s] Invoking command in '/home/webotpi/ros2_ws/build/my_srv': CMAKE_PREFIX_PATH=${CMAKE_PREFIX_PATH}:/home/webotpi/ros2_ws/install/py_pkg:/home/webotpi/ros2_ws/install/my_launch_pkg:/opt/ros/jazzy DEBUGINFOD_URLS=https://debuginfod.ubuntu.com /usr/bin/cmake --install /home/webotpi/ros2_ws/build/my_srv
[11.533s] -- Install configuration: ""
[11.534s] -- Execute custom install script
[11.535s] -- Symlinking: /home/webotpi/ros2_ws/install/my_srv/share/ament_index/resource_index/rosidl_interfaces/my_srv
[11.551s] -- Symlinking: /home/webotpi/ros2_ws/install/my_srv/share/my_srv/srv/Add.json
[11.568s] -- Symlinking: /home/webotpi/ros2_ws/install/my_srv/include/my_srv/my_srv/msg/rosidl_generator_c__visibility_control.h
[11.584s] -- Symlinking: /home/webotpi/ros2_ws/install/my_srv/include/my_srv/my_srv/srv/add.h
[11.601s] -- Symlinking: /home/webotpi/ros2_ws/install/my_srv/include/my_srv/my_srv/srv/detail/add__functions.h
[11.617s] -- Symlinking: /home/webotpi/ros2_ws/install/my_srv/include/my_srv/my_srv/srv/detail/add__struct.h
[11.633s] -- Symlinking: /home/webotpi/ros2_ws/install/my_srv/include/my_srv/my_srv/srv/detail/add__type_support.h
[11.650s] -- Symlinking: /home/webotpi/ros2_ws/install/my_srv/share/my_srv/environment/library_path.sh
[11.667s] -- Symlinking: /home/webotpi/ros2_ws/install/my_srv/share/my_srv/environment/library_path.dsv
[11.684s] -- Symlinking: /home/webotpi/ros2_ws/install/my_srv/include/my_srv/my_srv/msg/rosidl_typesupport_fastrtps_c__visibility_control.h
[11.700s] -- Symlinking: /home/webotpi/ros2_ws/install/my_srv/include/my_srv/my_srv/srv/detail/add__rosidl_typesupport_fastrtps_c.h
[11.716s] -- Symlinking: /home/webotpi/ros2_ws/install/my_srv/include/my_srv/my_srv/msg/rosidl_generator_cpp__visibility_control.hpp
[11.733s] -- Symlinking: /home/webotpi/ros2_ws/install/my_srv/include/my_srv/my_srv/srv/add.hpp
[11.749s] -- Symlinking: /home/webotpi/ros2_ws/install/my_srv/include/my_srv/my_srv/srv/detail/add__builder.hpp
[11.766s] -- Symlinking: /home/webotpi/ros2_ws/install/my_srv/include/my_srv/my_srv/srv/detail/add__struct.hpp
[11.783s] -- Symlinking: /home/webotpi/ros2_ws/install/my_srv/include/my_srv/my_srv/srv/detail/add__traits.hpp
[11.799s] -- Symlinking: /home/webotpi/ros2_ws/install/my_srv/include/my_srv/my_srv/srv/detail/add__type_support.hpp
[11.816s] -- Symlinking: /home/webotpi/ros2_ws/install/my_srv/include/my_srv/my_srv/msg/rosidl_typesupport_fastrtps_cpp__visibility_control.h
[11.831s] -- Symlinking: /home/webotpi/ros2_ws/install/my_srv/include/my_srv/my_srv/srv/detail/add__rosidl_typesupport_fastrtps_cpp.hpp
[11.849s] -- Symlinking: /home/webotpi/ros2_ws/install/my_srv/include/my_srv/my_srv/msg/rosidl_typesupport_introspection_c__visibility_control.h
[11.865s] -- Symlinking: /home/webotpi/ros2_ws/install/my_srv/include/my_srv/my_srv/srv/detail/add__rosidl_typesupport_introspection_c.h
[11.882s] -- Symlinking: /home/webotpi/ros2_ws/install/my_srv/include/my_srv/my_srv/srv/detail/add__rosidl_typesupport_introspection_cpp.hpp
[11.898s] -- Symlinking: /home/webotpi/ros2_ws/install/my_srv/share/my_srv/environment/pythonpath.sh
[11.915s] -- Symlinking: /home/webotpi/ros2_ws/install/my_srv/share/my_srv/environment/pythonpath.dsv
[11.932s] -- Symlinking: /home/webotpi/ros2_ws/install/my_srv/lib/python3.12/site-packages/my_srv-0.0.0-py3.12.egg-info/PKG-INFO
[11.949s] -- Symlinking: /home/webotpi/ros2_ws/install/my_srv/lib/python3.12/site-packages/my_srv-0.0.0-py3.12.egg-info/SOURCES.txt
[11.965s] -- Symlinking: /home/webotpi/ros2_ws/install/my_srv/lib/python3.12/site-packages/my_srv-0.0.0-py3.12.egg-info/dependency_links.txt
[11.982s] -- Symlinking: /home/webotpi/ros2_ws/install/my_srv/lib/python3.12/site-packages/my_srv-0.0.0-py3.12.egg-info/top_level.txt
[11.999s] -- Symlinking: /home/webotpi/ros2_ws/install/my_srv/lib/python3.12/site-packages/my_srv/__init__.py
[12.016s] -- Symlinking: /home/webotpi/ros2_ws/install/my_srv/lib/python3.12/site-packages/my_srv/_my_srv_s.ep.rosidl_typesupport_c.c
[12.032s] -- Symlinking: /home/webotpi/ros2_ws/install/my_srv/lib/python3.12/site-packages/my_srv/_my_srv_s.ep.rosidl_typesupport_fastrtps_c.c
[12.049s] -- Symlinking: /home/webotpi/ros2_ws/install/my_srv/lib/python3.12/site-packages/my_srv/_my_srv_s.ep.rosidl_typesupport_introspection_c.c
[12.065s] -- Symlinking: /home/webotpi/ros2_ws/install/my_srv/lib/python3.12/site-packages/my_srv/my_srv_s__rosidl_typesupport_c.so
[12.082s] -- Symlinking: /home/webotpi/ros2_ws/install/my_srv/lib/python3.12/site-packages/my_srv/my_srv_s__rosidl_typesupport_fastrtps_c.so
[12.098s] -- Symlinking: /home/webotpi/ros2_ws/install/my_srv/lib/python3.12/site-packages/my_srv/my_srv_s__rosidl_typesupport_introspection_c.so
[12.114s] -- Symlinking: /home/webotpi/ros2_ws/install/my_srv/lib/python3.12/site-packages/my_srv/srv/__init__.py
[12.130s] -- Symlinking: /home/webotpi/ros2_ws/install/my_srv/lib/python3.12/site-packages/my_srv/srv/_add.py
[12.146s] -- Symlinking: /home/webotpi/ros2_ws/install/my_srv/lib/python3.12/site-packages/my_srv/srv/_add_s.c
[12.163s] -- Up-to-date symlink: /home/webotpi/ros2_ws/install/my_srv/lib/python3.12/site-packages/my_srv/my_srv_s__rosidl_typesupport_fastrtps_c.so
[12.164s] -- Up-to-date symlink: /home/webotpi/ros2_ws/install/my_srv/lib/python3.12/site-packages/my_srv/my_srv_s__rosidl_typesupport_introspection_c.so
[12.164s] -- Up-to-date symlink: /home/webotpi/ros2_ws/install/my_srv/lib/python3.12/site-packages/my_srv/my_srv_s__rosidl_typesupport_c.so
[12.164s] -- Symlinking: /home/webotpi/ros2_ws/install/my_srv/share/ament_index/resource_index/rust_packages/my_srv
[12.182s] -- Symlinking: /home/webotpi/ros2_ws/install/my_srv/share/my_srv/rust/Cargo.toml
[12.198s] -- Symlinking: /home/webotpi/ros2_ws/install/my_srv/share/my_srv/rust/build.rs
[12.214s] -- Symlinking: /home/webotpi/ros2_ws/install/my_srv/share/my_srv/rust/src/lib.rs
[12.230s] -- Symlinking: /home/webotpi/ros2_ws/install/my_srv/share/my_srv/rust/src/srv.rs
[12.247s] -- Symlinking: /home/webotpi/ros2_ws/install/my_srv/share/my_srv/rust/src/srv/rmw.rs
[12.263s] -- Symlinking: /home/webotpi/ros2_ws/install/my_srv/share/my_srv/srv/Add.idl
[12.280s] -- Symlinking: /home/webotpi/ros2_ws/install/my_srv/share/my_srv/srv/Add.srv
[12.298s] -- Symlinking: /home/webotpi/ros2_ws/install/my_srv/lib/my_srv/arm_fk.py
[12.314s] -- Symlinking: /home/webotpi/ros2_ws/install/my_srv/lib/my_srv/arm_rviz_bridge.py
[12.330s] -- Symlinking: /home/webotpi/ros2_ws/install/my_srv/lib/my_srv/arm_teach.py
[12.346s] -- Symlinking: /home/webotpi/ros2_ws/install/my_srv/lib/my_srv/asr_node.py
[12.363s] -- Symlinking: /home/webotpi/ros2_ws/install/my_srv/lib/my_srv/color_set_node.py
[12.379s] -- Symlinking: /home/webotpi/ros2_ws/install/my_srv/lib/my_srv/color_sorting_node.py
[12.395s] -- Symlinking: /home/webotpi/ros2_ws/install/my_srv/lib/my_srv/color_stack_node.py
[12.412s] -- Symlinking: /home/webotpi/ros2_ws/install/my_srv/lib/my_srv/color_track_node.py
[12.428s] -- Symlinking: /home/webotpi/ros2_ws/install/my_srv/lib/my_srv/depth_arm.launch.py
[12.444s] -- Symlinking: /home/webotpi/ros2_ws/install/my_srv/lib/my_srv/depth_color_sorting_node.py
[12.460s] -- Symlinking: /home/webotpi/ros2_ws/install/my_srv/lib/my_srv/depth_color_stack_node.py
[12.476s] -- Symlinking: /home/webotpi/ros2_ws/install/my_srv/lib/my_srv/depth_color_track_node.py
[12.494s] -- Symlinking: /home/webotpi/ros2_ws/install/my_srv/lib/my_srv/depth_distance_node.py
[12.510s] -- Symlinking: /home/webotpi/ros2_ws/install/my_srv/lib/my_srv/depth_label_sorting_node.py
[12.527s] -- Symlinking: /home/webotpi/ros2_ws/install/my_srv/lib/my_srv/depth_label_stack_node.py
[12.543s] -- Symlinking: /home/webotpi/ros2_ws/install/my_srv/lib/my_srv/depth_label_track_node.py
[12.559s] -- Symlinking: /home/webotpi/ros2_ws/install/my_srv/lib/my_srv/depth_num_sorting_node.py
[12.576s] -- Symlinking: /home/webotpi/ros2_ws/install/my_srv/lib/my_srv/depth_num_stack_node.py
[12.592s] -- Symlinking: /home/webotpi/ros2_ws/install/my_srv/lib/my_srv/depth_num_track_node.py
[12.609s] -- Symlinking: /home/webotpi/ros2_ws/install/my_srv/lib/my_srv/depth_utils.py
[12.625s] -- Symlinking: /home/webotpi/ros2_ws/install/my_srv/lib/my_srv/diagnose_hand_eye.py
[12.642s] -- Symlinking: /home/webotpi/ros2_ws/install/my_srv/lib/my_srv/eye_in_hand_calib_node.py
[12.659s] -- Symlinking: /home/webotpi/ros2_ws/install/my_srv/lib/my_srv/face_track_node.py
[12.675s] -- Symlinking: /home/webotpi/ros2_ws/install/my_srv/lib/my_srv/glove_node.py
[12.691s] -- Symlinking: /home/webotpi/ros2_ws/install/my_srv/lib/my_srv/hand_gesture_arm_node.py
[12.708s] -- Symlinking: /home/webotpi/ros2_ws/install/my_srv/lib/my_srv/joy_arm_node.py
[12.724s] -- Symlinking: /home/webotpi/ros2_ws/install/my_srv/lib/my_srv/lab_tuner.py
[12.741s] -- Symlinking: /home/webotpi/ros2_ws/install/my_srv/lib/my_srv/label_sorting_node.py
[12.757s] -- Symlinking: /home/webotpi/ros2_ws/install/my_srv/lib/my_srv/label_stack_node.py
[12.774s] -- Symlinking: /home/webotpi/ros2_ws/install/my_srv/lib/my_srv/label_track_node.py
[12.791s] -- Symlinking: /home/webotpi/ros2_ws/install/my_srv/lib/my_srv/num_sorting_node.py
[12.808s] -- Symlinking: /home/webotpi/ros2_ws/install/my_srv/lib/my_srv/num_stack_node.py
[12.824s] -- Symlinking: /home/webotpi/ros2_ws/install/my_srv/lib/my_srv/num_track_node.py
[12.840s] -- Symlinking: /home/webotpi/ros2_ws/install/my_srv/lib/my_srv/servo_node.py
[12.856s] -- Symlinking: /home/webotpi/ros2_ws/install/my_srv/lib/my_srv/test.py
[12.872s] -- Symlinking: /home/webotpi/ros2_ws/install/my_srv/lib/my_srv/z_move.py
[12.888s] -- Symlinking: /home/webotpi/ros2_ws/install/my_srv/lib/my_srv/z_uart.py
[12.907s] -- Symlinking: /home/webotpi/ros2_ws/install/my_srv/share/my_srv/launch/depth_arm.launch.py
[12.923s] -- Symlinking: /home/webotpi/ros2_ws/install/my_srv/share/my_srv/launch/function.launch.py
[12.939s] -- Symlinking: /home/webotpi/ros2_ws/install/my_srv/share/my_srv/launch/slave.launch.py
[12.956s] -- Symlinking: /home/webotpi/ros2_ws/install/my_srv/share/my_srv/web/index.html
[12.973s] -- Symlinking: /home/webotpi/ros2_ws/install/my_srv/share/ament_index/resource_index/package_run_dependencies/my_srv
[12.990s] -- Symlinking: /home/webotpi/ros2_ws/install/my_srv/share/ament_index/resource_index/parent_prefix_path/my_srv
[13.006s] -- Symlinking: /home/webotpi/ros2_ws/install/my_srv/share/my_srv/environment/ament_prefix_path.sh
[13.022s] -- Symlinking: /home/webotpi/ros2_ws/install/my_srv/share/my_srv/environment/ament_prefix_path.dsv
[13.038s] -- Symlinking: /home/webotpi/ros2_ws/install/my_srv/share/my_srv/environment/path.sh
[13.055s] -- Symlinking: /home/webotpi/ros2_ws/install/my_srv/share/my_srv/environment/path.dsv
[13.072s] -- Symlinking: /home/webotpi/ros2_ws/install/my_srv/share/my_srv/local_setup.bash
[13.088s] -- Symlinking: /home/webotpi/ros2_ws/install/my_srv/share/my_srv/local_setup.sh
[13.105s] -- Symlinking: /home/webotpi/ros2_ws/install/my_srv/share/my_srv/local_setup.zsh
[13.121s] -- Symlinking: /home/webotpi/ros2_ws/install/my_srv/share/my_srv/local_setup.dsv
[13.138s] -- Symlinking: /home/webotpi/ros2_ws/install/my_srv/share/my_srv/package.dsv
[13.155s] -- Symlinking: /home/webotpi/ros2_ws/install/my_srv/share/ament_index/resource_index/packages/my_srv
[13.172s] -- Symlinking: /home/webotpi/ros2_ws/install/my_srv/share/my_srv/cmake/rosidl_cmake-extras.cmake
[13.189s] -- Symlinking: /home/webotpi/ros2_ws/install/my_srv/share/my_srv/cmake/ament_cmake_export_dependencies-extras.cmake
[13.205s] -- Symlinking: /home/webotpi/ros2_ws/install/my_srv/share/my_srv/cmake/ament_cmake_export_include_directories-extras.cmake
[13.221s] -- Symlinking: /home/webotpi/ros2_ws/install/my_srv/share/my_srv/cmake/ament_cmake_export_libraries-extras.cmake
[13.239s] -- Symlinking: /home/webotpi/ros2_ws/install/my_srv/share/my_srv/cmake/ament_cmake_export_targets-extras.cmake
[13.255s] -- Symlinking: /home/webotpi/ros2_ws/install/my_srv/share/my_srv/cmake/rosidl_cmake_export_typesupport_targets-extras.cmake
[13.273s] -- Symlinking: /home/webotpi/ros2_ws/install/my_srv/share/my_srv/cmake/rosidl_cmake_export_typesupport_libraries-extras.cmake
[13.290s] -- Symlinking: /home/webotpi/ros2_ws/install/my_srv/share/my_srv/cmake/my_srvConfig.cmake
[13.306s] -- Symlinking: /home/webotpi/ros2_ws/install/my_srv/share/my_srv/cmake/my_srvConfig-version.cmake
[13.323s] -- Symlinking: /home/webotpi/ros2_ws/install/my_srv/share/my_srv/package.xml
[13.340s] -- Installing: /home/webotpi/ros2_ws/install/my_srv/lib/libmy_srv__rosidl_generator_c.so
[13.341s] -- Set non-toolchain portion of runtime path of "/home/webotpi/ros2_ws/install/my_srv/lib/libmy_srv__rosidl_generator_c.so" to ""
[13.341s] -- Installing: /home/webotpi/ros2_ws/install/my_srv/lib/libmy_srv__rosidl_typesupport_fastrtps_c.so
[13.342s] -- Set non-toolchain portion of runtime path of "/home/webotpi/ros2_ws/install/my_srv/lib/libmy_srv__rosidl_typesupport_fastrtps_c.so" to ""
[13.342s] -- Installing: /home/webotpi/ros2_ws/install/my_srv/lib/libmy_srv__rosidl_typesupport_fastrtps_cpp.so
[13.343s] -- Set non-toolchain portion of runtime path of "/home/webotpi/ros2_ws/install/my_srv/lib/libmy_srv__rosidl_typesupport_fastrtps_cpp.so" to ""
[13.343s] -- Installing: /home/webotpi/ros2_ws/install/my_srv/lib/libmy_srv__rosidl_typesupport_introspection_c.so
[13.344s] -- Set non-toolchain portion of runtime path of "/home/webotpi/ros2_ws/install/my_srv/lib/libmy_srv__rosidl_typesupport_introspection_c.so" to ""
[13.344s] -- Installing: /home/webotpi/ros2_ws/install/my_srv/lib/libmy_srv__rosidl_typesupport_c.so
[13.344s] -- Set non-toolchain portion of runtime path of "/home/webotpi/ros2_ws/install/my_srv/lib/libmy_srv__rosidl_typesupport_c.so" to ""
[13.345s] -- Installing: /home/webotpi/ros2_ws/install/my_srv/lib/libmy_srv__rosidl_typesupport_introspection_cpp.so
[13.345s] -- Set non-toolchain portion of runtime path of "/home/webotpi/ros2_ws/install/my_srv/lib/libmy_srv__rosidl_typesupport_introspection_cpp.so" to ""
[13.345s] -- Installing: /home/webotpi/ros2_ws/install/my_srv/lib/libmy_srv__rosidl_typesupport_cpp.so
[13.346s] -- Set non-toolchain portion of runtime path of "/home/webotpi/ros2_ws/install/my_srv/lib/libmy_srv__rosidl_typesupport_cpp.so" to ""
[13.406s] Listing '/home/webotpi/ros2_ws/install/my_srv/lib/python3.12/site-packages/my_srv'...
[13.406s] Compiling '/home/webotpi/ros2_ws/install/my_srv/lib/python3.12/site-packages/my_srv/__init__.py'...
[13.406s] Listing '/home/webotpi/ros2_ws/install/my_srv/lib/python3.12/site-packages/my_srv/srv'...
[13.407s] Compiling '/home/webotpi/ros2_ws/install/my_srv/lib/python3.12/site-packages/my_srv/srv/__init__.py'...
[13.407s] Compiling '/home/webotpi/ros2_ws/install/my_srv/lib/python3.12/site-packages/my_srv/srv/_add.py'...
[13.419s] -- Installing: /home/webotpi/ros2_ws/install/my_srv/lib/libmy_srv__rosidl_generator_py.so
[13.420s] -- Set non-toolchain portion of runtime path of "/home/webotpi/ros2_ws/install/my_srv/lib/libmy_srv__rosidl_generator_py.so" to ""
[13.420s] -- Installing: /home/webotpi/ros2_ws/install/my_srv/share/my_srv/cmake/export_my_srv__rosidl_generator_cExport.cmake
[13.420s] -- Installing: /home/webotpi/ros2_ws/install/my_srv/share/my_srv/cmake/export_my_srv__rosidl_generator_cExport-noconfig.cmake
[13.420s] -- Installing: /home/webotpi/ros2_ws/install/my_srv/share/my_srv/cmake/export_my_srv__rosidl_typesupport_fastrtps_cExport.cmake
[13.420s] -- Installing: /home/webotpi/ros2_ws/install/my_srv/share/my_srv/cmake/export_my_srv__rosidl_typesupport_fastrtps_cExport-noconfig.cmake
[13.421s] -- Installing: /home/webotpi/ros2_ws/install/my_srv/share/my_srv/cmake/export_my_srv__rosidl_generator_cppExport.cmake
[13.421s] -- Installing: /home/webotpi/ros2_ws/install/my_srv/share/my_srv/cmake/export_my_srv__rosidl_typesupport_fastrtps_cppExport.cmake
[13.421s] -- Installing: /home/webotpi/ros2_ws/install/my_srv/share/my_srv/cmake/export_my_srv__rosidl_typesupport_fastrtps_cppExport-noconfig.cmake
[13.421s] -- Installing: /home/webotpi/ros2_ws/install/my_srv/share/my_srv/cmake/my_srv__rosidl_typesupport_introspection_cExport.cmake
[13.422s] -- Installing: /home/webotpi/ros2_ws/install/my_srv/share/my_srv/cmake/my_srv__rosidl_typesupport_introspection_cExport-noconfig.cmake
[13.422s] -- Installing: /home/webotpi/ros2_ws/install/my_srv/share/my_srv/cmake/my_srv__rosidl_typesupport_cExport.cmake
[13.422s] -- Installing: /home/webotpi/ros2_ws/install/my_srv/share/my_srv/cmake/my_srv__rosidl_typesupport_cExport-noconfig.cmake
[13.422s] -- Installing: /home/webotpi/ros2_ws/install/my_srv/share/my_srv/cmake/my_srv__rosidl_typesupport_introspection_cppExport.cmake
[13.422s] -- Installing: /home/webotpi/ros2_ws/install/my_srv/share/my_srv/cmake/my_srv__rosidl_typesupport_introspection_cppExport-noconfig.cmake
[13.423s] -- Installing: /home/webotpi/ros2_ws/install/my_srv/share/my_srv/cmake/my_srv__rosidl_typesupport_cppExport.cmake
[13.423s] -- Installing: /home/webotpi/ros2_ws/install/my_srv/share/my_srv/cmake/my_srv__rosidl_typesupport_cppExport-noconfig.cmake
[13.423s] -- Installing: /home/webotpi/ros2_ws/install/my_srv/share/my_srv/cmake/export_my_srv__rosidl_generator_pyExport.cmake
[13.423s] -- Installing: /home/webotpi/ros2_ws/install/my_srv/share/my_srv/cmake/export_my_srv__rosidl_generator_pyExport-noconfig.cmake
[13.427s] Invoked command in '/home/webotpi/ros2_ws/build/my_srv' returned '0': CMAKE_PREFIX_PATH=${CMAKE_PREFIX_PATH}:/home/webotpi/ros2_ws/install/py_pkg:/home/webotpi/ros2_ws/install/my_launch_pkg:/opt/ros/jazzy DEBUGINFOD_URLS=https://debuginfod.ubuntu.com /usr/bin/cmake --install /home/webotpi/ros2_ws/build/my_srv
